<?xml version="1.0" encoding="UTF-8"?>
<testsuite name="tetris.RotateBackToStartTests" tests="4" skipped="0" failures="0" errors="0" timestamp="2023-09-25T09:38:16" hostname="LAPTOP-O5MRDU5L" time="0.12">
  <properties/>
  <testcase name="testRotate360" classname="tetris.RotateBackToStartTests" time="0.008"/>
  <testcase name="testRotate360CC" classname="tetris.RotateBackToStartTests" time="0.062"/>
  <testcase name="testRotateLeftRight" classname="tetris.RotateBackToStartTests" time="0.015"/>
  <testcase name="testRotateRightLeft" classname="tetris.RotateBackToStartTests" time="0.026"/>
  <system-out><![CDATA[CenteredAnchor(List(Point(0,1), Point(1,2), Point(1,1), Point(1,0)),TCell,false)
CenteredAnchor(List(Point(1,2), Point(2,1), Point(1,1), Point(0,1)),TCell,false)
CenteredAnchor(List(Point(2,1), Point(1,0), Point(1,1), Point(1,2)),TCell,false)
CenteredAnchor(List(Point(1,0), Point(0,1), Point(1,1), Point(2,1)),TCell,false)
CenteredAnchor(List(Point(0,0), Point(1,0), Point(1,1), Point(2,1)),ZCell,false)
CenteredAnchor(List(Point(0,0), Point(1,2), Point(1,1), Point(1,0)),LCell,false)
CenteredAnchor(List(Point(0,2), Point(2,1), Point(1,1), Point(0,1)),LCell,false)
]]></system-out>
  <system-err><![CDATA[]]></system-err>
</testsuite>
