<?xml version="1.0" encoding="UTF-8"?>
<testsuite name="tetris.FullGameTests" tests="5" skipped="0" failures="5" errors="0" timestamp="2023-09-25T09:38:18" hostname="LAPTOP-O5MRDU5L" time="1.646">
  <properties/>
  <testcase name="testGame5x9" classname="tetris.FullGameTests" time="0.252">
    <failure message="org.scalatest.exceptions.TestFailedException: didPass was false&#10;--------------------------------------------------------------------------------&#10;This is what went wrong:&#10;&#10;step=0, rand=0, actions=&lt;&gt;&#10;Want  | Got ✓&#10;-------------&#10;..... | .....&#10;.IIII | .IIII&#10;..... | .....&#10;..... | .....&#10;..... | .....&#10;..... | .....&#10;..... | .....&#10;..... | .....&#10;..... | .....&#10;&#10;step=1, rand=0, actions=&lt;RotateRight&gt;&#10;Want  | Got ✓&#10;-------------&#10;...I. | ...I.&#10;...I. | ...I.&#10;...I. | ...I.&#10;...I. | ...I.&#10;..... | .....&#10;..... | .....&#10;..... | .....&#10;..... | .....&#10;..... | .....&#10;&#10;step=2, rand=0, actions=&lt;Down&gt;&#10;Want  | Got ✓&#10;-------------&#10;..... | .....&#10;...I. | ...I.&#10;...I. | ...I.&#10;...I. | ...I.&#10;...I. | ...I.&#10;..... | .....&#10;..... | .....&#10;..... | .....&#10;..... | .....&#10;&#10;step=3, rand=0, actions=&lt;Down&gt;&#10;Want  | Got ✓&#10;-------------&#10;..... | .....&#10;..... | .....&#10;...I. | ...I.&#10;...I. | ...I.&#10;...I. | ...I.&#10;...I. | ...I.&#10;..... | .....&#10;..... | .....&#10;..... | .....&#10;&#10;step=4, rand=0, actions=&lt;Down&gt;&#10;Want  | Got ✓&#10;-------------&#10;..... | .....&#10;..... | .....&#10;..... | .....&#10;...I. | ...I.&#10;...I. | ...I.&#10;...I. | ...I.&#10;...I. | ...I.&#10;..... | .....&#10;..... | .....&#10;&#10;step=5, rand=0, actions=&lt;Down&gt;&#10;Want  | Got ✓&#10;-------------&#10;..... | .....&#10;..... | .....&#10;..... | .....&#10;..... | .....&#10;...I. | ...I.&#10;...I. | ...I.&#10;...I. | ...I.&#10;...I. | ...I.&#10;..... | .....&#10;&#10;step=6, rand=0, actions=&lt;Down&gt;&#10;Want  | Got ✓&#10;-------------&#10;..... | .....&#10;..... | .....&#10;..... | .....&#10;..... | .....&#10;..... | .....&#10;...I. | ...I.&#10;...I. | ...I.&#10;...I. | ...I.&#10;...I. | ...I.&#10;&#10;step=7, rand=0, actions=&lt;Down&gt;&#10;Want  | Got ✓&#10;-------------&#10;..... | .....&#10;.IIII | .IIII&#10;..... | .....&#10;..... | .....&#10;..... | .....&#10;...I. | ...I.&#10;...I. | ...I.&#10;...I. | ...I.&#10;...I. | ...I.&#10;&#10;step=8, rand=0, actions=&lt;RotateRight&gt;&#10;Want  | Got ✓&#10;-------------&#10;...I. | ...I.&#10;...I. | ...I.&#10;...I. | ...I.&#10;...I. | ...I.&#10;..... | .....&#10;...I. | ...I.&#10;...I. | ...I.&#10;...I. | ...I.&#10;...I. | ...I.&#10;&#10;step=9, rand=0, actions=&lt;Left&gt;&#10;Want  | Got ✓&#10;-------------&#10;..I.. | ..I..&#10;..I.. | ..I..&#10;..I.. | ..I..&#10;..I.. | ..I..&#10;..... | .....&#10;...I. | ...I.&#10;...I. | ...I.&#10;...I. | ...I.&#10;...I. | ...I.&#10;&#10;step=10, rand=0, actions=&lt;Down&gt;&#10;Want  | Got ✓&#10;-------------&#10;..... | .....&#10;..I.. | ..I..&#10;..I.. | ..I..&#10;..I.. | ..I..&#10;..I.. | ..I..&#10;...I. | ...I.&#10;...I. | ...I.&#10;...I. | ...I.&#10;...I. | ...I.&#10;&#10;step=11, rand=0, actions=&lt;Down&gt;&#10;Want  | Got ✓&#10;-------------&#10;..... | .....&#10;..... | .....&#10;..I.. | ..I..&#10;..I.. | ..I..&#10;..I.. | ..I..&#10;..II. | ..II.&#10;...I. | ...I.&#10;...I. | ...I.&#10;...I. | ...I.&#10;&#10;step=12, rand=0, actions=&lt;Down&gt;&#10;Want  | Got ✓&#10;-------------&#10;..... | .....&#10;..... | .....&#10;..... | .....&#10;..I.. | ..I..&#10;..I.. | ..I..&#10;..II. | ..II.&#10;..II. | ..II.&#10;...I. | ...I.&#10;...I. | ...I.&#10;&#10;step=13, rand=0, actions=&lt;Down&gt;&#10;Want  | Got ✓&#10;-------------&#10;..... | .....&#10;..... | .....&#10;..... | .....&#10;..... | .....&#10;..I.. | ..I..&#10;..II. | ..II.&#10;..II. | ..II.&#10;..II. | ..II.&#10;...I. | ...I.&#10;&#10;step=14, rand=0, actions=&lt;Down&gt;&#10;Want  | Got ✓&#10;-------------&#10;..... | .....&#10;..... | .....&#10;..... | .....&#10;..... | .....&#10;..... | .....&#10;..II. | ..II.&#10;..II. | ..II.&#10;..II. | ..II.&#10;..II. | ..II.&#10;&#10;step=15, rand=3, actions=&lt;Down&gt;&#10;Want  | Got ✓&#10;-------------&#10;..OO. | ..OO.&#10;..OO. | ..OO.&#10;..... | .....&#10;..... | .....&#10;..... | .....&#10;..II. | ..II.&#10;..II. | ..II.&#10;..II. | ..II.&#10;..II. | ..II.&#10;&#10;step=16, rand=3, actions=&lt;Left&gt;&#10;Want  | Got ✓&#10;-------------&#10;.OO.. | .OO..&#10;.OO.. | .OO..&#10;..... | .....&#10;..... | .....&#10;..... | .....&#10;..II. | ..II.&#10;..II. | ..II.&#10;..II. | ..II.&#10;..II. | ..II.&#10;&#10;step=17, rand=3, actions=&lt;Left&gt;&#10;Want  | Got ✓&#10;-------------&#10;OO... | OO...&#10;OO... | OO...&#10;..... | .....&#10;..... | .....&#10;..... | .....&#10;..II. | ..II.&#10;..II. | ..II.&#10;..II. | ..II.&#10;..II. | ..II.&#10;&#10;step=18, rand=3, actions=&lt;Down&gt;&#10;Want  | Got ✓&#10;-------------&#10;..... | .....&#10;OO... | OO...&#10;OO... | OO...&#10;..... | .....&#10;..... | .....&#10;..II. | ..II.&#10;..II. | ..II.&#10;..II. | ..II.&#10;..II. | ..II.&#10;&#10;step=19, rand=3, actions=&lt;Down&gt;&#10;Want  | Got ✓&#10;-------------&#10;..... | .....&#10;..... | .....&#10;OO... | OO...&#10;OO... | OO...&#10;..... | .....&#10;..II. | ..II.&#10;..II. | ..II.&#10;..II. | ..II.&#10;..II. | ..II.&#10;&#10;step=20, rand=3, actions=&lt;Down&gt;&#10;Want  | Got ✓&#10;-------------&#10;..... | .....&#10;..... | .....&#10;..... | .....&#10;OO... | OO...&#10;OO... | OO...&#10;..II. | ..II.&#10;..II. | ..II.&#10;..II. | ..II.&#10;..II. | ..II.&#10;&#10;step=21, rand=3, actions=&lt;Down&gt;&#10;Want  | Got ✓&#10;-------------&#10;..... | .....&#10;..... | .....&#10;..... | .....&#10;..... | .....&#10;OO... | OO...&#10;OOII. | OOII.&#10;..II. | ..II.&#10;..II. | ..II.&#10;..II. | ..II.&#10;&#10;step=22, rand=3, actions=&lt;Down&gt;&#10;Want  | Got ✓&#10;-------------&#10;..... | .....&#10;..... | .....&#10;..... | .....&#10;..... | .....&#10;..... | .....&#10;OOII. | OOII.&#10;OOII. | OOII.&#10;..II. | ..II.&#10;..II. | ..II.&#10;&#10;step=23, rand=3, actions=&lt;Down&gt;&#10;Want  | Got ✓&#10;-------------&#10;..... | .....&#10;..... | .....&#10;..... | .....&#10;..... | .....&#10;..... | .....&#10;..II. | ..II.&#10;OOII. | OOII.&#10;OOII. | OOII.&#10;..II. | ..II.&#10;&#10;step=24, rand=3, actions=&lt;Down&gt;&#10;Want  | Got ✓&#10;-------------&#10;..... | .....&#10;..... | .....&#10;..... | .....&#10;..... | .....&#10;..... | .....&#10;..II. | ..II.&#10;..II. | ..II.&#10;OOII. | OOII.&#10;OOII. | OOII.&#10;&#10;step=25, rand=0, actions=&lt;Down&gt;&#10;Want  | Got ✓&#10;-------------&#10;..... | .....&#10;.IIII | .IIII&#10;..... | .....&#10;..... | .....&#10;..... | .....&#10;..II. | ..II.&#10;..II. | ..II.&#10;OOII. | OOII.&#10;OOII. | OOII.&#10;&#10;step=26, rand=0, actions=&lt;RotateRight&gt;&#10;Want  | Got ✓&#10;-------------&#10;...I. | ...I.&#10;...I. | ...I.&#10;...I. | ...I.&#10;...I. | ...I.&#10;..... | .....&#10;..II. | ..II.&#10;..II. | ..II.&#10;OOII. | OOII.&#10;OOII. | OOII.&#10;&#10;step=27, rand=0, actions=&lt;Left&gt;&#10;Want  | Got ✓&#10;-------------&#10;..I.. | ..I..&#10;..I.. | ..I..&#10;..I.. | ..I..&#10;..I.. | ..I..&#10;..... | .....&#10;..II. | ..II.&#10;..II. | ..II.&#10;OOII. | OOII.&#10;OOII. | OOII.&#10;&#10;step=28, rand=0, actions=&lt;Left&gt;&#10;Want  | Got ✓&#10;-------------&#10;.I... | .I...&#10;.I... | .I...&#10;.I... | .I...&#10;.I... | .I...&#10;..... | .....&#10;..II. | ..II.&#10;..II. | ..II.&#10;OOII. | OOII.&#10;OOII. | OOII.&#10;&#10;step=29, rand=0, actions=&lt;Left&gt;&#10;Want  | Got ✓&#10;-------------&#10;I.... | I....&#10;I.... | I....&#10;I.... | I....&#10;I.... | I....&#10;..... | .....&#10;..II. | ..II.&#10;..II. | ..II.&#10;OOII. | OOII.&#10;OOII. | OOII.&#10;&#10;step=30, rand=0, actions=&lt;Down&gt;&#10;Want  | Got ✓&#10;-------------&#10;..... | .....&#10;I.... | I....&#10;I.... | I....&#10;I.... | I....&#10;I.... | I....&#10;..II. | ..II.&#10;..II. | ..II.&#10;OOII. | OOII.&#10;OOII. | OOII.&#10;&#10;step=31, rand=0, actions=&lt;Down&gt;&#10;Want  | Got ✓&#10;-------------&#10;..... | .....&#10;..... | .....&#10;I.... | I....&#10;I.... | I....&#10;I.... | I....&#10;I.II. | I.II.&#10;..II. | ..II.&#10;OOII. | OOII.&#10;OOII. | OOII.&#10;&#10;step=32, rand=0, actions=&lt;Down&gt;&#10;Want  | Got ✓&#10;-------------&#10;..... | .....&#10;..... | .....&#10;..... | .....&#10;I.... | I....&#10;I.... | I....&#10;I.II. | I.II.&#10;I.II. | I.II.&#10;OOII. | OOII.&#10;OOII. | OOII.&#10;&#10;step=33, rand=1, actions=&lt;Down&gt;&#10;Want  | Got ✓&#10;-------------&#10;.J... | .J...&#10;.JJJ. | .JJJ.&#10;..... | .....&#10;I.... | I....&#10;I.... | I....&#10;I.II. | I.II.&#10;I.II. | I.II.&#10;OOII. | OOII.&#10;OOII. | OOII.&#10;&#10;step=34, rand=1, actions=&lt;RotateRight&gt;&#10;Want  | Got ✓&#10;-------------&#10;..JJ. | ..JJ.&#10;..J.. | ..J..&#10;..J.. | ..J..&#10;I.... | I....&#10;I.... | I....&#10;I.II. | I.II.&#10;I.II. | I.II.&#10;OOII. | OOII.&#10;OOII. | OOII.&#10;&#10;step=35, rand=1, actions=&lt;Left&gt;&#10;Want  | Got ✓&#10;-------------&#10;.JJ.. | .JJ..&#10;.J... | .J...&#10;.J... | .J...&#10;I.... | I....&#10;I.... | I....&#10;I.II. | I.II.&#10;I.II. | I.II.&#10;OOII. | OOII.&#10;OOII. | OOII.&#10;&#10;step=36, rand=1, actions=&lt;Down&gt;&#10;Want  | Got ✓&#10;-------------&#10;..... | .....&#10;.JJ.. | .JJ..&#10;.J... | .J...&#10;IJ... | IJ...&#10;I.... | I....&#10;I.II. | I.II.&#10;I.II. | I.II.&#10;OOII. | OOII.&#10;OOII. | OOII.&#10;&#10;step=37, rand=1, actions=&lt;Down&gt;&#10;Want  | Got ✓&#10;-------------&#10;..... | .....&#10;..... | .....&#10;.JJ.. | .JJ..&#10;IJ... | IJ...&#10;IJ... | IJ...&#10;I.II. | I.II.&#10;I.II. | I.II.&#10;OOII. | OOII.&#10;OOII. | OOII.&#10;&#10;step=38, rand=1, actions=&lt;Down&gt;&#10;Want  | Got ✓&#10;-------------&#10;..... | .....&#10;..... | .....&#10;..... | .....&#10;IJJ.. | IJJ..&#10;IJ... | IJ...&#10;IJII. | IJII.&#10;I.II. | I.II.&#10;OOII. | OOII.&#10;OOII. | OOII.&#10;&#10;step=39, rand=1, actions=&lt;Down&gt;&#10;Want  | Got ✓&#10;-------------&#10;..... | .....&#10;..... | .....&#10;..... | .....&#10;I.... | I....&#10;IJJ.. | IJJ..&#10;IJII. | IJII.&#10;IJII. | IJII.&#10;OOII. | OOII.&#10;OOII. | OOII.&#10;&#10;step=40, rand=4, actions=&lt;Down&gt;&#10;Want  | Got ✓&#10;-------------&#10;..SS. | ..SS.&#10;.SS.. | .SS..&#10;..... | .....&#10;I.... | I....&#10;IJJ.. | IJJ..&#10;IJII. | IJII.&#10;IJII. | IJII.&#10;OOII. | OOII.&#10;OOII. | OOII.&#10;&#10;step=41, rand=4, actions=&lt;RotateRight&gt;&#10;Want  | Got ✓&#10;-------------&#10;..S.. | ..S..&#10;..SS. | ..SS.&#10;...S. | ...S.&#10;I.... | I....&#10;IJJ.. | IJJ..&#10;IJII. | IJII.&#10;IJII. | IJII.&#10;OOII. | OOII.&#10;OOII. | OOII.&#10;&#10;step=42, rand=4, actions=&lt;Right&gt;&#10;Want  | Got ✓&#10;-------------&#10;...S. | ...S.&#10;...SS | ...SS&#10;....S | ....S&#10;I.... | I....&#10;IJJ.. | IJJ..&#10;IJII. | IJII.&#10;IJII. | IJII.&#10;OOII. | OOII.&#10;OOII. | OOII.&#10;&#10;step=43, rand=4, actions=&lt;Down&gt;&#10;Want  | Got ✓&#10;-------------&#10;..... | .....&#10;...S. | ...S.&#10;...SS | ...SS&#10;I...S | I...S&#10;IJJ.. | IJJ..&#10;IJII. | IJII.&#10;IJII. | IJII.&#10;OOII. | OOII.&#10;OOII. | OOII.&#10;&#10;step=44, rand=4, actions=&lt;Down&gt;&#10;Want  | Got ✓&#10;-------------&#10;..... | .....&#10;..... | .....&#10;...S. | ...S.&#10;I..SS | I..SS&#10;IJJ.S | IJJ.S&#10;IJII. | IJII.&#10;IJII. | IJII.&#10;OOII. | OOII.&#10;OOII. | OOII.&#10;&#10;step=45, rand=4, actions=&lt;Down&gt;&#10;Want  | Got ✓&#10;-------------&#10;..... | .....&#10;..... | .....&#10;..... | .....&#10;I..S. | I..S.&#10;IJJSS | IJJSS&#10;IJIIS | IJIIS&#10;IJII. | IJII.&#10;OOII. | OOII.&#10;OOII. | OOII.&#10;&#10;step=46, rand=2, actions=&lt;Down&gt;&#10;Want  | Got ✗&#10;-------------&#10;...L. | ...L.&#10;.LLL. | .LLL.&#10;..... | .....&#10;..... | I..S.&#10;..... | IJJSS&#10;I..S. | IJIIS&#10;IJII. | IJII.&#10;OOII. | OOII.&#10;OOII. | OOII.&#10;&#10;step=47, rand=2, actions=&lt;RotateRight&gt;&#10;Want  | Got ✗&#10;-------------&#10;..L.. | ..L..&#10;..L.. | ..L..&#10;..LL. | ..LL.&#10;..... | I..S.&#10;..... | IJJSS&#10;I..S. | IJIIS&#10;IJII. | IJII.&#10;OOII. | OOII.&#10;OOII. | OOII.&#10;&#10;step=48, rand=2, actions=&lt;Left&gt;&#10;Want  | Got ✗&#10;-------------&#10;.L... | .L...&#10;.L... | .L...&#10;.LL.. | .LL..&#10;..... | I..S.&#10;..... | IJJSS&#10;I..S. | IJIIS&#10;IJII. | IJII.&#10;OOII. | OOII.&#10;OOII. | OOII.&#10;&#10;step=49, rand=2, actions=&lt;Down&gt;&#10;Want  | Got ✗&#10;-------------&#10;..... | .....&#10;.L... | .L...&#10;.L... | .L...&#10;.LL.. | ILLS.&#10;..... | IJJSS&#10;I..S. | IJIIS&#10;IJII. | IJII.&#10;OOII. | OOII.&#10;OOII. | OOII.&#10;&#10;step=50, rand=2, actions=&lt;Down&gt;&#10;Want  | Got ✗&#10;-------------&#10;..... | ...L.&#10;..... | .LLL.&#10;.L... | .L...&#10;.L... | ILLS.&#10;.LL.. | IJJSS&#10;I..S. | IJIIS&#10;IJII. | IJII.&#10;OOII. | OOII.&#10;OOII. | OOII.&#10;&#10;step=51, rand=2, actions=&lt;Down&gt;&#10;Want  | Got ✗&#10;-------------&#10;..... | ...L.&#10;..... | .LLL.&#10;..... | .L...&#10;.L... | ILLS.&#10;.L... | IJJSS&#10;ILLS. | IJIIS&#10;IJII. | IJII.&#10;OOII. | OOII.&#10;OOII. | OOII.&#10;&#10;step=52, rand=1, actions=&lt;Down&gt;&#10;Want  | Got ✗&#10;-------------&#10;.J... | .J...&#10;.JJJ. | .JJJ.&#10;..... | .L...&#10;.L... | ILLS.&#10;.L... | IJJSS&#10;ILLS. | IJIIS&#10;IJII. | IJII.&#10;OOII. | OOII.&#10;OOII. | OOII.&#10;&#10;step=53, rand=1, actions=&lt;RotateRight&gt;&#10;Want  | Got ✗&#10;-------------&#10;..JJ. | ..JJ.&#10;..J.. | .LJ..&#10;..J.. | .LJ..&#10;.L... | ILLS.&#10;.L... | IJJSS&#10;ILLS. | IJIIS&#10;IJII. | IJII.&#10;OOII. | OOII.&#10;OOII. | OOII.&#10;&#10;step=54, rand=1, actions=&lt;Left&gt;&#10;Want  | Got ✗&#10;-------------&#10;.JJ.. | ..JJ.&#10;.J... | .LJ..&#10;.J... | .LJ..&#10;.L... | ILLS.&#10;.L... | IJJSS&#10;ILLS. | IJIIS&#10;IJII. | IJII.&#10;OOII. | OOII.&#10;OOII. | OOII.&#10;&#10;step=55, rand=1, actions=&lt;Left&gt;&#10;Want  | Got ✗&#10;-------------&#10;JJ... | ..JJ.&#10;J.... | .LJ..&#10;J.... | .LJ..&#10;.L... | ILLS.&#10;.L... | IJJSS&#10;ILLS. | IJIIS&#10;IJII. | IJII.&#10;OOII. | OOII.&#10;OOII. | OOII.&#10;&#10;step=56, rand=1, actions=&lt;Down&gt;&#10;Want  | Got ✗&#10;-------------&#10;..... | .J...&#10;JJ... | .JJJ.&#10;J.... | .L...&#10;JL... | ILLS.&#10;.L... | IJJSS&#10;ILLS. | IJIIS&#10;IJII. | IJII.&#10;OOII. | OOII.&#10;OOII. | OOII.&#10;&#10;step=57, rand=1, actions=&lt;Down&gt;&#10;Want  | Got ✗&#10;-------------&#10;..... | .J...&#10;..... | .JJJ.&#10;JJ... | .L...&#10;JL... | ILLS.&#10;JL... | IJJSS&#10;ILLS. | IJIIS&#10;IJII. | IJII.&#10;OOII. | OOII.&#10;OOII. | OOII.&#10;&#10;step=58, rand=4, actions=&lt;Down&gt;&#10;Want  | Got ✗&#10;-------------&#10;..SS. | ..SS.&#10;.SS.. | .SS..&#10;JJ... | .L...&#10;JL... | ILLS.&#10;JL... | IJJSS&#10;ILLS. | IJIIS&#10;IJII. | IJII.&#10;OOII. | OOII.&#10;OOII. | OOII.&#10;&#10;step=59, rand=4, actions=&lt;Right&gt;&#10;Want  | Got ✗&#10;-------------&#10;...SS | ...SS&#10;..SS. | .LSS.&#10;JJ... | .L...&#10;JL... | ILLS.&#10;JL... | IJJSS&#10;ILLS. | IJIIS&#10;IJII. | IJII.&#10;OOII. | OOII.&#10;OOII. | OOII.&#10;&#10;step=60, rand=4, actions=&lt;RotateRight&gt;&#10;Want  | Got ✗&#10;-------------&#10;...S. | ...S.&#10;...SS | .L.SS&#10;JJ..S | .L..S&#10;JL... | ILLS.&#10;JL... | IJJSS&#10;ILLS. | IJIIS&#10;IJII. | IJII.&#10;OOII. | OOII.&#10;OOII. | OOII.&#10;&#10;step=61, rand=4, actions=&lt;Right&gt;&#10;Want  | Got ✗&#10;-------------&#10;...S. | ...S.&#10;...SS | .L.SS&#10;JJ..S | .L..S&#10;JL... | ILLS.&#10;JL... | IJJSS&#10;ILLS. | IJIIS&#10;IJII. | IJII.&#10;OOII. | OOII.&#10;OOII. | OOII.&#10;&#10;step=62, rand=4, actions=&lt;Down&gt;&#10;Want  | Got ✗&#10;-------------&#10;..... | .....&#10;...S. | .L.S.&#10;JJ.SS | .L.SS&#10;JL..S | ILLSS&#10;JL... | IJJSS&#10;ILLS. | IJIIS&#10;IJII. | IJII.&#10;OOII. | OOII.&#10;OOII. | OOII.&#10;&#10;step=63, rand=4, actions=&lt;Down&gt;&#10;Want  | Got ✗&#10;-------------&#10;..... | ..SS.&#10;..... | .SSS.&#10;JJ.S. | .L.SS&#10;JL.SS | ILLSS&#10;JL..S | IJJSS&#10;ILLS. | IJIIS&#10;IJII. | IJII.&#10;OOII. | OOII.&#10;OOII. | OOII.&#10;&#10;step=64, rand=4, actions=&lt;Down&gt;&#10;Want  | Got ✗&#10;-------------&#10;..... | ..SS.&#10;..... | .SSS.&#10;JJ... | .L.SS&#10;JL.S. | ILLSS&#10;JL.SS | IJJSS&#10;ILLSS | IJIIS&#10;IJII. | IJII.&#10;OOII. | OOII.&#10;OOII. | OOII.&#10;&#10;step=65, rand=6, actions=&lt;Down&gt;&#10;Want  | Got ✗&#10;-------------&#10;.ZZ.. | .ZZ..&#10;..ZZ. | .LZZ.&#10;..... | .L.SS&#10;JJ... | ILLSS&#10;JL.S. | IJJSS&#10;JL.SS | IJIIS&#10;IJII. | IJII.&#10;OOII. | OOII.&#10;OOII. | OOII.&#10;&#10;step=66, rand=6, actions=&lt;Right&gt;&#10;Want  | Got ✗&#10;-------------&#10;..ZZ. | .ZZ..&#10;...ZZ | .LZZ.&#10;..... | .L.SS&#10;JJ... | ILLSS&#10;JL.S. | IJJSS&#10;JL.SS | IJIIS&#10;IJII. | IJII.&#10;OOII. | OOII.&#10;OOII. | OOII.&#10;&#10;step=67, rand=6, actions=&lt;RotateRight&gt;&#10;Want  | Got ✗&#10;-------------&#10;....Z | .ZZ..&#10;...ZZ | .LZZ.&#10;...Z. | .L.SS&#10;JJ... | ILLSS&#10;JL.S. | IJJSS&#10;JL.SS | IJIIS&#10;IJII. | IJII.&#10;OOII. | OOII.&#10;OOII. | OOII.&#10;&#10;step=68, rand=6, actions=&lt;Left&gt;&#10;Want  | Got ✗&#10;-------------&#10;...Z. | .ZZ..&#10;..ZZ. | .LZZ.&#10;..Z.. | .L.SS&#10;JJ... | ILLSS&#10;JL.S. | IJJSS&#10;JL.SS | IJIIS&#10;IJII. | IJII.&#10;OOII. | OOII.&#10;OOII. | OOII.&#10;&#10;step=69, rand=6, actions=&lt;Down&gt;&#10;Want  | Got ✗&#10;-------------&#10;..... | .ZZ..&#10;...Z. | .LZZ.&#10;..ZZ. | .L.SS&#10;JJZ.. | ILLSS&#10;JL.S. | IJJSS&#10;JL.SS | IJIIS&#10;IJII. | IJII.&#10;OOII. | OOII.&#10;OOII. | OOII.&#10;&#10;step=70, rand=6, actions=&lt;Down&gt;&#10;Want  | Got ✗&#10;-------------&#10;..... | .ZZ..&#10;..... | .LZZ.&#10;...Z. | .L.SS&#10;JJZZ. | ILLSS&#10;JLZS. | IJJSS&#10;JL.SS | IJIIS&#10;IJII. | IJII.&#10;OOII. | OOII.&#10;OOII. | OOII.&#10;&#10;step=71, rand=3, actions=&lt;Down&gt;&#10;Want  | Got ✗&#10;-------------&#10;..OO. | ..OO.&#10;..OO. | .LOO.&#10;...Z. | .L.SS&#10;JJZZ. | ILLSS&#10;JLZS. | IJJSS&#10;JL.SS | IJIIS&#10;IJII. | IJII.&#10;OOII. | OOII.&#10;OOII. | OOII.&#10;&#10;step=72, rand=3, actions=&lt;Left&gt;&#10;Want  | Got ✗&#10;-------------&#10;.OO.. | ..OO.&#10;.OO.. | .LOO.&#10;...Z. | .L.SS&#10;JJZZ. | ILLSS&#10;JLZS. | IJJSS&#10;JL.SS | IJIIS&#10;IJII. | IJII.&#10;OOII. | OOII.&#10;OOII. | OOII.&#10;&#10;step=73, rand=3, actions=&lt;Down&gt;&#10;Want  | Got ✗&#10;-------------&#10;..... | ..OO.&#10;.OO.. | .LOO.&#10;.OOZ. | .L.SS&#10;JJZZ. | ILLSS&#10;JLZS. | IJJSS&#10;JL.SS | IJIIS&#10;IJII. | IJII.&#10;OOII. | OOII.&#10;OOII. | OOII.&#10;&#10;step=74, rand=1, actions=&lt;Down&gt;&#10;Want              | Got ✗&#10;-------------------------&#10;GameOverDisplay() | .J...&#10;                  | .JJJ.&#10;                  | .L.SS&#10;                  | ILLSS&#10;                  | IJJSS&#10;                  | IJIIS&#10;                  | IJII.&#10;                  | OOII.&#10;                  | OOII.&#10;&#10;" type="org.scalatest.exceptions.TestFailedException">org.scalatest.exceptions.TestFailedException: didPass was false
--------------------------------------------------------------------------------
This is what went wrong:

step=0, rand=0, actions=&lt;&gt;
Want  | Got ✓
-------------
..... | .....
.IIII | .IIII
..... | .....
..... | .....
..... | .....
..... | .....
..... | .....
..... | .....
..... | .....

step=1, rand=0, actions=&lt;RotateRight&gt;
Want  | Got ✓
-------------
...I. | ...I.
...I. | ...I.
...I. | ...I.
...I. | ...I.
..... | .....
..... | .....
..... | .....
..... | .....
..... | .....

step=2, rand=0, actions=&lt;Down&gt;
Want  | Got ✓
-------------
..... | .....
...I. | ...I.
...I. | ...I.
...I. | ...I.
...I. | ...I.
..... | .....
..... | .....
..... | .....
..... | .....

step=3, rand=0, actions=&lt;Down&gt;
Want  | Got ✓
-------------
..... | .....
..... | .....
...I. | ...I.
...I. | ...I.
...I. | ...I.
...I. | ...I.
..... | .....
..... | .....
..... | .....

step=4, rand=0, actions=&lt;Down&gt;
Want  | Got ✓
-------------
..... | .....
..... | .....
..... | .....
...I. | ...I.
...I. | ...I.
...I. | ...I.
...I. | ...I.
..... | .....
..... | .....

step=5, rand=0, actions=&lt;Down&gt;
Want  | Got ✓
-------------
..... | .....
..... | .....
..... | .....
..... | .....
...I. | ...I.
...I. | ...I.
...I. | ...I.
...I. | ...I.
..... | .....

step=6, rand=0, actions=&lt;Down&gt;
Want  | Got ✓
-------------
..... | .....
..... | .....
..... | .....
..... | .....
..... | .....
...I. | ...I.
...I. | ...I.
...I. | ...I.
...I. | ...I.

step=7, rand=0, actions=&lt;Down&gt;
Want  | Got ✓
-------------
..... | .....
.IIII | .IIII
..... | .....
..... | .....
..... | .....
...I. | ...I.
...I. | ...I.
...I. | ...I.
...I. | ...I.

step=8, rand=0, actions=&lt;RotateRight&gt;
Want  | Got ✓
-------------
...I. | ...I.
...I. | ...I.
...I. | ...I.
...I. | ...I.
..... | .....
...I. | ...I.
...I. | ...I.
...I. | ...I.
...I. | ...I.

step=9, rand=0, actions=&lt;Left&gt;
Want  | Got ✓
-------------
..I.. | ..I..
..I.. | ..I..
..I.. | ..I..
..I.. | ..I..
..... | .....
...I. | ...I.
...I. | ...I.
...I. | ...I.
...I. | ...I.

step=10, rand=0, actions=&lt;Down&gt;
Want  | Got ✓
-------------
..... | .....
..I.. | ..I..
..I.. | ..I..
..I.. | ..I..
..I.. | ..I..
...I. | ...I.
...I. | ...I.
...I. | ...I.
...I. | ...I.

step=11, rand=0, actions=&lt;Down&gt;
Want  | Got ✓
-------------
..... | .....
..... | .....
..I.. | ..I..
..I.. | ..I..
..I.. | ..I..
..II. | ..II.
...I. | ...I.
...I. | ...I.
...I. | ...I.

step=12, rand=0, actions=&lt;Down&gt;
Want  | Got ✓
-------------
..... | .....
..... | .....
..... | .....
..I.. | ..I..
..I.. | ..I..
..II. | ..II.
..II. | ..II.
...I. | ...I.
...I. | ...I.

step=13, rand=0, actions=&lt;Down&gt;
Want  | Got ✓
-------------
..... | .....
..... | .....
..... | .....
..... | .....
..I.. | ..I..
..II. | ..II.
..II. | ..II.
..II. | ..II.
...I. | ...I.

step=14, rand=0, actions=&lt;Down&gt;
Want  | Got ✓
-------------
..... | .....
..... | .....
..... | .....
..... | .....
..... | .....
..II. | ..II.
..II. | ..II.
..II. | ..II.
..II. | ..II.

step=15, rand=3, actions=&lt;Down&gt;
Want  | Got ✓
-------------
..OO. | ..OO.
..OO. | ..OO.
..... | .....
..... | .....
..... | .....
..II. | ..II.
..II. | ..II.
..II. | ..II.
..II. | ..II.

step=16, rand=3, actions=&lt;Left&gt;
Want  | Got ✓
-------------
.OO.. | .OO..
.OO.. | .OO..
..... | .....
..... | .....
..... | .....
..II. | ..II.
..II. | ..II.
..II. | ..II.
..II. | ..II.

step=17, rand=3, actions=&lt;Left&gt;
Want  | Got ✓
-------------
OO... | OO...
OO... | OO...
..... | .....
..... | .....
..... | .....
..II. | ..II.
..II. | ..II.
..II. | ..II.
..II. | ..II.

step=18, rand=3, actions=&lt;Down&gt;
Want  | Got ✓
-------------
..... | .....
OO... | OO...
OO... | OO...
..... | .....
..... | .....
..II. | ..II.
..II. | ..II.
..II. | ..II.
..II. | ..II.

step=19, rand=3, actions=&lt;Down&gt;
Want  | Got ✓
-------------
..... | .....
..... | .....
OO... | OO...
OO... | OO...
..... | .....
..II. | ..II.
..II. | ..II.
..II. | ..II.
..II. | ..II.

step=20, rand=3, actions=&lt;Down&gt;
Want  | Got ✓
-------------
..... | .....
..... | .....
..... | .....
OO... | OO...
OO... | OO...
..II. | ..II.
..II. | ..II.
..II. | ..II.
..II. | ..II.

step=21, rand=3, actions=&lt;Down&gt;
Want  | Got ✓
-------------
..... | .....
..... | .....
..... | .....
..... | .....
OO... | OO...
OOII. | OOII.
..II. | ..II.
..II. | ..II.
..II. | ..II.

step=22, rand=3, actions=&lt;Down&gt;
Want  | Got ✓
-------------
..... | .....
..... | .....
..... | .....
..... | .....
..... | .....
OOII. | OOII.
OOII. | OOII.
..II. | ..II.
..II. | ..II.

step=23, rand=3, actions=&lt;Down&gt;
Want  | Got ✓
-------------
..... | .....
..... | .....
..... | .....
..... | .....
..... | .....
..II. | ..II.
OOII. | OOII.
OOII. | OOII.
..II. | ..II.

step=24, rand=3, actions=&lt;Down&gt;
Want  | Got ✓
-------------
..... | .....
..... | .....
..... | .....
..... | .....
..... | .....
..II. | ..II.
..II. | ..II.
OOII. | OOII.
OOII. | OOII.

step=25, rand=0, actions=&lt;Down&gt;
Want  | Got ✓
-------------
..... | .....
.IIII | .IIII
..... | .....
..... | .....
..... | .....
..II. | ..II.
..II. | ..II.
OOII. | OOII.
OOII. | OOII.

step=26, rand=0, actions=&lt;RotateRight&gt;
Want  | Got ✓
-------------
...I. | ...I.
...I. | ...I.
...I. | ...I.
...I. | ...I.
..... | .....
..II. | ..II.
..II. | ..II.
OOII. | OOII.
OOII. | OOII.

step=27, rand=0, actions=&lt;Left&gt;
Want  | Got ✓
-------------
..I.. | ..I..
..I.. | ..I..
..I.. | ..I..
..I.. | ..I..
..... | .....
..II. | ..II.
..II. | ..II.
OOII. | OOII.
OOII. | OOII.

step=28, rand=0, actions=&lt;Left&gt;
Want  | Got ✓
-------------
.I... | .I...
.I... | .I...
.I... | .I...
.I... | .I...
..... | .....
..II. | ..II.
..II. | ..II.
OOII. | OOII.
OOII. | OOII.

step=29, rand=0, actions=&lt;Left&gt;
Want  | Got ✓
-------------
I.... | I....
I.... | I....
I.... | I....
I.... | I....
..... | .....
..II. | ..II.
..II. | ..II.
OOII. | OOII.
OOII. | OOII.

step=30, rand=0, actions=&lt;Down&gt;
Want  | Got ✓
-------------
..... | .....
I.... | I....
I.... | I....
I.... | I....
I.... | I....
..II. | ..II.
..II. | ..II.
OOII. | OOII.
OOII. | OOII.

step=31, rand=0, actions=&lt;Down&gt;
Want  | Got ✓
-------------
..... | .....
..... | .....
I.... | I....
I.... | I....
I.... | I....
I.II. | I.II.
..II. | ..II.
OOII. | OOII.
OOII. | OOII.

step=32, rand=0, actions=&lt;Down&gt;
Want  | Got ✓
-------------
..... | .....
..... | .....
..... | .....
I.... | I....
I.... | I....
I.II. | I.II.
I.II. | I.II.
OOII. | OOII.
OOII. | OOII.

step=33, rand=1, actions=&lt;Down&gt;
Want  | Got ✓
-------------
.J... | .J...
.JJJ. | .JJJ.
..... | .....
I.... | I....
I.... | I....
I.II. | I.II.
I.II. | I.II.
OOII. | OOII.
OOII. | OOII.

step=34, rand=1, actions=&lt;RotateRight&gt;
Want  | Got ✓
-------------
..JJ. | ..JJ.
..J.. | ..J..
..J.. | ..J..
I.... | I....
I.... | I....
I.II. | I.II.
I.II. | I.II.
OOII. | OOII.
OOII. | OOII.

step=35, rand=1, actions=&lt;Left&gt;
Want  | Got ✓
-------------
.JJ.. | .JJ..
.J... | .J...
.J... | .J...
I.... | I....
I.... | I....
I.II. | I.II.
I.II. | I.II.
OOII. | OOII.
OOII. | OOII.

step=36, rand=1, actions=&lt;Down&gt;
Want  | Got ✓
-------------
..... | .....
.JJ.. | .JJ..
.J... | .J...
IJ... | IJ...
I.... | I....
I.II. | I.II.
I.II. | I.II.
OOII. | OOII.
OOII. | OOII.

step=37, rand=1, actions=&lt;Down&gt;
Want  | Got ✓
-------------
..... | .....
..... | .....
.JJ.. | .JJ..
IJ... | IJ...
IJ... | IJ...
I.II. | I.II.
I.II. | I.II.
OOII. | OOII.
OOII. | OOII.

step=38, rand=1, actions=&lt;Down&gt;
Want  | Got ✓
-------------
..... | .....
..... | .....
..... | .....
IJJ.. | IJJ..
IJ... | IJ...
IJII. | IJII.
I.II. | I.II.
OOII. | OOII.
OOII. | OOII.

step=39, rand=1, actions=&lt;Down&gt;
Want  | Got ✓
-------------
..... | .....
..... | .....
..... | .....
I.... | I....
IJJ.. | IJJ..
IJII. | IJII.
IJII. | IJII.
OOII. | OOII.
OOII. | OOII.

step=40, rand=4, actions=&lt;Down&gt;
Want  | Got ✓
-------------
..SS. | ..SS.
.SS.. | .SS..
..... | .....
I.... | I....
IJJ.. | IJJ..
IJII. | IJII.
IJII. | IJII.
OOII. | OOII.
OOII. | OOII.

step=41, rand=4, actions=&lt;RotateRight&gt;
Want  | Got ✓
-------------
..S.. | ..S..
..SS. | ..SS.
...S. | ...S.
I.... | I....
IJJ.. | IJJ..
IJII. | IJII.
IJII. | IJII.
OOII. | OOII.
OOII. | OOII.

step=42, rand=4, actions=&lt;Right&gt;
Want  | Got ✓
-------------
...S. | ...S.
...SS | ...SS
....S | ....S
I.... | I....
IJJ.. | IJJ..
IJII. | IJII.
IJII. | IJII.
OOII. | OOII.
OOII. | OOII.

step=43, rand=4, actions=&lt;Down&gt;
Want  | Got ✓
-------------
..... | .....
...S. | ...S.
...SS | ...SS
I...S | I...S
IJJ.. | IJJ..
IJII. | IJII.
IJII. | IJII.
OOII. | OOII.
OOII. | OOII.

step=44, rand=4, actions=&lt;Down&gt;
Want  | Got ✓
-------------
..... | .....
..... | .....
...S. | ...S.
I..SS | I..SS
IJJ.S | IJJ.S
IJII. | IJII.
IJII. | IJII.
OOII. | OOII.
OOII. | OOII.

step=45, rand=4, actions=&lt;Down&gt;
Want  | Got ✓
-------------
..... | .....
..... | .....
..... | .....
I..S. | I..S.
IJJSS | IJJSS
IJIIS | IJIIS
IJII. | IJII.
OOII. | OOII.
OOII. | OOII.

step=46, rand=2, actions=&lt;Down&gt;
Want  | Got ✗
-------------
...L. | ...L.
.LLL. | .LLL.
..... | .....
..... | I..S.
..... | IJJSS
I..S. | IJIIS
IJII. | IJII.
OOII. | OOII.
OOII. | OOII.

step=47, rand=2, actions=&lt;RotateRight&gt;
Want  | Got ✗
-------------
..L.. | ..L..
..L.. | ..L..
..LL. | ..LL.
..... | I..S.
..... | IJJSS
I..S. | IJIIS
IJII. | IJII.
OOII. | OOII.
OOII. | OOII.

step=48, rand=2, actions=&lt;Left&gt;
Want  | Got ✗
-------------
.L... | .L...
.L... | .L...
.LL.. | .LL..
..... | I..S.
..... | IJJSS
I..S. | IJIIS
IJII. | IJII.
OOII. | OOII.
OOII. | OOII.

step=49, rand=2, actions=&lt;Down&gt;
Want  | Got ✗
-------------
..... | .....
.L... | .L...
.L... | .L...
.LL.. | ILLS.
..... | IJJSS
I..S. | IJIIS
IJII. | IJII.
OOII. | OOII.
OOII. | OOII.

step=50, rand=2, actions=&lt;Down&gt;
Want  | Got ✗
-------------
..... | ...L.
..... | .LLL.
.L... | .L...
.L... | ILLS.
.LL.. | IJJSS
I..S. | IJIIS
IJII. | IJII.
OOII. | OOII.
OOII. | OOII.

step=51, rand=2, actions=&lt;Down&gt;
Want  | Got ✗
-------------
..... | ...L.
..... | .LLL.
..... | .L...
.L... | ILLS.
.L... | IJJSS
ILLS. | IJIIS
IJII. | IJII.
OOII. | OOII.
OOII. | OOII.

step=52, rand=1, actions=&lt;Down&gt;
Want  | Got ✗
-------------
.J... | .J...
.JJJ. | .JJJ.
..... | .L...
.L... | ILLS.
.L... | IJJSS
ILLS. | IJIIS
IJII. | IJII.
OOII. | OOII.
OOII. | OOII.

step=53, rand=1, actions=&lt;RotateRight&gt;
Want  | Got ✗
-------------
..JJ. | ..JJ.
..J.. | .LJ..
..J.. | .LJ..
.L... | ILLS.
.L... | IJJSS
ILLS. | IJIIS
IJII. | IJII.
OOII. | OOII.
OOII. | OOII.

step=54, rand=1, actions=&lt;Left&gt;
Want  | Got ✗
-------------
.JJ.. | ..JJ.
.J... | .LJ..
.J... | .LJ..
.L... | ILLS.
.L... | IJJSS
ILLS. | IJIIS
IJII. | IJII.
OOII. | OOII.
OOII. | OOII.

step=55, rand=1, actions=&lt;Left&gt;
Want  | Got ✗
-------------
JJ... | ..JJ.
J.... | .LJ..
J.... | .LJ..
.L... | ILLS.
.L... | IJJSS
ILLS. | IJIIS
IJII. | IJII.
OOII. | OOII.
OOII. | OOII.

step=56, rand=1, actions=&lt;Down&gt;
Want  | Got ✗
-------------
..... | .J...
JJ... | .JJJ.
J.... | .L...
JL... | ILLS.
.L... | IJJSS
ILLS. | IJIIS
IJII. | IJII.
OOII. | OOII.
OOII. | OOII.

step=57, rand=1, actions=&lt;Down&gt;
Want  | Got ✗
-------------
..... | .J...
..... | .JJJ.
JJ... | .L...
JL... | ILLS.
JL... | IJJSS
ILLS. | IJIIS
IJII. | IJII.
OOII. | OOII.
OOII. | OOII.

step=58, rand=4, actions=&lt;Down&gt;
Want  | Got ✗
-------------
..SS. | ..SS.
.SS.. | .SS..
JJ... | .L...
JL... | ILLS.
JL... | IJJSS
ILLS. | IJIIS
IJII. | IJII.
OOII. | OOII.
OOII. | OOII.

step=59, rand=4, actions=&lt;Right&gt;
Want  | Got ✗
-------------
...SS | ...SS
..SS. | .LSS.
JJ... | .L...
JL... | ILLS.
JL... | IJJSS
ILLS. | IJIIS
IJII. | IJII.
OOII. | OOII.
OOII. | OOII.

step=60, rand=4, actions=&lt;RotateRight&gt;
Want  | Got ✗
-------------
...S. | ...S.
...SS | .L.SS
JJ..S | .L..S
JL... | ILLS.
JL... | IJJSS
ILLS. | IJIIS
IJII. | IJII.
OOII. | OOII.
OOII. | OOII.

step=61, rand=4, actions=&lt;Right&gt;
Want  | Got ✗
-------------
...S. | ...S.
...SS | .L.SS
JJ..S | .L..S
JL... | ILLS.
JL... | IJJSS
ILLS. | IJIIS
IJII. | IJII.
OOII. | OOII.
OOII. | OOII.

step=62, rand=4, actions=&lt;Down&gt;
Want  | Got ✗
-------------
..... | .....
...S. | .L.S.
JJ.SS | .L.SS
JL..S | ILLSS
JL... | IJJSS
ILLS. | IJIIS
IJII. | IJII.
OOII. | OOII.
OOII. | OOII.

step=63, rand=4, actions=&lt;Down&gt;
Want  | Got ✗
-------------
..... | ..SS.
..... | .SSS.
JJ.S. | .L.SS
JL.SS | ILLSS
JL..S | IJJSS
ILLS. | IJIIS
IJII. | IJII.
OOII. | OOII.
OOII. | OOII.

step=64, rand=4, actions=&lt;Down&gt;
Want  | Got ✗
-------------
..... | ..SS.
..... | .SSS.
JJ... | .L.SS
JL.S. | ILLSS
JL.SS | IJJSS
ILLSS | IJIIS
IJII. | IJII.
OOII. | OOII.
OOII. | OOII.

step=65, rand=6, actions=&lt;Down&gt;
Want  | Got ✗
-------------
.ZZ.. | .ZZ..
..ZZ. | .LZZ.
..... | .L.SS
JJ... | ILLSS
JL.S. | IJJSS
JL.SS | IJIIS
IJII. | IJII.
OOII. | OOII.
OOII. | OOII.

step=66, rand=6, actions=&lt;Right&gt;
Want  | Got ✗
-------------
..ZZ. | .ZZ..
...ZZ | .LZZ.
..... | .L.SS
JJ... | ILLSS
JL.S. | IJJSS
JL.SS | IJIIS
IJII. | IJII.
OOII. | OOII.
OOII. | OOII.

step=67, rand=6, actions=&lt;RotateRight&gt;
Want  | Got ✗
-------------
....Z | .ZZ..
...ZZ | .LZZ.
...Z. | .L.SS
JJ... | ILLSS
JL.S. | IJJSS
JL.SS | IJIIS
IJII. | IJII.
OOII. | OOII.
OOII. | OOII.

step=68, rand=6, actions=&lt;Left&gt;
Want  | Got ✗
-------------
...Z. | .ZZ..
..ZZ. | .LZZ.
..Z.. | .L.SS
JJ... | ILLSS
JL.S. | IJJSS
JL.SS | IJIIS
IJII. | IJII.
OOII. | OOII.
OOII. | OOII.

step=69, rand=6, actions=&lt;Down&gt;
Want  | Got ✗
-------------
..... | .ZZ..
...Z. | .LZZ.
..ZZ. | .L.SS
JJZ.. | ILLSS
JL.S. | IJJSS
JL.SS | IJIIS
IJII. | IJII.
OOII. | OOII.
OOII. | OOII.

step=70, rand=6, actions=&lt;Down&gt;
Want  | Got ✗
-------------
..... | .ZZ..
..... | .LZZ.
...Z. | .L.SS
JJZZ. | ILLSS
JLZS. | IJJSS
JL.SS | IJIIS
IJII. | IJII.
OOII. | OOII.
OOII. | OOII.

step=71, rand=3, actions=&lt;Down&gt;
Want  | Got ✗
-------------
..OO. | ..OO.
..OO. | .LOO.
...Z. | .L.SS
JJZZ. | ILLSS
JLZS. | IJJSS
JL.SS | IJIIS
IJII. | IJII.
OOII. | OOII.
OOII. | OOII.

step=72, rand=3, actions=&lt;Left&gt;
Want  | Got ✗
-------------
.OO.. | ..OO.
.OO.. | .LOO.
...Z. | .L.SS
JJZZ. | ILLSS
JLZS. | IJJSS
JL.SS | IJIIS
IJII. | IJII.
OOII. | OOII.
OOII. | OOII.

step=73, rand=3, actions=&lt;Down&gt;
Want  | Got ✗
-------------
..... | ..OO.
.OO.. | .LOO.
.OOZ. | .L.SS
JJZZ. | ILLSS
JLZS. | IJJSS
JL.SS | IJIIS
IJII. | IJII.
OOII. | OOII.
OOII. | OOII.

step=74, rand=1, actions=&lt;Down&gt;
Want              | Got ✗
-------------------------
GameOverDisplay() | .J...
                  | .JJJ.
                  | .L.SS
                  | ILLSS
                  | IJJSS
                  | IJIIS
                  | IJII.
                  | OOII.
                  | OOII.


	at app//org.scalatest.Assertions.newAssertionFailedException(Assertions.scala:530)
	at app//org.scalatest.Assertions.newAssertionFailedException$(Assertions.scala:529)
	at app//org.scalatest.FunSuite.newAssertionFailedException(FunSuite.scala:1560)
	at app//org.scalatest.Assertions$AssertionsHelper.macroAssert(Assertions.scala:503)
	at app//generic.GameTestSuite.checkGame(GameTestSuite.scala:298)
	at app//tetris.TetrisTestSuiteBase.checkGame(TetrisTestSuiteBase.scala:103)
	at app//tetris.FullGameTests.$anonfun$new$1(FullGameTests.scala:5740)
	at app//scala.runtime.java8.JFunction0$mcV$sp.apply(JFunction0$mcV$sp.scala:18)
	at app//infrastructure.TestBase.$anonfun$test$1(TestBase.scala:36)
	at app//org.scalatest.OutcomeOf.outcomeOf(OutcomeOf.scala:85)
	at app//org.scalatest.OutcomeOf.outcomeOf$(OutcomeOf.scala:83)
	at app//org.scalatest.OutcomeOf$.outcomeOf(OutcomeOf.scala:104)
	at app//org.scalatest.Transformer.apply(Transformer.scala:22)
	at app//org.scalatest.Transformer.apply(Transformer.scala:20)
	at app//org.scalatest.FunSuiteLike$$anon$1.apply(FunSuiteLike.scala:186)
	at app//org.scalatest.TestSuite.withFixture(TestSuite.scala:196)
	at app//org.scalatest.TestSuite.withFixture$(TestSuite.scala:195)
	at app//infrastructure.TestBase.org$scalatest$concurrent$TimeLimitedTests$$super$withFixture(TestBase.scala:9)
	at app//org.scalatest.concurrent.TimeLimitedTests.$anonfun$withFixture$3(TimeLimitedTests.scala:154)
	at app//org.scalatest.enablers.Timed$$anon$1.timeoutAfter(Timed.scala:127)
	at app//org.scalatest.concurrent.TimeLimits.failAfterImpl(TimeLimits.scala:239)
	at app//org.scalatest.concurrent.TimeLimits.failAfterImpl$(TimeLimits.scala:233)
	at app//org.scalatest.concurrent.TimeLimits$.failAfterImpl(TimeLimits.scala:305)
	at app//org.scalatest.concurrent.TimeLimitedTests.withFixture(TimeLimitedTests.scala:153)
	at app//org.scalatest.concurrent.TimeLimitedTests.withFixture$(TimeLimitedTests.scala:150)
	at app//infrastructure.TestBase.withFixture(TestBase.scala:9)
	at app//org.scalatest.FunSuiteLike.invokeWithFixture$1(FunSuiteLike.scala:184)
	at app//org.scalatest.FunSuiteLike.$anonfun$runTest$1(FunSuiteLike.scala:196)
	at app//org.scalatest.SuperEngine.runTestImpl(Engine.scala:286)
	at app//org.scalatest.FunSuiteLike.runTest(FunSuiteLike.scala:196)
	at app//org.scalatest.FunSuiteLike.runTest$(FunSuiteLike.scala:178)
	at app//org.scalatest.FunSuite.runTest(FunSuite.scala:1560)
	at app//org.scalatest.FunSuiteLike.$anonfun$runTests$1(FunSuiteLike.scala:229)
	at app//org.scalatest.SuperEngine.$anonfun$runTestsInBranch$1(Engine.scala:393)
	at app//scala.collection.immutable.List.foreach(List.scala:333)
	at app//org.scalatest.SuperEngine.traverseSubNodes$1(Engine.scala:381)
	at app//org.scalatest.SuperEngine.runTestsInBranch(Engine.scala:376)
	at app//org.scalatest.SuperEngine.runTestsImpl(Engine.scala:458)
	at app//org.scalatest.FunSuiteLike.runTests(FunSuiteLike.scala:229)
	at app//org.scalatest.FunSuiteLike.runTests$(FunSuiteLike.scala:228)
	at app//org.scalatest.FunSuite.runTests(FunSuite.scala:1560)
	at app//org.scalatest.Suite.run(Suite.scala:1124)
	at app//org.scalatest.Suite.run$(Suite.scala:1106)
	at app//org.scalatest.FunSuite.org$scalatest$FunSuiteLike$$super$run(FunSuite.scala:1560)
	at app//org.scalatest.FunSuiteLike.$anonfun$run$1(FunSuiteLike.scala:233)
	at app//org.scalatest.SuperEngine.runImpl(Engine.scala:518)
	at app//org.scalatest.FunSuiteLike.run(FunSuiteLike.scala:233)
	at app//org.scalatest.FunSuiteLike.run$(FunSuiteLike.scala:232)
	at app//infrastructure.TestBase.run(TestBase.scala:26)
	at app//org.scalatest.Suite.callExecuteOnSuite$1(Suite.scala:1187)
	at app//org.scalatest.Suite.$anonfun$runNestedSuites$1(Suite.scala:1234)
	at app//scala.collection.ArrayOps$.foreach$extension(ArrayOps.scala:1323)
	at app//org.scalatest.Suite.runNestedSuites(Suite.scala:1232)
	at app//org.scalatest.Suite.runNestedSuites$(Suite.scala:1166)
	at app//org.scalatest.Suites.runNestedSuites(Suites.scala:56)
	at app//org.scalatest.Suite.run(Suite.scala:1121)
	at app//org.scalatest.Suite.run$(Suite.scala:1106)
	at app//tetris.TetrisTestSuitesBase.runDirect(TetrisTestSuitesBase.scala:20)
	at app//tetris.TetrisTestSuitesBase.runWithScoreCounter(TetrisTestSuitesBase.scala:14)
	at app//tetris.TetrisTestSuite3_2.run(TetrisTestSuite3_2.scala:25)
	at app//org.scalatestplus.junit.JUnitRunner.run(JUnitRunner.scala:99)
	at org.gradle.api.internal.tasks.testing.junit.JUnitTestClassExecutor.runTestClass(JUnitTestClassExecutor.java:110)
	at org.gradle.api.internal.tasks.testing.junit.JUnitTestClassExecutor.execute(JUnitTestClassExecutor.java:58)
	at org.gradle.api.internal.tasks.testing.junit.JUnitTestClassExecutor.execute(JUnitTestClassExecutor.java:38)
	at org.gradle.api.internal.tasks.testing.junit.AbstractJUnitTestClassProcessor.processTestClass(AbstractJUnitTestClassProcessor.java:62)
	at org.gradle.api.internal.tasks.testing.SuiteTestClassProcessor.processTestClass(SuiteTestClassProcessor.java:51)
	at java.base@17.0.7/jdk.internal.reflect.NativeMethodAccessorImpl.invoke0(Native Method)
	at java.base@17.0.7/jdk.internal.reflect.NativeMethodAccessorImpl.invoke(NativeMethodAccessorImpl.java:77)
	at java.base@17.0.7/jdk.internal.reflect.DelegatingMethodAccessorImpl.invoke(DelegatingMethodAccessorImpl.java:43)
	at java.base@17.0.7/java.lang.reflect.Method.invoke(Method.java:568)
	at org.gradle.internal.dispatch.ReflectionDispatch.dispatch(ReflectionDispatch.java:36)
	at org.gradle.internal.dispatch.ReflectionDispatch.dispatch(ReflectionDispatch.java:24)
	at org.gradle.internal.dispatch.ContextClassLoaderDispatch.dispatch(ContextClassLoaderDispatch.java:33)
	at org.gradle.internal.dispatch.ProxyDispatchAdapter$DispatchingInvocationHandler.invoke(ProxyDispatchAdapter.java:94)
	at jdk.proxy1/jdk.proxy1.$Proxy2.processTestClass(Unknown Source)
	at org.gradle.api.internal.tasks.testing.worker.TestWorker$2.run(TestWorker.java:176)
	at org.gradle.api.internal.tasks.testing.worker.TestWorker.executeAndMaintainThreadName(TestWorker.java:129)
	at org.gradle.api.internal.tasks.testing.worker.TestWorker.execute(TestWorker.java:100)
	at org.gradle.api.internal.tasks.testing.worker.TestWorker.execute(TestWorker.java:60)
	at org.gradle.process.internal.worker.child.ActionExecutionWorker.execute(ActionExecutionWorker.java:56)
	at org.gradle.process.internal.worker.child.SystemApplicationClassLoaderWorker.call(SystemApplicationClassLoaderWorker.java:133)
	at org.gradle.process.internal.worker.child.SystemApplicationClassLoaderWorker.call(SystemApplicationClassLoaderWorker.java:71)
	at app//worker.org.gradle.process.internal.worker.GradleWorkerMain.run(GradleWorkerMain.java:69)
	at app//worker.org.gradle.process.internal.worker.GradleWorkerMain.main(GradleWorkerMain.java:74)
</failure>
  </testcase>
  <testcase name="testGame8x11" classname="tetris.FullGameTests" time="0.76">
    <failure message="org.scalatest.exceptions.TestFailedException: didPass was false&#10;--------------------------------------------------------------------------------&#10;This is what went wrong:&#10;&#10;step=0, rand=2, actions=&lt;&gt;&#10;Want     | Got ✓   &#10;-------------------&#10;....L... | ....L...&#10;..LLL... | ..LLL...&#10;........ | ........&#10;........ | ........&#10;........ | ........&#10;........ | ........&#10;........ | ........&#10;........ | ........&#10;........ | ........&#10;........ | ........&#10;........ | ........&#10;&#10;step=1, rand=2, actions=&lt;Right&gt;&#10;Want     | Got ✓   &#10;-------------------&#10;.....L.. | .....L..&#10;...LLL.. | ...LLL..&#10;........ | ........&#10;........ | ........&#10;........ | ........&#10;........ | ........&#10;........ | ........&#10;........ | ........&#10;........ | ........&#10;........ | ........&#10;........ | ........&#10;&#10;step=2, rand=2, actions=&lt;Right&gt;&#10;Want     | Got ✓   &#10;-------------------&#10;......L. | ......L.&#10;....LLL. | ....LLL.&#10;........ | ........&#10;........ | ........&#10;........ | ........&#10;........ | ........&#10;........ | ........&#10;........ | ........&#10;........ | ........&#10;........ | ........&#10;........ | ........&#10;&#10;step=3, rand=2, actions=&lt;Down&gt;&#10;Want     | Got ✓   &#10;-------------------&#10;........ | ........&#10;......L. | ......L.&#10;....LLL. | ....LLL.&#10;........ | ........&#10;........ | ........&#10;........ | ........&#10;........ | ........&#10;........ | ........&#10;........ | ........&#10;........ | ........&#10;........ | ........&#10;&#10;step=4, rand=2, actions=&lt;Down&gt;&#10;Want     | Got ✓   &#10;-------------------&#10;........ | ........&#10;........ | ........&#10;......L. | ......L.&#10;....LLL. | ....LLL.&#10;........ | ........&#10;........ | ........&#10;........ | ........&#10;........ | ........&#10;........ | ........&#10;........ | ........&#10;........ | ........&#10;&#10;step=5, rand=2, actions=&lt;Down&gt;&#10;Want     | Got ✓   &#10;-------------------&#10;........ | ........&#10;........ | ........&#10;........ | ........&#10;......L. | ......L.&#10;....LLL. | ....LLL.&#10;........ | ........&#10;........ | ........&#10;........ | ........&#10;........ | ........&#10;........ | ........&#10;........ | ........&#10;&#10;step=6, rand=2, actions=&lt;Down&gt;&#10;Want     | Got ✓   &#10;-------------------&#10;........ | ........&#10;........ | ........&#10;........ | ........&#10;........ | ........&#10;......L. | ......L.&#10;....LLL. | ....LLL.&#10;........ | ........&#10;........ | ........&#10;........ | ........&#10;........ | ........&#10;........ | ........&#10;&#10;step=7, rand=2, actions=&lt;Down&gt;&#10;Want     | Got ✓   &#10;-------------------&#10;........ | ........&#10;........ | ........&#10;........ | ........&#10;........ | ........&#10;........ | ........&#10;......L. | ......L.&#10;....LLL. | ....LLL.&#10;........ | ........&#10;........ | ........&#10;........ | ........&#10;........ | ........&#10;&#10;step=8, rand=2, actions=&lt;Down&gt;&#10;Want     | Got ✓   &#10;-------------------&#10;........ | ........&#10;........ | ........&#10;........ | ........&#10;........ | ........&#10;........ | ........&#10;........ | ........&#10;......L. | ......L.&#10;....LLL. | ....LLL.&#10;........ | ........&#10;........ | ........&#10;........ | ........&#10;&#10;step=9, rand=2, actions=&lt;Down&gt;&#10;Want     | Got ✓   &#10;-------------------&#10;........ | ........&#10;........ | ........&#10;........ | ........&#10;........ | ........&#10;........ | ........&#10;........ | ........&#10;........ | ........&#10;......L. | ......L.&#10;....LLL. | ....LLL.&#10;........ | ........&#10;........ | ........&#10;&#10;step=10, rand=2, actions=&lt;Down&gt;&#10;Want     | Got ✓   &#10;-------------------&#10;........ | ........&#10;........ | ........&#10;........ | ........&#10;........ | ........&#10;........ | ........&#10;........ | ........&#10;........ | ........&#10;........ | ........&#10;......L. | ......L.&#10;....LLL. | ....LLL.&#10;........ | ........&#10;&#10;step=11, rand=2, actions=&lt;Down&gt;&#10;Want     | Got ✓   &#10;-------------------&#10;........ | ........&#10;........ | ........&#10;........ | ........&#10;........ | ........&#10;........ | ........&#10;........ | ........&#10;........ | ........&#10;........ | ........&#10;........ | ........&#10;......L. | ......L.&#10;....LLL. | ....LLL.&#10;&#10;step=12, rand=6, actions=&lt;Down&gt;&#10;Want     | Got ✓   &#10;-------------------&#10;..ZZ.... | ..ZZ....&#10;...ZZ... | ...ZZ...&#10;........ | ........&#10;........ | ........&#10;........ | ........&#10;........ | ........&#10;........ | ........&#10;........ | ........&#10;........ | ........&#10;......L. | ......L.&#10;....LLL. | ....LLL.&#10;&#10;step=13, rand=6, actions=&lt;RotateRight&gt;&#10;Want     | Got ✓   &#10;-------------------&#10;....Z... | ....Z...&#10;...ZZ... | ...ZZ...&#10;...Z.... | ...Z....&#10;........ | ........&#10;........ | ........&#10;........ | ........&#10;........ | ........&#10;........ | ........&#10;........ | ........&#10;......L. | ......L.&#10;....LLL. | ....LLL.&#10;&#10;step=14, rand=6, actions=&lt;Down&gt;&#10;Want     | Got ✓   &#10;-------------------&#10;........ | ........&#10;....Z... | ....Z...&#10;...ZZ... | ...ZZ...&#10;...Z.... | ...Z....&#10;........ | ........&#10;........ | ........&#10;........ | ........&#10;........ | ........&#10;........ | ........&#10;......L. | ......L.&#10;....LLL. | ....LLL.&#10;&#10;step=15, rand=6, actions=&lt;Down&gt;&#10;Want     | Got ✓   &#10;-------------------&#10;........ | ........&#10;........ | ........&#10;....Z... | ....Z...&#10;...ZZ... | ...ZZ...&#10;...Z.... | ...Z....&#10;........ | ........&#10;........ | ........&#10;........ | ........&#10;........ | ........&#10;......L. | ......L.&#10;....LLL. | ....LLL.&#10;&#10;step=16, rand=6, actions=&lt;Down&gt;&#10;Want     | Got ✓   &#10;-------------------&#10;........ | ........&#10;........ | ........&#10;........ | ........&#10;....Z... | ....Z...&#10;...ZZ... | ...ZZ...&#10;...Z.... | ...Z....&#10;........ | ........&#10;........ | ........&#10;........ | ........&#10;......L. | ......L.&#10;....LLL. | ....LLL.&#10;&#10;step=17, rand=6, actions=&lt;Down&gt;&#10;Want     | Got ✓   &#10;-------------------&#10;........ | ........&#10;........ | ........&#10;........ | ........&#10;........ | ........&#10;....Z... | ....Z...&#10;...ZZ... | ...ZZ...&#10;...Z.... | ...Z....&#10;........ | ........&#10;........ | ........&#10;......L. | ......L.&#10;....LLL. | ....LLL.&#10;&#10;step=18, rand=6, actions=&lt;Down&gt;&#10;Want     | Got ✓   &#10;-------------------&#10;........ | ........&#10;........ | ........&#10;........ | ........&#10;........ | ........&#10;........ | ........&#10;....Z... | ....Z...&#10;...ZZ... | ...ZZ...&#10;...Z.... | ...Z....&#10;........ | ........&#10;......L. | ......L.&#10;....LLL. | ....LLL.&#10;&#10;step=19, rand=6, actions=&lt;Down&gt;&#10;Want     | Got ✓   &#10;-------------------&#10;........ | ........&#10;........ | ........&#10;........ | ........&#10;........ | ........&#10;........ | ........&#10;........ | ........&#10;....Z... | ....Z...&#10;...ZZ... | ...ZZ...&#10;...Z.... | ...Z....&#10;......L. | ......L.&#10;....LLL. | ....LLL.&#10;&#10;step=20, rand=6, actions=&lt;Down&gt;&#10;Want     | Got ✓   &#10;-------------------&#10;........ | ........&#10;........ | ........&#10;........ | ........&#10;........ | ........&#10;........ | ........&#10;........ | ........&#10;........ | ........&#10;....Z... | ....Z...&#10;...ZZ... | ...ZZ...&#10;...Z..L. | ...Z..L.&#10;....LLL. | ....LLL.&#10;&#10;step=21, rand=6, actions=&lt;Down&gt;&#10;Want     | Got ✓   &#10;-------------------&#10;........ | ........&#10;........ | ........&#10;........ | ........&#10;........ | ........&#10;........ | ........&#10;........ | ........&#10;........ | ........&#10;........ | ........&#10;....Z... | ....Z...&#10;...ZZ.L. | ...ZZ.L.&#10;...ZLLL. | ...ZLLL.&#10;&#10;step=22, rand=4, actions=&lt;Down&gt;&#10;Want     | Got ✓   &#10;-------------------&#10;...SS... | ...SS...&#10;..SS.... | ..SS....&#10;........ | ........&#10;........ | ........&#10;........ | ........&#10;........ | ........&#10;........ | ........&#10;........ | ........&#10;....Z... | ....Z...&#10;...ZZ.L. | ...ZZ.L.&#10;...ZLLL. | ...ZLLL.&#10;&#10;step=23, rand=4, actions=&lt;Left&gt;&#10;Want     | Got ✓   &#10;-------------------&#10;..SS.... | ..SS....&#10;.SS..... | .SS.....&#10;........ | ........&#10;........ | ........&#10;........ | ........&#10;........ | ........&#10;........ | ........&#10;........ | ........&#10;....Z... | ....Z...&#10;...ZZ.L. | ...ZZ.L.&#10;...ZLLL. | ...ZLLL.&#10;&#10;step=24, rand=4, actions=&lt;RotateRight&gt;&#10;Want     | Got ✓   &#10;-------------------&#10;..S..... | ..S.....&#10;..SS.... | ..SS....&#10;...S.... | ...S....&#10;........ | ........&#10;........ | ........&#10;........ | ........&#10;........ | ........&#10;........ | ........&#10;....Z... | ....Z...&#10;...ZZ.L. | ...ZZ.L.&#10;...ZLLL. | ...ZLLL.&#10;&#10;step=25, rand=4, actions=&lt;Left&gt;&#10;Want     | Got ✓   &#10;-------------------&#10;.S...... | .S......&#10;.SS..... | .SS.....&#10;..S..... | ..S.....&#10;........ | ........&#10;........ | ........&#10;........ | ........&#10;........ | ........&#10;........ | ........&#10;....Z... | ....Z...&#10;...ZZ.L. | ...ZZ.L.&#10;...ZLLL. | ...ZLLL.&#10;&#10;step=26, rand=4, actions=&lt;Down&gt;&#10;Want     | Got ✓   &#10;-------------------&#10;........ | ........&#10;.S...... | .S......&#10;.SS..... | .SS.....&#10;..S..... | ..S.....&#10;........ | ........&#10;........ | ........&#10;........ | ........&#10;........ | ........&#10;....Z... | ....Z...&#10;...ZZ.L. | ...ZZ.L.&#10;...ZLLL. | ...ZLLL.&#10;&#10;step=27, rand=4, actions=&lt;Down&gt;&#10;Want     | Got ✓   &#10;-------------------&#10;........ | ........&#10;........ | ........&#10;.S...... | .S......&#10;.SS..... | .SS.....&#10;..S..... | ..S.....&#10;........ | ........&#10;........ | ........&#10;........ | ........&#10;....Z... | ....Z...&#10;...ZZ.L. | ...ZZ.L.&#10;...ZLLL. | ...ZLLL.&#10;&#10;step=28, rand=4, actions=&lt;Down&gt;&#10;Want     | Got ✓   &#10;-------------------&#10;........ | ........&#10;........ | ........&#10;........ | ........&#10;.S...... | .S......&#10;.SS..... | .SS.....&#10;..S..... | ..S.....&#10;........ | ........&#10;........ | ........&#10;....Z... | ....Z...&#10;...ZZ.L. | ...ZZ.L.&#10;...ZLLL. | ...ZLLL.&#10;&#10;step=29, rand=4, actions=&lt;Down&gt;&#10;Want     | Got ✓   &#10;-------------------&#10;........ | ........&#10;........ | ........&#10;........ | ........&#10;........ | ........&#10;.S...... | .S......&#10;.SS..... | .SS.....&#10;..S..... | ..S.....&#10;........ | ........&#10;....Z... | ....Z...&#10;...ZZ.L. | ...ZZ.L.&#10;...ZLLL. | ...ZLLL.&#10;&#10;step=30, rand=4, actions=&lt;Down&gt;&#10;Want     | Got ✓   &#10;-------------------&#10;........ | ........&#10;........ | ........&#10;........ | ........&#10;........ | ........&#10;........ | ........&#10;.S...... | .S......&#10;.SS..... | .SS.....&#10;..S..... | ..S.....&#10;....Z... | ....Z...&#10;...ZZ.L. | ...ZZ.L.&#10;...ZLLL. | ...ZLLL.&#10;&#10;step=31, rand=4, actions=&lt;Down&gt;&#10;Want     | Got ✓   &#10;-------------------&#10;........ | ........&#10;........ | ........&#10;........ | ........&#10;........ | ........&#10;........ | ........&#10;........ | ........&#10;.S...... | .S......&#10;.SS..... | .SS.....&#10;..S.Z... | ..S.Z...&#10;...ZZ.L. | ...ZZ.L.&#10;...ZLLL. | ...ZLLL.&#10;&#10;step=32, rand=4, actions=&lt;Down&gt;&#10;Want     | Got ✓   &#10;-------------------&#10;........ | ........&#10;........ | ........&#10;........ | ........&#10;........ | ........&#10;........ | ........&#10;........ | ........&#10;........ | ........&#10;.S...... | .S......&#10;.SS.Z... | .SS.Z...&#10;..SZZ.L. | ..SZZ.L.&#10;...ZLLL. | ...ZLLL.&#10;&#10;step=33, rand=4, actions=&lt;Down&gt;&#10;Want     | Got ✓   &#10;-------------------&#10;........ | ........&#10;........ | ........&#10;........ | ........&#10;........ | ........&#10;........ | ........&#10;........ | ........&#10;........ | ........&#10;........ | ........&#10;.S..Z... | .S..Z...&#10;.SSZZ.L. | .SSZZ.L.&#10;..SZLLL. | ..SZLLL.&#10;&#10;step=34, rand=0, actions=&lt;Down&gt;&#10;Want     | Got ✓   &#10;-------------------&#10;........ | ........&#10;..IIII.. | ..IIII..&#10;........ | ........&#10;........ | ........&#10;........ | ........&#10;........ | ........&#10;........ | ........&#10;........ | ........&#10;.S..Z... | .S..Z...&#10;.SSZZ.L. | .SSZZ.L.&#10;..SZLLL. | ..SZLLL.&#10;&#10;step=35, rand=0, actions=&lt;RotateRight&gt;&#10;Want     | Got ✓   &#10;-------------------&#10;....I... | ....I...&#10;....I... | ....I...&#10;....I... | ....I...&#10;....I... | ....I...&#10;........ | ........&#10;........ | ........&#10;........ | ........&#10;........ | ........&#10;.S..Z... | .S..Z...&#10;.SSZZ.L. | .SSZZ.L.&#10;..SZLLL. | ..SZLLL.&#10;&#10;step=36, rand=0, actions=&lt;Left&gt;&#10;Want     | Got ✓   &#10;-------------------&#10;...I.... | ...I....&#10;...I.... | ...I....&#10;...I.... | ...I....&#10;...I.... | ...I....&#10;........ | ........&#10;........ | ........&#10;........ | ........&#10;........ | ........&#10;.S..Z... | .S..Z...&#10;.SSZZ.L. | .SSZZ.L.&#10;..SZLLL. | ..SZLLL.&#10;&#10;step=37, rand=0, actions=&lt;Left&gt;&#10;Want     | Got ✓   &#10;-------------------&#10;..I..... | ..I.....&#10;..I..... | ..I.....&#10;..I..... | ..I.....&#10;..I..... | ..I.....&#10;........ | ........&#10;........ | ........&#10;........ | ........&#10;........ | ........&#10;.S..Z... | .S..Z...&#10;.SSZZ.L. | .SSZZ.L.&#10;..SZLLL. | ..SZLLL.&#10;&#10;step=38, rand=0, actions=&lt;Left&gt;&#10;Want     | Got ✓   &#10;-------------------&#10;.I...... | .I......&#10;.I...... | .I......&#10;.I...... | .I......&#10;.I...... | .I......&#10;........ | ........&#10;........ | ........&#10;........ | ........&#10;........ | ........&#10;.S..Z... | .S..Z...&#10;.SSZZ.L. | .SSZZ.L.&#10;..SZLLL. | ..SZLLL.&#10;&#10;step=39, rand=0, actions=&lt;Left&gt;&#10;Want     | Got ✓   &#10;-------------------&#10;I....... | I.......&#10;I....... | I.......&#10;I....... | I.......&#10;I....... | I.......&#10;........ | ........&#10;........ | ........&#10;........ | ........&#10;........ | ........&#10;.S..Z... | .S..Z...&#10;.SSZZ.L. | .SSZZ.L.&#10;..SZLLL. | ..SZLLL.&#10;&#10;step=40, rand=0, actions=&lt;Left&gt;&#10;Want     | Got ✓   &#10;-------------------&#10;I....... | I.......&#10;I....... | I.......&#10;I....... | I.......&#10;I....... | I.......&#10;........ | ........&#10;........ | ........&#10;........ | ........&#10;........ | ........&#10;.S..Z... | .S..Z...&#10;.SSZZ.L. | .SSZZ.L.&#10;..SZLLL. | ..SZLLL.&#10;&#10;step=41, rand=0, actions=&lt;Down&gt;&#10;Want     | Got ✓   &#10;-------------------&#10;........ | ........&#10;I....... | I.......&#10;I....... | I.......&#10;I....... | I.......&#10;I....... | I.......&#10;........ | ........&#10;........ | ........&#10;........ | ........&#10;.S..Z... | .S..Z...&#10;.SSZZ.L. | .SSZZ.L.&#10;..SZLLL. | ..SZLLL.&#10;&#10;step=42, rand=0, actions=&lt;Down&gt;&#10;Want     | Got ✓   &#10;-------------------&#10;........ | ........&#10;........ | ........&#10;I....... | I.......&#10;I....... | I.......&#10;I....... | I.......&#10;I....... | I.......&#10;........ | ........&#10;........ | ........&#10;.S..Z... | .S..Z...&#10;.SSZZ.L. | .SSZZ.L.&#10;..SZLLL. | ..SZLLL.&#10;&#10;step=43, rand=0, actions=&lt;Down&gt;&#10;Want     | Got ✓   &#10;-------------------&#10;........ | ........&#10;........ | ........&#10;........ | ........&#10;I....... | I.......&#10;I....... | I.......&#10;I....... | I.......&#10;I....... | I.......&#10;........ | ........&#10;.S..Z... | .S..Z...&#10;.SSZZ.L. | .SSZZ.L.&#10;..SZLLL. | ..SZLLL.&#10;&#10;step=44, rand=0, actions=&lt;Down&gt;&#10;Want     | Got ✓   &#10;-------------------&#10;........ | ........&#10;........ | ........&#10;........ | ........&#10;........ | ........&#10;I....... | I.......&#10;I....... | I.......&#10;I....... | I.......&#10;I....... | I.......&#10;.S..Z... | .S..Z...&#10;.SSZZ.L. | .SSZZ.L.&#10;..SZLLL. | ..SZLLL.&#10;&#10;step=45, rand=0, actions=&lt;Down&gt;&#10;Want     | Got ✓   &#10;-------------------&#10;........ | ........&#10;........ | ........&#10;........ | ........&#10;........ | ........&#10;........ | ........&#10;I....... | I.......&#10;I....... | I.......&#10;I....... | I.......&#10;IS..Z... | IS..Z...&#10;.SSZZ.L. | .SSZZ.L.&#10;..SZLLL. | ..SZLLL.&#10;&#10;step=46, rand=0, actions=&lt;Down&gt;&#10;Want     | Got ✓   &#10;-------------------&#10;........ | ........&#10;........ | ........&#10;........ | ........&#10;........ | ........&#10;........ | ........&#10;........ | ........&#10;I....... | I.......&#10;I....... | I.......&#10;IS..Z... | IS..Z...&#10;ISSZZ.L. | ISSZZ.L.&#10;..SZLLL. | ..SZLLL.&#10;&#10;step=47, rand=0, actions=&lt;Down&gt;&#10;Want     | Got ✓   &#10;-------------------&#10;........ | ........&#10;........ | ........&#10;........ | ........&#10;........ | ........&#10;........ | ........&#10;........ | ........&#10;........ | ........&#10;I....... | I.......&#10;IS..Z... | IS..Z...&#10;ISSZZ.L. | ISSZZ.L.&#10;I.SZLLL. | I.SZLLL.&#10;&#10;step=48, rand=3, actions=&lt;Down&gt;&#10;Want     | Got ✓   &#10;-------------------&#10;...OO... | ...OO...&#10;...OO... | ...OO...&#10;........ | ........&#10;........ | ........&#10;........ | ........&#10;........ | ........&#10;........ | ........&#10;I....... | I.......&#10;IS..Z... | IS..Z...&#10;ISSZZ.L. | ISSZZ.L.&#10;I.SZLLL. | I.SZLLL.&#10;&#10;step=49, rand=3, actions=&lt;Left&gt;&#10;Want     | Got ✓   &#10;-------------------&#10;..OO.... | ..OO....&#10;..OO.... | ..OO....&#10;........ | ........&#10;........ | ........&#10;........ | ........&#10;........ | ........&#10;........ | ........&#10;I....... | I.......&#10;IS..Z... | IS..Z...&#10;ISSZZ.L. | ISSZZ.L.&#10;I.SZLLL. | I.SZLLL.&#10;&#10;step=50, rand=3, actions=&lt;Down&gt;&#10;Want     | Got ✓   &#10;-------------------&#10;........ | ........&#10;..OO.... | ..OO....&#10;..OO.... | ..OO....&#10;........ | ........&#10;........ | ........&#10;........ | ........&#10;........ | ........&#10;I....... | I.......&#10;IS..Z... | IS..Z...&#10;ISSZZ.L. | ISSZZ.L.&#10;I.SZLLL. | I.SZLLL.&#10;&#10;step=51, rand=3, actions=&lt;Left&gt;&#10;Want     | Got ✓   &#10;-------------------&#10;........ | ........&#10;.OO..... | .OO.....&#10;.OO..... | .OO.....&#10;........ | ........&#10;........ | ........&#10;........ | ........&#10;........ | ........&#10;I....... | I.......&#10;IS..Z... | IS..Z...&#10;ISSZZ.L. | ISSZZ.L.&#10;I.SZLLL. | I.SZLLL.&#10;&#10;step=52, rand=3, actions=&lt;Down&gt;&#10;Want     | Got ✓   &#10;-------------------&#10;........ | ........&#10;........ | ........&#10;.OO..... | .OO.....&#10;.OO..... | .OO.....&#10;........ | ........&#10;........ | ........&#10;........ | ........&#10;I....... | I.......&#10;IS..Z... | IS..Z...&#10;ISSZZ.L. | ISSZZ.L.&#10;I.SZLLL. | I.SZLLL.&#10;&#10;step=53, rand=3, actions=&lt;Down&gt;&#10;Want     | Got ✓   &#10;-------------------&#10;........ | ........&#10;........ | ........&#10;........ | ........&#10;.OO..... | .OO.....&#10;.OO..... | .OO.....&#10;........ | ........&#10;........ | ........&#10;I....... | I.......&#10;IS..Z... | IS..Z...&#10;ISSZZ.L. | ISSZZ.L.&#10;I.SZLLL. | I.SZLLL.&#10;&#10;step=54, rand=3, actions=&lt;Down&gt;&#10;Want     | Got ✓   &#10;-------------------&#10;........ | ........&#10;........ | ........&#10;........ | ........&#10;........ | ........&#10;.OO..... | .OO.....&#10;.OO..... | .OO.....&#10;........ | ........&#10;I....... | I.......&#10;IS..Z... | IS..Z...&#10;ISSZZ.L. | ISSZZ.L.&#10;I.SZLLL. | I.SZLLL.&#10;&#10;step=55, rand=3, actions=&lt;Down&gt;&#10;Want     | Got ✓   &#10;-------------------&#10;........ | ........&#10;........ | ........&#10;........ | ........&#10;........ | ........&#10;........ | ........&#10;.OO..... | .OO.....&#10;.OO..... | .OO.....&#10;I....... | I.......&#10;IS..Z... | IS..Z...&#10;ISSZZ.L. | ISSZZ.L.&#10;I.SZLLL. | I.SZLLL.&#10;&#10;step=56, rand=3, actions=&lt;Right&gt;&#10;Want     | Got ✓   &#10;-------------------&#10;........ | ........&#10;........ | ........&#10;........ | ........&#10;........ | ........&#10;........ | ........&#10;..OO.... | ..OO....&#10;..OO.... | ..OO....&#10;I....... | I.......&#10;IS..Z... | IS..Z...&#10;ISSZZ.L. | ISSZZ.L.&#10;I.SZLLL. | I.SZLLL.&#10;&#10;step=57, rand=3, actions=&lt;Down&gt;&#10;Want     | Got ✓   &#10;-------------------&#10;........ | ........&#10;........ | ........&#10;........ | ........&#10;........ | ........&#10;........ | ........&#10;........ | ........&#10;..OO.... | ..OO....&#10;I.OO.... | I.OO....&#10;IS..Z... | IS..Z...&#10;ISSZZ.L. | ISSZZ.L.&#10;I.SZLLL. | I.SZLLL.&#10;&#10;step=58, rand=3, actions=&lt;Down&gt;&#10;Want     | Got ✓   &#10;-------------------&#10;........ | ........&#10;........ | ........&#10;........ | ........&#10;........ | ........&#10;........ | ........&#10;........ | ........&#10;........ | ........&#10;I.OO.... | I.OO....&#10;ISOOZ... | ISOOZ...&#10;ISSZZ.L. | ISSZZ.L.&#10;I.SZLLL. | I.SZLLL.&#10;&#10;step=59, rand=3, actions=&lt;Down&gt;&#10;Want     | Got ✓   &#10;-------------------&#10;...OO... | ...OO...&#10;...OO... | ...OO...&#10;........ | ........&#10;........ | ........&#10;........ | ........&#10;........ | ........&#10;........ | ........&#10;I.OO.... | I.OO....&#10;ISOOZ... | ISOOZ...&#10;ISSZZ.L. | ISSZZ.L.&#10;I.SZLLL. | I.SZLLL.&#10;&#10;step=60, rand=3, actions=&lt;Left&gt;&#10;Want     | Got ✓   &#10;-------------------&#10;..OO.... | ..OO....&#10;..OO.... | ..OO....&#10;........ | ........&#10;........ | ........&#10;........ | ........&#10;........ | ........&#10;........ | ........&#10;I.OO.... | I.OO....&#10;ISOOZ... | ISOOZ...&#10;ISSZZ.L. | ISSZZ.L.&#10;I.SZLLL. | I.SZLLL.&#10;&#10;step=61, rand=3, actions=&lt;Down&gt;&#10;Want     | Got ✓   &#10;-------------------&#10;........ | ........&#10;..OO.... | ..OO....&#10;..OO.... | ..OO....&#10;........ | ........&#10;........ | ........&#10;........ | ........&#10;........ | ........&#10;I.OO.... | I.OO....&#10;ISOOZ... | ISOOZ...&#10;ISSZZ.L. | ISSZZ.L.&#10;I.SZLLL. | I.SZLLL.&#10;&#10;step=62, rand=3, actions=&lt;Down&gt;&#10;Want     | Got ✓   &#10;-------------------&#10;........ | ........&#10;........ | ........&#10;..OO.... | ..OO....&#10;..OO.... | ..OO....&#10;........ | ........&#10;........ | ........&#10;........ | ........&#10;I.OO.... | I.OO....&#10;ISOOZ... | ISOOZ...&#10;ISSZZ.L. | ISSZZ.L.&#10;I.SZLLL. | I.SZLLL.&#10;&#10;step=63, rand=3, actions=&lt;Down&gt;&#10;Want     | Got ✓   &#10;-------------------&#10;........ | ........&#10;........ | ........&#10;........ | ........&#10;..OO.... | ..OO....&#10;..OO.... | ..OO....&#10;........ | ........&#10;........ | ........&#10;I.OO.... | I.OO....&#10;ISOOZ... | ISOOZ...&#10;ISSZZ.L. | ISSZZ.L.&#10;I.SZLLL. | I.SZLLL.&#10;&#10;step=64, rand=3, actions=&lt;Down&gt;&#10;Want     | Got ✓   &#10;-------------------&#10;........ | ........&#10;........ | ........&#10;........ | ........&#10;........ | ........&#10;..OO.... | ..OO....&#10;..OO.... | ..OO....&#10;........ | ........&#10;I.OO.... | I.OO....&#10;ISOOZ... | ISOOZ...&#10;ISSZZ.L. | ISSZZ.L.&#10;I.SZLLL. | I.SZLLL.&#10;&#10;step=65, rand=3, actions=&lt;Down&gt;&#10;Want     | Got ✓   &#10;-------------------&#10;........ | ........&#10;........ | ........&#10;........ | ........&#10;........ | ........&#10;........ | ........&#10;..OO.... | ..OO....&#10;..OO.... | ..OO....&#10;I.OO.... | I.OO....&#10;ISOOZ... | ISOOZ...&#10;ISSZZ.L. | ISSZZ.L.&#10;I.SZLLL. | I.SZLLL.&#10;&#10;step=66, rand=2, actions=&lt;Down&gt;&#10;Want     | Got ✓   &#10;-------------------&#10;....L... | ....L...&#10;..LLL... | ..LLL...&#10;........ | ........&#10;........ | ........&#10;........ | ........&#10;..OO.... | ..OO....&#10;..OO.... | ..OO....&#10;I.OO.... | I.OO....&#10;ISOOZ... | ISOOZ...&#10;ISSZZ.L. | ISSZZ.L.&#10;I.SZLLL. | I.SZLLL.&#10;&#10;step=67, rand=2, actions=&lt;RotateRight&gt;&#10;Want     | Got ✓   &#10;-------------------&#10;...L.... | ...L....&#10;...L.... | ...L....&#10;...LL... | ...LL...&#10;........ | ........&#10;........ | ........&#10;..OO.... | ..OO....&#10;..OO.... | ..OO....&#10;I.OO.... | I.OO....&#10;ISOOZ... | ISOOZ...&#10;ISSZZ.L. | ISSZZ.L.&#10;I.SZLLL. | I.SZLLL.&#10;&#10;step=68, rand=2, actions=&lt;Right&gt;&#10;Want     | Got ✓   &#10;-------------------&#10;....L... | ....L...&#10;....L... | ....L...&#10;....LL.. | ....LL..&#10;........ | ........&#10;........ | ........&#10;..OO.... | ..OO....&#10;..OO.... | ..OO....&#10;I.OO.... | I.OO....&#10;ISOOZ... | ISOOZ...&#10;ISSZZ.L. | ISSZZ.L.&#10;I.SZLLL. | I.SZLLL.&#10;&#10;step=69, rand=2, actions=&lt;Right&gt;&#10;Want     | Got ✓   &#10;-------------------&#10;.....L.. | .....L..&#10;.....L.. | .....L..&#10;.....LL. | .....LL.&#10;........ | ........&#10;........ | ........&#10;..OO.... | ..OO....&#10;..OO.... | ..OO....&#10;I.OO.... | I.OO....&#10;ISOOZ... | ISOOZ...&#10;ISSZZ.L. | ISSZZ.L.&#10;I.SZLLL. | I.SZLLL.&#10;&#10;step=70, rand=2, actions=&lt;RotateRight&gt;&#10;Want     | Got ✓   &#10;-------------------&#10;........ | ........&#10;....LLL. | ....LLL.&#10;....L... | ....L...&#10;........ | ........&#10;........ | ........&#10;..OO.... | ..OO....&#10;..OO.... | ..OO....&#10;I.OO.... | I.OO....&#10;ISOOZ... | ISOOZ...&#10;ISSZZ.L. | ISSZZ.L.&#10;I.SZLLL. | I.SZLLL.&#10;&#10;step=71, rand=2, actions=&lt;RotateRight&gt;&#10;Want     | Got ✓   &#10;-------------------&#10;....LL.. | ....LL..&#10;.....L.. | .....L..&#10;.....L.. | .....L..&#10;........ | ........&#10;........ | ........&#10;..OO.... | ..OO....&#10;..OO.... | ..OO....&#10;I.OO.... | I.OO....&#10;ISOOZ... | ISOOZ...&#10;ISSZZ.L. | ISSZZ.L.&#10;I.SZLLL. | I.SZLLL.&#10;&#10;step=72, rand=2, actions=&lt;Right&gt;&#10;Want     | Got ✓   &#10;-------------------&#10;.....LL. | .....LL.&#10;......L. | ......L.&#10;......L. | ......L.&#10;........ | ........&#10;........ | ........&#10;..OO.... | ..OO....&#10;..OO.... | ..OO....&#10;I.OO.... | I.OO....&#10;ISOOZ... | ISOOZ...&#10;ISSZZ.L. | ISSZZ.L.&#10;I.SZLLL. | I.SZLLL.&#10;&#10;step=73, rand=2, actions=&lt;Right&gt;&#10;Want     | Got ✓   &#10;-------------------&#10;......LL | ......LL&#10;.......L | .......L&#10;.......L | .......L&#10;........ | ........&#10;........ | ........&#10;..OO.... | ..OO....&#10;..OO.... | ..OO....&#10;I.OO.... | I.OO....&#10;ISOOZ... | ISOOZ...&#10;ISSZZ.L. | ISSZZ.L.&#10;I.SZLLL. | I.SZLLL.&#10;&#10;step=74, rand=2, actions=&lt;Down&gt;&#10;Want     | Got ✓   &#10;-------------------&#10;........ | ........&#10;......LL | ......LL&#10;.......L | .......L&#10;.......L | .......L&#10;........ | ........&#10;..OO.... | ..OO....&#10;..OO.... | ..OO....&#10;I.OO.... | I.OO....&#10;ISOOZ... | ISOOZ...&#10;ISSZZ.L. | ISSZZ.L.&#10;I.SZLLL. | I.SZLLL.&#10;&#10;step=75, rand=2, actions=&lt;Down&gt;&#10;Want     | Got ✓   &#10;-------------------&#10;........ | ........&#10;........ | ........&#10;......LL | ......LL&#10;.......L | .......L&#10;.......L | .......L&#10;..OO.... | ..OO....&#10;..OO.... | ..OO....&#10;I.OO.... | I.OO....&#10;ISOOZ... | ISOOZ...&#10;ISSZZ.L. | ISSZZ.L.&#10;I.SZLLL. | I.SZLLL.&#10;&#10;step=76, rand=2, actions=&lt;Down&gt;&#10;Want     | Got ✓   &#10;-------------------&#10;........ | ........&#10;........ | ........&#10;........ | ........&#10;......LL | ......LL&#10;.......L | .......L&#10;..OO...L | ..OO...L&#10;..OO.... | ..OO....&#10;I.OO.... | I.OO....&#10;ISOOZ... | ISOOZ...&#10;ISSZZ.L. | ISSZZ.L.&#10;I.SZLLL. | I.SZLLL.&#10;&#10;step=77, rand=2, actions=&lt;Down&gt;&#10;Want     | Got ✓   &#10;-------------------&#10;........ | ........&#10;........ | ........&#10;........ | ........&#10;........ | ........&#10;......LL | ......LL&#10;..OO...L | ..OO...L&#10;..OO...L | ..OO...L&#10;I.OO.... | I.OO....&#10;ISOOZ... | ISOOZ...&#10;ISSZZ.L. | ISSZZ.L.&#10;I.SZLLL. | I.SZLLL.&#10;&#10;step=78, rand=2, actions=&lt;Down&gt;&#10;Want     | Got ✓   &#10;-------------------&#10;........ | ........&#10;........ | ........&#10;........ | ........&#10;........ | ........&#10;........ | ........&#10;..OO..LL | ..OO..LL&#10;..OO...L | ..OO...L&#10;I.OO...L | I.OO...L&#10;ISOOZ... | ISOOZ...&#10;ISSZZ.L. | ISSZZ.L.&#10;I.SZLLL. | I.SZLLL.&#10;&#10;step=79, rand=2, actions=&lt;Down&gt;&#10;Want     | Got ✓   &#10;-------------------&#10;........ | ........&#10;........ | ........&#10;........ | ........&#10;........ | ........&#10;........ | ........&#10;..OO.... | ..OO....&#10;..OO..LL | ..OO..LL&#10;I.OO...L | I.OO...L&#10;ISOOZ..L | ISOOZ..L&#10;ISSZZ.L. | ISSZZ.L.&#10;I.SZLLL. | I.SZLLL.&#10;&#10;step=80, rand=2, actions=&lt;Down&gt;&#10;Want     | Got ✓   &#10;-------------------&#10;........ | ........&#10;........ | ........&#10;........ | ........&#10;........ | ........&#10;........ | ........&#10;..OO.... | ..OO....&#10;..OO.... | ..OO....&#10;I.OO..LL | I.OO..LL&#10;ISOOZ..L | ISOOZ..L&#10;ISSZZ.LL | ISSZZ.LL&#10;I.SZLLL. | I.SZLLL.&#10;&#10;step=81, rand=2, actions=&lt;Down&gt;&#10;Want     | Got ✓   &#10;-------------------&#10;........ | ........&#10;........ | ........&#10;........ | ........&#10;........ | ........&#10;........ | ........&#10;..OO.... | ..OO....&#10;..OO.... | ..OO....&#10;I.OO.... | I.OO....&#10;ISOOZ.LL | ISOOZ.LL&#10;ISSZZ.LL | ISSZZ.LL&#10;I.SZLLLL | I.SZLLLL&#10;&#10;step=82, rand=5, actions=&lt;Down&gt;&#10;Want     | Got ✓   &#10;-------------------&#10;...T.... | ...T....&#10;..TTT... | ..TTT...&#10;........ | ........&#10;........ | ........&#10;........ | ........&#10;..OO.... | ..OO....&#10;..OO.... | ..OO....&#10;I.OO.... | I.OO....&#10;ISOOZ.LL | ISOOZ.LL&#10;ISSZZ.LL | ISSZZ.LL&#10;I.SZLLLL | I.SZLLLL&#10;&#10;step=83, rand=5, actions=&lt;Right&gt;&#10;Want     | Got ✓   &#10;-------------------&#10;....T... | ....T...&#10;...TTT.. | ...TTT..&#10;........ | ........&#10;........ | ........&#10;........ | ........&#10;..OO.... | ..OO....&#10;..OO.... | ..OO....&#10;I.OO.... | I.OO....&#10;ISOOZ.LL | ISOOZ.LL&#10;ISSZZ.LL | ISSZZ.LL&#10;I.SZLLLL | I.SZLLLL&#10;&#10;step=84, rand=5, actions=&lt;Right&gt;&#10;Want     | Got ✓   &#10;-------------------&#10;.....T.. | .....T..&#10;....TTT. | ....TTT.&#10;........ | ........&#10;........ | ........&#10;........ | ........&#10;..OO.... | ..OO....&#10;..OO.... | ..OO....&#10;I.OO.... | I.OO....&#10;ISOOZ.LL | ISOOZ.LL&#10;ISSZZ.LL | ISSZZ.LL&#10;I.SZLLLL | I.SZLLLL&#10;&#10;step=85, rand=5, actions=&lt;RotateRight&gt;&#10;Want     | Got ✓   &#10;-------------------&#10;.....T.. | .....T..&#10;.....TT. | .....TT.&#10;.....T.. | .....T..&#10;........ | ........&#10;........ | ........&#10;..OO.... | ..OO....&#10;..OO.... | ..OO....&#10;I.OO.... | I.OO....&#10;ISOOZ.LL | ISOOZ.LL&#10;ISSZZ.LL | ISSZZ.LL&#10;I.SZLLLL | I.SZLLLL&#10;&#10;step=86, rand=5, actions=&lt;RotateRight&gt;&#10;Want     | Got ✓   &#10;-------------------&#10;........ | ........&#10;....TTT. | ....TTT.&#10;.....T.. | .....T..&#10;........ | ........&#10;........ | ........&#10;..OO.... | ..OO....&#10;..OO.... | ..OO....&#10;I.OO.... | I.OO....&#10;ISOOZ.LL | ISOOZ.LL&#10;ISSZZ.LL | ISSZZ.LL&#10;I.SZLLLL | I.SZLLLL&#10;&#10;step=87, rand=5, actions=&lt;Down&gt;&#10;Want     | Got ✓   &#10;-------------------&#10;........ | ........&#10;........ | ........&#10;....TTT. | ....TTT.&#10;.....T.. | .....T..&#10;........ | ........&#10;..OO.... | ..OO....&#10;..OO.... | ..OO....&#10;I.OO.... | I.OO....&#10;ISOOZ.LL | ISOOZ.LL&#10;ISSZZ.LL | ISSZZ.LL&#10;I.SZLLLL | I.SZLLLL&#10;&#10;step=88, rand=5, actions=&lt;Down&gt;&#10;Want     | Got ✓   &#10;-------------------&#10;........ | ........&#10;........ | ........&#10;........ | ........&#10;....TTT. | ....TTT.&#10;.....T.. | .....T..&#10;..OO.... | ..OO....&#10;..OO.... | ..OO....&#10;I.OO.... | I.OO....&#10;ISOOZ.LL | ISOOZ.LL&#10;ISSZZ.LL | ISSZZ.LL&#10;I.SZLLLL | I.SZLLLL&#10;&#10;step=89, rand=5, actions=&lt;Down&gt;&#10;Want     | Got ✓   &#10;-------------------&#10;........ | ........&#10;........ | ........&#10;........ | ........&#10;........ | ........&#10;....TTT. | ....TTT.&#10;..OO.T.. | ..OO.T..&#10;..OO.... | ..OO....&#10;I.OO.... | I.OO....&#10;ISOOZ.LL | ISOOZ.LL&#10;ISSZZ.LL | ISSZZ.LL&#10;I.SZLLLL | I.SZLLLL&#10;&#10;step=90, rand=5, actions=&lt;Down&gt;&#10;Want     | Got ✓   &#10;-------------------&#10;........ | ........&#10;........ | ........&#10;........ | ........&#10;........ | ........&#10;........ | ........&#10;..OOTTT. | ..OOTTT.&#10;..OO.T.. | ..OO.T..&#10;I.OO.... | I.OO....&#10;ISOOZ.LL | ISOOZ.LL&#10;ISSZZ.LL | ISSZZ.LL&#10;I.SZLLLL | I.SZLLLL&#10;&#10;step=91, rand=5, actions=&lt;Down&gt;&#10;Want     | Got ✓   &#10;-------------------&#10;........ | ........&#10;........ | ........&#10;........ | ........&#10;........ | ........&#10;........ | ........&#10;..OO.... | ..OO....&#10;..OOTTT. | ..OOTTT.&#10;I.OO.T.. | I.OO.T..&#10;ISOOZ.LL | ISOOZ.LL&#10;ISSZZ.LL | ISSZZ.LL&#10;I.SZLLLL | I.SZLLLL&#10;&#10;step=92, rand=5, actions=&lt;Down&gt;&#10;Want     | Got ✓   &#10;-------------------&#10;........ | ........&#10;........ | ........&#10;........ | ........&#10;........ | ........&#10;........ | ........&#10;..OO.... | ..OO....&#10;..OO.... | ..OO....&#10;I.OOTTT. | I.OOTTT.&#10;ISOOZTLL | ISOOZTLL&#10;ISSZZ.LL | ISSZZ.LL&#10;I.SZLLLL | I.SZLLLL&#10;&#10;step=93, rand=4, actions=&lt;Down&gt;&#10;Want     | Got ✗   &#10;-------------------&#10;...SS... | ...SS...&#10;..SS.... | ..SS....&#10;........ | ........&#10;........ | ........&#10;........ | ........&#10;........ | ..OO....&#10;..OO.... | ..OO....&#10;..OO.... | I.OOTTT.&#10;I.OOTTT. | ISOOZTLL&#10;ISSZZ.LL | ISSZZ.LL&#10;I.SZLLLL | I.SZLLLL&#10;&#10;step=94, rand=4, actions=&lt;Right&gt;&#10;Want     | Got ✗   &#10;-------------------&#10;....SS.. | ....SS..&#10;...SS... | ...SS...&#10;........ | ........&#10;........ | ........&#10;........ | ........&#10;........ | ..OO....&#10;..OO.... | ..OO....&#10;..OO.... | I.OOTTT.&#10;I.OOTTT. | ISOOZTLL&#10;ISSZZ.LL | ISSZZ.LL&#10;I.SZLLLL | I.SZLLLL&#10;&#10;step=95, rand=4, actions=&lt;RotateRight&gt;&#10;Want     | Got ✗   &#10;-------------------&#10;....S... | ....S...&#10;....SS.. | ....SS..&#10;.....S.. | .....S..&#10;........ | ........&#10;........ | ........&#10;........ | ..OO....&#10;..OO.... | ..OO....&#10;..OO.... | I.OOTTT.&#10;I.OOTTT. | ISOOZTLL&#10;ISSZZ.LL | ISSZZ.LL&#10;I.SZLLLL | I.SZLLLL&#10;&#10;step=96, rand=4, actions=&lt;Right&gt;&#10;Want     | Got ✗   &#10;-------------------&#10;.....S.. | .....S..&#10;.....SS. | .....SS.&#10;......S. | ......S.&#10;........ | ........&#10;........ | ........&#10;........ | ..OO....&#10;..OO.... | ..OO....&#10;..OO.... | I.OOTTT.&#10;I.OOTTT. | ISOOZTLL&#10;ISSZZ.LL | ISSZZ.LL&#10;I.SZLLLL | I.SZLLLL&#10;&#10;step=97, rand=4, actions=&lt;Right&gt;&#10;Want     | Got ✗   &#10;-------------------&#10;......S. | ......S.&#10;......SS | ......SS&#10;.......S | .......S&#10;........ | ........&#10;........ | ........&#10;........ | ..OO....&#10;..OO.... | ..OO....&#10;..OO.... | I.OOTTT.&#10;I.OOTTT. | ISOOZTLL&#10;ISSZZ.LL | ISSZZ.LL&#10;I.SZLLLL | I.SZLLLL&#10;&#10;step=98, rand=4, actions=&lt;Down&gt;&#10;Want     | Got ✗   &#10;-------------------&#10;........ | ........&#10;......S. | ......S.&#10;......SS | ......SS&#10;.......S | .......S&#10;........ | ........&#10;........ | ..OO....&#10;..OO.... | ..OO....&#10;..OO.... | I.OOTTT.&#10;I.OOTTT. | ISOOZTLL&#10;ISSZZ.LL | ISSZZ.LL&#10;I.SZLLLL | I.SZLLLL&#10;&#10;step=99, rand=4, actions=&lt;Down&gt;&#10;Want     | Got ✗   &#10;-------------------&#10;........ | ........&#10;........ | ........&#10;......S. | ......S.&#10;......SS | ......SS&#10;.......S | .......S&#10;........ | ..OO....&#10;..OO.... | ..OO....&#10;..OO.... | I.OOTTT.&#10;I.OOTTT. | ISOOZTLL&#10;ISSZZ.LL | ISSZZ.LL&#10;I.SZLLLL | I.SZLLLL&#10;&#10;step=100, rand=4, actions=&lt;Down&gt;&#10;Want     | Got ✗   &#10;-------------------&#10;........ | ........&#10;........ | ........&#10;........ | ........&#10;......S. | ......S.&#10;......SS | ......SS&#10;.......S | ..OO...S&#10;..OO.... | ..OO....&#10;..OO.... | I.OOTTT.&#10;I.OOTTT. | ISOOZTLL&#10;ISSZZ.LL | ISSZZ.LL&#10;I.SZLLLL | I.SZLLLL&#10;&#10;step=101, rand=4, actions=&lt;Down&gt;&#10;Want     | Got ✗   &#10;-------------------&#10;........ | ........&#10;........ | ........&#10;........ | ........&#10;........ | ........&#10;......S. | ......S.&#10;......SS | ..OO..SS&#10;..OO...S | ..OO...S&#10;..OO.... | I.OOTTT.&#10;I.OOTTT. | ISOOZTLL&#10;ISSZZ.LL | ISSZZ.LL&#10;I.SZLLLL | I.SZLLLL&#10;&#10;step=102, rand=4, actions=&lt;Down&gt;&#10;Want     | Got ✗   &#10;-------------------&#10;........ | ........&#10;........ | ........&#10;........ | ........&#10;........ | ........&#10;........ | ........&#10;......S. | ..OO..S.&#10;..OO..SS | ..OO..SS&#10;..OO...S | I.OOTTTS&#10;I.OOTTT. | ISOOZTLL&#10;ISSZZ.LL | ISSZZ.LL&#10;I.SZLLLL | I.SZLLLL&#10;&#10;step=103, rand=4, actions=&lt;Down&gt;&#10;Want     | Got ✗   &#10;-------------------&#10;........ | ...SS...&#10;........ | ..SS....&#10;........ | ........&#10;........ | ........&#10;........ | ........&#10;........ | ..OO..S.&#10;..OO..S. | ..OO..SS&#10;..OO..SS | I.OOTTTS&#10;I.OOTTTS | ISOOZTLL&#10;ISSZZ.LL | ISSZZ.LL&#10;I.SZLLLL | I.SZLLLL&#10;&#10;step=104, rand=5, actions=&lt;Down&gt;&#10;Want     | Got ✗   &#10;-------------------&#10;...T.... | ........&#10;..TTT... | ...SS...&#10;........ | ..SS....&#10;........ | ........&#10;........ | ........&#10;........ | ..OO..S.&#10;..OO..S. | ..OO..SS&#10;..OO..SS | I.OOTTTS&#10;I.OOTTTS | ISOOZTLL&#10;ISSZZ.LL | ISSZZ.LL&#10;I.SZLLLL | I.SZLLLL&#10;&#10;step=105, rand=5, actions=&lt;Left&gt;&#10;Want     | Got ✗   &#10;-------------------&#10;..T..... | ........&#10;.TTT.... | ..SS....&#10;........ | .SS.....&#10;........ | ........&#10;........ | ........&#10;........ | ..OO..S.&#10;..OO..S. | ..OO..SS&#10;..OO..SS | I.OOTTTS&#10;I.OOTTTS | ISOOZTLL&#10;ISSZZ.LL | ISSZZ.LL&#10;I.SZLLLL | I.SZLLLL&#10;&#10;step=106, rand=5, actions=&lt;RotateRight&gt;&#10;Want     | Got ✗   &#10;-------------------&#10;..T..... | ........&#10;..TT.... | ..S.....&#10;..T..... | ..SS....&#10;........ | ...S....&#10;........ | ........&#10;........ | ..OO..S.&#10;..OO..S. | ..OO..SS&#10;..OO..SS | I.OOTTTS&#10;I.OOTTTS | ISOOZTLL&#10;ISSZZ.LL | ISSZZ.LL&#10;I.SZLLLL | I.SZLLLL&#10;&#10;step=107, rand=5, actions=&lt;Left&gt;&#10;Want     | Got ✗   &#10;-------------------&#10;.T...... | ........&#10;.TT..... | .S......&#10;.T...... | .SS.....&#10;........ | ..S.....&#10;........ | ........&#10;........ | ..OO..S.&#10;..OO..S. | ..OO..SS&#10;..OO..SS | I.OOTTTS&#10;I.OOTTTS | ISOOZTLL&#10;ISSZZ.LL | ISSZZ.LL&#10;I.SZLLLL | I.SZLLLL&#10;&#10;step=108, rand=5, actions=&lt;RotateRight&gt;&#10;Want     | Got ✗   &#10;-------------------&#10;........ | ........&#10;TTT..... | ........&#10;.T...... | .SS.....&#10;........ | SS......&#10;........ | ........&#10;........ | ..OO..S.&#10;..OO..S. | ..OO..SS&#10;..OO..SS | I.OOTTTS&#10;I.OOTTTS | ISOOZTLL&#10;ISSZZ.LL | ISSZZ.LL&#10;I.SZLLLL | I.SZLLLL&#10;&#10;step=109, rand=5, actions=&lt;RotateRight&gt;&#10;Want     | Got ✗   &#10;-------------------&#10;.T...... | ........&#10;TT...... | S.......&#10;.T...... | SS......&#10;........ | .S......&#10;........ | ........&#10;........ | ..OO..S.&#10;..OO..S. | ..OO..SS&#10;..OO..SS | I.OOTTTS&#10;I.OOTTTS | ISOOZTLL&#10;ISSZZ.LL | ISSZZ.LL&#10;I.SZLLLL | I.SZLLLL&#10;&#10;step=110, rand=5, actions=&lt;Down&gt;&#10;Want     | Got ✗   &#10;-------------------&#10;........ | ........&#10;.T...... | ........&#10;TT...... | S.......&#10;.T...... | SS......&#10;........ | .S......&#10;........ | ..OO..S.&#10;..OO..S. | ..OO..SS&#10;..OO..SS | I.OOTTTS&#10;I.OOTTTS | ISOOZTLL&#10;ISSZZ.LL | ISSZZ.LL&#10;I.SZLLLL | I.SZLLLL&#10;&#10;step=111, rand=5, actions=&lt;Down&gt;&#10;Want     | Got ✗   &#10;-------------------&#10;........ | ........&#10;........ | ........&#10;.T...... | ........&#10;TT...... | S.......&#10;.T...... | SS......&#10;........ | .SOO..S.&#10;..OO..S. | ..OO..SS&#10;..OO..SS | I.OOTTTS&#10;I.OOTTTS | ISOOZTLL&#10;ISSZZ.LL | ISSZZ.LL&#10;I.SZLLLL | I.SZLLLL&#10;&#10;step=112, rand=5, actions=&lt;Down&gt;&#10;Want     | Got ✗   &#10;-------------------&#10;........ | ........&#10;........ | ........&#10;........ | ........&#10;.T...... | ........&#10;TT...... | S.......&#10;.T...... | SSOO..S.&#10;..OO..S. | .SOO..SS&#10;..OO..SS | I.OOTTTS&#10;I.OOTTTS | ISOOZTLL&#10;ISSZZ.LL | ISSZZ.LL&#10;I.SZLLLL | I.SZLLLL&#10;&#10;step=113, rand=5, actions=&lt;Down&gt;&#10;Want     | Got ✗   &#10;-------------------&#10;........ | ........&#10;........ | ........&#10;........ | ........&#10;........ | ........&#10;.T...... | ........&#10;TT...... | S.OO..S.&#10;.TOO..S. | SSOO..SS&#10;..OO..SS | ISOOTTTS&#10;I.OOTTTS | ISOOZTLL&#10;ISSZZ.LL | ISSZZ.LL&#10;I.SZLLLL | I.SZLLLL&#10;&#10;step=114, rand=5, actions=&lt;Down&gt;&#10;Want     | Got ✗   &#10;-------------------&#10;........ | ...T....&#10;........ | ..TTT...&#10;........ | ........&#10;........ | ........&#10;........ | ........&#10;.T...... | S.OO..S.&#10;TTOO..S. | SSOO..SS&#10;.TOO..SS | ISOOTTTS&#10;I.OOTTTS | ISOOZTLL&#10;ISSZZ.LL | ISSZZ.LL&#10;I.SZLLLL | I.SZLLLL&#10;&#10;step=115, rand=5, actions=&lt;Down&gt;&#10;Want     | Got ✗   &#10;-------------------&#10;........ | ........&#10;........ | ...T....&#10;........ | ..TTT...&#10;........ | ........&#10;........ | ........&#10;........ | S.OO..S.&#10;.TOO..S. | SSOO..SS&#10;TTOO..SS | ISOOTTTS&#10;ITOOTTTS | ISOOZTLL&#10;ISSZZ.LL | ISSZZ.LL&#10;I.SZLLLL | I.SZLLLL&#10;&#10;step=116, rand=4, actions=&lt;Down&gt;&#10;Want     | Got ✗   &#10;-------------------&#10;...SS... | ........&#10;..SS.... | ........&#10;........ | ...T....&#10;........ | ..TTT...&#10;........ | ........&#10;........ | S.OO..S.&#10;........ | SSOO..SS&#10;.TOO..S. | ISOOTTTS&#10;TTOO..SS | ISOOZTLL&#10;ISSZZ.LL | ISSZZ.LL&#10;I.SZLLLL | I.SZLLLL&#10;&#10;step=117, rand=4, actions=&lt;RotateRight&gt;&#10;Want     | Got ✗   &#10;-------------------&#10;...S.... | ........&#10;...SS... | ........&#10;....S... | ...T....&#10;........ | ...TT...&#10;........ | ...T....&#10;........ | S.OO..S.&#10;........ | SSOO..SS&#10;.TOO..S. | ISOOTTTS&#10;TTOO..SS | ISOOZTLL&#10;ISSZZ.LL | ISSZZ.LL&#10;I.SZLLLL | I.SZLLLL&#10;&#10;step=118, rand=4, actions=&lt;Right&gt;&#10;Want     | Got ✗   &#10;-------------------&#10;....S... | ........&#10;....SS.. | ........&#10;.....S.. | ....T...&#10;........ | ....TT..&#10;........ | ....T...&#10;........ | S.OO..S.&#10;........ | SSOO..SS&#10;.TOO..S. | ISOOTTTS&#10;TTOO..SS | ISOOZTLL&#10;ISSZZ.LL | ISSZZ.LL&#10;I.SZLLLL | I.SZLLLL&#10;&#10;step=119, rand=4, actions=&lt;Down&gt;&#10;Want     | Got ✗   &#10;-------------------&#10;........ | ........&#10;....S... | ........&#10;....SS.. | ........&#10;.....S.. | ....T...&#10;........ | ....TT..&#10;........ | S.OOT.S.&#10;........ | SSOO..SS&#10;.TOO..S. | ISOOTTTS&#10;TTOO..SS | ISOOZTLL&#10;ISSZZ.LL | ISSZZ.LL&#10;I.SZLLLL | I.SZLLLL&#10;&#10;step=120, rand=4, actions=&lt;Down&gt;&#10;Want     | Got ✗   &#10;-------------------&#10;........ | ........&#10;........ | ........&#10;....S... | ........&#10;....SS.. | ........&#10;.....S.. | ....T...&#10;........ | S.OOTTS.&#10;........ | SSOOT.SS&#10;.TOO..S. | ISOOTTTS&#10;TTOO..SS | ISOOZTLL&#10;ISSZZ.LL | ISSZZ.LL&#10;I.SZLLLL | I.SZLLLL&#10;&#10;step=121, rand=4, actions=&lt;Down&gt;&#10;Want     | Got ✗   &#10;-------------------&#10;........ | ...SS...&#10;........ | ..SS....&#10;........ | ........&#10;....S... | ........&#10;....SS.. | ....T...&#10;.....S.. | S.OOTTS.&#10;........ | SSOOT.SS&#10;.TOO..S. | ISOOTTTS&#10;TTOO..SS | ISOOZTLL&#10;ISSZZ.LL | ISSZZ.LL&#10;I.SZLLLL | I.SZLLLL&#10;&#10;step=122, rand=4, actions=&lt;Down&gt;&#10;Want     | Got ✗   &#10;-------------------&#10;........ | ........&#10;........ | ...SS...&#10;........ | ..SS....&#10;........ | ........&#10;....S... | ....T...&#10;....SS.. | S.OOTTS.&#10;.....S.. | SSOOT.SS&#10;.TOO..S. | ISOOTTTS&#10;TTOO..SS | ISOOZTLL&#10;ISSZZ.LL | ISSZZ.LL&#10;I.SZLLLL | I.SZLLLL&#10;&#10;step=123, rand=4, actions=&lt;Down&gt;&#10;Want     | Got ✗   &#10;-------------------&#10;........ | ........&#10;........ | ........&#10;........ | ...SS...&#10;........ | ..SS....&#10;........ | ....T...&#10;....S... | S.OOTTS.&#10;....SS.. | SSOOT.SS&#10;.TOO.SS. | ISOOTTTS&#10;TTOO..SS | ISOOZTLL&#10;ISSZZ.LL | ISSZZ.LL&#10;I.SZLLLL | I.SZLLLL&#10;&#10;step=124, rand=4, actions=&lt;Down&gt;&#10;Want     | Got ✗   &#10;-------------------&#10;........ | ........&#10;........ | ........&#10;........ | ........&#10;........ | ...SS...&#10;........ | ..SST...&#10;........ | S.OOTTS.&#10;....S... | SSOOT.SS&#10;.TOOSSS. | ISOOTTTS&#10;TTOO.SSS | ISOOZTLL&#10;ISSZZ.LL | ISSZZ.LL&#10;I.SZLLLL | I.SZLLLL&#10;&#10;step=125, rand=4, actions=&lt;Down&gt;&#10;Want     | Got ✗   &#10;-------------------&#10;........ | ...SS...&#10;........ | ..SS....&#10;........ | ........&#10;........ | ...SS...&#10;........ | ..SST...&#10;........ | S.OOTTS.&#10;........ | SSOOT.SS&#10;.TOOS.S. | ISOOTTTS&#10;TTOOSSSS | ISOOZTLL&#10;ISSZZSLL | ISSZZ.LL&#10;I.SZLLLL | I.SZLLLL&#10;&#10;step=126, rand=3, actions=&lt;Down&gt;&#10;Want     | Got ✗   &#10;-------------------&#10;...OO... | ........&#10;...OO... | ...SS...&#10;........ | ..SS....&#10;........ | ...SS...&#10;........ | ..SST...&#10;........ | S.OOTTS.&#10;........ | SSOOT.SS&#10;........ | ISOOTTTS&#10;........ | ISOOZTLL&#10;.TOOS.S. | ISSZZ.LL&#10;I.SZLLLL | I.SZLLLL&#10;&#10;step=127, rand=3, actions=&lt;Left&gt;&#10;Want     | Got ✗   &#10;-------------------&#10;..OO.... | ........&#10;..OO.... | ...SS...&#10;........ | ..SS....&#10;........ | ...SS...&#10;........ | ..SST...&#10;........ | S.OOTTS.&#10;........ | SSOOT.SS&#10;........ | ISOOTTTS&#10;........ | ISOOZTLL&#10;.TOOS.S. | ISSZZ.LL&#10;I.SZLLLL | I.SZLLLL&#10;&#10;step=128, rand=3, actions=&lt;Left&gt;&#10;Want     | Got ✗   &#10;-------------------&#10;.OO..... | ........&#10;.OO..... | ...SS...&#10;........ | ..SS....&#10;........ | ...SS...&#10;........ | ..SST...&#10;........ | S.OOTTS.&#10;........ | SSOOT.SS&#10;........ | ISOOTTTS&#10;........ | ISOOZTLL&#10;.TOOS.S. | ISSZZ.LL&#10;I.SZLLLL | I.SZLLLL&#10;&#10;step=129, rand=3, actions=&lt;Down&gt;&#10;Want     | Got ✗   &#10;-------------------&#10;........ | ...OO...&#10;.OO..... | ...OO...&#10;.OO..... | ..SS....&#10;........ | ...SS...&#10;........ | ..SST...&#10;........ | S.OOTTS.&#10;........ | SSOOT.SS&#10;........ | ISOOTTTS&#10;........ | ISOOZTLL&#10;.TOOS.S. | ISSZZ.LL&#10;I.SZLLLL | I.SZLLLL&#10;&#10;step=130, rand=3, actions=&lt;Right&gt;&#10;Want     | Got ✗   &#10;-------------------&#10;........ | ...OO...&#10;..OO.... | ...OO...&#10;..OO.... | ..SS....&#10;........ | ...SS...&#10;........ | ..SST...&#10;........ | S.OOTTS.&#10;........ | SSOOT.SS&#10;........ | ISOOTTTS&#10;........ | ISOOZTLL&#10;.TOOS.S. | ISSZZ.LL&#10;I.SZLLLL | I.SZLLLL&#10;&#10;step=131, rand=3, actions=&lt;Down&gt;&#10;Want     | Got ✗   &#10;-------------------&#10;........ | ...OO...&#10;........ | ...OO...&#10;..OO.... | ..SS....&#10;..OO.... | ...SS...&#10;........ | ..SST...&#10;........ | S.OOTTS.&#10;........ | SSOOT.SS&#10;........ | ISOOTTTS&#10;........ | ISOOZTLL&#10;.TOOS.S. | ISSZZ.LL&#10;I.SZLLLL | I.SZLLLL&#10;&#10;step=132, rand=3, actions=&lt;Down&gt;&#10;Want     | Got ✗   &#10;-------------------&#10;........ | ...OO...&#10;........ | ...OO...&#10;........ | ..SS....&#10;..OO.... | ...SS...&#10;..OO.... | ..SST...&#10;........ | S.OOTTS.&#10;........ | SSOOT.SS&#10;........ | ISOOTTTS&#10;........ | ISOOZTLL&#10;.TOOS.S. | ISSZZ.LL&#10;I.SZLLLL | I.SZLLLL&#10;&#10;step=133, rand=3, actions=&lt;Down&gt;&#10;Want     | Got ✗   &#10;-------------------&#10;........ | ...OO...&#10;........ | ...OO...&#10;........ | ..SS....&#10;........ | ...SS...&#10;..OO.... | ..SST...&#10;..OO.... | S.OOTTS.&#10;........ | SSOOT.SS&#10;........ | ISOOTTTS&#10;........ | ISOOZTLL&#10;.TOOS.S. | ISSZZ.LL&#10;I.SZLLLL | I.SZLLLL&#10;&#10;step=134, rand=3, actions=&lt;Down&gt;&#10;Want     | Got ✗   &#10;-------------------&#10;........ | ...OO...&#10;........ | ...OO...&#10;........ | ..SS....&#10;........ | ...SS...&#10;........ | ..SST...&#10;..OO.... | S.OOTTS.&#10;..OO.... | SSOOT.SS&#10;........ | ISOOTTTS&#10;........ | ISOOZTLL&#10;.TOOS.S. | ISSZZ.LL&#10;I.SZLLLL | I.SZLLLL&#10;&#10;step=135, rand=3, actions=&lt;Down&gt;&#10;Want     | Got ✗   &#10;-------------------&#10;........ | ...OO...&#10;........ | ...OO...&#10;........ | ..SS....&#10;........ | ...SS...&#10;........ | ..SST...&#10;........ | S.OOTTS.&#10;..OO.... | SSOOT.SS&#10;..OO.... | ISOOTTTS&#10;........ | ISOOZTLL&#10;.TOOS.S. | ISSZZ.LL&#10;I.SZLLLL | I.SZLLLL&#10;&#10;step=136, rand=3, actions=&lt;Down&gt;&#10;Want     | Got ✗   &#10;-------------------&#10;........ | ...OO...&#10;........ | ...OO...&#10;........ | ..SS....&#10;........ | ...SS...&#10;........ | ..SST...&#10;........ | S.OOTTS.&#10;........ | SSOOT.SS&#10;..OO.... | ISOOTTTS&#10;..OO.... | ISOOZTLL&#10;.TOOS.S. | ISSZZ.LL&#10;I.SZLLLL | I.SZLLLL&#10;&#10;step=137, rand=2, actions=&lt;Down&gt;&#10;Want     | Got ✗   &#10;-------------------&#10;....L... | ....L...&#10;..LLL... | ..LLL...&#10;........ | ..SS....&#10;........ | ...SS...&#10;........ | ..SST...&#10;........ | S.OOTTS.&#10;........ | SSOOT.SS&#10;..OO.... | ISOOTTTS&#10;..OO.... | ISOOZTLL&#10;.TOOS.S. | ISSZZ.LL&#10;I.SZLLLL | I.SZLLLL&#10;&#10;step=138, rand=2, actions=&lt;RotateRight&gt;&#10;Want     | Got ✗   &#10;-------------------&#10;...L.... | ....L...&#10;...L.... | ..LLL...&#10;...LL... | ..SS....&#10;........ | ...SS...&#10;........ | ..SST...&#10;........ | S.OOTTS.&#10;........ | SSOOT.SS&#10;..OO.... | ISOOTTTS&#10;..OO.... | ISOOZTLL&#10;.TOOS.S. | ISSZZ.LL&#10;I.SZLLLL | I.SZLLLL&#10;&#10;step=139, rand=2, actions=&lt;RotateRight&gt;&#10;Want     | Got ✗   &#10;-------------------&#10;........ | ....L...&#10;..LLL... | ..LLL...&#10;..L..... | ..SS....&#10;........ | ...SS...&#10;........ | ..SST...&#10;........ | S.OOTTS.&#10;........ | SSOOT.SS&#10;..OO.... | ISOOTTTS&#10;..OO.... | ISOOZTLL&#10;.TOOS.S. | ISSZZ.LL&#10;I.SZLLLL | I.SZLLLL&#10;&#10;step=140, rand=2, actions=&lt;RotateRight&gt;&#10;Want     | Got ✗   &#10;-------------------&#10;..LL.... | ....L...&#10;...L.... | ..LLL...&#10;...L.... | ..SS....&#10;........ | ...SS...&#10;........ | ..SST...&#10;........ | S.OOTTS.&#10;........ | SSOOT.SS&#10;..OO.... | ISOOTTTS&#10;..OO.... | ISOOZTLL&#10;.TOOS.S. | ISSZZ.LL&#10;I.SZLLLL | I.SZLLLL&#10;&#10;step=141, rand=2, actions=&lt;Right&gt;&#10;Want     | Got ✗   &#10;-------------------&#10;...LL... | ....L...&#10;....L... | ..LLL...&#10;....L... | ..SS....&#10;........ | ...SS...&#10;........ | ..SST...&#10;........ | S.OOTTS.&#10;........ | SSOOT.SS&#10;..OO.... | ISOOTTTS&#10;..OO.... | ISOOZTLL&#10;.TOOS.S. | ISSZZ.LL&#10;I.SZLLLL | I.SZLLLL&#10;&#10;step=142, rand=2, actions=&lt;Down&gt;&#10;Want     | Got ✗   &#10;-------------------&#10;........ | ....L...&#10;...LL... | ..LLL...&#10;....L... | ..SS....&#10;....L... | ...SS...&#10;........ | ..SST...&#10;........ | S.OOTTS.&#10;........ | SSOOT.SS&#10;..OO.... | ISOOTTTS&#10;..OO.... | ISOOZTLL&#10;.TOOS.S. | ISSZZ.LL&#10;I.SZLLLL | I.SZLLLL&#10;&#10;step=143, rand=2, actions=&lt;Down&gt;&#10;Want     | Got ✗   &#10;-------------------&#10;........ | ....L...&#10;........ | ..LLL...&#10;...LL... | ..SS....&#10;....L... | ...SS...&#10;....L... | ..SST...&#10;........ | S.OOTTS.&#10;........ | SSOOT.SS&#10;..OO.... | ISOOTTTS&#10;..OO.... | ISOOZTLL&#10;.TOOS.S. | ISSZZ.LL&#10;I.SZLLLL | I.SZLLLL&#10;&#10;step=144, rand=2, actions=&lt;Down&gt;&#10;Want     | Got ✗   &#10;-------------------&#10;........ | ....L...&#10;........ | ..LLL...&#10;........ | ..SS....&#10;...LL... | ...SS...&#10;....L... | ..SST...&#10;....L... | S.OOTTS.&#10;........ | SSOOT.SS&#10;..OO.... | ISOOTTTS&#10;..OO.... | ISOOZTLL&#10;.TOOS.S. | ISSZZ.LL&#10;I.SZLLLL | I.SZLLLL&#10;&#10;step=145, rand=2, actions=&lt;Down&gt;&#10;Want     | Got ✗   &#10;-------------------&#10;........ | ....L...&#10;........ | ..LLL...&#10;........ | ..SS....&#10;........ | ...SS...&#10;...LL... | ..SST...&#10;....L... | S.OOTTS.&#10;....L... | SSOOT.SS&#10;..OO.... | ISOOTTTS&#10;..OO.... | ISOOZTLL&#10;.TOOS.S. | ISSZZ.LL&#10;I.SZLLLL | I.SZLLLL&#10;&#10;step=146, rand=2, actions=&lt;Down&gt;&#10;Want     | Got ✗   &#10;-------------------&#10;........ | ....L...&#10;........ | ..LLL...&#10;........ | ..SS....&#10;........ | ...SS...&#10;........ | ..SST...&#10;...LL... | S.OOTTS.&#10;....L... | SSOOT.SS&#10;..OOL... | ISOOTTTS&#10;..OO.... | ISOOZTLL&#10;.TOOS.S. | ISSZZ.LL&#10;I.SZLLLL | I.SZLLLL&#10;&#10;step=147, rand=2, actions=&lt;Down&gt;&#10;Want     | Got ✗   &#10;-------------------&#10;........ | ....L...&#10;........ | ..LLL...&#10;........ | ..SS....&#10;........ | ...SS...&#10;........ | ..SST...&#10;........ | S.OOTTS.&#10;...LL... | SSOOT.SS&#10;..OOL... | ISOOTTTS&#10;..OOL... | ISOOZTLL&#10;.TOOS.S. | ISSZZ.LL&#10;I.SZLLLL | I.SZLLLL&#10;&#10;step=148, rand=1, actions=&lt;Down&gt;&#10;Want     | Got ✗   &#10;-------------------&#10;..J..... | ..J.....&#10;..JJJ... | ..JJJ...&#10;........ | ..SS....&#10;........ | ...SS...&#10;........ | ..SST...&#10;........ | S.OOTTS.&#10;...LL... | SSOOT.SS&#10;..OOL... | ISOOTTTS&#10;..OOL... | ISOOZTLL&#10;.TOOS.S. | ISSZZ.LL&#10;I.SZLLLL | I.SZLLLL&#10;&#10;step=149, rand=1, actions=&lt;RotateRight&gt;&#10;Want     | Got ✗   &#10;-------------------&#10;...JJ... | ..J.....&#10;...J.... | ..JJJ...&#10;...J.... | ..SS....&#10;........ | ...SS...&#10;........ | ..SST...&#10;........ | S.OOTTS.&#10;...LL... | SSOOT.SS&#10;..OOL... | ISOOTTTS&#10;..OOL... | ISOOZTLL&#10;.TOOS.S. | ISSZZ.LL&#10;I.SZLLLL | I.SZLLLL&#10;&#10;step=150, rand=1, actions=&lt;Right&gt;&#10;Want     | Got ✗   &#10;-------------------&#10;....JJ.. | ..J.....&#10;....J... | ..JJJ...&#10;....J... | ..SS....&#10;........ | ...SS...&#10;........ | ..SST...&#10;........ | S.OOTTS.&#10;...LL... | SSOOT.SS&#10;..OOL... | ISOOTTTS&#10;..OOL... | ISOOZTLL&#10;.TOOS.S. | ISSZZ.LL&#10;I.SZLLLL | I.SZLLLL&#10;&#10;step=151, rand=1, actions=&lt;RotateRight&gt;&#10;Want     | Got ✗   &#10;-------------------&#10;........ | ..J.....&#10;...JJJ.. | ..JJJ...&#10;.....J.. | ..SS....&#10;........ | ...SS...&#10;........ | ..SST...&#10;........ | S.OOTTS.&#10;...LL... | SSOOT.SS&#10;..OOL... | ISOOTTTS&#10;..OOL... | ISOOZTLL&#10;.TOOS.S. | ISSZZ.LL&#10;I.SZLLLL | I.SZLLLL&#10;&#10;step=152, rand=1, actions=&lt;Right&gt;&#10;Want     | Got ✗   &#10;-------------------&#10;........ | ..J.....&#10;....JJJ. | ..JJJ...&#10;......J. | ..SS....&#10;........ | ...SS...&#10;........ | ..SST...&#10;........ | S.OOTTS.&#10;...LL... | SSOOT.SS&#10;..OOL... | ISOOTTTS&#10;..OOL... | ISOOZTLL&#10;.TOOS.S. | ISSZZ.LL&#10;I.SZLLLL | I.SZLLLL&#10;&#10;step=153, rand=1, actions=&lt;Right&gt;&#10;Want     | Got ✗   &#10;-------------------&#10;........ | ..J.....&#10;.....JJJ | ..JJJ...&#10;.......J | ..SS....&#10;........ | ...SS...&#10;........ | ..SST...&#10;........ | S.OOTTS.&#10;...LL... | SSOOT.SS&#10;..OOL... | ISOOTTTS&#10;..OOL... | ISOOZTLL&#10;.TOOS.S. | ISSZZ.LL&#10;I.SZLLLL | I.SZLLLL&#10;&#10;step=154, rand=1, actions=&lt;Right&gt;&#10;Want     | Got ✗   &#10;-------------------&#10;........ | ..J.....&#10;.....JJJ | ..JJJ...&#10;.......J | ..SS....&#10;........ | ...SS...&#10;........ | ..SST...&#10;........ | S.OOTTS.&#10;...LL... | SSOOT.SS&#10;..OOL... | ISOOTTTS&#10;..OOL... | ISOOZTLL&#10;.TOOS.S. | ISSZZ.LL&#10;I.SZLLLL | I.SZLLLL&#10;&#10;step=155, rand=1, actions=&lt;Down&gt;&#10;Want     | Got ✗   &#10;-------------------&#10;........ | ..J.....&#10;........ | ..JJJ...&#10;.....JJJ | ..SS....&#10;.......J | ...SS...&#10;........ | ..SST...&#10;........ | S.OOTTS.&#10;...LL... | SSOOT.SS&#10;..OOL... | ISOOTTTS&#10;..OOL... | ISOOZTLL&#10;.TOOS.S. | ISSZZ.LL&#10;I.SZLLLL | I.SZLLLL&#10;&#10;step=156, rand=1, actions=&lt;Down&gt;&#10;Want     | Got ✗   &#10;-------------------&#10;........ | ..J.....&#10;........ | ..JJJ...&#10;........ | ..SS....&#10;.....JJJ | ...SS...&#10;.......J | ..SST...&#10;........ | S.OOTTS.&#10;...LL... | SSOOT.SS&#10;..OOL... | ISOOTTTS&#10;..OOL... | ISOOZTLL&#10;.TOOS.S. | ISSZZ.LL&#10;I.SZLLLL | I.SZLLLL&#10;&#10;step=157, rand=1, actions=&lt;Down&gt;&#10;Want     | Got ✗   &#10;-------------------&#10;........ | ..J.....&#10;........ | ..JJJ...&#10;........ | ..SS....&#10;........ | ...SS...&#10;.....JJJ | ..SST...&#10;.......J | S.OOTTS.&#10;...LL... | SSOOT.SS&#10;..OOL... | ISOOTTTS&#10;..OOL... | ISOOZTLL&#10;.TOOS.S. | ISSZZ.LL&#10;I.SZLLLL | I.SZLLLL&#10;&#10;step=158, rand=1, actions=&lt;Down&gt;&#10;Want     | Got ✗   &#10;-------------------&#10;........ | ..J.....&#10;........ | ..JJJ...&#10;........ | ..SS....&#10;........ | ...SS...&#10;........ | ..SST...&#10;.....JJJ | S.OOTTS.&#10;...LL..J | SSOOT.SS&#10;..OOL... | ISOOTTTS&#10;..OOL... | ISOOZTLL&#10;.TOOS.S. | ISSZZ.LL&#10;I.SZLLLL | I.SZLLLL&#10;&#10;step=159, rand=1, actions=&lt;Down&gt;&#10;Want     | Got ✗   &#10;-------------------&#10;........ | ..J.....&#10;........ | ..JJJ...&#10;........ | ..SS....&#10;........ | ...SS...&#10;........ | ..SST...&#10;........ | S.OOTTS.&#10;...LLJJJ | SSOOT.SS&#10;..OOL..J | ISOOTTTS&#10;..OOL... | ISOOZTLL&#10;.TOOS.S. | ISSZZ.LL&#10;I.SZLLLL | I.SZLLLL&#10;&#10;step=160, rand=1, actions=&lt;Down&gt;&#10;Want     | Got ✗   &#10;-------------------&#10;........ | ..J.....&#10;........ | ..JJJ...&#10;........ | ..SS....&#10;........ | ...SS...&#10;........ | ..SST...&#10;........ | S.OOTTS.&#10;...LL... | SSOOT.SS&#10;..OOLJJJ | ISOOTTTS&#10;..OOL..J | ISOOZTLL&#10;.TOOS.S. | ISSZZ.LL&#10;I.SZLLLL | I.SZLLLL&#10;&#10;step=161, rand=1, actions=&lt;Down&gt;&#10;Want     | Got ✗   &#10;-------------------&#10;........ | ..J.....&#10;........ | ..JJJ...&#10;........ | ..SS....&#10;........ | ...SS...&#10;........ | ..SST...&#10;........ | S.OOTTS.&#10;...LL... | SSOOT.SS&#10;..OOL... | ISOOTTTS&#10;..OOLJJJ | ISOOZTLL&#10;.TOOS.SJ | ISSZZ.LL&#10;I.SZLLLL | I.SZLLLL&#10;&#10;step=162, rand=5, actions=&lt;Down&gt;&#10;Want     | Got ✗   &#10;-------------------&#10;...T.... | ...T....&#10;..TTT... | ..TTT...&#10;........ | ..SS....&#10;........ | ...SS...&#10;........ | ..SST...&#10;........ | S.OOTTS.&#10;...LL... | SSOOT.SS&#10;..OOL... | ISOOTTTS&#10;..OOLJJJ | ISOOZTLL&#10;.TOOS.SJ | ISSZZ.LL&#10;I.SZLLLL | I.SZLLLL&#10;&#10;step=163, rand=5, actions=&lt;Left&gt;&#10;Want     | Got ✗   &#10;-------------------&#10;..T..... | ...T....&#10;.TTT.... | ..TTT...&#10;........ | ..SS....&#10;........ | ...SS...&#10;........ | ..SST...&#10;........ | S.OOTTS.&#10;...LL... | SSOOT.SS&#10;..OOL... | ISOOTTTS&#10;..OOLJJJ | ISOOZTLL&#10;.TOOS.SJ | ISSZZ.LL&#10;I.SZLLLL | I.SZLLLL&#10;&#10;step=164, rand=5, actions=&lt;RotateRight&gt;&#10;Want     | Got ✗   &#10;-------------------&#10;..T..... | ...T....&#10;..TT.... | ..TTT...&#10;..T..... | ..SS....&#10;........ | ...SS...&#10;........ | ..SST...&#10;........ | S.OOTTS.&#10;...LL... | SSOOT.SS&#10;..OOL... | ISOOTTTS&#10;..OOLJJJ | ISOOZTLL&#10;.TOOS.SJ | ISSZZ.LL&#10;I.SZLLLL | I.SZLLLL&#10;&#10;step=165, rand=5, actions=&lt;Left&gt;&#10;Want     | Got ✗   &#10;-------------------&#10;.T...... | ...T....&#10;.TT..... | ..TTT...&#10;.T...... | ..SS....&#10;........ | ...SS...&#10;........ | ..SST...&#10;........ | S.OOTTS.&#10;...LL... | SSOOT.SS&#10;..OOL... | ISOOTTTS&#10;..OOLJJJ | ISOOZTLL&#10;.TOOS.SJ | ISSZZ.LL&#10;I.SZLLLL | I.SZLLLL&#10;&#10;step=166, rand=5, actions=&lt;Left&gt;&#10;Want     | Got ✗   &#10;-------------------&#10;T....... | ...T....&#10;TT...... | ..TTT...&#10;T....... | ..SS....&#10;........ | ...SS...&#10;........ | ..SST...&#10;........ | S.OOTTS.&#10;...LL... | SSOOT.SS&#10;..OOL... | ISOOTTTS&#10;..OOLJJJ | ISOOZTLL&#10;.TOOS.SJ | ISSZZ.LL&#10;I.SZLLLL | I.SZLLLL&#10;&#10;step=167, rand=5, actions=&lt;Down&gt;&#10;Want     | Got ✗   &#10;-------------------&#10;........ | ...T....&#10;T....... | ..TTT...&#10;TT...... | ..SS....&#10;T....... | ...SS...&#10;........ | ..SST...&#10;........ | S.OOTTS.&#10;...LL... | SSOOT.SS&#10;..OOL... | ISOOTTTS&#10;..OOLJJJ | ISOOZTLL&#10;.TOOS.SJ | ISSZZ.LL&#10;I.SZLLLL | I.SZLLLL&#10;&#10;step=168, rand=5, actions=&lt;Down&gt;&#10;Want     | Got ✗   &#10;-------------------&#10;........ | ...T....&#10;........ | ..TTT...&#10;T....... | ..SS....&#10;TT...... | ...SS...&#10;T....... | ..SST...&#10;........ | S.OOTTS.&#10;...LL... | SSOOT.SS&#10;..OOL... | ISOOTTTS&#10;..OOLJJJ | ISOOZTLL&#10;.TOOS.SJ | ISSZZ.LL&#10;I.SZLLLL | I.SZLLLL&#10;&#10;step=169, rand=5, actions=&lt;Down&gt;&#10;Want     | Got ✗   &#10;-------------------&#10;........ | ...T....&#10;........ | ..TTT...&#10;........ | ..SS....&#10;T....... | ...SS...&#10;TT...... | ..SST...&#10;T....... | S.OOTTS.&#10;...LL... | SSOOT.SS&#10;..OOL... | ISOOTTTS&#10;..OOLJJJ | ISOOZTLL&#10;.TOOS.SJ | ISSZZ.LL&#10;I.SZLLLL | I.SZLLLL&#10;&#10;step=170, rand=5, actions=&lt;Down&gt;&#10;Want     | Got ✗   &#10;-------------------&#10;........ | ...T....&#10;........ | ..TTT...&#10;........ | ..SS....&#10;........ | ...SS...&#10;T....... | ..SST...&#10;TT...... | S.OOTTS.&#10;T..LL... | SSOOT.SS&#10;..OOL... | ISOOTTTS&#10;..OOLJJJ | ISOOZTLL&#10;.TOOS.SJ | ISSZZ.LL&#10;I.SZLLLL | I.SZLLLL&#10;&#10;step=171, rand=5, actions=&lt;Down&gt;&#10;Want     | Got ✗   &#10;-------------------&#10;........ | ...T....&#10;........ | ..TTT...&#10;........ | ..SS....&#10;........ | ...SS...&#10;........ | ..SST...&#10;T....... | S.OOTTS.&#10;TT.LL... | SSOOT.SS&#10;T.OOL... | ISOOTTTS&#10;..OOLJJJ | ISOOZTLL&#10;.TOOS.SJ | ISSZZ.LL&#10;I.SZLLLL | I.SZLLLL&#10;&#10;step=172, rand=5, actions=&lt;Down&gt;&#10;Want     | Got ✗   &#10;-------------------&#10;........ | ...T....&#10;........ | ..TTT...&#10;........ | ..SS....&#10;........ | ...SS...&#10;........ | ..SST...&#10;........ | S.OOTTS.&#10;T..LL... | SSOOT.SS&#10;TTOOL... | ISOOTTTS&#10;T.OOLJJJ | ISOOZTLL&#10;.TOOS.SJ | ISSZZ.LL&#10;I.SZLLLL | I.SZLLLL&#10;&#10;step=173, rand=5, actions=&lt;Down&gt;&#10;Want     | Got ✗   &#10;-------------------&#10;........ | ...T....&#10;........ | ..TTT...&#10;........ | ..SS....&#10;........ | ...SS...&#10;........ | ..SST...&#10;........ | S.OOTTS.&#10;...LL... | SSOOT.SS&#10;T.OOL... | ISOOTTTS&#10;TTOOLJJJ | ISOOZTLL&#10;TTOOS.SJ | ISSZZ.LL&#10;I.SZLLLL | I.SZLLLL&#10;&#10;step=174, rand=1, actions=&lt;Down&gt;&#10;Want     | Got ✗   &#10;-------------------&#10;..J..... | ..J.....&#10;..JJJ... | ..JJJ...&#10;........ | ..SS....&#10;........ | ...SS...&#10;........ | ..SST...&#10;........ | S.OOTTS.&#10;........ | SSOOT.SS&#10;...LL... | ISOOTTTS&#10;T.OOL... | ISOOZTLL&#10;TTOOS.SJ | ISSZZ.LL&#10;I.SZLLLL | I.SZLLLL&#10;&#10;step=175, rand=1, actions=&lt;RotateRight&gt;&#10;Want     | Got ✗   &#10;-------------------&#10;...JJ... | ..J.....&#10;...J.... | ..JJJ...&#10;...J.... | ..SS....&#10;........ | ...SS...&#10;........ | ..SST...&#10;........ | S.OOTTS.&#10;........ | SSOOT.SS&#10;...LL... | ISOOTTTS&#10;T.OOL... | ISOOZTLL&#10;TTOOS.SJ | ISSZZ.LL&#10;I.SZLLLL | I.SZLLLL&#10;&#10;step=176, rand=1, actions=&lt;RotateRight&gt;&#10;Want     | Got ✗   &#10;-------------------&#10;........ | ..J.....&#10;..JJJ... | ..JJJ...&#10;....J... | ..SS....&#10;........ | ...SS...&#10;........ | ..SST...&#10;........ | S.OOTTS.&#10;........ | SSOOT.SS&#10;...LL... | ISOOTTTS&#10;T.OOL... | ISOOZTLL&#10;TTOOS.SJ | ISSZZ.LL&#10;I.SZLLLL | I.SZLLLL&#10;&#10;step=177, rand=1, actions=&lt;RotateRight&gt;&#10;Want     | Got ✗   &#10;-------------------&#10;...J.... | ..J.....&#10;...J.... | ..JJJ...&#10;..JJ.... | ..SS....&#10;........ | ...SS...&#10;........ | ..SST...&#10;........ | S.OOTTS.&#10;........ | SSOOT.SS&#10;...LL... | ISOOTTTS&#10;T.OOL... | ISOOZTLL&#10;TTOOS.SJ | ISSZZ.LL&#10;I.SZLLLL | I.SZLLLL&#10;&#10;step=178, rand=1, actions=&lt;Right&gt;&#10;Want     | Got ✗   &#10;-------------------&#10;....J... | ..J.....&#10;....J... | ..JJJ...&#10;...JJ... | ..SS....&#10;........ | ...SS...&#10;........ | ..SST...&#10;........ | S.OOTTS.&#10;........ | SSOOT.SS&#10;...LL... | ISOOTTTS&#10;T.OOL... | ISOOZTLL&#10;TTOOS.SJ | ISSZZ.LL&#10;I.SZLLLL | I.SZLLLL&#10;&#10;step=179, rand=1, actions=&lt;Right&gt;&#10;Want     | Got ✗   &#10;-------------------&#10;.....J.. | ..J.....&#10;.....J.. | ..JJJ...&#10;....JJ.. | ..SS....&#10;........ | ...SS...&#10;........ | ..SST...&#10;........ | S.OOTTS.&#10;........ | SSOOT.SS&#10;...LL... | ISOOTTTS&#10;T.OOL... | ISOOZTLL&#10;TTOOS.SJ | ISSZZ.LL&#10;I.SZLLLL | I.SZLLLL&#10;&#10;step=180, rand=1, actions=&lt;Right&gt;&#10;Want     | Got ✗   &#10;-------------------&#10;......J. | ..J.....&#10;......J. | ..JJJ...&#10;.....JJ. | ..SS....&#10;........ | ...SS...&#10;........ | ..SST...&#10;........ | S.OOTTS.&#10;........ | SSOOT.SS&#10;...LL... | ISOOTTTS&#10;T.OOL... | ISOOZTLL&#10;TTOOS.SJ | ISSZZ.LL&#10;I.SZLLLL | I.SZLLLL&#10;&#10;step=181, rand=1, actions=&lt;Right&gt;&#10;Want     | Got ✗   &#10;-------------------&#10;.......J | ..J.....&#10;.......J | ..JJJ...&#10;......JJ | ..SS....&#10;........ | ...SS...&#10;........ | ..SST...&#10;........ | S.OOTTS.&#10;........ | SSOOT.SS&#10;...LL... | ISOOTTTS&#10;T.OOL... | ISOOZTLL&#10;TTOOS.SJ | ISSZZ.LL&#10;I.SZLLLL | I.SZLLLL&#10;&#10;step=182, rand=1, actions=&lt;Down&gt;&#10;Want     | Got ✗   &#10;-------------------&#10;........ | ..J.....&#10;.......J | ..JJJ...&#10;.......J | ..SS....&#10;......JJ | ...SS...&#10;........ | ..SST...&#10;........ | S.OOTTS.&#10;........ | SSOOT.SS&#10;...LL... | ISOOTTTS&#10;T.OOL... | ISOOZTLL&#10;TTOOS.SJ | ISSZZ.LL&#10;I.SZLLLL | I.SZLLLL&#10;&#10;step=183, rand=1, actions=&lt;Down&gt;&#10;Want     | Got ✗   &#10;-------------------&#10;........ | ..J.....&#10;........ | ..JJJ...&#10;.......J | ..SS....&#10;.......J | ...SS...&#10;......JJ | ..SST...&#10;........ | S.OOTTS.&#10;........ | SSOOT.SS&#10;...LL... | ISOOTTTS&#10;T.OOL... | ISOOZTLL&#10;TTOOS.SJ | ISSZZ.LL&#10;I.SZLLLL | I.SZLLLL&#10;&#10;step=184, rand=1, actions=&lt;Down&gt;&#10;Want     | Got ✗   &#10;-------------------&#10;........ | ..J.....&#10;........ | ..JJJ...&#10;........ | ..SS....&#10;.......J | ...SS...&#10;.......J | ..SST...&#10;......JJ | S.OOTTS.&#10;........ | SSOOT.SS&#10;...LL... | ISOOTTTS&#10;T.OOL... | ISOOZTLL&#10;TTOOS.SJ | ISSZZ.LL&#10;I.SZLLLL | I.SZLLLL&#10;&#10;step=185, rand=1, actions=&lt;Down&gt;&#10;Want     | Got ✗   &#10;-------------------&#10;........ | ..J.....&#10;........ | ..JJJ...&#10;........ | ..SS....&#10;........ | ...SS...&#10;.......J | ..SST...&#10;.......J | S.OOTTS.&#10;......JJ | SSOOT.SS&#10;...LL... | ISOOTTTS&#10;T.OOL... | ISOOZTLL&#10;TTOOS.SJ | ISSZZ.LL&#10;I.SZLLLL | I.SZLLLL&#10;&#10;step=186, rand=1, actions=&lt;Down&gt;&#10;Want     | Got ✗   &#10;-------------------&#10;........ | ..J.....&#10;........ | ..JJJ...&#10;........ | ..SS....&#10;........ | ...SS...&#10;........ | ..SST...&#10;.......J | S.OOTTS.&#10;.......J | SSOOT.SS&#10;...LL.JJ | ISOOTTTS&#10;T.OOL... | ISOOZTLL&#10;TTOOS.SJ | ISSZZ.LL&#10;I.SZLLLL | I.SZLLLL&#10;&#10;step=187, rand=1, actions=&lt;Down&gt;&#10;Want     | Got ✗   &#10;-------------------&#10;........ | ..J.....&#10;........ | ..JJJ...&#10;........ | ..SS....&#10;........ | ...SS...&#10;........ | ..SST...&#10;........ | S.OOTTS.&#10;.......J | SSOOT.SS&#10;...LL..J | ISOOTTTS&#10;T.OOL.JJ | ISOOZTLL&#10;TTOOS.SJ | ISSZZ.LL&#10;I.SZLLLL | I.SZLLLL&#10;&#10;step=188, rand=4, actions=&lt;Down&gt;&#10;Want     | Got ✗   &#10;-------------------&#10;...SS... | ...SS...&#10;..SS.... | ..SSS...&#10;........ | ..SS....&#10;........ | ...SS...&#10;........ | ..SST...&#10;........ | S.OOTTS.&#10;.......J | SSOOT.SS&#10;...LL..J | ISOOTTTS&#10;T.OOL.JJ | ISOOZTLL&#10;TTOOS.SJ | ISSZZ.LL&#10;I.SZLLLL | I.SZLLLL&#10;&#10;step=189, rand=4, actions=&lt;RotateRight&gt;&#10;Want     | Got ✗   &#10;-------------------&#10;...S.... | ...SS...&#10;...SS... | ..SSS...&#10;....S... | ..SS....&#10;........ | ...SS...&#10;........ | ..SST...&#10;........ | S.OOTTS.&#10;.......J | SSOOT.SS&#10;...LL..J | ISOOTTTS&#10;T.OOL.JJ | ISOOZTLL&#10;TTOOS.SJ | ISSZZ.LL&#10;I.SZLLLL | I.SZLLLL&#10;&#10;step=190, rand=4, actions=&lt;Left&gt;&#10;Want     | Got ✗            &#10;----------------------------&#10;..S..... | GameOverDisplay()&#10;..SS.... |                  &#10;...S.... |                  &#10;........ |                  &#10;........ |                  &#10;........ |                  &#10;.......J |                  &#10;...LL..J |                  &#10;T.OOL.JJ |                  &#10;TTOOS.SJ |                  &#10;I.SZLLLL |                  &#10;&#10;step=191, rand=4, actions=&lt;Left&gt;&#10;Want     | Got ✗            &#10;----------------------------&#10;.S...... | GameOverDisplay()&#10;.SS..... |                  &#10;..S..... |                  &#10;........ |                  &#10;........ |                  &#10;........ |                  &#10;.......J |                  &#10;...LL..J |                  &#10;T.OOL.JJ |                  &#10;TTOOS.SJ |                  &#10;I.SZLLLL |                  &#10;&#10;step=192, rand=4, actions=&lt;Left&gt;&#10;Want     | Got ✗            &#10;----------------------------&#10;S....... | GameOverDisplay()&#10;SS...... |                  &#10;.S...... |                  &#10;........ |                  &#10;........ |                  &#10;........ |                  &#10;.......J |                  &#10;...LL..J |                  &#10;T.OOL.JJ |                  &#10;TTOOS.SJ |                  &#10;I.SZLLLL |                  &#10;&#10;step=193, rand=4, actions=&lt;Down&gt;&#10;Want     | Got ✗            &#10;----------------------------&#10;........ | GameOverDisplay()&#10;S....... |                  &#10;SS...... |                  &#10;.S...... |                  &#10;........ |                  &#10;........ |                  &#10;.......J |                  &#10;...LL..J |                  &#10;T.OOL.JJ |                  &#10;TTOOS.SJ |                  &#10;I.SZLLLL |                  &#10;&#10;step=194, rand=4, actions=&lt;Down&gt;&#10;Want     | Got ✗            &#10;----------------------------&#10;........ | GameOverDisplay()&#10;........ |                  &#10;S....... |                  &#10;SS...... |                  &#10;.S...... |                  &#10;........ |                  &#10;.......J |                  &#10;...LL..J |                  &#10;T.OOL.JJ |                  &#10;TTOOS.SJ |                  &#10;I.SZLLLL |                  &#10;&#10;step=195, rand=4, actions=&lt;Down&gt;&#10;Want     | Got ✗            &#10;----------------------------&#10;........ | GameOverDisplay()&#10;........ |                  &#10;........ |                  &#10;S....... |                  &#10;SS...... |                  &#10;.S...... |                  &#10;.......J |                  &#10;...LL..J |                  &#10;T.OOL.JJ |                  &#10;TTOOS.SJ |                  &#10;I.SZLLLL |                  &#10;&#10;step=196, rand=4, actions=&lt;Down&gt;&#10;Want     | Got ✗            &#10;----------------------------&#10;........ | GameOverDisplay()&#10;........ |                  &#10;........ |                  &#10;........ |                  &#10;S....... |                  &#10;SS...... |                  &#10;.S.....J |                  &#10;...LL..J |                  &#10;T.OOL.JJ |                  &#10;TTOOS.SJ |                  &#10;I.SZLLLL |                  &#10;&#10;step=197, rand=4, actions=&lt;Down&gt;&#10;Want     | Got ✗            &#10;----------------------------&#10;........ | GameOverDisplay()&#10;........ |                  &#10;........ |                  &#10;........ |                  &#10;........ |                  &#10;S....... |                  &#10;SS.....J |                  &#10;.S.LL..J |                  &#10;T.OOL.JJ |                  &#10;TTOOS.SJ |                  &#10;I.SZLLLL |                  &#10;&#10;step=198, rand=4, actions=&lt;Down&gt;&#10;Want     | Got ✗            &#10;----------------------------&#10;........ | GameOverDisplay()&#10;........ |                  &#10;........ |                  &#10;........ |                  &#10;........ |                  &#10;........ |                  &#10;S......J |                  &#10;SS.LL..J |                  &#10;TSOOL.JJ |                  &#10;TTOOS.SJ |                  &#10;I.SZLLLL |                  &#10;&#10;step=199, rand=6, actions=&lt;Down&gt;&#10;Want     | Got ✗            &#10;----------------------------&#10;..ZZ.... | GameOverDisplay()&#10;...ZZ... |                  &#10;........ |                  &#10;........ |                  &#10;........ |                  &#10;........ |                  &#10;S......J |                  &#10;SS.LL..J |                  &#10;TSOOL.JJ |                  &#10;TTOOS.SJ |                  &#10;I.SZLLLL |                  &#10;&#10;step=200, rand=6, actions=&lt;RotateRight&gt;&#10;Want     | Got ✗            &#10;----------------------------&#10;....Z... | GameOverDisplay()&#10;...ZZ... |                  &#10;...Z.... |                  &#10;........ |                  &#10;........ |                  &#10;........ |                  &#10;S......J |                  &#10;SS.LL..J |                  &#10;TSOOL.JJ |                  &#10;TTOOS.SJ |                  &#10;I.SZLLLL |                  &#10;&#10;step=201, rand=6, actions=&lt;Left&gt;&#10;Want     | Got ✗            &#10;----------------------------&#10;...Z.... | GameOverDisplay()&#10;..ZZ.... |                  &#10;..Z..... |                  &#10;........ |                  &#10;........ |                  &#10;........ |                  &#10;S......J |                  &#10;SS.LL..J |                  &#10;TSOOL.JJ |                  &#10;TTOOS.SJ |                  &#10;I.SZLLLL |                  &#10;&#10;step=202, rand=6, actions=&lt;Down&gt;&#10;Want     | Got ✗            &#10;----------------------------&#10;........ | GameOverDisplay()&#10;...Z.... |                  &#10;..ZZ.... |                  &#10;..Z..... |                  &#10;........ |                  &#10;........ |                  &#10;S......J |                  &#10;SS.LL..J |                  &#10;TSOOL.JJ |                  &#10;TTOOS.SJ |                  &#10;I.SZLLLL |                  &#10;&#10;step=203, rand=6, actions=&lt;Down&gt;&#10;Want     | Got ✗            &#10;----------------------------&#10;........ | GameOverDisplay()&#10;........ |                  &#10;...Z.... |                  &#10;..ZZ.... |                  &#10;..Z..... |                  &#10;........ |                  &#10;S......J |                  &#10;SS.LL..J |                  &#10;TSOOL.JJ |                  &#10;TTOOS.SJ |                  &#10;I.SZLLLL |                  &#10;&#10;step=204, rand=6, actions=&lt;Down&gt;&#10;Want     | Got ✗            &#10;----------------------------&#10;........ | GameOverDisplay()&#10;........ |                  &#10;........ |                  &#10;...Z.... |                  &#10;..ZZ.... |                  &#10;..Z..... |                  &#10;S......J |                  &#10;SS.LL..J |                  &#10;TSOOL.JJ |                  &#10;TTOOS.SJ |                  &#10;I.SZLLLL |                  &#10;&#10;step=205, rand=6, actions=&lt;Down&gt;&#10;Want     | Got ✗            &#10;----------------------------&#10;........ | GameOverDisplay()&#10;........ |                  &#10;........ |                  &#10;........ |                  &#10;...Z.... |                  &#10;..ZZ.... |                  &#10;S.Z....J |                  &#10;SS.LL..J |                  &#10;TSOOL.JJ |                  &#10;TTOOS.SJ |                  &#10;I.SZLLLL |                  &#10;&#10;step=206, rand=6, actions=&lt;Down&gt;&#10;Want     | Got ✗            &#10;----------------------------&#10;........ | GameOverDisplay()&#10;........ |                  &#10;........ |                  &#10;........ |                  &#10;........ |                  &#10;...Z.... |                  &#10;S.ZZ...J |                  &#10;SSZLL..J |                  &#10;TSOOL.JJ |                  &#10;TTOOS.SJ |                  &#10;I.SZLLLL |                  &#10;&#10;step=207, rand=6, actions=&lt;Down&gt;&#10;Want     | Got ✗            &#10;----------------------------&#10;..ZZ.... | GameOverDisplay()&#10;...ZZ... |                  &#10;........ |                  &#10;........ |                  &#10;........ |                  &#10;...Z.... |                  &#10;S.ZZ...J |                  &#10;SSZLL..J |                  &#10;TSOOL.JJ |                  &#10;TTOOS.SJ |                  &#10;I.SZLLLL |                  &#10;&#10;step=208, rand=6, actions=&lt;RotateRight&gt;&#10;Want     | Got ✗            &#10;----------------------------&#10;....Z... | GameOverDisplay()&#10;...ZZ... |                  &#10;...Z.... |                  &#10;........ |                  &#10;........ |                  &#10;...Z.... |                  &#10;S.ZZ...J |                  &#10;SSZLL..J |                  &#10;TSOOL.JJ |                  &#10;TTOOS.SJ |                  &#10;I.SZLLLL |                  &#10;&#10;step=209, rand=6, actions=&lt;Left&gt;&#10;Want     | Got ✗            &#10;----------------------------&#10;...Z.... | GameOverDisplay()&#10;..ZZ.... |                  &#10;..Z..... |                  &#10;........ |                  &#10;........ |                  &#10;...Z.... |                  &#10;S.ZZ...J |                  &#10;SSZLL..J |                  &#10;TSOOL.JJ |                  &#10;TTOOS.SJ |                  &#10;I.SZLLLL |                  &#10;&#10;step=210, rand=6, actions=&lt;Left&gt;&#10;Want     | Got ✗            &#10;----------------------------&#10;..Z..... | GameOverDisplay()&#10;.ZZ..... |                  &#10;.Z...... |                  &#10;........ |                  &#10;........ |                  &#10;...Z.... |                  &#10;S.ZZ...J |                  &#10;SSZLL..J |                  &#10;TSOOL.JJ |                  &#10;TTOOS.SJ |                  &#10;I.SZLLLL |                  &#10;&#10;step=211, rand=6, actions=&lt;Down&gt;&#10;Want     | Got ✗            &#10;----------------------------&#10;........ | GameOverDisplay()&#10;..Z..... |                  &#10;.ZZ..... |                  &#10;.Z...... |                  &#10;........ |                  &#10;...Z.... |                  &#10;S.ZZ...J |                  &#10;SSZLL..J |                  &#10;TSOOL.JJ |                  &#10;TTOOS.SJ |                  &#10;I.SZLLLL |                  &#10;&#10;step=212, rand=6, actions=&lt;Down&gt;&#10;Want     | Got ✗            &#10;----------------------------&#10;........ | GameOverDisplay()&#10;........ |                  &#10;..Z..... |                  &#10;.ZZ..... |                  &#10;.Z...... |                  &#10;...Z.... |                  &#10;S.ZZ...J |                  &#10;SSZLL..J |                  &#10;TSOOL.JJ |                  &#10;TTOOS.SJ |                  &#10;I.SZLLLL |                  &#10;&#10;step=213, rand=6, actions=&lt;Down&gt;&#10;Want     | Got ✗            &#10;----------------------------&#10;........ | GameOverDisplay()&#10;........ |                  &#10;........ |                  &#10;..Z..... |                  &#10;.ZZ..... |                  &#10;.Z.Z.... |                  &#10;S.ZZ...J |                  &#10;SSZLL..J |                  &#10;TSOOL.JJ |                  &#10;TTOOS.SJ |                  &#10;I.SZLLLL |                  &#10;&#10;step=214, rand=6, actions=&lt;Down&gt;&#10;Want     | Got ✗            &#10;----------------------------&#10;........ | GameOverDisplay()&#10;........ |                  &#10;........ |                  &#10;........ |                  &#10;..Z..... |                  &#10;.ZZZ.... |                  &#10;SZZZ...J |                  &#10;SSZLL..J |                  &#10;TSOOL.JJ |                  &#10;TTOOS.SJ |                  &#10;I.SZLLLL |                  &#10;&#10;step=215, rand=5, actions=&lt;Down&gt;&#10;Want     | Got ✗            &#10;----------------------------&#10;...T.... | GameOverDisplay()&#10;..TTT... |                  &#10;........ |                  &#10;........ |                  &#10;..Z..... |                  &#10;.ZZZ.... |                  &#10;SZZZ...J |                  &#10;SSZLL..J |                  &#10;TSOOL.JJ |                  &#10;TTOOS.SJ |                  &#10;I.SZLLLL |                  &#10;&#10;step=216, rand=5, actions=&lt;Right&gt;&#10;Want     | Got ✗            &#10;----------------------------&#10;....T... | GameOverDisplay()&#10;...TTT.. |                  &#10;........ |                  &#10;........ |                  &#10;..Z..... |                  &#10;.ZZZ.... |                  &#10;SZZZ...J |                  &#10;SSZLL..J |                  &#10;TSOOL.JJ |                  &#10;TTOOS.SJ |                  &#10;I.SZLLLL |                  &#10;&#10;step=217, rand=5, actions=&lt;Left&gt;&#10;Want     | Got ✗            &#10;----------------------------&#10;...T.... | GameOverDisplay()&#10;..TTT... |                  &#10;........ |                  &#10;........ |                  &#10;..Z..... |                  &#10;.ZZZ.... |                  &#10;SZZZ...J |                  &#10;SSZLL..J |                  &#10;TSOOL.JJ |                  &#10;TTOOS.SJ |                  &#10;I.SZLLLL |                  &#10;&#10;step=218, rand=5, actions=&lt;RotateRight&gt;&#10;Want     | Got ✗            &#10;----------------------------&#10;...T.... | GameOverDisplay()&#10;...TT... |                  &#10;...T.... |                  &#10;........ |                  &#10;..Z..... |                  &#10;.ZZZ.... |                  &#10;SZZZ...J |                  &#10;SSZLL..J |                  &#10;TSOOL.JJ |                  &#10;TTOOS.SJ |                  &#10;I.SZLLLL |                  &#10;&#10;step=219, rand=5, actions=&lt;Left&gt;&#10;Want     | Got ✗            &#10;----------------------------&#10;..T..... | GameOverDisplay()&#10;..TT.... |                  &#10;..T..... |                  &#10;........ |                  &#10;..Z..... |                  &#10;.ZZZ.... |                  &#10;SZZZ...J |                  &#10;SSZLL..J |                  &#10;TSOOL.JJ |                  &#10;TTOOS.SJ |                  &#10;I.SZLLLL |                  &#10;&#10;step=220, rand=5, actions=&lt;Left&gt;&#10;Want     | Got ✗            &#10;----------------------------&#10;.T...... | GameOverDisplay()&#10;.TT..... |                  &#10;.T...... |                  &#10;........ |                  &#10;..Z..... |                  &#10;.ZZZ.... |                  &#10;SZZZ...J |                  &#10;SSZLL..J |                  &#10;TSOOL.JJ |                  &#10;TTOOS.SJ |                  &#10;I.SZLLLL |                  &#10;&#10;step=221, rand=5, actions=&lt;Left&gt;&#10;Want     | Got ✗            &#10;----------------------------&#10;T....... | GameOverDisplay()&#10;TT...... |                  &#10;T....... |                  &#10;........ |                  &#10;..Z..... |                  &#10;.ZZZ.... |                  &#10;SZZZ...J |                  &#10;SSZLL..J |                  &#10;TSOOL.JJ |                  &#10;TTOOS.SJ |                  &#10;I.SZLLLL |                  &#10;&#10;step=222, rand=5, actions=&lt;Down&gt;&#10;Want     | Got ✗            &#10;----------------------------&#10;........ | GameOverDisplay()&#10;T....... |                  &#10;TT...... |                  &#10;T....... |                  &#10;..Z..... |                  &#10;.ZZZ.... |                  &#10;SZZZ...J |                  &#10;SSZLL..J |                  &#10;TSOOL.JJ |                  &#10;TTOOS.SJ |                  &#10;I.SZLLLL |                  &#10;&#10;step=223, rand=5, actions=&lt;Down&gt;&#10;Want     | Got ✗            &#10;----------------------------&#10;........ | GameOverDisplay()&#10;........ |                  &#10;T....... |                  &#10;TT...... |                  &#10;T.Z..... |                  &#10;.ZZZ.... |                  &#10;SZZZ...J |                  &#10;SSZLL..J |                  &#10;TSOOL.JJ |                  &#10;TTOOS.SJ |                  &#10;I.SZLLLL |                  &#10;&#10;step=224, rand=5, actions=&lt;Down&gt;&#10;Want     | Got ✗            &#10;----------------------------&#10;........ | GameOverDisplay()&#10;........ |                  &#10;........ |                  &#10;T....... |                  &#10;TTZ..... |                  &#10;TZZZ.... |                  &#10;SZZZ...J |                  &#10;SSZLL..J |                  &#10;TSOOL.JJ |                  &#10;TTOOS.SJ |                  &#10;I.SZLLLL |                  &#10;&#10;step=225, rand=3, actions=&lt;Down&gt;&#10;Want     | Got ✗            &#10;----------------------------&#10;...OO... | GameOverDisplay()&#10;...OO... |                  &#10;........ |                  &#10;T....... |                  &#10;TTZ..... |                  &#10;TZZZ.... |                  &#10;SZZZ...J |                  &#10;SSZLL..J |                  &#10;TSOOL.JJ |                  &#10;TTOOS.SJ |                  &#10;I.SZLLLL |                  &#10;&#10;step=226, rand=3, actions=&lt;Right&gt;&#10;Want     | Got ✗            &#10;----------------------------&#10;....OO.. | GameOverDisplay()&#10;....OO.. |                  &#10;........ |                  &#10;T....... |                  &#10;TTZ..... |                  &#10;TZZZ.... |                  &#10;SZZZ...J |                  &#10;SSZLL..J |                  &#10;TSOOL.JJ |                  &#10;TTOOS.SJ |                  &#10;I.SZLLLL |                  &#10;&#10;step=227, rand=3, actions=&lt;Right&gt;&#10;Want     | Got ✗            &#10;----------------------------&#10;.....OO. | GameOverDisplay()&#10;.....OO. |                  &#10;........ |                  &#10;T....... |                  &#10;TTZ..... |                  &#10;TZZZ.... |                  &#10;SZZZ...J |                  &#10;SSZLL..J |                  &#10;TSOOL.JJ |                  &#10;TTOOS.SJ |                  &#10;I.SZLLLL |                  &#10;&#10;step=228, rand=3, actions=&lt;Left&gt;&#10;Want     | Got ✗            &#10;----------------------------&#10;....OO.. | GameOverDisplay()&#10;....OO.. |                  &#10;........ |                  &#10;T....... |                  &#10;TTZ..... |                  &#10;TZZZ.... |                  &#10;SZZZ...J |                  &#10;SSZLL..J |                  &#10;TSOOL.JJ |                  &#10;TTOOS.SJ |                  &#10;I.SZLLLL |                  &#10;&#10;step=229, rand=3, actions=&lt;Right&gt;&#10;Want     | Got ✗            &#10;----------------------------&#10;.....OO. | GameOverDisplay()&#10;.....OO. |                  &#10;........ |                  &#10;T....... |                  &#10;TTZ..... |                  &#10;TZZZ.... |                  &#10;SZZZ...J |                  &#10;SSZLL..J |                  &#10;TSOOL.JJ |                  &#10;TTOOS.SJ |                  &#10;I.SZLLLL |                  &#10;&#10;step=230, rand=3, actions=&lt;Down&gt;&#10;Want     | Got ✗            &#10;----------------------------&#10;........ | GameOverDisplay()&#10;.....OO. |                  &#10;.....OO. |                  &#10;T....... |                  &#10;TTZ..... |                  &#10;TZZZ.... |                  &#10;SZZZ...J |                  &#10;SSZLL..J |                  &#10;TSOOL.JJ |                  &#10;TTOOS.SJ |                  &#10;I.SZLLLL |                  &#10;&#10;step=231, rand=3, actions=&lt;Down&gt;&#10;Want     | Got ✗            &#10;----------------------------&#10;........ | GameOverDisplay()&#10;........ |                  &#10;.....OO. |                  &#10;T....OO. |                  &#10;TTZ..... |                  &#10;TZZZ.... |                  &#10;SZZZ...J |                  &#10;SSZLL..J |                  &#10;TSOOL.JJ |                  &#10;TTOOS.SJ |                  &#10;I.SZLLLL |                  &#10;&#10;step=232, rand=3, actions=&lt;Down&gt;&#10;Want     | Got ✗            &#10;----------------------------&#10;........ | GameOverDisplay()&#10;........ |                  &#10;........ |                  &#10;T....OO. |                  &#10;TTZ..OO. |                  &#10;TZZZ.... |                  &#10;SZZZ...J |                  &#10;SSZLL..J |                  &#10;TSOOL.JJ |                  &#10;TTOOS.SJ |                  &#10;I.SZLLLL |                  &#10;&#10;step=233, rand=3, actions=&lt;Down&gt;&#10;Want     | Got ✗            &#10;----------------------------&#10;........ | GameOverDisplay()&#10;........ |                  &#10;........ |                  &#10;T....... |                  &#10;TTZ..OO. |                  &#10;TZZZ.OO. |                  &#10;SZZZ...J |                  &#10;SSZLL..J |                  &#10;TSOOL.JJ |                  &#10;TTOOS.SJ |                  &#10;I.SZLLLL |                  &#10;&#10;step=234, rand=3, actions=&lt;Down&gt;&#10;Want     | Got ✗            &#10;----------------------------&#10;........ | GameOverDisplay()&#10;........ |                  &#10;........ |                  &#10;T....... |                  &#10;TTZ..... |                  &#10;TZZZ.OO. |                  &#10;SZZZ.OOJ |                  &#10;SSZLL..J |                  &#10;TSOOL.JJ |                  &#10;TTOOS.SJ |                  &#10;I.SZLLLL |                  &#10;&#10;step=235, rand=3, actions=&lt;Down&gt;&#10;Want     | Got ✗            &#10;----------------------------&#10;........ | GameOverDisplay()&#10;........ |                  &#10;........ |                  &#10;T....... |                  &#10;TTZ..... |                  &#10;TZZZ.... |                  &#10;SZZZ.OOJ |                  &#10;SSZLLOOJ |                  &#10;TSOOL.JJ |                  &#10;TTOOS.SJ |                  &#10;I.SZLLLL |                  &#10;&#10;step=236, rand=3, actions=&lt;Right&gt;&#10;Want     | Got ✗            &#10;----------------------------&#10;........ | GameOverDisplay()&#10;........ |                  &#10;........ |                  &#10;T....... |                  &#10;TTZ..... |                  &#10;TZZZ.... |                  &#10;SZZZ.OOJ |                  &#10;SSZLLOOJ |                  &#10;TSOOL.JJ |                  &#10;TTOOS.SJ |                  &#10;I.SZLLLL |                  &#10;&#10;step=237, rand=6, actions=&lt;Down&gt;&#10;Want     | Got ✗            &#10;----------------------------&#10;..ZZ.... | GameOverDisplay()&#10;...ZZ... |                  &#10;........ |                  &#10;........ |                  &#10;T....... |                  &#10;TTZ..... |                  &#10;TZZZ.... |                  &#10;SZZZ.OOJ |                  &#10;TSOOL.JJ |                  &#10;TTOOS.SJ |                  &#10;I.SZLLLL |                  &#10;&#10;step=238, rand=6, actions=&lt;RotateRight&gt;&#10;Want     | Got ✗            &#10;----------------------------&#10;....Z... | GameOverDisplay()&#10;...ZZ... |                  &#10;...Z.... |                  &#10;........ |                  &#10;T....... |                  &#10;TTZ..... |                  &#10;TZZZ.... |                  &#10;SZZZ.OOJ |                  &#10;TSOOL.JJ |                  &#10;TTOOS.SJ |                  &#10;I.SZLLLL |                  &#10;&#10;step=239, rand=6, actions=&lt;Right&gt;&#10;Want     | Got ✗            &#10;----------------------------&#10;.....Z.. | GameOverDisplay()&#10;....ZZ.. |                  &#10;....Z... |                  &#10;........ |                  &#10;T....... |                  &#10;TTZ..... |                  &#10;TZZZ.... |                  &#10;SZZZ.OOJ |                  &#10;TSOOL.JJ |                  &#10;TTOOS.SJ |                  &#10;I.SZLLLL |                  &#10;&#10;step=240, rand=6, actions=&lt;Right&gt;&#10;Want     | Got ✗            &#10;----------------------------&#10;......Z. | GameOverDisplay()&#10;.....ZZ. |                  &#10;.....Z.. |                  &#10;........ |                  &#10;T....... |                  &#10;TTZ..... |                  &#10;TZZZ.... |                  &#10;SZZZ.OOJ |                  &#10;TSOOL.JJ |                  &#10;TTOOS.SJ |                  &#10;I.SZLLLL |                  &#10;&#10;step=241, rand=6, actions=&lt;Left&gt;&#10;Want     | Got ✗            &#10;----------------------------&#10;.....Z.. | GameOverDisplay()&#10;....ZZ.. |                  &#10;....Z... |                  &#10;........ |                  &#10;T....... |                  &#10;TTZ..... |                  &#10;TZZZ.... |                  &#10;SZZZ.OOJ |                  &#10;TSOOL.JJ |                  &#10;TTOOS.SJ |                  &#10;I.SZLLLL |                  &#10;&#10;step=242, rand=6, actions=&lt;Down&gt;&#10;Want     | Got ✗            &#10;----------------------------&#10;........ | GameOverDisplay()&#10;.....Z.. |                  &#10;....ZZ.. |                  &#10;....Z... |                  &#10;T....... |                  &#10;TTZ..... |                  &#10;TZZZ.... |                  &#10;SZZZ.OOJ |                  &#10;TSOOL.JJ |                  &#10;TTOOS.SJ |                  &#10;I.SZLLLL |                  &#10;&#10;step=243, rand=6, actions=&lt;Down&gt;&#10;Want     | Got ✗            &#10;----------------------------&#10;........ | GameOverDisplay()&#10;........ |                  &#10;.....Z.. |                  &#10;....ZZ.. |                  &#10;T...Z... |                  &#10;TTZ..... |                  &#10;TZZZ.... |                  &#10;SZZZ.OOJ |                  &#10;TSOOL.JJ |                  &#10;TTOOS.SJ |                  &#10;I.SZLLLL |                  &#10;&#10;step=244, rand=6, actions=&lt;Down&gt;&#10;Want     | Got ✗            &#10;----------------------------&#10;........ | GameOverDisplay()&#10;........ |                  &#10;........ |                  &#10;.....Z.. |                  &#10;T...ZZ.. |                  &#10;TTZ.Z... |                  &#10;TZZZ.... |                  &#10;SZZZ.OOJ |                  &#10;TSOOL.JJ |                  &#10;TTOOS.SJ |                  &#10;I.SZLLLL |                  &#10;&#10;step=245, rand=6, actions=&lt;Down&gt;&#10;Want     | Got ✗            &#10;----------------------------&#10;........ | GameOverDisplay()&#10;........ |                  &#10;........ |                  &#10;........ |                  &#10;T....Z.. |                  &#10;TTZ.ZZ.. |                  &#10;TZZZZ... |                  &#10;SZZZ.OOJ |                  &#10;TSOOL.JJ |                  &#10;TTOOS.SJ |                  &#10;I.SZLLLL |                  &#10;&#10;step=246, rand=6, actions=&lt;Down&gt;&#10;Want     | Got ✗            &#10;----------------------------&#10;........ | GameOverDisplay()&#10;........ |                  &#10;........ |                  &#10;........ |                  &#10;T....... |                  &#10;TTZ..Z.. |                  &#10;TZZZZZ.. |                  &#10;SZZZZOOJ |                  &#10;TSOOL.JJ |                  &#10;TTOOS.SJ |                  &#10;I.SZLLLL |                  &#10;&#10;step=247, rand=5, actions=&lt;Down&gt;&#10;Want     | Got ✗            &#10;----------------------------&#10;...T.... | GameOverDisplay()&#10;..TTT... |                  &#10;........ |                  &#10;........ |                  &#10;........ |                  &#10;T....... |                  &#10;TTZ..Z.. |                  &#10;TZZZZZ.. |                  &#10;TSOOL.JJ |                  &#10;TTOOS.SJ |                  &#10;I.SZLLLL |                  &#10;&#10;step=248, rand=5, actions=&lt;RotateRight&gt;&#10;Want     | Got ✗            &#10;----------------------------&#10;...T.... | GameOverDisplay()&#10;...TT... |                  &#10;...T.... |                  &#10;........ |                  &#10;........ |                  &#10;T....... |                  &#10;TTZ..Z.. |                  &#10;TZZZZZ.. |                  &#10;TSOOL.JJ |                  &#10;TTOOS.SJ |                  &#10;I.SZLLLL |                  &#10;&#10;step=249, rand=5, actions=&lt;RotateRight&gt;&#10;Want     | Got ✗            &#10;----------------------------&#10;........ | GameOverDisplay()&#10;..TTT... |                  &#10;...T.... |                  &#10;........ |                  &#10;........ |                  &#10;T....... |                  &#10;TTZ..Z.. |                  &#10;TZZZZZ.. |                  &#10;TSOOL.JJ |                  &#10;TTOOS.SJ |                  &#10;I.SZLLLL |                  &#10;&#10;step=250, rand=5, actions=&lt;RotateRight&gt;&#10;Want     | Got ✗            &#10;----------------------------&#10;...T.... | GameOverDisplay()&#10;..TT.... |                  &#10;...T.... |                  &#10;........ |                  &#10;........ |                  &#10;T....... |                  &#10;TTZ..Z.. |                  &#10;TZZZZZ.. |                  &#10;TSOOL.JJ |                  &#10;TTOOS.SJ |                  &#10;I.SZLLLL |                  &#10;&#10;step=251, rand=5, actions=&lt;RotateRight&gt;&#10;Want     | Got ✗            &#10;----------------------------&#10;...T.... | GameOverDisplay()&#10;..TTT... |                  &#10;........ |                  &#10;........ |                  &#10;........ |                  &#10;T....... |                  &#10;TTZ..Z.. |                  &#10;TZZZZZ.. |                  &#10;TSOOL.JJ |                  &#10;TTOOS.SJ |                  &#10;I.SZLLLL |                  &#10;&#10;step=252, rand=5, actions=&lt;RotateRight&gt;&#10;Want     | Got ✗            &#10;----------------------------&#10;...T.... | GameOverDisplay()&#10;...TT... |                  &#10;...T.... |                  &#10;........ |                  &#10;........ |                  &#10;T....... |                  &#10;TTZ..Z.. |                  &#10;TZZZZZ.. |                  &#10;TSOOL.JJ |                  &#10;TTOOS.SJ |                  &#10;I.SZLLLL |                  &#10;&#10;step=253, rand=5, actions=&lt;Right&gt;&#10;Want     | Got ✗            &#10;----------------------------&#10;....T... | GameOverDisplay()&#10;....TT.. |                  &#10;....T... |                  &#10;........ |                  &#10;........ |                  &#10;T....... |                  &#10;TTZ..Z.. |                  &#10;TZZZZZ.. |                  &#10;TSOOL.JJ |                  &#10;TTOOS.SJ |                  &#10;I.SZLLLL |                  &#10;&#10;step=254, rand=5, actions=&lt;Down&gt;&#10;Want     | Got ✗            &#10;----------------------------&#10;........ | GameOverDisplay()&#10;....T... |                  &#10;....TT.. |                  &#10;....T... |                  &#10;........ |                  &#10;T....... |                  &#10;TTZ..Z.. |                  &#10;TZZZZZ.. |                  &#10;TSOOL.JJ |                  &#10;TTOOS.SJ |                  &#10;I.SZLLLL |                  &#10;&#10;step=255, rand=5, actions=&lt;Down&gt;&#10;Want     | Got ✗            &#10;----------------------------&#10;........ | GameOverDisplay()&#10;........ |                  &#10;....T... |                  &#10;....TT.. |                  &#10;....T... |                  &#10;T....... |                  &#10;TTZ..Z.. |                  &#10;TZZZZZ.. |                  &#10;TSOOL.JJ |                  &#10;TTOOS.SJ |                  &#10;I.SZLLLL |                  &#10;&#10;step=256, rand=5, actions=&lt;Down&gt;&#10;Want     | Got ✗            &#10;----------------------------&#10;........ | GameOverDisplay()&#10;........ |                  &#10;........ |                  &#10;....T... |                  &#10;....TT.. |                  &#10;T...T... |                  &#10;TTZ..Z.. |                  &#10;TZZZZZ.. |                  &#10;TSOOL.JJ |                  &#10;TTOOS.SJ |                  &#10;I.SZLLLL |                  &#10;&#10;step=257, rand=5, actions=&lt;Down&gt;&#10;Want     | Got ✗            &#10;----------------------------&#10;........ | GameOverDisplay()&#10;........ |                  &#10;........ |                  &#10;........ |                  &#10;....T... |                  &#10;T...TT.. |                  &#10;TTZ.TZ.. |                  &#10;TZZZZZ.. |                  &#10;TSOOL.JJ |                  &#10;TTOOS.SJ |                  &#10;I.SZLLLL |                  &#10;&#10;step=258, rand=5, actions=&lt;Down&gt;&#10;Want     | Got ✗            &#10;----------------------------&#10;...T.... | GameOverDisplay()&#10;..TTT... |                  &#10;........ |                  &#10;........ |                  &#10;....T... |                  &#10;T...TT.. |                  &#10;TTZ.TZ.. |                  &#10;TZZZZZ.. |                  &#10;TSOOL.JJ |                  &#10;TTOOS.SJ |                  &#10;I.SZLLLL |                  &#10;&#10;step=259, rand=5, actions=&lt;RotateRight&gt;&#10;Want     | Got ✗            &#10;----------------------------&#10;...T.... | GameOverDisplay()&#10;...TT... |                  &#10;...T.... |                  &#10;........ |                  &#10;....T... |                  &#10;T...TT.. |                  &#10;TTZ.TZ.. |                  &#10;TZZZZZ.. |                  &#10;TSOOL.JJ |                  &#10;TTOOS.SJ |                  &#10;I.SZLLLL |                  &#10;&#10;step=260, rand=5, actions=&lt;RotateRight&gt;&#10;Want     | Got ✗            &#10;----------------------------&#10;........ | GameOverDisplay()&#10;..TTT... |                  &#10;...T.... |                  &#10;........ |                  &#10;....T... |                  &#10;T...TT.. |                  &#10;TTZ.TZ.. |                  &#10;TZZZZZ.. |                  &#10;TSOOL.JJ |                  &#10;TTOOS.SJ |                  &#10;I.SZLLLL |                  &#10;&#10;step=261, rand=5, actions=&lt;RotateRight&gt;&#10;Want     | Got ✗            &#10;----------------------------&#10;...T.... | GameOverDisplay()&#10;..TT.... |                  &#10;...T.... |                  &#10;........ |                  &#10;....T... |                  &#10;T...TT.. |                  &#10;TTZ.TZ.. |                  &#10;TZZZZZ.. |                  &#10;TSOOL.JJ |                  &#10;TTOOS.SJ |                  &#10;I.SZLLLL |                  &#10;&#10;step=262, rand=5, actions=&lt;Down&gt;&#10;Want     | Got ✗            &#10;----------------------------&#10;........ | GameOverDisplay()&#10;...T.... |                  &#10;..TT.... |                  &#10;...T.... |                  &#10;....T... |                  &#10;T...TT.. |                  &#10;TTZ.TZ.. |                  &#10;TZZZZZ.. |                  &#10;TSOOL.JJ |                  &#10;TTOOS.SJ |                  &#10;I.SZLLLL |                  &#10;&#10;step=263, rand=5, actions=&lt;Down&gt;&#10;Want     | Got ✗            &#10;----------------------------&#10;........ | GameOverDisplay()&#10;........ |                  &#10;...T.... |                  &#10;..TT.... |                  &#10;...TT... |                  &#10;T...TT.. |                  &#10;TTZ.TZ.. |                  &#10;TZZZZZ.. |                  &#10;TSOOL.JJ |                  &#10;TTOOS.SJ |                  &#10;I.SZLLLL |                  &#10;&#10;step=264, rand=5, actions=&lt;Down&gt;&#10;Want     | Got ✗            &#10;----------------------------&#10;........ | GameOverDisplay()&#10;........ |                  &#10;........ |                  &#10;...T.... |                  &#10;..TTT... |                  &#10;T..TTT.. |                  &#10;TTZ.TZ.. |                  &#10;TZZZZZ.. |                  &#10;TSOOL.JJ |                  &#10;TTOOS.SJ |                  &#10;I.SZLLLL |                  &#10;&#10;step=265, rand=5, actions=&lt;Down&gt;&#10;Want     | Got ✗            &#10;----------------------------&#10;........ | GameOverDisplay()&#10;........ |                  &#10;........ |                  &#10;........ |                  &#10;...TT... |                  &#10;T.TTTT.. |                  &#10;TTZTTZ.. |                  &#10;TZZZZZ.. |                  &#10;TSOOL.JJ |                  &#10;TTOOS.SJ |                  &#10;I.SZLLLL |                  &#10;&#10;step=266, rand=6, actions=&lt;Down&gt;&#10;Want     | Got ✗            &#10;----------------------------&#10;..ZZ.... | GameOverDisplay()&#10;...ZZ... |                  &#10;........ |                  &#10;........ |                  &#10;...TT... |                  &#10;T.TTTT.. |                  &#10;TTZTTZ.. |                  &#10;TZZZZZ.. |                  &#10;TSOOL.JJ |                  &#10;TTOOS.SJ |                  &#10;I.SZLLLL |                  &#10;&#10;step=267, rand=6, actions=&lt;RotateRight&gt;&#10;Want     | Got ✗            &#10;----------------------------&#10;....Z... | GameOverDisplay()&#10;...ZZ... |                  &#10;...Z.... |                  &#10;........ |                  &#10;...TT... |                  &#10;T.TTTT.. |                  &#10;TTZTTZ.. |                  &#10;TZZZZZ.. |                  &#10;TSOOL.JJ |                  &#10;TTOOS.SJ |                  &#10;I.SZLLLL |                  &#10;&#10;step=268, rand=6, actions=&lt;Left&gt;&#10;Want     | Got ✗            &#10;----------------------------&#10;...Z.... | GameOverDisplay()&#10;..ZZ.... |                  &#10;..Z..... |                  &#10;........ |                  &#10;...TT... |                  &#10;T.TTTT.. |                  &#10;TTZTTZ.. |                  &#10;TZZZZZ.. |                  &#10;TSOOL.JJ |                  &#10;TTOOS.SJ |                  &#10;I.SZLLLL |                  &#10;&#10;step=269, rand=6, actions=&lt;Left&gt;&#10;Want     | Got ✗            &#10;----------------------------&#10;..Z..... | GameOverDisplay()&#10;.ZZ..... |                  &#10;.Z...... |                  &#10;........ |                  &#10;...TT... |                  &#10;T.TTTT.. |                  &#10;TTZTTZ.. |                  &#10;TZZZZZ.. |                  &#10;TSOOL.JJ |                  &#10;TTOOS.SJ |                  &#10;I.SZLLLL |                  &#10;&#10;step=270, rand=6, actions=&lt;Down&gt;&#10;Want     | Got ✗            &#10;----------------------------&#10;........ | GameOverDisplay()&#10;..Z..... |                  &#10;.ZZ..... |                  &#10;.Z...... |                  &#10;...TT... |                  &#10;T.TTTT.. |                  &#10;TTZTTZ.. |                  &#10;TZZZZZ.. |                  &#10;TSOOL.JJ |                  &#10;TTOOS.SJ |                  &#10;I.SZLLLL |                  &#10;&#10;step=271, rand=6, actions=&lt;Down&gt;&#10;Want     | Got ✗            &#10;----------------------------&#10;........ | GameOverDisplay()&#10;........ |                  &#10;..Z..... |                  &#10;.ZZ..... |                  &#10;.Z.TT... |                  &#10;T.TTTT.. |                  &#10;TTZTTZ.. |                  &#10;TZZZZZ.. |                  &#10;TSOOL.JJ |                  &#10;TTOOS.SJ |                  &#10;I.SZLLLL |                  &#10;&#10;step=272, rand=6, actions=&lt;Down&gt;&#10;Want     | Got ✗            &#10;----------------------------&#10;........ | GameOverDisplay()&#10;........ |                  &#10;........ |                  &#10;..Z..... |                  &#10;.ZZTT... |                  &#10;TZTTTT.. |                  &#10;TTZTTZ.. |                  &#10;TZZZZZ.. |                  &#10;TSOOL.JJ |                  &#10;TTOOS.SJ |                  &#10;I.SZLLLL |                  &#10;&#10;step=273, rand=0, actions=&lt;Down&gt;&#10;Want     | Got ✗            &#10;----------------------------&#10;........ | GameOverDisplay()&#10;..IIII.. |                  &#10;........ |                  &#10;..Z..... |                  &#10;.ZZTT... |                  &#10;TZTTTT.. |                  &#10;TTZTTZ.. |                  &#10;TZZZZZ.. |                  &#10;TSOOL.JJ |                  &#10;TTOOS.SJ |                  &#10;I.SZLLLL |                  &#10;&#10;step=274, rand=0, actions=&lt;RotateRight&gt;&#10;Want     | Got ✗            &#10;----------------------------&#10;....I... | GameOverDisplay()&#10;....I... |                  &#10;....I... |                  &#10;..Z.I... |                  &#10;.ZZTT... |                  &#10;TZTTTT.. |                  &#10;TTZTTZ.. |                  &#10;TZZZZZ.. |                  &#10;TSOOL.JJ |                  &#10;TTOOS.SJ |                  &#10;I.SZLLLL |                  &#10;&#10;step=275, rand=0, actions=&lt;Right&gt;&#10;Want     | Got ✗            &#10;----------------------------&#10;.....I.. | GameOverDisplay()&#10;.....I.. |                  &#10;.....I.. |                  &#10;..Z..I.. |                  &#10;.ZZTT... |                  &#10;TZTTTT.. |                  &#10;TTZTTZ.. |                  &#10;TZZZZZ.. |                  &#10;TSOOL.JJ |                  &#10;TTOOS.SJ |                  &#10;I.SZLLLL |                  &#10;&#10;step=276, rand=0, actions=&lt;Right&gt;&#10;Want     | Got ✗            &#10;----------------------------&#10;......I. | GameOverDisplay()&#10;......I. |                  &#10;......I. |                  &#10;..Z...I. |                  &#10;.ZZTT... |                  &#10;TZTTTT.. |                  &#10;TTZTTZ.. |                  &#10;TZZZZZ.. |                  &#10;TSOOL.JJ |                  &#10;TTOOS.SJ |                  &#10;I.SZLLLL |                  &#10;&#10;step=277, rand=0, actions=&lt;Right&gt;&#10;Want     | Got ✗            &#10;----------------------------&#10;.......I | GameOverDisplay()&#10;.......I |                  &#10;.......I |                  &#10;..Z....I |                  &#10;.ZZTT... |                  &#10;TZTTTT.. |                  &#10;TTZTTZ.. |                  &#10;TZZZZZ.. |                  &#10;TSOOL.JJ |                  &#10;TTOOS.SJ |                  &#10;I.SZLLLL |                  &#10;&#10;step=278, rand=0, actions=&lt;Left&gt;&#10;Want     | Got ✗            &#10;----------------------------&#10;......I. | GameOverDisplay()&#10;......I. |                  &#10;......I. |                  &#10;..Z...I. |                  &#10;.ZZTT... |                  &#10;TZTTTT.. |                  &#10;TTZTTZ.. |                  &#10;TZZZZZ.. |                  &#10;TSOOL.JJ |                  &#10;TTOOS.SJ |                  &#10;I.SZLLLL |                  &#10;&#10;step=279, rand=0, actions=&lt;Down&gt;&#10;Want     | Got ✗            &#10;----------------------------&#10;........ | GameOverDisplay()&#10;......I. |                  &#10;......I. |                  &#10;..Z...I. |                  &#10;.ZZTT.I. |                  &#10;TZTTTT.. |                  &#10;TTZTTZ.. |                  &#10;TZZZZZ.. |                  &#10;TSOOL.JJ |                  &#10;TTOOS.SJ |                  &#10;I.SZLLLL |                  &#10;&#10;step=280, rand=0, actions=&lt;Down&gt;&#10;Want     | Got ✗            &#10;----------------------------&#10;........ | GameOverDisplay()&#10;........ |                  &#10;......I. |                  &#10;..Z...I. |                  &#10;.ZZTT.I. |                  &#10;TZTTTTI. |                  &#10;TTZTTZ.. |                  &#10;TZZZZZ.. |                  &#10;TSOOL.JJ |                  &#10;TTOOS.SJ |                  &#10;I.SZLLLL |                  &#10;&#10;step=281, rand=0, actions=&lt;Down&gt;&#10;Want     | Got ✗            &#10;----------------------------&#10;........ | GameOverDisplay()&#10;........ |                  &#10;........ |                  &#10;..Z...I. |                  &#10;.ZZTT.I. |                  &#10;TZTTTTI. |                  &#10;TTZTTZI. |                  &#10;TZZZZZ.. |                  &#10;TSOOL.JJ |                  &#10;TTOOS.SJ |                  &#10;I.SZLLLL |                  &#10;&#10;step=282, rand=0, actions=&lt;Down&gt;&#10;Want     | Got ✗            &#10;----------------------------&#10;........ | GameOverDisplay()&#10;........ |                  &#10;........ |                  &#10;..Z..... |                  &#10;.ZZTT.I. |                  &#10;TZTTTTI. |                  &#10;TTZTTZI. |                  &#10;TZZZZZI. |                  &#10;TSOOL.JJ |                  &#10;TTOOS.SJ |                  &#10;I.SZLLLL |                  &#10;&#10;step=283, rand=6, actions=&lt;Down&gt;&#10;Want     | Got ✗            &#10;----------------------------&#10;..ZZ.... | GameOverDisplay()&#10;...ZZ... |                  &#10;........ |                  &#10;..Z..... |                  &#10;.ZZTT.I. |                  &#10;TZTTTTI. |                  &#10;TTZTTZI. |                  &#10;TZZZZZI. |                  &#10;TSOOL.JJ |                  &#10;TTOOS.SJ |                  &#10;I.SZLLLL |                  &#10;&#10;step=284, rand=6, actions=&lt;Right&gt;&#10;Want     | Got ✗            &#10;----------------------------&#10;...ZZ... | GameOverDisplay()&#10;....ZZ.. |                  &#10;........ |                  &#10;..Z..... |                  &#10;.ZZTT.I. |                  &#10;TZTTTTI. |                  &#10;TTZTTZI. |                  &#10;TZZZZZI. |                  &#10;TSOOL.JJ |                  &#10;TTOOS.SJ |                  &#10;I.SZLLLL |                  &#10;&#10;step=285, rand=6, actions=&lt;Right&gt;&#10;Want     | Got ✗            &#10;----------------------------&#10;....ZZ.. | GameOverDisplay()&#10;.....ZZ. |                  &#10;........ |                  &#10;..Z..... |                  &#10;.ZZTT.I. |                  &#10;TZTTTTI. |                  &#10;TTZTTZI. |                  &#10;TZZZZZI. |                  &#10;TSOOL.JJ |                  &#10;TTOOS.SJ |                  &#10;I.SZLLLL |                  &#10;&#10;step=286, rand=6, actions=&lt;Left&gt;&#10;Want     | Got ✗            &#10;----------------------------&#10;...ZZ... | GameOverDisplay()&#10;....ZZ.. |                  &#10;........ |                  &#10;..Z..... |                  &#10;.ZZTT.I. |                  &#10;TZTTTTI. |                  &#10;TTZTTZI. |                  &#10;TZZZZZI. |                  &#10;TSOOL.JJ |                  &#10;TTOOS.SJ |                  &#10;I.SZLLLL |                  &#10;&#10;step=287, rand=6, actions=&lt;Left&gt;&#10;Want     | Got ✗            &#10;----------------------------&#10;..ZZ.... | GameOverDisplay()&#10;...ZZ... |                  &#10;........ |                  &#10;..Z..... |                  &#10;.ZZTT.I. |                  &#10;TZTTTTI. |                  &#10;TTZTTZI. |                  &#10;TZZZZZI. |                  &#10;TSOOL.JJ |                  &#10;TTOOS.SJ |                  &#10;I.SZLLLL |                  &#10;&#10;step=288, rand=6, actions=&lt;Left&gt;&#10;Want     | Got ✗            &#10;----------------------------&#10;.ZZ..... | GameOverDisplay()&#10;..ZZ.... |                  &#10;........ |                  &#10;..Z..... |                  &#10;.ZZTT.I. |                  &#10;TZTTTTI. |                  &#10;TTZTTZI. |                  &#10;TZZZZZI. |                  &#10;TSOOL.JJ |                  &#10;TTOOS.SJ |                  &#10;I.SZLLLL |                  &#10;&#10;step=289, rand=6, actions=&lt;Left&gt;&#10;Want     | Got ✗            &#10;----------------------------&#10;ZZ...... | GameOverDisplay()&#10;.ZZ..... |                  &#10;........ |                  &#10;..Z..... |                  &#10;.ZZTT.I. |                  &#10;TZTTTTI. |                  &#10;TTZTTZI. |                  &#10;TZZZZZI. |                  &#10;TSOOL.JJ |                  &#10;TTOOS.SJ |                  &#10;I.SZLLLL |                  &#10;&#10;step=290, rand=6, actions=&lt;RotateRight&gt;&#10;Want     | Got ✗            &#10;----------------------------&#10;..Z..... | GameOverDisplay()&#10;.ZZ..... |                  &#10;.Z...... |                  &#10;..Z..... |                  &#10;.ZZTT.I. |                  &#10;TZTTTTI. |                  &#10;TTZTTZI. |                  &#10;TZZZZZI. |                  &#10;TSOOL.JJ |                  &#10;TTOOS.SJ |                  &#10;I.SZLLLL |                  &#10;&#10;step=291, rand=6, actions=&lt;Left&gt;&#10;Want     | Got ✗            &#10;----------------------------&#10;.Z...... | GameOverDisplay()&#10;ZZ...... |                  &#10;Z....... |                  &#10;..Z..... |                  &#10;.ZZTT.I. |                  &#10;TZTTTTI. |                  &#10;TTZTTZI. |                  &#10;TZZZZZI. |                  &#10;TSOOL.JJ |                  &#10;TTOOS.SJ |                  &#10;I.SZLLLL |                  &#10;&#10;step=292, rand=6, actions=&lt;Left&gt;&#10;Want     | Got ✗            &#10;----------------------------&#10;.Z...... | GameOverDisplay()&#10;ZZ...... |                  &#10;Z....... |                  &#10;..Z..... |                  &#10;.ZZTT.I. |                  &#10;TZTTTTI. |                  &#10;TTZTTZI. |                  &#10;TZZZZZI. |                  &#10;TSOOL.JJ |                  &#10;TTOOS.SJ |                  &#10;I.SZLLLL |                  &#10;&#10;step=293, rand=6, actions=&lt;Down&gt;&#10;Want     | Got ✗            &#10;----------------------------&#10;........ | GameOverDisplay()&#10;.Z...... |                  &#10;ZZ...... |                  &#10;Z.Z..... |                  &#10;.ZZTT.I. |                  &#10;TZTTTTI. |                  &#10;TTZTTZI. |                  &#10;TZZZZZI. |                  &#10;TSOOL.JJ |                  &#10;TTOOS.SJ |                  &#10;I.SZLLLL |                  &#10;&#10;step=294, rand=6, actions=&lt;Down&gt;&#10;Want     | Got ✗            &#10;----------------------------&#10;........ | GameOverDisplay()&#10;........ |                  &#10;.Z...... |                  &#10;ZZZ..... |                  &#10;ZZZTT.I. |                  &#10;TZTTTTI. |                  &#10;TTZTTZI. |                  &#10;TZZZZZI. |                  &#10;TSOOL.JJ |                  &#10;TTOOS.SJ |                  &#10;I.SZLLLL |                  &#10;&#10;step=295, rand=4, actions=&lt;Down&gt;&#10;Want     | Got ✗            &#10;----------------------------&#10;...SS... | GameOverDisplay()&#10;..SS.... |                  &#10;.Z...... |                  &#10;ZZZ..... |                  &#10;ZZZTT.I. |                  &#10;TZTTTTI. |                  &#10;TTZTTZI. |                  &#10;TZZZZZI. |                  &#10;TSOOL.JJ |                  &#10;TTOOS.SJ |                  &#10;I.SZLLLL |                  &#10;&#10;step=296, rand=4, actions=&lt;RotateRight&gt;&#10;Want     | Got ✗            &#10;----------------------------&#10;...S.... | GameOverDisplay()&#10;...SS... |                  &#10;.Z..S... |                  &#10;ZZZ..... |                  &#10;ZZZTT.I. |                  &#10;TZTTTTI. |                  &#10;TTZTTZI. |                  &#10;TZZZZZI. |                  &#10;TSOOL.JJ |                  &#10;TTOOS.SJ |                  &#10;I.SZLLLL |                  &#10;&#10;step=297, rand=4, actions=&lt;Right&gt;&#10;Want     | Got ✗            &#10;----------------------------&#10;....S... | GameOverDisplay()&#10;....SS.. |                  &#10;.Z...S.. |                  &#10;ZZZ..... |                  &#10;ZZZTT.I. |                  &#10;TZTTTTI. |                  &#10;TTZTTZI. |                  &#10;TZZZZZI. |                  &#10;TSOOL.JJ |                  &#10;TTOOS.SJ |                  &#10;I.SZLLLL |                  &#10;&#10;step=298, rand=4, actions=&lt;Down&gt;&#10;Want     | Got ✗            &#10;----------------------------&#10;........ | GameOverDisplay()&#10;....S... |                  &#10;.Z..SS.. |                  &#10;ZZZ..S.. |                  &#10;ZZZTT.I. |                  &#10;TZTTTTI. |                  &#10;TTZTTZI. |                  &#10;TZZZZZI. |                  &#10;TSOOL.JJ |                  &#10;TTOOS.SJ |                  &#10;I.SZLLLL |                  &#10;&#10;step=299, rand=4, actions=&lt;Down&gt;&#10;Want     | Got ✗            &#10;----------------------------&#10;........ | GameOverDisplay()&#10;........ |                  &#10;.Z..S... |                  &#10;ZZZ.SS.. |                  &#10;ZZZTTSI. |                  &#10;TZTTTTI. |                  &#10;TTZTTZI. |                  &#10;TZZZZZI. |                  &#10;TSOOL.JJ |                  &#10;TTOOS.SJ |                  &#10;I.SZLLLL |                  &#10;&#10;step=300, rand=3, actions=&lt;Down&gt;&#10;Want     | Got ✗            &#10;----------------------------&#10;...OO... | GameOverDisplay()&#10;...OO... |                  &#10;.Z..S... |                  &#10;ZZZ.SS.. |                  &#10;ZZZTTSI. |                  &#10;TZTTTTI. |                  &#10;TTZTTZI. |                  &#10;TZZZZZI. |                  &#10;TSOOL.JJ |                  &#10;TTOOS.SJ |                  &#10;I.SZLLLL |                  &#10;&#10;step=301, rand=3, actions=&lt;Right&gt;&#10;Want     | Got ✗            &#10;----------------------------&#10;....OO.. | GameOverDisplay()&#10;....OO.. |                  &#10;.Z..S... |                  &#10;ZZZ.SS.. |                  &#10;ZZZTTSI. |                  &#10;TZTTTTI. |                  &#10;TTZTTZI. |                  &#10;TZZZZZI. |                  &#10;TSOOL.JJ |                  &#10;TTOOS.SJ |                  &#10;I.SZLLLL |                  &#10;&#10;step=302, rand=3, actions=&lt;Right&gt;&#10;Want     | Got ✗            &#10;----------------------------&#10;.....OO. | GameOverDisplay()&#10;.....OO. |                  &#10;.Z..S... |                  &#10;ZZZ.SS.. |                  &#10;ZZZTTSI. |                  &#10;TZTTTTI. |                  &#10;TTZTTZI. |                  &#10;TZZZZZI. |                  &#10;TSOOL.JJ |                  &#10;TTOOS.SJ |                  &#10;I.SZLLLL |                  &#10;&#10;step=303, rand=3, actions=&lt;Right&gt;&#10;Want     | Got ✗            &#10;----------------------------&#10;......OO | GameOverDisplay()&#10;......OO |                  &#10;.Z..S... |                  &#10;ZZZ.SS.. |                  &#10;ZZZTTSI. |                  &#10;TZTTTTI. |                  &#10;TTZTTZI. |                  &#10;TZZZZZI. |                  &#10;TSOOL.JJ |                  &#10;TTOOS.SJ |                  &#10;I.SZLLLL |                  &#10;&#10;step=304, rand=3, actions=&lt;Down&gt;&#10;Want     | Got ✗            &#10;----------------------------&#10;........ | GameOverDisplay()&#10;......OO |                  &#10;.Z..S.OO |                  &#10;ZZZ.SS.. |                  &#10;ZZZTTSI. |                  &#10;TZTTTTI. |                  &#10;TTZTTZI. |                  &#10;TZZZZZI. |                  &#10;TSOOL.JJ |                  &#10;TTOOS.SJ |                  &#10;I.SZLLLL |                  &#10;&#10;step=305, rand=3, actions=&lt;Down&gt;&#10;Want     | Got ✗            &#10;----------------------------&#10;........ | GameOverDisplay()&#10;........ |                  &#10;.Z..S.OO |                  &#10;ZZZ.SSOO |                  &#10;ZZZTTSI. |                  &#10;TZTTTTI. |                  &#10;TTZTTZI. |                  &#10;TZZZZZI. |                  &#10;TSOOL.JJ |                  &#10;TTOOS.SJ |                  &#10;I.SZLLLL |                  &#10;&#10;step=306, rand=3, actions=&lt;Down&gt;&#10;Want     | Got ✗            &#10;----------------------------&#10;...OO... | GameOverDisplay()&#10;...OO... |                  &#10;.Z..S.OO |                  &#10;ZZZ.SSOO |                  &#10;ZZZTTSI. |                  &#10;TZTTTTI. |                  &#10;TTZTTZI. |                  &#10;TZZZZZI. |                  &#10;TSOOL.JJ |                  &#10;TTOOS.SJ |                  &#10;I.SZLLLL |                  &#10;&#10;step=307, rand=3, actions=&lt;Left&gt;&#10;Want     | Got ✗            &#10;----------------------------&#10;..OO.... | GameOverDisplay()&#10;..OO.... |                  &#10;.Z..S.OO |                  &#10;ZZZ.SSOO |                  &#10;ZZZTTSI. |                  &#10;TZTTTTI. |                  &#10;TTZTTZI. |                  &#10;TZZZZZI. |                  &#10;TSOOL.JJ |                  &#10;TTOOS.SJ |                  &#10;I.SZLLLL |                  &#10;&#10;step=308, rand=3, actions=&lt;Left&gt;&#10;Want     | Got ✗            &#10;----------------------------&#10;.OO..... | GameOverDisplay()&#10;.OO..... |                  &#10;.Z..S.OO |                  &#10;ZZZ.SSOO |                  &#10;ZZZTTSI. |                  &#10;TZTTTTI. |                  &#10;TTZTTZI. |                  &#10;TZZZZZI. |                  &#10;TSOOL.JJ |                  &#10;TTOOS.SJ |                  &#10;I.SZLLLL |                  &#10;&#10;step=309, rand=3, actions=&lt;Right&gt;&#10;Want     | Got ✗            &#10;----------------------------&#10;..OO.... | GameOverDisplay()&#10;..OO.... |                  &#10;.Z..S.OO |                  &#10;ZZZ.SSOO |                  &#10;ZZZTTSI. |                  &#10;TZTTTTI. |                  &#10;TTZTTZI. |                  &#10;TZZZZZI. |                  &#10;TSOOL.JJ |                  &#10;TTOOS.SJ |                  &#10;I.SZLLLL |                  &#10;&#10;step=310, rand=3, actions=&lt;Down&gt;&#10;Want     | Got ✗            &#10;----------------------------&#10;........ | GameOverDisplay()&#10;..OO.... |                  &#10;.ZOOS.OO |                  &#10;ZZZ.SSOO |                  &#10;ZZZTTSI. |                  &#10;TZTTTTI. |                  &#10;TTZTTZI. |                  &#10;TZZZZZI. |                  &#10;TSOOL.JJ |                  &#10;TTOOS.SJ |                  &#10;I.SZLLLL |                  &#10;&#10;step=311, rand=1, actions=&lt;Down&gt;&#10;Want              | Got ✓            &#10;-------------------------------------&#10;GameOverDisplay() | GameOverDisplay()&#10;&#10;" type="org.scalatest.exceptions.TestFailedException">org.scalatest.exceptions.TestFailedException: didPass was false
--------------------------------------------------------------------------------
This is what went wrong:

step=0, rand=2, actions=&lt;&gt;
Want     | Got ✓   
-------------------
....L... | ....L...
..LLL... | ..LLL...
........ | ........
........ | ........
........ | ........
........ | ........
........ | ........
........ | ........
........ | ........
........ | ........
........ | ........

step=1, rand=2, actions=&lt;Right&gt;
Want     | Got ✓   
-------------------
.....L.. | .....L..
...LLL.. | ...LLL..
........ | ........
........ | ........
........ | ........
........ | ........
........ | ........
........ | ........
........ | ........
........ | ........
........ | ........

step=2, rand=2, actions=&lt;Right&gt;
Want     | Got ✓   
-------------------
......L. | ......L.
....LLL. | ....LLL.
........ | ........
........ | ........
........ | ........
........ | ........
........ | ........
........ | ........
........ | ........
........ | ........
........ | ........

step=3, rand=2, actions=&lt;Down&gt;
Want     | Got ✓   
-------------------
........ | ........
......L. | ......L.
....LLL. | ....LLL.
........ | ........
........ | ........
........ | ........
........ | ........
........ | ........
........ | ........
........ | ........
........ | ........

step=4, rand=2, actions=&lt;Down&gt;
Want     | Got ✓   
-------------------
........ | ........
........ | ........
......L. | ......L.
....LLL. | ....LLL.
........ | ........
........ | ........
........ | ........
........ | ........
........ | ........
........ | ........
........ | ........

step=5, rand=2, actions=&lt;Down&gt;
Want     | Got ✓   
-------------------
........ | ........
........ | ........
........ | ........
......L. | ......L.
....LLL. | ....LLL.
........ | ........
........ | ........
........ | ........
........ | ........
........ | ........
........ | ........

step=6, rand=2, actions=&lt;Down&gt;
Want     | Got ✓   
-------------------
........ | ........
........ | ........
........ | ........
........ | ........
......L. | ......L.
....LLL. | ....LLL.
........ | ........
........ | ........
........ | ........
........ | ........
........ | ........

step=7, rand=2, actions=&lt;Down&gt;
Want     | Got ✓   
-------------------
........ | ........
........ | ........
........ | ........
........ | ........
........ | ........
......L. | ......L.
....LLL. | ....LLL.
........ | ........
........ | ........
........ | ........
........ | ........

step=8, rand=2, actions=&lt;Down&gt;
Want     | Got ✓   
-------------------
........ | ........
........ | ........
........ | ........
........ | ........
........ | ........
........ | ........
......L. | ......L.
....LLL. | ....LLL.
........ | ........
........ | ........
........ | ........

step=9, rand=2, actions=&lt;Down&gt;
Want     | Got ✓   
-------------------
........ | ........
........ | ........
........ | ........
........ | ........
........ | ........
........ | ........
........ | ........
......L. | ......L.
....LLL. | ....LLL.
........ | ........
........ | ........

step=10, rand=2, actions=&lt;Down&gt;
Want     | Got ✓   
-------------------
........ | ........
........ | ........
........ | ........
........ | ........
........ | ........
........ | ........
........ | ........
........ | ........
......L. | ......L.
....LLL. | ....LLL.
........ | ........

step=11, rand=2, actions=&lt;Down&gt;
Want     | Got ✓   
-------------------
........ | ........
........ | ........
........ | ........
........ | ........
........ | ........
........ | ........
........ | ........
........ | ........
........ | ........
......L. | ......L.
....LLL. | ....LLL.

step=12, rand=6, actions=&lt;Down&gt;
Want     | Got ✓   
-------------------
..ZZ.... | ..ZZ....
...ZZ... | ...ZZ...
........ | ........
........ | ........
........ | ........
........ | ........
........ | ........
........ | ........
........ | ........
......L. | ......L.
....LLL. | ....LLL.

step=13, rand=6, actions=&lt;RotateRight&gt;
Want     | Got ✓   
-------------------
....Z... | ....Z...
...ZZ... | ...ZZ...
...Z.... | ...Z....
........ | ........
........ | ........
........ | ........
........ | ........
........ | ........
........ | ........
......L. | ......L.
....LLL. | ....LLL.

step=14, rand=6, actions=&lt;Down&gt;
Want     | Got ✓   
-------------------
........ | ........
....Z... | ....Z...
...ZZ... | ...ZZ...
...Z.... | ...Z....
........ | ........
........ | ........
........ | ........
........ | ........
........ | ........
......L. | ......L.
....LLL. | ....LLL.

step=15, rand=6, actions=&lt;Down&gt;
Want     | Got ✓   
-------------------
........ | ........
........ | ........
....Z... | ....Z...
...ZZ... | ...ZZ...
...Z.... | ...Z....
........ | ........
........ | ........
........ | ........
........ | ........
......L. | ......L.
....LLL. | ....LLL.

step=16, rand=6, actions=&lt;Down&gt;
Want     | Got ✓   
-------------------
........ | ........
........ | ........
........ | ........
....Z... | ....Z...
...ZZ... | ...ZZ...
...Z.... | ...Z....
........ | ........
........ | ........
........ | ........
......L. | ......L.
....LLL. | ....LLL.

step=17, rand=6, actions=&lt;Down&gt;
Want     | Got ✓   
-------------------
........ | ........
........ | ........
........ | ........
........ | ........
....Z... | ....Z...
...ZZ... | ...ZZ...
...Z.... | ...Z....
........ | ........
........ | ........
......L. | ......L.
....LLL. | ....LLL.

step=18, rand=6, actions=&lt;Down&gt;
Want     | Got ✓   
-------------------
........ | ........
........ | ........
........ | ........
........ | ........
........ | ........
....Z... | ....Z...
...ZZ... | ...ZZ...
...Z.... | ...Z....
........ | ........
......L. | ......L.
....LLL. | ....LLL.

step=19, rand=6, actions=&lt;Down&gt;
Want     | Got ✓   
-------------------
........ | ........
........ | ........
........ | ........
........ | ........
........ | ........
........ | ........
....Z... | ....Z...
...ZZ... | ...ZZ...
...Z.... | ...Z....
......L. | ......L.
....LLL. | ....LLL.

step=20, rand=6, actions=&lt;Down&gt;
Want     | Got ✓   
-------------------
........ | ........
........ | ........
........ | ........
........ | ........
........ | ........
........ | ........
........ | ........
....Z... | ....Z...
...ZZ... | ...ZZ...
...Z..L. | ...Z..L.
....LLL. | ....LLL.

step=21, rand=6, actions=&lt;Down&gt;
Want     | Got ✓   
-------------------
........ | ........
........ | ........
........ | ........
........ | ........
........ | ........
........ | ........
........ | ........
........ | ........
....Z... | ....Z...
...ZZ.L. | ...ZZ.L.
...ZLLL. | ...ZLLL.

step=22, rand=4, actions=&lt;Down&gt;
Want     | Got ✓   
-------------------
...SS... | ...SS...
..SS.... | ..SS....
........ | ........
........ | ........
........ | ........
........ | ........
........ | ........
........ | ........
....Z... | ....Z...
...ZZ.L. | ...ZZ.L.
...ZLLL. | ...ZLLL.

step=23, rand=4, actions=&lt;Left&gt;
Want     | Got ✓   
-------------------
..SS.... | ..SS....
.SS..... | .SS.....
........ | ........
........ | ........
........ | ........
........ | ........
........ | ........
........ | ........
....Z... | ....Z...
...ZZ.L. | ...ZZ.L.
...ZLLL. | ...ZLLL.

step=24, rand=4, actions=&lt;RotateRight&gt;
Want     | Got ✓   
-------------------
..S..... | ..S.....
..SS.... | ..SS....
...S.... | ...S....
........ | ........
........ | ........
........ | ........
........ | ........
........ | ........
....Z... | ....Z...
...ZZ.L. | ...ZZ.L.
...ZLLL. | ...ZLLL.

step=25, rand=4, actions=&lt;Left&gt;
Want     | Got ✓   
-------------------
.S...... | .S......
.SS..... | .SS.....
..S..... | ..S.....
........ | ........
........ | ........
........ | ........
........ | ........
........ | ........
....Z... | ....Z...
...ZZ.L. | ...ZZ.L.
...ZLLL. | ...ZLLL.

step=26, rand=4, actions=&lt;Down&gt;
Want     | Got ✓   
-------------------
........ | ........
.S...... | .S......
.SS..... | .SS.....
..S..... | ..S.....
........ | ........
........ | ........
........ | ........
........ | ........
....Z... | ....Z...
...ZZ.L. | ...ZZ.L.
...ZLLL. | ...ZLLL.

step=27, rand=4, actions=&lt;Down&gt;
Want     | Got ✓   
-------------------
........ | ........
........ | ........
.S...... | .S......
.SS..... | .SS.....
..S..... | ..S.....
........ | ........
........ | ........
........ | ........
....Z... | ....Z...
...ZZ.L. | ...ZZ.L.
...ZLLL. | ...ZLLL.

step=28, rand=4, actions=&lt;Down&gt;
Want     | Got ✓   
-------------------
........ | ........
........ | ........
........ | ........
.S...... | .S......
.SS..... | .SS.....
..S..... | ..S.....
........ | ........
........ | ........
....Z... | ....Z...
...ZZ.L. | ...ZZ.L.
...ZLLL. | ...ZLLL.

step=29, rand=4, actions=&lt;Down&gt;
Want     | Got ✓   
-------------------
........ | ........
........ | ........
........ | ........
........ | ........
.S...... | .S......
.SS..... | .SS.....
..S..... | ..S.....
........ | ........
....Z... | ....Z...
...ZZ.L. | ...ZZ.L.
...ZLLL. | ...ZLLL.

step=30, rand=4, actions=&lt;Down&gt;
Want     | Got ✓   
-------------------
........ | ........
........ | ........
........ | ........
........ | ........
........ | ........
.S...... | .S......
.SS..... | .SS.....
..S..... | ..S.....
....Z... | ....Z...
...ZZ.L. | ...ZZ.L.
...ZLLL. | ...ZLLL.

step=31, rand=4, actions=&lt;Down&gt;
Want     | Got ✓   
-------------------
........ | ........
........ | ........
........ | ........
........ | ........
........ | ........
........ | ........
.S...... | .S......
.SS..... | .SS.....
..S.Z... | ..S.Z...
...ZZ.L. | ...ZZ.L.
...ZLLL. | ...ZLLL.

step=32, rand=4, actions=&lt;Down&gt;
Want     | Got ✓   
-------------------
........ | ........
........ | ........
........ | ........
........ | ........
........ | ........
........ | ........
........ | ........
.S...... | .S......
.SS.Z... | .SS.Z...
..SZZ.L. | ..SZZ.L.
...ZLLL. | ...ZLLL.

step=33, rand=4, actions=&lt;Down&gt;
Want     | Got ✓   
-------------------
........ | ........
........ | ........
........ | ........
........ | ........
........ | ........
........ | ........
........ | ........
........ | ........
.S..Z... | .S..Z...
.SSZZ.L. | .SSZZ.L.
..SZLLL. | ..SZLLL.

step=34, rand=0, actions=&lt;Down&gt;
Want     | Got ✓   
-------------------
........ | ........
..IIII.. | ..IIII..
........ | ........
........ | ........
........ | ........
........ | ........
........ | ........
........ | ........
.S..Z... | .S..Z...
.SSZZ.L. | .SSZZ.L.
..SZLLL. | ..SZLLL.

step=35, rand=0, actions=&lt;RotateRight&gt;
Want     | Got ✓   
-------------------
....I... | ....I...
....I... | ....I...
....I... | ....I...
....I... | ....I...
........ | ........
........ | ........
........ | ........
........ | ........
.S..Z... | .S..Z...
.SSZZ.L. | .SSZZ.L.
..SZLLL. | ..SZLLL.

step=36, rand=0, actions=&lt;Left&gt;
Want     | Got ✓   
-------------------
...I.... | ...I....
...I.... | ...I....
...I.... | ...I....
...I.... | ...I....
........ | ........
........ | ........
........ | ........
........ | ........
.S..Z... | .S..Z...
.SSZZ.L. | .SSZZ.L.
..SZLLL. | ..SZLLL.

step=37, rand=0, actions=&lt;Left&gt;
Want     | Got ✓   
-------------------
..I..... | ..I.....
..I..... | ..I.....
..I..... | ..I.....
..I..... | ..I.....
........ | ........
........ | ........
........ | ........
........ | ........
.S..Z... | .S..Z...
.SSZZ.L. | .SSZZ.L.
..SZLLL. | ..SZLLL.

step=38, rand=0, actions=&lt;Left&gt;
Want     | Got ✓   
-------------------
.I...... | .I......
.I...... | .I......
.I...... | .I......
.I...... | .I......
........ | ........
........ | ........
........ | ........
........ | ........
.S..Z... | .S..Z...
.SSZZ.L. | .SSZZ.L.
..SZLLL. | ..SZLLL.

step=39, rand=0, actions=&lt;Left&gt;
Want     | Got ✓   
-------------------
I....... | I.......
I....... | I.......
I....... | I.......
I....... | I.......
........ | ........
........ | ........
........ | ........
........ | ........
.S..Z... | .S..Z...
.SSZZ.L. | .SSZZ.L.
..SZLLL. | ..SZLLL.

step=40, rand=0, actions=&lt;Left&gt;
Want     | Got ✓   
-------------------
I....... | I.......
I....... | I.......
I....... | I.......
I....... | I.......
........ | ........
........ | ........
........ | ........
........ | ........
.S..Z... | .S..Z...
.SSZZ.L. | .SSZZ.L.
..SZLLL. | ..SZLLL.

step=41, rand=0, actions=&lt;Down&gt;
Want     | Got ✓   
-------------------
........ | ........
I....... | I.......
I....... | I.......
I....... | I.......
I....... | I.......
........ | ........
........ | ........
........ | ........
.S..Z... | .S..Z...
.SSZZ.L. | .SSZZ.L.
..SZLLL. | ..SZLLL.

step=42, rand=0, actions=&lt;Down&gt;
Want     | Got ✓   
-------------------
........ | ........
........ | ........
I....... | I.......
I....... | I.......
I....... | I.......
I....... | I.......
........ | ........
........ | ........
.S..Z... | .S..Z...
.SSZZ.L. | .SSZZ.L.
..SZLLL. | ..SZLLL.

step=43, rand=0, actions=&lt;Down&gt;
Want     | Got ✓   
-------------------
........ | ........
........ | ........
........ | ........
I....... | I.......
I....... | I.......
I....... | I.......
I....... | I.......
........ | ........
.S..Z... | .S..Z...
.SSZZ.L. | .SSZZ.L.
..SZLLL. | ..SZLLL.

step=44, rand=0, actions=&lt;Down&gt;
Want     | Got ✓   
-------------------
........ | ........
........ | ........
........ | ........
........ | ........
I....... | I.......
I....... | I.......
I....... | I.......
I....... | I.......
.S..Z... | .S..Z...
.SSZZ.L. | .SSZZ.L.
..SZLLL. | ..SZLLL.

step=45, rand=0, actions=&lt;Down&gt;
Want     | Got ✓   
-------------------
........ | ........
........ | ........
........ | ........
........ | ........
........ | ........
I....... | I.......
I....... | I.......
I....... | I.......
IS..Z... | IS..Z...
.SSZZ.L. | .SSZZ.L.
..SZLLL. | ..SZLLL.

step=46, rand=0, actions=&lt;Down&gt;
Want     | Got ✓   
-------------------
........ | ........
........ | ........
........ | ........
........ | ........
........ | ........
........ | ........
I....... | I.......
I....... | I.......
IS..Z... | IS..Z...
ISSZZ.L. | ISSZZ.L.
..SZLLL. | ..SZLLL.

step=47, rand=0, actions=&lt;Down&gt;
Want     | Got ✓   
-------------------
........ | ........
........ | ........
........ | ........
........ | ........
........ | ........
........ | ........
........ | ........
I....... | I.......
IS..Z... | IS..Z...
ISSZZ.L. | ISSZZ.L.
I.SZLLL. | I.SZLLL.

step=48, rand=3, actions=&lt;Down&gt;
Want     | Got ✓   
-------------------
...OO... | ...OO...
...OO... | ...OO...
........ | ........
........ | ........
........ | ........
........ | ........
........ | ........
I....... | I.......
IS..Z... | IS..Z...
ISSZZ.L. | ISSZZ.L.
I.SZLLL. | I.SZLLL.

step=49, rand=3, actions=&lt;Left&gt;
Want     | Got ✓   
-------------------
..OO.... | ..OO....
..OO.... | ..OO....
........ | ........
........ | ........
........ | ........
........ | ........
........ | ........
I....... | I.......
IS..Z... | IS..Z...
ISSZZ.L. | ISSZZ.L.
I.SZLLL. | I.SZLLL.

step=50, rand=3, actions=&lt;Down&gt;
Want     | Got ✓   
-------------------
........ | ........
..OO.... | ..OO....
..OO.... | ..OO....
........ | ........
........ | ........
........ | ........
........ | ........
I....... | I.......
IS..Z... | IS..Z...
ISSZZ.L. | ISSZZ.L.
I.SZLLL. | I.SZLLL.

step=51, rand=3, actions=&lt;Left&gt;
Want     | Got ✓   
-------------------
........ | ........
.OO..... | .OO.....
.OO..... | .OO.....
........ | ........
........ | ........
........ | ........
........ | ........
I....... | I.......
IS..Z... | IS..Z...
ISSZZ.L. | ISSZZ.L.
I.SZLLL. | I.SZLLL.

step=52, rand=3, actions=&lt;Down&gt;
Want     | Got ✓   
-------------------
........ | ........
........ | ........
.OO..... | .OO.....
.OO..... | .OO.....
........ | ........
........ | ........
........ | ........
I....... | I.......
IS..Z... | IS..Z...
ISSZZ.L. | ISSZZ.L.
I.SZLLL. | I.SZLLL.

step=53, rand=3, actions=&lt;Down&gt;
Want     | Got ✓   
-------------------
........ | ........
........ | ........
........ | ........
.OO..... | .OO.....
.OO..... | .OO.....
........ | ........
........ | ........
I....... | I.......
IS..Z... | IS..Z...
ISSZZ.L. | ISSZZ.L.
I.SZLLL. | I.SZLLL.

step=54, rand=3, actions=&lt;Down&gt;
Want     | Got ✓   
-------------------
........ | ........
........ | ........
........ | ........
........ | ........
.OO..... | .OO.....
.OO..... | .OO.....
........ | ........
I....... | I.......
IS..Z... | IS..Z...
ISSZZ.L. | ISSZZ.L.
I.SZLLL. | I.SZLLL.

step=55, rand=3, actions=&lt;Down&gt;
Want     | Got ✓   
-------------------
........ | ........
........ | ........
........ | ........
........ | ........
........ | ........
.OO..... | .OO.....
.OO..... | .OO.....
I....... | I.......
IS..Z... | IS..Z...
ISSZZ.L. | ISSZZ.L.
I.SZLLL. | I.SZLLL.

step=56, rand=3, actions=&lt;Right&gt;
Want     | Got ✓   
-------------------
........ | ........
........ | ........
........ | ........
........ | ........
........ | ........
..OO.... | ..OO....
..OO.... | ..OO....
I....... | I.......
IS..Z... | IS..Z...
ISSZZ.L. | ISSZZ.L.
I.SZLLL. | I.SZLLL.

step=57, rand=3, actions=&lt;Down&gt;
Want     | Got ✓   
-------------------
........ | ........
........ | ........
........ | ........
........ | ........
........ | ........
........ | ........
..OO.... | ..OO....
I.OO.... | I.OO....
IS..Z... | IS..Z...
ISSZZ.L. | ISSZZ.L.
I.SZLLL. | I.SZLLL.

step=58, rand=3, actions=&lt;Down&gt;
Want     | Got ✓   
-------------------
........ | ........
........ | ........
........ | ........
........ | ........
........ | ........
........ | ........
........ | ........
I.OO.... | I.OO....
ISOOZ... | ISOOZ...
ISSZZ.L. | ISSZZ.L.
I.SZLLL. | I.SZLLL.

step=59, rand=3, actions=&lt;Down&gt;
Want     | Got ✓   
-------------------
...OO... | ...OO...
...OO... | ...OO...
........ | ........
........ | ........
........ | ........
........ | ........
........ | ........
I.OO.... | I.OO....
ISOOZ... | ISOOZ...
ISSZZ.L. | ISSZZ.L.
I.SZLLL. | I.SZLLL.

step=60, rand=3, actions=&lt;Left&gt;
Want     | Got ✓   
-------------------
..OO.... | ..OO....
..OO.... | ..OO....
........ | ........
........ | ........
........ | ........
........ | ........
........ | ........
I.OO.... | I.OO....
ISOOZ... | ISOOZ...
ISSZZ.L. | ISSZZ.L.
I.SZLLL. | I.SZLLL.

step=61, rand=3, actions=&lt;Down&gt;
Want     | Got ✓   
-------------------
........ | ........
..OO.... | ..OO....
..OO.... | ..OO....
........ | ........
........ | ........
........ | ........
........ | ........
I.OO.... | I.OO....
ISOOZ... | ISOOZ...
ISSZZ.L. | ISSZZ.L.
I.SZLLL. | I.SZLLL.

step=62, rand=3, actions=&lt;Down&gt;
Want     | Got ✓   
-------------------
........ | ........
........ | ........
..OO.... | ..OO....
..OO.... | ..OO....
........ | ........
........ | ........
........ | ........
I.OO.... | I.OO....
ISOOZ... | ISOOZ...
ISSZZ.L. | ISSZZ.L.
I.SZLLL. | I.SZLLL.

step=63, rand=3, actions=&lt;Down&gt;
Want     | Got ✓   
-------------------
........ | ........
........ | ........
........ | ........
..OO.... | ..OO....
..OO.... | ..OO....
........ | ........
........ | ........
I.OO.... | I.OO....
ISOOZ... | ISOOZ...
ISSZZ.L. | ISSZZ.L.
I.SZLLL. | I.SZLLL.

step=64, rand=3, actions=&lt;Down&gt;
Want     | Got ✓   
-------------------
........ | ........
........ | ........
........ | ........
........ | ........
..OO.... | ..OO....
..OO.... | ..OO....
........ | ........
I.OO.... | I.OO....
ISOOZ... | ISOOZ...
ISSZZ.L. | ISSZZ.L.
I.SZLLL. | I.SZLLL.

step=65, rand=3, actions=&lt;Down&gt;
Want     | Got ✓   
-------------------
........ | ........
........ | ........
........ | ........
........ | ........
........ | ........
..OO.... | ..OO....
..OO.... | ..OO....
I.OO.... | I.OO....
ISOOZ... | ISOOZ...
ISSZZ.L. | ISSZZ.L.
I.SZLLL. | I.SZLLL.

step=66, rand=2, actions=&lt;Down&gt;
Want     | Got ✓   
-------------------
....L... | ....L...
..LLL... | ..LLL...
........ | ........
........ | ........
........ | ........
..OO.... | ..OO....
..OO.... | ..OO....
I.OO.... | I.OO....
ISOOZ... | ISOOZ...
ISSZZ.L. | ISSZZ.L.
I.SZLLL. | I.SZLLL.

step=67, rand=2, actions=&lt;RotateRight&gt;
Want     | Got ✓   
-------------------
...L.... | ...L....
...L.... | ...L....
...LL... | ...LL...
........ | ........
........ | ........
..OO.... | ..OO....
..OO.... | ..OO....
I.OO.... | I.OO....
ISOOZ... | ISOOZ...
ISSZZ.L. | ISSZZ.L.
I.SZLLL. | I.SZLLL.

step=68, rand=2, actions=&lt;Right&gt;
Want     | Got ✓   
-------------------
....L... | ....L...
....L... | ....L...
....LL.. | ....LL..
........ | ........
........ | ........
..OO.... | ..OO....
..OO.... | ..OO....
I.OO.... | I.OO....
ISOOZ... | ISOOZ...
ISSZZ.L. | ISSZZ.L.
I.SZLLL. | I.SZLLL.

step=69, rand=2, actions=&lt;Right&gt;
Want     | Got ✓   
-------------------
.....L.. | .....L..
.....L.. | .....L..
.....LL. | .....LL.
........ | ........
........ | ........
..OO.... | ..OO....
..OO.... | ..OO....
I.OO.... | I.OO....
ISOOZ... | ISOOZ...
ISSZZ.L. | ISSZZ.L.
I.SZLLL. | I.SZLLL.

step=70, rand=2, actions=&lt;RotateRight&gt;
Want     | Got ✓   
-------------------
........ | ........
....LLL. | ....LLL.
....L... | ....L...
........ | ........
........ | ........
..OO.... | ..OO....
..OO.... | ..OO....
I.OO.... | I.OO....
ISOOZ... | ISOOZ...
ISSZZ.L. | ISSZZ.L.
I.SZLLL. | I.SZLLL.

step=71, rand=2, actions=&lt;RotateRight&gt;
Want     | Got ✓   
-------------------
....LL.. | ....LL..
.....L.. | .....L..
.....L.. | .....L..
........ | ........
........ | ........
..OO.... | ..OO....
..OO.... | ..OO....
I.OO.... | I.OO....
ISOOZ... | ISOOZ...
ISSZZ.L. | ISSZZ.L.
I.SZLLL. | I.SZLLL.

step=72, rand=2, actions=&lt;Right&gt;
Want     | Got ✓   
-------------------
.....LL. | .....LL.
......L. | ......L.
......L. | ......L.
........ | ........
........ | ........
..OO.... | ..OO....
..OO.... | ..OO....
I.OO.... | I.OO....
ISOOZ... | ISOOZ...
ISSZZ.L. | ISSZZ.L.
I.SZLLL. | I.SZLLL.

step=73, rand=2, actions=&lt;Right&gt;
Want     | Got ✓   
-------------------
......LL | ......LL
.......L | .......L
.......L | .......L
........ | ........
........ | ........
..OO.... | ..OO....
..OO.... | ..OO....
I.OO.... | I.OO....
ISOOZ... | ISOOZ...
ISSZZ.L. | ISSZZ.L.
I.SZLLL. | I.SZLLL.

step=74, rand=2, actions=&lt;Down&gt;
Want     | Got ✓   
-------------------
........ | ........
......LL | ......LL
.......L | .......L
.......L | .......L
........ | ........
..OO.... | ..OO....
..OO.... | ..OO....
I.OO.... | I.OO....
ISOOZ... | ISOOZ...
ISSZZ.L. | ISSZZ.L.
I.SZLLL. | I.SZLLL.

step=75, rand=2, actions=&lt;Down&gt;
Want     | Got ✓   
-------------------
........ | ........
........ | ........
......LL | ......LL
.......L | .......L
.......L | .......L
..OO.... | ..OO....
..OO.... | ..OO....
I.OO.... | I.OO....
ISOOZ... | ISOOZ...
ISSZZ.L. | ISSZZ.L.
I.SZLLL. | I.SZLLL.

step=76, rand=2, actions=&lt;Down&gt;
Want     | Got ✓   
-------------------
........ | ........
........ | ........
........ | ........
......LL | ......LL
.......L | .......L
..OO...L | ..OO...L
..OO.... | ..OO....
I.OO.... | I.OO....
ISOOZ... | ISOOZ...
ISSZZ.L. | ISSZZ.L.
I.SZLLL. | I.SZLLL.

step=77, rand=2, actions=&lt;Down&gt;
Want     | Got ✓   
-------------------
........ | ........
........ | ........
........ | ........
........ | ........
......LL | ......LL
..OO...L | ..OO...L
..OO...L | ..OO...L
I.OO.... | I.OO....
ISOOZ... | ISOOZ...
ISSZZ.L. | ISSZZ.L.
I.SZLLL. | I.SZLLL.

step=78, rand=2, actions=&lt;Down&gt;
Want     | Got ✓   
-------------------
........ | ........
........ | ........
........ | ........
........ | ........
........ | ........
..OO..LL | ..OO..LL
..OO...L | ..OO...L
I.OO...L | I.OO...L
ISOOZ... | ISOOZ...
ISSZZ.L. | ISSZZ.L.
I.SZLLL. | I.SZLLL.

step=79, rand=2, actions=&lt;Down&gt;
Want     | Got ✓   
-------------------
........ | ........
........ | ........
........ | ........
........ | ........
........ | ........
..OO.... | ..OO....
..OO..LL | ..OO..LL
I.OO...L | I.OO...L
ISOOZ..L | ISOOZ..L
ISSZZ.L. | ISSZZ.L.
I.SZLLL. | I.SZLLL.

step=80, rand=2, actions=&lt;Down&gt;
Want     | Got ✓   
-------------------
........ | ........
........ | ........
........ | ........
........ | ........
........ | ........
..OO.... | ..OO....
..OO.... | ..OO....
I.OO..LL | I.OO..LL
ISOOZ..L | ISOOZ..L
ISSZZ.LL | ISSZZ.LL
I.SZLLL. | I.SZLLL.

step=81, rand=2, actions=&lt;Down&gt;
Want     | Got ✓   
-------------------
........ | ........
........ | ........
........ | ........
........ | ........
........ | ........
..OO.... | ..OO....
..OO.... | ..OO....
I.OO.... | I.OO....
ISOOZ.LL | ISOOZ.LL
ISSZZ.LL | ISSZZ.LL
I.SZLLLL | I.SZLLLL

step=82, rand=5, actions=&lt;Down&gt;
Want     | Got ✓   
-------------------
...T.... | ...T....
..TTT... | ..TTT...
........ | ........
........ | ........
........ | ........
..OO.... | ..OO....
..OO.... | ..OO....
I.OO.... | I.OO....
ISOOZ.LL | ISOOZ.LL
ISSZZ.LL | ISSZZ.LL
I.SZLLLL | I.SZLLLL

step=83, rand=5, actions=&lt;Right&gt;
Want     | Got ✓   
-------------------
....T... | ....T...
...TTT.. | ...TTT..
........ | ........
........ | ........
........ | ........
..OO.... | ..OO....
..OO.... | ..OO....
I.OO.... | I.OO....
ISOOZ.LL | ISOOZ.LL
ISSZZ.LL | ISSZZ.LL
I.SZLLLL | I.SZLLLL

step=84, rand=5, actions=&lt;Right&gt;
Want     | Got ✓   
-------------------
.....T.. | .....T..
....TTT. | ....TTT.
........ | ........
........ | ........
........ | ........
..OO.... | ..OO....
..OO.... | ..OO....
I.OO.... | I.OO....
ISOOZ.LL | ISOOZ.LL
ISSZZ.LL | ISSZZ.LL
I.SZLLLL | I.SZLLLL

step=85, rand=5, actions=&lt;RotateRight&gt;
Want     | Got ✓   
-------------------
.....T.. | .....T..
.....TT. | .....TT.
.....T.. | .....T..
........ | ........
........ | ........
..OO.... | ..OO....
..OO.... | ..OO....
I.OO.... | I.OO....
ISOOZ.LL | ISOOZ.LL
ISSZZ.LL | ISSZZ.LL
I.SZLLLL | I.SZLLLL

step=86, rand=5, actions=&lt;RotateRight&gt;
Want     | Got ✓   
-------------------
........ | ........
....TTT. | ....TTT.
.....T.. | .....T..
........ | ........
........ | ........
..OO.... | ..OO....
..OO.... | ..OO....
I.OO.... | I.OO....
ISOOZ.LL | ISOOZ.LL
ISSZZ.LL | ISSZZ.LL
I.SZLLLL | I.SZLLLL

step=87, rand=5, actions=&lt;Down&gt;
Want     | Got ✓   
-------------------
........ | ........
........ | ........
....TTT. | ....TTT.
.....T.. | .....T..
........ | ........
..OO.... | ..OO....
..OO.... | ..OO....
I.OO.... | I.OO....
ISOOZ.LL | ISOOZ.LL
ISSZZ.LL | ISSZZ.LL
I.SZLLLL | I.SZLLLL

step=88, rand=5, actions=&lt;Down&gt;
Want     | Got ✓   
-------------------
........ | ........
........ | ........
........ | ........
....TTT. | ....TTT.
.....T.. | .....T..
..OO.... | ..OO....
..OO.... | ..OO....
I.OO.... | I.OO....
ISOOZ.LL | ISOOZ.LL
ISSZZ.LL | ISSZZ.LL
I.SZLLLL | I.SZLLLL

step=89, rand=5, actions=&lt;Down&gt;
Want     | Got ✓   
-------------------
........ | ........
........ | ........
........ | ........
........ | ........
....TTT. | ....TTT.
..OO.T.. | ..OO.T..
..OO.... | ..OO....
I.OO.... | I.OO....
ISOOZ.LL | ISOOZ.LL
ISSZZ.LL | ISSZZ.LL
I.SZLLLL | I.SZLLLL

step=90, rand=5, actions=&lt;Down&gt;
Want     | Got ✓   
-------------------
........ | ........
........ | ........
........ | ........
........ | ........
........ | ........
..OOTTT. | ..OOTTT.
..OO.T.. | ..OO.T..
I.OO.... | I.OO....
ISOOZ.LL | ISOOZ.LL
ISSZZ.LL | ISSZZ.LL
I.SZLLLL | I.SZLLLL

step=91, rand=5, actions=&lt;Down&gt;
Want     | Got ✓   
-------------------
........ | ........
........ | ........
........ | ........
........ | ........
........ | ........
..OO.... | ..OO....
..OOTTT. | ..OOTTT.
I.OO.T.. | I.OO.T..
ISOOZ.LL | ISOOZ.LL
ISSZZ.LL | ISSZZ.LL
I.SZLLLL | I.SZLLLL

step=92, rand=5, actions=&lt;Down&gt;
Want     | Got ✓   
-------------------
........ | ........
........ | ........
........ | ........
........ | ........
........ | ........
..OO.... | ..OO....
..OO.... | ..OO....
I.OOTTT. | I.OOTTT.
ISOOZTLL | ISOOZTLL
ISSZZ.LL | ISSZZ.LL
I.SZLLLL | I.SZLLLL

step=93, rand=4, actions=&lt;Down&gt;
Want     | Got ✗   
-------------------
...SS... | ...SS...
..SS.... | ..SS....
........ | ........
........ | ........
........ | ........
........ | ..OO....
..OO.... | ..OO....
..OO.... | I.OOTTT.
I.OOTTT. | ISOOZTLL
ISSZZ.LL | ISSZZ.LL
I.SZLLLL | I.SZLLLL

step=94, rand=4, actions=&lt;Right&gt;
Want     | Got ✗   
-------------------
....SS.. | ....SS..
...SS... | ...SS...
........ | ........
........ | ........
........ | ........
........ | ..OO....
..OO.... | ..OO....
..OO.... | I.OOTTT.
I.OOTTT. | ISOOZTLL
ISSZZ.LL | ISSZZ.LL
I.SZLLLL | I.SZLLLL

step=95, rand=4, actions=&lt;RotateRight&gt;
Want     | Got ✗   
-------------------
....S... | ....S...
....SS.. | ....SS..
.....S.. | .....S..
........ | ........
........ | ........
........ | ..OO....
..OO.... | ..OO....
..OO.... | I.OOTTT.
I.OOTTT. | ISOOZTLL
ISSZZ.LL | ISSZZ.LL
I.SZLLLL | I.SZLLLL

step=96, rand=4, actions=&lt;Right&gt;
Want     | Got ✗   
-------------------
.....S.. | .....S..
.....SS. | .....SS.
......S. | ......S.
........ | ........
........ | ........
........ | ..OO....
..OO.... | ..OO....
..OO.... | I.OOTTT.
I.OOTTT. | ISOOZTLL
ISSZZ.LL | ISSZZ.LL
I.SZLLLL | I.SZLLLL

step=97, rand=4, actions=&lt;Right&gt;
Want     | Got ✗   
-------------------
......S. | ......S.
......SS | ......SS
.......S | .......S
........ | ........
........ | ........
........ | ..OO....
..OO.... | ..OO....
..OO.... | I.OOTTT.
I.OOTTT. | ISOOZTLL
ISSZZ.LL | ISSZZ.LL
I.SZLLLL | I.SZLLLL

step=98, rand=4, actions=&lt;Down&gt;
Want     | Got ✗   
-------------------
........ | ........
......S. | ......S.
......SS | ......SS
.......S | .......S
........ | ........
........ | ..OO....
..OO.... | ..OO....
..OO.... | I.OOTTT.
I.OOTTT. | ISOOZTLL
ISSZZ.LL | ISSZZ.LL
I.SZLLLL | I.SZLLLL

step=99, rand=4, actions=&lt;Down&gt;
Want     | Got ✗   
-------------------
........ | ........
........ | ........
......S. | ......S.
......SS | ......SS
.......S | .......S
........ | ..OO....
..OO.... | ..OO....
..OO.... | I.OOTTT.
I.OOTTT. | ISOOZTLL
ISSZZ.LL | ISSZZ.LL
I.SZLLLL | I.SZLLLL

step=100, rand=4, actions=&lt;Down&gt;
Want     | Got ✗   
-------------------
........ | ........
........ | ........
........ | ........
......S. | ......S.
......SS | ......SS
.......S | ..OO...S
..OO.... | ..OO....
..OO.... | I.OOTTT.
I.OOTTT. | ISOOZTLL
ISSZZ.LL | ISSZZ.LL
I.SZLLLL | I.SZLLLL

step=101, rand=4, actions=&lt;Down&gt;
Want     | Got ✗   
-------------------
........ | ........
........ | ........
........ | ........
........ | ........
......S. | ......S.
......SS | ..OO..SS
..OO...S | ..OO...S
..OO.... | I.OOTTT.
I.OOTTT. | ISOOZTLL
ISSZZ.LL | ISSZZ.LL
I.SZLLLL | I.SZLLLL

step=102, rand=4, actions=&lt;Down&gt;
Want     | Got ✗   
-------------------
........ | ........
........ | ........
........ | ........
........ | ........
........ | ........
......S. | ..OO..S.
..OO..SS | ..OO..SS
..OO...S | I.OOTTTS
I.OOTTT. | ISOOZTLL
ISSZZ.LL | ISSZZ.LL
I.SZLLLL | I.SZLLLL

step=103, rand=4, actions=&lt;Down&gt;
Want     | Got ✗   
-------------------
........ | ...SS...
........ | ..SS....
........ | ........
........ | ........
........ | ........
........ | ..OO..S.
..OO..S. | ..OO..SS
..OO..SS | I.OOTTTS
I.OOTTTS | ISOOZTLL
ISSZZ.LL | ISSZZ.LL
I.SZLLLL | I.SZLLLL

step=104, rand=5, actions=&lt;Down&gt;
Want     | Got ✗   
-------------------
...T.... | ........
..TTT... | ...SS...
........ | ..SS....
........ | ........
........ | ........
........ | ..OO..S.
..OO..S. | ..OO..SS
..OO..SS | I.OOTTTS
I.OOTTTS | ISOOZTLL
ISSZZ.LL | ISSZZ.LL
I.SZLLLL | I.SZLLLL

step=105, rand=5, actions=&lt;Left&gt;
Want     | Got ✗   
-------------------
..T..... | ........
.TTT.... | ..SS....
........ | .SS.....
........ | ........
........ | ........
........ | ..OO..S.
..OO..S. | ..OO..SS
..OO..SS | I.OOTTTS
I.OOTTTS | ISOOZTLL
ISSZZ.LL | ISSZZ.LL
I.SZLLLL | I.SZLLLL

step=106, rand=5, actions=&lt;RotateRight&gt;
Want     | Got ✗   
-------------------
..T..... | ........
..TT.... | ..S.....
..T..... | ..SS....
........ | ...S....
........ | ........
........ | ..OO..S.
..OO..S. | ..OO..SS
..OO..SS | I.OOTTTS
I.OOTTTS | ISOOZTLL
ISSZZ.LL | ISSZZ.LL
I.SZLLLL | I.SZLLLL

step=107, rand=5, actions=&lt;Left&gt;
Want     | Got ✗   
-------------------
.T...... | ........
.TT..... | .S......
.T...... | .SS.....
........ | ..S.....
........ | ........
........ | ..OO..S.
..OO..S. | ..OO..SS
..OO..SS | I.OOTTTS
I.OOTTTS | ISOOZTLL
ISSZZ.LL | ISSZZ.LL
I.SZLLLL | I.SZLLLL

step=108, rand=5, actions=&lt;RotateRight&gt;
Want     | Got ✗   
-------------------
........ | ........
TTT..... | ........
.T...... | .SS.....
........ | SS......
........ | ........
........ | ..OO..S.
..OO..S. | ..OO..SS
..OO..SS | I.OOTTTS
I.OOTTTS | ISOOZTLL
ISSZZ.LL | ISSZZ.LL
I.SZLLLL | I.SZLLLL

step=109, rand=5, actions=&lt;RotateRight&gt;
Want     | Got ✗   
-------------------
.T...... | ........
TT...... | S.......
.T...... | SS......
........ | .S......
........ | ........
........ | ..OO..S.
..OO..S. | ..OO..SS
..OO..SS | I.OOTTTS
I.OOTTTS | ISOOZTLL
ISSZZ.LL | ISSZZ.LL
I.SZLLLL | I.SZLLLL

step=110, rand=5, actions=&lt;Down&gt;
Want     | Got ✗   
-------------------
........ | ........
.T...... | ........
TT...... | S.......
.T...... | SS......
........ | .S......
........ | ..OO..S.
..OO..S. | ..OO..SS
..OO..SS | I.OOTTTS
I.OOTTTS | ISOOZTLL
ISSZZ.LL | ISSZZ.LL
I.SZLLLL | I.SZLLLL

step=111, rand=5, actions=&lt;Down&gt;
Want     | Got ✗   
-------------------
........ | ........
........ | ........
.T...... | ........
TT...... | S.......
.T...... | SS......
........ | .SOO..S.
..OO..S. | ..OO..SS
..OO..SS | I.OOTTTS
I.OOTTTS | ISOOZTLL
ISSZZ.LL | ISSZZ.LL
I.SZLLLL | I.SZLLLL

step=112, rand=5, actions=&lt;Down&gt;
Want     | Got ✗   
-------------------
........ | ........
........ | ........
........ | ........
.T...... | ........
TT...... | S.......
.T...... | SSOO..S.
..OO..S. | .SOO..SS
..OO..SS | I.OOTTTS
I.OOTTTS | ISOOZTLL
ISSZZ.LL | ISSZZ.LL
I.SZLLLL | I.SZLLLL

step=113, rand=5, actions=&lt;Down&gt;
Want     | Got ✗   
-------------------
........ | ........
........ | ........
........ | ........
........ | ........
.T...... | ........
TT...... | S.OO..S.
.TOO..S. | SSOO..SS
..OO..SS | ISOOTTTS
I.OOTTTS | ISOOZTLL
ISSZZ.LL | ISSZZ.LL
I.SZLLLL | I.SZLLLL

step=114, rand=5, actions=&lt;Down&gt;
Want     | Got ✗   
-------------------
........ | ...T....
........ | ..TTT...
........ | ........
........ | ........
........ | ........
.T...... | S.OO..S.
TTOO..S. | SSOO..SS
.TOO..SS | ISOOTTTS
I.OOTTTS | ISOOZTLL
ISSZZ.LL | ISSZZ.LL
I.SZLLLL | I.SZLLLL

step=115, rand=5, actions=&lt;Down&gt;
Want     | Got ✗   
-------------------
........ | ........
........ | ...T....
........ | ..TTT...
........ | ........
........ | ........
........ | S.OO..S.
.TOO..S. | SSOO..SS
TTOO..SS | ISOOTTTS
ITOOTTTS | ISOOZTLL
ISSZZ.LL | ISSZZ.LL
I.SZLLLL | I.SZLLLL

step=116, rand=4, actions=&lt;Down&gt;
Want     | Got ✗   
-------------------
...SS... | ........
..SS.... | ........
........ | ...T....
........ | ..TTT...
........ | ........
........ | S.OO..S.
........ | SSOO..SS
.TOO..S. | ISOOTTTS
TTOO..SS | ISOOZTLL
ISSZZ.LL | ISSZZ.LL
I.SZLLLL | I.SZLLLL

step=117, rand=4, actions=&lt;RotateRight&gt;
Want     | Got ✗   
-------------------
...S.... | ........
...SS... | ........
....S... | ...T....
........ | ...TT...
........ | ...T....
........ | S.OO..S.
........ | SSOO..SS
.TOO..S. | ISOOTTTS
TTOO..SS | ISOOZTLL
ISSZZ.LL | ISSZZ.LL
I.SZLLLL | I.SZLLLL

step=118, rand=4, actions=&lt;Right&gt;
Want     | Got ✗   
-------------------
....S... | ........
....SS.. | ........
.....S.. | ....T...
........ | ....TT..
........ | ....T...
........ | S.OO..S.
........ | SSOO..SS
.TOO..S. | ISOOTTTS
TTOO..SS | ISOOZTLL
ISSZZ.LL | ISSZZ.LL
I.SZLLLL | I.SZLLLL

step=119, rand=4, actions=&lt;Down&gt;
Want     | Got ✗   
-------------------
........ | ........
....S... | ........
....SS.. | ........
.....S.. | ....T...
........ | ....TT..
........ | S.OOT.S.
........ | SSOO..SS
.TOO..S. | ISOOTTTS
TTOO..SS | ISOOZTLL
ISSZZ.LL | ISSZZ.LL
I.SZLLLL | I.SZLLLL

step=120, rand=4, actions=&lt;Down&gt;
Want     | Got ✗   
-------------------
........ | ........
........ | ........
....S... | ........
....SS.. | ........
.....S.. | ....T...
........ | S.OOTTS.
........ | SSOOT.SS
.TOO..S. | ISOOTTTS
TTOO..SS | ISOOZTLL
ISSZZ.LL | ISSZZ.LL
I.SZLLLL | I.SZLLLL

step=121, rand=4, actions=&lt;Down&gt;
Want     | Got ✗   
-------------------
........ | ...SS...
........ | ..SS....
........ | ........
....S... | ........
....SS.. | ....T...
.....S.. | S.OOTTS.
........ | SSOOT.SS
.TOO..S. | ISOOTTTS
TTOO..SS | ISOOZTLL
ISSZZ.LL | ISSZZ.LL
I.SZLLLL | I.SZLLLL

step=122, rand=4, actions=&lt;Down&gt;
Want     | Got ✗   
-------------------
........ | ........
........ | ...SS...
........ | ..SS....
........ | ........
....S... | ....T...
....SS.. | S.OOTTS.
.....S.. | SSOOT.SS
.TOO..S. | ISOOTTTS
TTOO..SS | ISOOZTLL
ISSZZ.LL | ISSZZ.LL
I.SZLLLL | I.SZLLLL

step=123, rand=4, actions=&lt;Down&gt;
Want     | Got ✗   
-------------------
........ | ........
........ | ........
........ | ...SS...
........ | ..SS....
........ | ....T...
....S... | S.OOTTS.
....SS.. | SSOOT.SS
.TOO.SS. | ISOOTTTS
TTOO..SS | ISOOZTLL
ISSZZ.LL | ISSZZ.LL
I.SZLLLL | I.SZLLLL

step=124, rand=4, actions=&lt;Down&gt;
Want     | Got ✗   
-------------------
........ | ........
........ | ........
........ | ........
........ | ...SS...
........ | ..SST...
........ | S.OOTTS.
....S... | SSOOT.SS
.TOOSSS. | ISOOTTTS
TTOO.SSS | ISOOZTLL
ISSZZ.LL | ISSZZ.LL
I.SZLLLL | I.SZLLLL

step=125, rand=4, actions=&lt;Down&gt;
Want     | Got ✗   
-------------------
........ | ...SS...
........ | ..SS....
........ | ........
........ | ...SS...
........ | ..SST...
........ | S.OOTTS.
........ | SSOOT.SS
.TOOS.S. | ISOOTTTS
TTOOSSSS | ISOOZTLL
ISSZZSLL | ISSZZ.LL
I.SZLLLL | I.SZLLLL

step=126, rand=3, actions=&lt;Down&gt;
Want     | Got ✗   
-------------------
...OO... | ........
...OO... | ...SS...
........ | ..SS....
........ | ...SS...
........ | ..SST...
........ | S.OOTTS.
........ | SSOOT.SS
........ | ISOOTTTS
........ | ISOOZTLL
.TOOS.S. | ISSZZ.LL
I.SZLLLL | I.SZLLLL

step=127, rand=3, actions=&lt;Left&gt;
Want     | Got ✗   
-------------------
..OO.... | ........
..OO.... | ...SS...
........ | ..SS....
........ | ...SS...
........ | ..SST...
........ | S.OOTTS.
........ | SSOOT.SS
........ | ISOOTTTS
........ | ISOOZTLL
.TOOS.S. | ISSZZ.LL
I.SZLLLL | I.SZLLLL

step=128, rand=3, actions=&lt;Left&gt;
Want     | Got ✗   
-------------------
.OO..... | ........
.OO..... | ...SS...
........ | ..SS....
........ | ...SS...
........ | ..SST...
........ | S.OOTTS.
........ | SSOOT.SS
........ | ISOOTTTS
........ | ISOOZTLL
.TOOS.S. | ISSZZ.LL
I.SZLLLL | I.SZLLLL

step=129, rand=3, actions=&lt;Down&gt;
Want     | Got ✗   
-------------------
........ | ...OO...
.OO..... | ...OO...
.OO..... | ..SS....
........ | ...SS...
........ | ..SST...
........ | S.OOTTS.
........ | SSOOT.SS
........ | ISOOTTTS
........ | ISOOZTLL
.TOOS.S. | ISSZZ.LL
I.SZLLLL | I.SZLLLL

step=130, rand=3, actions=&lt;Right&gt;
Want     | Got ✗   
-------------------
........ | ...OO...
..OO.... | ...OO...
..OO.... | ..SS....
........ | ...SS...
........ | ..SST...
........ | S.OOTTS.
........ | SSOOT.SS
........ | ISOOTTTS
........ | ISOOZTLL
.TOOS.S. | ISSZZ.LL
I.SZLLLL | I.SZLLLL

step=131, rand=3, actions=&lt;Down&gt;
Want     | Got ✗   
-------------------
........ | ...OO...
........ | ...OO...
..OO.... | ..SS....
..OO.... | ...SS...
........ | ..SST...
........ | S.OOTTS.
........ | SSOOT.SS
........ | ISOOTTTS
........ | ISOOZTLL
.TOOS.S. | ISSZZ.LL
I.SZLLLL | I.SZLLLL

step=132, rand=3, actions=&lt;Down&gt;
Want     | Got ✗   
-------------------
........ | ...OO...
........ | ...OO...
........ | ..SS....
..OO.... | ...SS...
..OO.... | ..SST...
........ | S.OOTTS.
........ | SSOOT.SS
........ | ISOOTTTS
........ | ISOOZTLL
.TOOS.S. | ISSZZ.LL
I.SZLLLL | I.SZLLLL

step=133, rand=3, actions=&lt;Down&gt;
Want     | Got ✗   
-------------------
........ | ...OO...
........ | ...OO...
........ | ..SS....
........ | ...SS...
..OO.... | ..SST...
..OO.... | S.OOTTS.
........ | SSOOT.SS
........ | ISOOTTTS
........ | ISOOZTLL
.TOOS.S. | ISSZZ.LL
I.SZLLLL | I.SZLLLL

step=134, rand=3, actions=&lt;Down&gt;
Want     | Got ✗   
-------------------
........ | ...OO...
........ | ...OO...
........ | ..SS....
........ | ...SS...
........ | ..SST...
..OO.... | S.OOTTS.
..OO.... | SSOOT.SS
........ | ISOOTTTS
........ | ISOOZTLL
.TOOS.S. | ISSZZ.LL
I.SZLLLL | I.SZLLLL

step=135, rand=3, actions=&lt;Down&gt;
Want     | Got ✗   
-------------------
........ | ...OO...
........ | ...OO...
........ | ..SS....
........ | ...SS...
........ | ..SST...
........ | S.OOTTS.
..OO.... | SSOOT.SS
..OO.... | ISOOTTTS
........ | ISOOZTLL
.TOOS.S. | ISSZZ.LL
I.SZLLLL | I.SZLLLL

step=136, rand=3, actions=&lt;Down&gt;
Want     | Got ✗   
-------------------
........ | ...OO...
........ | ...OO...
........ | ..SS....
........ | ...SS...
........ | ..SST...
........ | S.OOTTS.
........ | SSOOT.SS
..OO.... | ISOOTTTS
..OO.... | ISOOZTLL
.TOOS.S. | ISSZZ.LL
I.SZLLLL | I.SZLLLL

step=137, rand=2, actions=&lt;Down&gt;
Want     | Got ✗   
-------------------
....L... | ....L...
..LLL... | ..LLL...
........ | ..SS....
........ | ...SS...
........ | ..SST...
........ | S.OOTTS.
........ | SSOOT.SS
..OO.... | ISOOTTTS
..OO.... | ISOOZTLL
.TOOS.S. | ISSZZ.LL
I.SZLLLL | I.SZLLLL

step=138, rand=2, actions=&lt;RotateRight&gt;
Want     | Got ✗   
-------------------
...L.... | ....L...
...L.... | ..LLL...
...LL... | ..SS....
........ | ...SS...
........ | ..SST...
........ | S.OOTTS.
........ | SSOOT.SS
..OO.... | ISOOTTTS
..OO.... | ISOOZTLL
.TOOS.S. | ISSZZ.LL
I.SZLLLL | I.SZLLLL

step=139, rand=2, actions=&lt;RotateRight&gt;
Want     | Got ✗   
-------------------
........ | ....L...
..LLL... | ..LLL...
..L..... | ..SS....
........ | ...SS...
........ | ..SST...
........ | S.OOTTS.
........ | SSOOT.SS
..OO.... | ISOOTTTS
..OO.... | ISOOZTLL
.TOOS.S. | ISSZZ.LL
I.SZLLLL | I.SZLLLL

step=140, rand=2, actions=&lt;RotateRight&gt;
Want     | Got ✗   
-------------------
..LL.... | ....L...
...L.... | ..LLL...
...L.... | ..SS....
........ | ...SS...
........ | ..SST...
........ | S.OOTTS.
........ | SSOOT.SS
..OO.... | ISOOTTTS
..OO.... | ISOOZTLL
.TOOS.S. | ISSZZ.LL
I.SZLLLL | I.SZLLLL

step=141, rand=2, actions=&lt;Right&gt;
Want     | Got ✗   
-------------------
...LL... | ....L...
....L... | ..LLL...
....L... | ..SS....
........ | ...SS...
........ | ..SST...
........ | S.OOTTS.
........ | SSOOT.SS
..OO.... | ISOOTTTS
..OO.... | ISOOZTLL
.TOOS.S. | ISSZZ.LL
I.SZLLLL | I.SZLLLL

step=142, rand=2, actions=&lt;Down&gt;
Want     | Got ✗   
-------------------
........ | ....L...
...LL... | ..LLL...
....L... | ..SS....
....L... | ...SS...
........ | ..SST...
........ | S.OOTTS.
........ | SSOOT.SS
..OO.... | ISOOTTTS
..OO.... | ISOOZTLL
.TOOS.S. | ISSZZ.LL
I.SZLLLL | I.SZLLLL

step=143, rand=2, actions=&lt;Down&gt;
Want     | Got ✗   
-------------------
........ | ....L...
........ | ..LLL...
...LL... | ..SS....
....L... | ...SS...
....L... | ..SST...
........ | S.OOTTS.
........ | SSOOT.SS
..OO.... | ISOOTTTS
..OO.... | ISOOZTLL
.TOOS.S. | ISSZZ.LL
I.SZLLLL | I.SZLLLL

step=144, rand=2, actions=&lt;Down&gt;
Want     | Got ✗   
-------------------
........ | ....L...
........ | ..LLL...
........ | ..SS....
...LL... | ...SS...
....L... | ..SST...
....L... | S.OOTTS.
........ | SSOOT.SS
..OO.... | ISOOTTTS
..OO.... | ISOOZTLL
.TOOS.S. | ISSZZ.LL
I.SZLLLL | I.SZLLLL

step=145, rand=2, actions=&lt;Down&gt;
Want     | Got ✗   
-------------------
........ | ....L...
........ | ..LLL...
........ | ..SS....
........ | ...SS...
...LL... | ..SST...
....L... | S.OOTTS.
....L... | SSOOT.SS
..OO.... | ISOOTTTS
..OO.... | ISOOZTLL
.TOOS.S. | ISSZZ.LL
I.SZLLLL | I.SZLLLL

step=146, rand=2, actions=&lt;Down&gt;
Want     | Got ✗   
-------------------
........ | ....L...
........ | ..LLL...
........ | ..SS....
........ | ...SS...
........ | ..SST...
...LL... | S.OOTTS.
....L... | SSOOT.SS
..OOL... | ISOOTTTS
..OO.... | ISOOZTLL
.TOOS.S. | ISSZZ.LL
I.SZLLLL | I.SZLLLL

step=147, rand=2, actions=&lt;Down&gt;
Want     | Got ✗   
-------------------
........ | ....L...
........ | ..LLL...
........ | ..SS....
........ | ...SS...
........ | ..SST...
........ | S.OOTTS.
...LL... | SSOOT.SS
..OOL... | ISOOTTTS
..OOL... | ISOOZTLL
.TOOS.S. | ISSZZ.LL
I.SZLLLL | I.SZLLLL

step=148, rand=1, actions=&lt;Down&gt;
Want     | Got ✗   
-------------------
..J..... | ..J.....
..JJJ... | ..JJJ...
........ | ..SS....
........ | ...SS...
........ | ..SST...
........ | S.OOTTS.
...LL... | SSOOT.SS
..OOL... | ISOOTTTS
..OOL... | ISOOZTLL
.TOOS.S. | ISSZZ.LL
I.SZLLLL | I.SZLLLL

step=149, rand=1, actions=&lt;RotateRight&gt;
Want     | Got ✗   
-------------------
...JJ... | ..J.....
...J.... | ..JJJ...
...J.... | ..SS....
........ | ...SS...
........ | ..SST...
........ | S.OOTTS.
...LL... | SSOOT.SS
..OOL... | ISOOTTTS
..OOL... | ISOOZTLL
.TOOS.S. | ISSZZ.LL
I.SZLLLL | I.SZLLLL

step=150, rand=1, actions=&lt;Right&gt;
Want     | Got ✗   
-------------------
....JJ.. | ..J.....
....J... | ..JJJ...
....J... | ..SS....
........ | ...SS...
........ | ..SST...
........ | S.OOTTS.
...LL... | SSOOT.SS
..OOL... | ISOOTTTS
..OOL... | ISOOZTLL
.TOOS.S. | ISSZZ.LL
I.SZLLLL | I.SZLLLL

step=151, rand=1, actions=&lt;RotateRight&gt;
Want     | Got ✗   
-------------------
........ | ..J.....
...JJJ.. | ..JJJ...
.....J.. | ..SS....
........ | ...SS...
........ | ..SST...
........ | S.OOTTS.
...LL... | SSOOT.SS
..OOL... | ISOOTTTS
..OOL... | ISOOZTLL
.TOOS.S. | ISSZZ.LL
I.SZLLLL | I.SZLLLL

step=152, rand=1, actions=&lt;Right&gt;
Want     | Got ✗   
-------------------
........ | ..J.....
....JJJ. | ..JJJ...
......J. | ..SS....
........ | ...SS...
........ | ..SST...
........ | S.OOTTS.
...LL... | SSOOT.SS
..OOL... | ISOOTTTS
..OOL... | ISOOZTLL
.TOOS.S. | ISSZZ.LL
I.SZLLLL | I.SZLLLL

step=153, rand=1, actions=&lt;Right&gt;
Want     | Got ✗   
-------------------
........ | ..J.....
.....JJJ | ..JJJ...
.......J | ..SS....
........ | ...SS...
........ | ..SST...
........ | S.OOTTS.
...LL... | SSOOT.SS
..OOL... | ISOOTTTS
..OOL... | ISOOZTLL
.TOOS.S. | ISSZZ.LL
I.SZLLLL | I.SZLLLL

step=154, rand=1, actions=&lt;Right&gt;
Want     | Got ✗   
-------------------
........ | ..J.....
.....JJJ | ..JJJ...
.......J | ..SS....
........ | ...SS...
........ | ..SST...
........ | S.OOTTS.
...LL... | SSOOT.SS
..OOL... | ISOOTTTS
..OOL... | ISOOZTLL
.TOOS.S. | ISSZZ.LL
I.SZLLLL | I.SZLLLL

step=155, rand=1, actions=&lt;Down&gt;
Want     | Got ✗   
-------------------
........ | ..J.....
........ | ..JJJ...
.....JJJ | ..SS....
.......J | ...SS...
........ | ..SST...
........ | S.OOTTS.
...LL... | SSOOT.SS
..OOL... | ISOOTTTS
..OOL... | ISOOZTLL
.TOOS.S. | ISSZZ.LL
I.SZLLLL | I.SZLLLL

step=156, rand=1, actions=&lt;Down&gt;
Want     | Got ✗   
-------------------
........ | ..J.....
........ | ..JJJ...
........ | ..SS....
.....JJJ | ...SS...
.......J | ..SST...
........ | S.OOTTS.
...LL... | SSOOT.SS
..OOL... | ISOOTTTS
..OOL... | ISOOZTLL
.TOOS.S. | ISSZZ.LL
I.SZLLLL | I.SZLLLL

step=157, rand=1, actions=&lt;Down&gt;
Want     | Got ✗   
-------------------
........ | ..J.....
........ | ..JJJ...
........ | ..SS....
........ | ...SS...
.....JJJ | ..SST...
.......J | S.OOTTS.
...LL... | SSOOT.SS
..OOL... | ISOOTTTS
..OOL... | ISOOZTLL
.TOOS.S. | ISSZZ.LL
I.SZLLLL | I.SZLLLL

step=158, rand=1, actions=&lt;Down&gt;
Want     | Got ✗   
-------------------
........ | ..J.....
........ | ..JJJ...
........ | ..SS....
........ | ...SS...
........ | ..SST...
.....JJJ | S.OOTTS.
...LL..J | SSOOT.SS
..OOL... | ISOOTTTS
..OOL... | ISOOZTLL
.TOOS.S. | ISSZZ.LL
I.SZLLLL | I.SZLLLL

step=159, rand=1, actions=&lt;Down&gt;
Want     | Got ✗   
-------------------
........ | ..J.....
........ | ..JJJ...
........ | ..SS....
........ | ...SS...
........ | ..SST...
........ | S.OOTTS.
...LLJJJ | SSOOT.SS
..OOL..J | ISOOTTTS
..OOL... | ISOOZTLL
.TOOS.S. | ISSZZ.LL
I.SZLLLL | I.SZLLLL

step=160, rand=1, actions=&lt;Down&gt;
Want     | Got ✗   
-------------------
........ | ..J.....
........ | ..JJJ...
........ | ..SS....
........ | ...SS...
........ | ..SST...
........ | S.OOTTS.
...LL... | SSOOT.SS
..OOLJJJ | ISOOTTTS
..OOL..J | ISOOZTLL
.TOOS.S. | ISSZZ.LL
I.SZLLLL | I.SZLLLL

step=161, rand=1, actions=&lt;Down&gt;
Want     | Got ✗   
-------------------
........ | ..J.....
........ | ..JJJ...
........ | ..SS....
........ | ...SS...
........ | ..SST...
........ | S.OOTTS.
...LL... | SSOOT.SS
..OOL... | ISOOTTTS
..OOLJJJ | ISOOZTLL
.TOOS.SJ | ISSZZ.LL
I.SZLLLL | I.SZLLLL

step=162, rand=5, actions=&lt;Down&gt;
Want     | Got ✗   
-------------------
...T.... | ...T....
..TTT... | ..TTT...
........ | ..SS....
........ | ...SS...
........ | ..SST...
........ | S.OOTTS.
...LL... | SSOOT.SS
..OOL... | ISOOTTTS
..OOLJJJ | ISOOZTLL
.TOOS.SJ | ISSZZ.LL
I.SZLLLL | I.SZLLLL

step=163, rand=5, actions=&lt;Left&gt;
Want     | Got ✗   
-------------------
..T..... | ...T....
.TTT.... | ..TTT...
........ | ..SS....
........ | ...SS...
........ | ..SST...
........ | S.OOTTS.
...LL... | SSOOT.SS
..OOL... | ISOOTTTS
..OOLJJJ | ISOOZTLL
.TOOS.SJ | ISSZZ.LL
I.SZLLLL | I.SZLLLL

step=164, rand=5, actions=&lt;RotateRight&gt;
Want     | Got ✗   
-------------------
..T..... | ...T....
..TT.... | ..TTT...
..T..... | ..SS....
........ | ...SS...
........ | ..SST...
........ | S.OOTTS.
...LL... | SSOOT.SS
..OOL... | ISOOTTTS
..OOLJJJ | ISOOZTLL
.TOOS.SJ | ISSZZ.LL
I.SZLLLL | I.SZLLLL

step=165, rand=5, actions=&lt;Left&gt;
Want     | Got ✗   
-------------------
.T...... | ...T....
.TT..... | ..TTT...
.T...... | ..SS....
........ | ...SS...
........ | ..SST...
........ | S.OOTTS.
...LL... | SSOOT.SS
..OOL... | ISOOTTTS
..OOLJJJ | ISOOZTLL
.TOOS.SJ | ISSZZ.LL
I.SZLLLL | I.SZLLLL

step=166, rand=5, actions=&lt;Left&gt;
Want     | Got ✗   
-------------------
T....... | ...T....
TT...... | ..TTT...
T....... | ..SS....
........ | ...SS...
........ | ..SST...
........ | S.OOTTS.
...LL... | SSOOT.SS
..OOL... | ISOOTTTS
..OOLJJJ | ISOOZTLL
.TOOS.SJ | ISSZZ.LL
I.SZLLLL | I.SZLLLL

step=167, rand=5, actions=&lt;Down&gt;
Want     | Got ✗   
-------------------
........ | ...T....
T....... | ..TTT...
TT...... | ..SS....
T....... | ...SS...
........ | ..SST...
........ | S.OOTTS.
...LL... | SSOOT.SS
..OOL... | ISOOTTTS
..OOLJJJ | ISOOZTLL
.TOOS.SJ | ISSZZ.LL
I.SZLLLL | I.SZLLLL

step=168, rand=5, actions=&lt;Down&gt;
Want     | Got ✗   
-------------------
........ | ...T....
........ | ..TTT...
T....... | ..SS....
TT...... | ...SS...
T....... | ..SST...
........ | S.OOTTS.
...LL... | SSOOT.SS
..OOL... | ISOOTTTS
..OOLJJJ | ISOOZTLL
.TOOS.SJ | ISSZZ.LL
I.SZLLLL | I.SZLLLL

step=169, rand=5, actions=&lt;Down&gt;
Want     | Got ✗   
-------------------
........ | ...T....
........ | ..TTT...
........ | ..SS....
T....... | ...SS...
TT...... | ..SST...
T....... | S.OOTTS.
...LL... | SSOOT.SS
..OOL... | ISOOTTTS
..OOLJJJ | ISOOZTLL
.TOOS.SJ | ISSZZ.LL
I.SZLLLL | I.SZLLLL

step=170, rand=5, actions=&lt;Down&gt;
Want     | Got ✗   
-------------------
........ | ...T....
........ | ..TTT...
........ | ..SS....
........ | ...SS...
T....... | ..SST...
TT...... | S.OOTTS.
T..LL... | SSOOT.SS
..OOL... | ISOOTTTS
..OOLJJJ | ISOOZTLL
.TOOS.SJ | ISSZZ.LL
I.SZLLLL | I.SZLLLL

step=171, rand=5, actions=&lt;Down&gt;
Want     | Got ✗   
-------------------
........ | ...T....
........ | ..TTT...
........ | ..SS....
........ | ...SS...
........ | ..SST...
T....... | S.OOTTS.
TT.LL... | SSOOT.SS
T.OOL... | ISOOTTTS
..OOLJJJ | ISOOZTLL
.TOOS.SJ | ISSZZ.LL
I.SZLLLL | I.SZLLLL

step=172, rand=5, actions=&lt;Down&gt;
Want     | Got ✗   
-------------------
........ | ...T....
........ | ..TTT...
........ | ..SS....
........ | ...SS...
........ | ..SST...
........ | S.OOTTS.
T..LL... | SSOOT.SS
TTOOL... | ISOOTTTS
T.OOLJJJ | ISOOZTLL
.TOOS.SJ | ISSZZ.LL
I.SZLLLL | I.SZLLLL

step=173, rand=5, actions=&lt;Down&gt;
Want     | Got ✗   
-------------------
........ | ...T....
........ | ..TTT...
........ | ..SS....
........ | ...SS...
........ | ..SST...
........ | S.OOTTS.
...LL... | SSOOT.SS
T.OOL... | ISOOTTTS
TTOOLJJJ | ISOOZTLL
TTOOS.SJ | ISSZZ.LL
I.SZLLLL | I.SZLLLL

step=174, rand=1, actions=&lt;Down&gt;
Want     | Got ✗   
-------------------
..J..... | ..J.....
..JJJ... | ..JJJ...
........ | ..SS....
........ | ...SS...
........ | ..SST...
........ | S.OOTTS.
........ | SSOOT.SS
...LL... | ISOOTTTS
T.OOL... | ISOOZTLL
TTOOS.SJ | ISSZZ.LL
I.SZLLLL | I.SZLLLL

step=175, rand=1, actions=&lt;RotateRight&gt;
Want     | Got ✗   
-------------------
...JJ... | ..J.....
...J.... | ..JJJ...
...J.... | ..SS....
........ | ...SS...
........ | ..SST...
........ | S.OOTTS.
........ | SSOOT.SS
...LL... | ISOOTTTS
T.OOL... | ISOOZTLL
TTOOS.SJ | ISSZZ.LL
I.SZLLLL | I.SZLLLL

step=176, rand=1, actions=&lt;RotateRight&gt;
Want     | Got ✗   
-------------------
........ | ..J.....
..JJJ... | ..JJJ...
....J... | ..SS....
........ | ...SS...
........ | ..SST...
........ | S.OOTTS.
........ | SSOOT.SS
...LL... | ISOOTTTS
T.OOL... | ISOOZTLL
TTOOS.SJ | ISSZZ.LL
I.SZLLLL | I.SZLLLL

step=177, rand=1, actions=&lt;RotateRight&gt;
Want     | Got ✗   
-------------------
...J.... | ..J.....
...J.... | ..JJJ...
..JJ.... | ..SS....
........ | ...SS...
........ | ..SST...
........ | S.OOTTS.
........ | SSOOT.SS
...LL... | ISOOTTTS
T.OOL... | ISOOZTLL
TTOOS.SJ | ISSZZ.LL
I.SZLLLL | I.SZLLLL

step=178, rand=1, actions=&lt;Right&gt;
Want     | Got ✗   
-------------------
....J... | ..J.....
....J... | ..JJJ...
...JJ... | ..SS....
........ | ...SS...
........ | ..SST...
........ | S.OOTTS.
........ | SSOOT.SS
...LL... | ISOOTTTS
T.OOL... | ISOOZTLL
TTOOS.SJ | ISSZZ.LL
I.SZLLLL | I.SZLLLL

step=179, rand=1, actions=&lt;Right&gt;
Want     | Got ✗   
-------------------
.....J.. | ..J.....
.....J.. | ..JJJ...
....JJ.. | ..SS....
........ | ...SS...
........ | ..SST...
........ | S.OOTTS.
........ | SSOOT.SS
...LL... | ISOOTTTS
T.OOL... | ISOOZTLL
TTOOS.SJ | ISSZZ.LL
I.SZLLLL | I.SZLLLL

step=180, rand=1, actions=&lt;Right&gt;
Want     | Got ✗   
-------------------
......J. | ..J.....
......J. | ..JJJ...
.....JJ. | ..SS....
........ | ...SS...
........ | ..SST...
........ | S.OOTTS.
........ | SSOOT.SS
...LL... | ISOOTTTS
T.OOL... | ISOOZTLL
TTOOS.SJ | ISSZZ.LL
I.SZLLLL | I.SZLLLL

step=181, rand=1, actions=&lt;Right&gt;
Want     | Got ✗   
-------------------
.......J | ..J.....
.......J | ..JJJ...
......JJ | ..SS....
........ | ...SS...
........ | ..SST...
........ | S.OOTTS.
........ | SSOOT.SS
...LL... | ISOOTTTS
T.OOL... | ISOOZTLL
TTOOS.SJ | ISSZZ.LL
I.SZLLLL | I.SZLLLL

step=182, rand=1, actions=&lt;Down&gt;
Want     | Got ✗   
-------------------
........ | ..J.....
.......J | ..JJJ...
.......J | ..SS....
......JJ | ...SS...
........ | ..SST...
........ | S.OOTTS.
........ | SSOOT.SS
...LL... | ISOOTTTS
T.OOL... | ISOOZTLL
TTOOS.SJ | ISSZZ.LL
I.SZLLLL | I.SZLLLL

step=183, rand=1, actions=&lt;Down&gt;
Want     | Got ✗   
-------------------
........ | ..J.....
........ | ..JJJ...
.......J | ..SS....
.......J | ...SS...
......JJ | ..SST...
........ | S.OOTTS.
........ | SSOOT.SS
...LL... | ISOOTTTS
T.OOL... | ISOOZTLL
TTOOS.SJ | ISSZZ.LL
I.SZLLLL | I.SZLLLL

step=184, rand=1, actions=&lt;Down&gt;
Want     | Got ✗   
-------------------
........ | ..J.....
........ | ..JJJ...
........ | ..SS....
.......J | ...SS...
.......J | ..SST...
......JJ | S.OOTTS.
........ | SSOOT.SS
...LL... | ISOOTTTS
T.OOL... | ISOOZTLL
TTOOS.SJ | ISSZZ.LL
I.SZLLLL | I.SZLLLL

step=185, rand=1, actions=&lt;Down&gt;
Want     | Got ✗   
-------------------
........ | ..J.....
........ | ..JJJ...
........ | ..SS....
........ | ...SS...
.......J | ..SST...
.......J | S.OOTTS.
......JJ | SSOOT.SS
...LL... | ISOOTTTS
T.OOL... | ISOOZTLL
TTOOS.SJ | ISSZZ.LL
I.SZLLLL | I.SZLLLL

step=186, rand=1, actions=&lt;Down&gt;
Want     | Got ✗   
-------------------
........ | ..J.....
........ | ..JJJ...
........ | ..SS....
........ | ...SS...
........ | ..SST...
.......J | S.OOTTS.
.......J | SSOOT.SS
...LL.JJ | ISOOTTTS
T.OOL... | ISOOZTLL
TTOOS.SJ | ISSZZ.LL
I.SZLLLL | I.SZLLLL

step=187, rand=1, actions=&lt;Down&gt;
Want     | Got ✗   
-------------------
........ | ..J.....
........ | ..JJJ...
........ | ..SS....
........ | ...SS...
........ | ..SST...
........ | S.OOTTS.
.......J | SSOOT.SS
...LL..J | ISOOTTTS
T.OOL.JJ | ISOOZTLL
TTOOS.SJ | ISSZZ.LL
I.SZLLLL | I.SZLLLL

step=188, rand=4, actions=&lt;Down&gt;
Want     | Got ✗   
-------------------
...SS... | ...SS...
..SS.... | ..SSS...
........ | ..SS....
........ | ...SS...
........ | ..SST...
........ | S.OOTTS.
.......J | SSOOT.SS
...LL..J | ISOOTTTS
T.OOL.JJ | ISOOZTLL
TTOOS.SJ | ISSZZ.LL
I.SZLLLL | I.SZLLLL

step=189, rand=4, actions=&lt;RotateRight&gt;
Want     | Got ✗   
-------------------
...S.... | ...SS...
...SS... | ..SSS...
....S... | ..SS....
........ | ...SS...
........ | ..SST...
........ | S.OOTTS.
.......J | SSOOT.SS
...LL..J | ISOOTTTS
T.OOL.JJ | ISOOZTLL
TTOOS.SJ | ISSZZ.LL
I.SZLLLL | I.SZLLLL

step=190, rand=4, actions=&lt;Left&gt;
Want     | Got ✗            
----------------------------
..S..... | GameOverDisplay()
..SS.... |                  
...S.... |                  
........ |                  
........ |                  
........ |                  
.......J |                  
...LL..J |                  
T.OOL.JJ |                  
TTOOS.SJ |                  
I.SZLLLL |                  

step=191, rand=4, actions=&lt;Left&gt;
Want     | Got ✗            
----------------------------
.S...... | GameOverDisplay()
.SS..... |                  
..S..... |                  
........ |                  
........ |                  
........ |                  
.......J |                  
...LL..J |                  
T.OOL.JJ |                  
TTOOS.SJ |                  
I.SZLLLL |                  

step=192, rand=4, actions=&lt;Left&gt;
Want     | Got ✗            
----------------------------
S....... | GameOverDisplay()
SS...... |                  
.S...... |                  
........ |                  
........ |                  
........ |                  
.......J |                  
...LL..J |                  
T.OOL.JJ |                  
TTOOS.SJ |                  
I.SZLLLL |                  

step=193, rand=4, actions=&lt;Down&gt;
Want     | Got ✗            
----------------------------
........ | GameOverDisplay()
S....... |                  
SS...... |                  
.S...... |                  
........ |                  
........ |                  
.......J |                  
...LL..J |                  
T.OOL.JJ |                  
TTOOS.SJ |                  
I.SZLLLL |                  

step=194, rand=4, actions=&lt;Down&gt;
Want     | Got ✗            
----------------------------
........ | GameOverDisplay()
........ |                  
S....... |                  
SS...... |                  
.S...... |                  
........ |                  
.......J |                  
...LL..J |                  
T.OOL.JJ |                  
TTOOS.SJ |                  
I.SZLLLL |                  

step=195, rand=4, actions=&lt;Down&gt;
Want     | Got ✗            
----------------------------
........ | GameOverDisplay()
........ |                  
........ |                  
S....... |                  
SS...... |                  
.S...... |                  
.......J |                  
...LL..J |                  
T.OOL.JJ |                  
TTOOS.SJ |                  
I.SZLLLL |                  

step=196, rand=4, actions=&lt;Down&gt;
Want     | Got ✗            
----------------------------
........ | GameOverDisplay()
........ |                  
........ |                  
........ |                  
S....... |                  
SS...... |                  
.S.....J |                  
...LL..J |                  
T.OOL.JJ |                  
TTOOS.SJ |                  
I.SZLLLL |                  

step=197, rand=4, actions=&lt;Down&gt;
Want     | Got ✗            
----------------------------
........ | GameOverDisplay()
........ |                  
........ |                  
........ |                  
........ |                  
S....... |                  
SS.....J |                  
.S.LL..J |                  
T.OOL.JJ |                  
TTOOS.SJ |                  
I.SZLLLL |                  

step=198, rand=4, actions=&lt;Down&gt;
Want     | Got ✗            
----------------------------
........ | GameOverDisplay()
........ |                  
........ |                  
........ |                  
........ |                  
........ |                  
S......J |                  
SS.LL..J |                  
TSOOL.JJ |                  
TTOOS.SJ |                  
I.SZLLLL |                  

step=199, rand=6, actions=&lt;Down&gt;
Want     | Got ✗            
----------------------------
..ZZ.... | GameOverDisplay()
...ZZ... |                  
........ |                  
........ |                  
........ |                  
........ |                  
S......J |                  
SS.LL..J |                  
TSOOL.JJ |                  
TTOOS.SJ |                  
I.SZLLLL |                  

step=200, rand=6, actions=&lt;RotateRight&gt;
Want     | Got ✗            
----------------------------
....Z... | GameOverDisplay()
...ZZ... |                  
...Z.... |                  
........ |                  
........ |                  
........ |                  
S......J |                  
SS.LL..J |                  
TSOOL.JJ |                  
TTOOS.SJ |                  
I.SZLLLL |                  

step=201, rand=6, actions=&lt;Left&gt;
Want     | Got ✗            
----------------------------
...Z.... | GameOverDisplay()
..ZZ.... |                  
..Z..... |                  
........ |                  
........ |                  
........ |                  
S......J |                  
SS.LL..J |                  
TSOOL.JJ |                  
TTOOS.SJ |                  
I.SZLLLL |                  

step=202, rand=6, actions=&lt;Down&gt;
Want     | Got ✗            
----------------------------
........ | GameOverDisplay()
...Z.... |                  
..ZZ.... |                  
..Z..... |                  
........ |                  
........ |                  
S......J |                  
SS.LL..J |                  
TSOOL.JJ |                  
TTOOS.SJ |                  
I.SZLLLL |                  

step=203, rand=6, actions=&lt;Down&gt;
Want     | Got ✗            
----------------------------
........ | GameOverDisplay()
........ |                  
...Z.... |                  
..ZZ.... |                  
..Z..... |                  
........ |                  
S......J |                  
SS.LL..J |                  
TSOOL.JJ |                  
TTOOS.SJ |                  
I.SZLLLL |                  

step=204, rand=6, actions=&lt;Down&gt;
Want     | Got ✗            
----------------------------
........ | GameOverDisplay()
........ |                  
........ |                  
...Z.... |                  
..ZZ.... |                  
..Z..... |                  
S......J |                  
SS.LL..J |                  
TSOOL.JJ |                  
TTOOS.SJ |                  
I.SZLLLL |                  

step=205, rand=6, actions=&lt;Down&gt;
Want     | Got ✗            
----------------------------
........ | GameOverDisplay()
........ |                  
........ |                  
........ |                  
...Z.... |                  
..ZZ.... |                  
S.Z....J |                  
SS.LL..J |                  
TSOOL.JJ |                  
TTOOS.SJ |                  
I.SZLLLL |                  

step=206, rand=6, actions=&lt;Down&gt;
Want     | Got ✗            
----------------------------
........ | GameOverDisplay()
........ |                  
........ |                  
........ |                  
........ |                  
...Z.... |                  
S.ZZ...J |                  
SSZLL..J |                  
TSOOL.JJ |                  
TTOOS.SJ |                  
I.SZLLLL |                  

step=207, rand=6, actions=&lt;Down&gt;
Want     | Got ✗            
----------------------------
..ZZ.... | GameOverDisplay()
...ZZ... |                  
........ |                  
........ |                  
........ |                  
...Z.... |                  
S.ZZ...J |                  
SSZLL..J |                  
TSOOL.JJ |                  
TTOOS.SJ |                  
I.SZLLLL |                  

step=208, rand=6, actions=&lt;RotateRight&gt;
Want     | Got ✗            
----------------------------
....Z... | GameOverDisplay()
...ZZ... |                  
...Z.... |                  
........ |                  
........ |                  
...Z.... |                  
S.ZZ...J |                  
SSZLL..J |                  
TSOOL.JJ |                  
TTOOS.SJ |                  
I.SZLLLL |                  

step=209, rand=6, actions=&lt;Left&gt;
Want     | Got ✗            
----------------------------
...Z.... | GameOverDisplay()
..ZZ.... |                  
..Z..... |                  
........ |                  
........ |                  
...Z.... |                  
S.ZZ...J |                  
SSZLL..J |                  
TSOOL.JJ |                  
TTOOS.SJ |                  
I.SZLLLL |                  

step=210, rand=6, actions=&lt;Left&gt;
Want     | Got ✗            
----------------------------
..Z..... | GameOverDisplay()
.ZZ..... |                  
.Z...... |                  
........ |                  
........ |                  
...Z.... |                  
S.ZZ...J |                  
SSZLL..J |                  
TSOOL.JJ |                  
TTOOS.SJ |                  
I.SZLLLL |                  

step=211, rand=6, actions=&lt;Down&gt;
Want     | Got ✗            
----------------------------
........ | GameOverDisplay()
..Z..... |                  
.ZZ..... |                  
.Z...... |                  
........ |                  
...Z.... |                  
S.ZZ...J |                  
SSZLL..J |                  
TSOOL.JJ |                  
TTOOS.SJ |                  
I.SZLLLL |                  

step=212, rand=6, actions=&lt;Down&gt;
Want     | Got ✗            
----------------------------
........ | GameOverDisplay()
........ |                  
..Z..... |                  
.ZZ..... |                  
.Z...... |                  
...Z.... |                  
S.ZZ...J |                  
SSZLL..J |                  
TSOOL.JJ |                  
TTOOS.SJ |                  
I.SZLLLL |                  

step=213, rand=6, actions=&lt;Down&gt;
Want     | Got ✗            
----------------------------
........ | GameOverDisplay()
........ |                  
........ |                  
..Z..... |                  
.ZZ..... |                  
.Z.Z.... |                  
S.ZZ...J |                  
SSZLL..J |                  
TSOOL.JJ |                  
TTOOS.SJ |                  
I.SZLLLL |                  

step=214, rand=6, actions=&lt;Down&gt;
Want     | Got ✗            
----------------------------
........ | GameOverDisplay()
........ |                  
........ |                  
........ |                  
..Z..... |                  
.ZZZ.... |                  
SZZZ...J |                  
SSZLL..J |                  
TSOOL.JJ |                  
TTOOS.SJ |                  
I.SZLLLL |                  

step=215, rand=5, actions=&lt;Down&gt;
Want     | Got ✗            
----------------------------
...T.... | GameOverDisplay()
..TTT... |                  
........ |                  
........ |                  
..Z..... |                  
.ZZZ.... |                  
SZZZ...J |                  
SSZLL..J |                  
TSOOL.JJ |                  
TTOOS.SJ |                  
I.SZLLLL |                  

step=216, rand=5, actions=&lt;Right&gt;
Want     | Got ✗            
----------------------------
....T... | GameOverDisplay()
...TTT.. |                  
........ |                  
........ |                  
..Z..... |                  
.ZZZ.... |                  
SZZZ...J |                  
SSZLL..J |                  
TSOOL.JJ |                  
TTOOS.SJ |                  
I.SZLLLL |                  

step=217, rand=5, actions=&lt;Left&gt;
Want     | Got ✗            
----------------------------
...T.... | GameOverDisplay()
..TTT... |                  
........ |                  
........ |                  
..Z..... |                  
.ZZZ.... |                  
SZZZ...J |                  
SSZLL..J |                  
TSOOL.JJ |                  
TTOOS.SJ |                  
I.SZLLLL |                  

step=218, rand=5, actions=&lt;RotateRight&gt;
Want     | Got ✗            
----------------------------
...T.... | GameOverDisplay()
...TT... |                  
...T.... |                  
........ |                  
..Z..... |                  
.ZZZ.... |                  
SZZZ...J |                  
SSZLL..J |                  
TSOOL.JJ |                  
TTOOS.SJ |                  
I.SZLLLL |                  

step=219, rand=5, actions=&lt;Left&gt;
Want     | Got ✗            
----------------------------
..T..... | GameOverDisplay()
..TT.... |                  
..T..... |                  
........ |                  
..Z..... |                  
.ZZZ.... |                  
SZZZ...J |                  
SSZLL..J |                  
TSOOL.JJ |                  
TTOOS.SJ |                  
I.SZLLLL |                  

step=220, rand=5, actions=&lt;Left&gt;
Want     | Got ✗            
----------------------------
.T...... | GameOverDisplay()
.TT..... |                  
.T...... |                  
........ |                  
..Z..... |                  
.ZZZ.... |                  
SZZZ...J |                  
SSZLL..J |                  
TSOOL.JJ |                  
TTOOS.SJ |                  
I.SZLLLL |                  

step=221, rand=5, actions=&lt;Left&gt;
Want     | Got ✗            
----------------------------
T....... | GameOverDisplay()
TT...... |                  
T....... |                  
........ |                  
..Z..... |                  
.ZZZ.... |                  
SZZZ...J |                  
SSZLL..J |                  
TSOOL.JJ |                  
TTOOS.SJ |                  
I.SZLLLL |                  

step=222, rand=5, actions=&lt;Down&gt;
Want     | Got ✗            
----------------------------
........ | GameOverDisplay()
T....... |                  
TT...... |                  
T....... |                  
..Z..... |                  
.ZZZ.... |                  
SZZZ...J |                  
SSZLL..J |                  
TSOOL.JJ |                  
TTOOS.SJ |                  
I.SZLLLL |                  

step=223, rand=5, actions=&lt;Down&gt;
Want     | Got ✗            
----------------------------
........ | GameOverDisplay()
........ |                  
T....... |                  
TT...... |                  
T.Z..... |                  
.ZZZ.... |                  
SZZZ...J |                  
SSZLL..J |                  
TSOOL.JJ |                  
TTOOS.SJ |                  
I.SZLLLL |                  

step=224, rand=5, actions=&lt;Down&gt;
Want     | Got ✗            
----------------------------
........ | GameOverDisplay()
........ |                  
........ |                  
T....... |                  
TTZ..... |                  
TZZZ.... |                  
SZZZ...J |                  
SSZLL..J |                  
TSOOL.JJ |                  
TTOOS.SJ |                  
I.SZLLLL |                  

step=225, rand=3, actions=&lt;Down&gt;
Want     | Got ✗            
----------------------------
...OO... | GameOverDisplay()
...OO... |                  
........ |                  
T....... |                  
TTZ..... |                  
TZZZ.... |                  
SZZZ...J |                  
SSZLL..J |                  
TSOOL.JJ |                  
TTOOS.SJ |                  
I.SZLLLL |                  

step=226, rand=3, actions=&lt;Right&gt;
Want     | Got ✗            
----------------------------
....OO.. | GameOverDisplay()
....OO.. |                  
........ |                  
T....... |                  
TTZ..... |                  
TZZZ.... |                  
SZZZ...J |                  
SSZLL..J |                  
TSOOL.JJ |                  
TTOOS.SJ |                  
I.SZLLLL |                  

step=227, rand=3, actions=&lt;Right&gt;
Want     | Got ✗            
----------------------------
.....OO. | GameOverDisplay()
.....OO. |                  
........ |                  
T....... |                  
TTZ..... |                  
TZZZ.... |                  
SZZZ...J |                  
SSZLL..J |                  
TSOOL.JJ |                  
TTOOS.SJ |                  
I.SZLLLL |                  

step=228, rand=3, actions=&lt;Left&gt;
Want     | Got ✗            
----------------------------
....OO.. | GameOverDisplay()
....OO.. |                  
........ |                  
T....... |                  
TTZ..... |                  
TZZZ.... |                  
SZZZ...J |                  
SSZLL..J |                  
TSOOL.JJ |                  
TTOOS.SJ |                  
I.SZLLLL |                  

step=229, rand=3, actions=&lt;Right&gt;
Want     | Got ✗            
----------------------------
.....OO. | GameOverDisplay()
.....OO. |                  
........ |                  
T....... |                  
TTZ..... |                  
TZZZ.... |                  
SZZZ...J |                  
SSZLL..J |                  
TSOOL.JJ |                  
TTOOS.SJ |                  
I.SZLLLL |                  

step=230, rand=3, actions=&lt;Down&gt;
Want     | Got ✗            
----------------------------
........ | GameOverDisplay()
.....OO. |                  
.....OO. |                  
T....... |                  
TTZ..... |                  
TZZZ.... |                  
SZZZ...J |                  
SSZLL..J |                  
TSOOL.JJ |                  
TTOOS.SJ |                  
I.SZLLLL |                  

step=231, rand=3, actions=&lt;Down&gt;
Want     | Got ✗            
----------------------------
........ | GameOverDisplay()
........ |                  
.....OO. |                  
T....OO. |                  
TTZ..... |                  
TZZZ.... |                  
SZZZ...J |                  
SSZLL..J |                  
TSOOL.JJ |                  
TTOOS.SJ |                  
I.SZLLLL |                  

step=232, rand=3, actions=&lt;Down&gt;
Want     | Got ✗            
----------------------------
........ | GameOverDisplay()
........ |                  
........ |                  
T....OO. |                  
TTZ..OO. |                  
TZZZ.... |                  
SZZZ...J |                  
SSZLL..J |                  
TSOOL.JJ |                  
TTOOS.SJ |                  
I.SZLLLL |                  

step=233, rand=3, actions=&lt;Down&gt;
Want     | Got ✗            
----------------------------
........ | GameOverDisplay()
........ |                  
........ |                  
T....... |                  
TTZ..OO. |                  
TZZZ.OO. |                  
SZZZ...J |                  
SSZLL..J |                  
TSOOL.JJ |                  
TTOOS.SJ |                  
I.SZLLLL |                  

step=234, rand=3, actions=&lt;Down&gt;
Want     | Got ✗            
----------------------------
........ | GameOverDisplay()
........ |                  
........ |                  
T....... |                  
TTZ..... |                  
TZZZ.OO. |                  
SZZZ.OOJ |                  
SSZLL..J |                  
TSOOL.JJ |                  
TTOOS.SJ |                  
I.SZLLLL |                  

step=235, rand=3, actions=&lt;Down&gt;
Want     | Got ✗            
----------------------------
........ | GameOverDisplay()
........ |                  
........ |                  
T....... |                  
TTZ..... |                  
TZZZ.... |                  
SZZZ.OOJ |                  
SSZLLOOJ |                  
TSOOL.JJ |                  
TTOOS.SJ |                  
I.SZLLLL |                  

step=236, rand=3, actions=&lt;Right&gt;
Want     | Got ✗            
----------------------------
........ | GameOverDisplay()
........ |                  
........ |                  
T....... |                  
TTZ..... |                  
TZZZ.... |                  
SZZZ.OOJ |                  
SSZLLOOJ |                  
TSOOL.JJ |                  
TTOOS.SJ |                  
I.SZLLLL |                  

step=237, rand=6, actions=&lt;Down&gt;
Want     | Got ✗            
----------------------------
..ZZ.... | GameOverDisplay()
...ZZ... |                  
........ |                  
........ |                  
T....... |                  
TTZ..... |                  
TZZZ.... |                  
SZZZ.OOJ |                  
TSOOL.JJ |                  
TTOOS.SJ |                  
I.SZLLLL |                  

step=238, rand=6, actions=&lt;RotateRight&gt;
Want     | Got ✗            
----------------------------
....Z... | GameOverDisplay()
...ZZ... |                  
...Z.... |                  
........ |                  
T....... |                  
TTZ..... |                  
TZZZ.... |                  
SZZZ.OOJ |                  
TSOOL.JJ |                  
TTOOS.SJ |                  
I.SZLLLL |                  

step=239, rand=6, actions=&lt;Right&gt;
Want     | Got ✗            
----------------------------
.....Z.. | GameOverDisplay()
....ZZ.. |                  
....Z... |                  
........ |                  
T....... |                  
TTZ..... |                  
TZZZ.... |                  
SZZZ.OOJ |                  
TSOOL.JJ |                  
TTOOS.SJ |                  
I.SZLLLL |                  

step=240, rand=6, actions=&lt;Right&gt;
Want     | Got ✗            
----------------------------
......Z. | GameOverDisplay()
.....ZZ. |                  
.....Z.. |                  
........ |                  
T....... |                  
TTZ..... |                  
TZZZ.... |                  
SZZZ.OOJ |                  
TSOOL.JJ |                  
TTOOS.SJ |                  
I.SZLLLL |                  

step=241, rand=6, actions=&lt;Left&gt;
Want     | Got ✗            
----------------------------
.....Z.. | GameOverDisplay()
....ZZ.. |                  
....Z... |                  
........ |                  
T....... |                  
TTZ..... |                  
TZZZ.... |                  
SZZZ.OOJ |                  
TSOOL.JJ |                  
TTOOS.SJ |                  
I.SZLLLL |                  

step=242, rand=6, actions=&lt;Down&gt;
Want     | Got ✗            
----------------------------
........ | GameOverDisplay()
.....Z.. |                  
....ZZ.. |                  
....Z... |                  
T....... |                  
TTZ..... |                  
TZZZ.... |                  
SZZZ.OOJ |                  
TSOOL.JJ |                  
TTOOS.SJ |                  
I.SZLLLL |                  

step=243, rand=6, actions=&lt;Down&gt;
Want     | Got ✗            
----------------------------
........ | GameOverDisplay()
........ |                  
.....Z.. |                  
....ZZ.. |                  
T...Z... |                  
TTZ..... |                  
TZZZ.... |                  
SZZZ.OOJ |                  
TSOOL.JJ |                  
TTOOS.SJ |                  
I.SZLLLL |                  

step=244, rand=6, actions=&lt;Down&gt;
Want     | Got ✗            
----------------------------
........ | GameOverDisplay()
........ |                  
........ |                  
.....Z.. |                  
T...ZZ.. |                  
TTZ.Z... |                  
TZZZ.... |                  
SZZZ.OOJ |                  
TSOOL.JJ |                  
TTOOS.SJ |                  
I.SZLLLL |                  

step=245, rand=6, actions=&lt;Down&gt;
Want     | Got ✗            
----------------------------
........ | GameOverDisplay()
........ |                  
........ |                  
........ |                  
T....Z.. |                  
TTZ.ZZ.. |                  
TZZZZ... |                  
SZZZ.OOJ |                  
TSOOL.JJ |                  
TTOOS.SJ |                  
I.SZLLLL |                  

step=246, rand=6, actions=&lt;Down&gt;
Want     | Got ✗            
----------------------------
........ | GameOverDisplay()
........ |                  
........ |                  
........ |                  
T....... |                  
TTZ..Z.. |                  
TZZZZZ.. |                  
SZZZZOOJ |                  
TSOOL.JJ |                  
TTOOS.SJ |                  
I.SZLLLL |                  

step=247, rand=5, actions=&lt;Down&gt;
Want     | Got ✗            
----------------------------
...T.... | GameOverDisplay()
..TTT... |                  
........ |                  
........ |                  
........ |                  
T....... |                  
TTZ..Z.. |                  
TZZZZZ.. |                  
TSOOL.JJ |                  
TTOOS.SJ |                  
I.SZLLLL |                  

step=248, rand=5, actions=&lt;RotateRight&gt;
Want     | Got ✗            
----------------------------
...T.... | GameOverDisplay()
...TT... |                  
...T.... |                  
........ |                  
........ |                  
T....... |                  
TTZ..Z.. |                  
TZZZZZ.. |                  
TSOOL.JJ |                  
TTOOS.SJ |                  
I.SZLLLL |                  

step=249, rand=5, actions=&lt;RotateRight&gt;
Want     | Got ✗            
----------------------------
........ | GameOverDisplay()
..TTT... |                  
...T.... |                  
........ |                  
........ |                  
T....... |                  
TTZ..Z.. |                  
TZZZZZ.. |                  
TSOOL.JJ |                  
TTOOS.SJ |                  
I.SZLLLL |                  

step=250, rand=5, actions=&lt;RotateRight&gt;
Want     | Got ✗            
----------------------------
...T.... | GameOverDisplay()
..TT.... |                  
...T.... |                  
........ |                  
........ |                  
T....... |                  
TTZ..Z.. |                  
TZZZZZ.. |                  
TSOOL.JJ |                  
TTOOS.SJ |                  
I.SZLLLL |                  

step=251, rand=5, actions=&lt;RotateRight&gt;
Want     | Got ✗            
----------------------------
...T.... | GameOverDisplay()
..TTT... |                  
........ |                  
........ |                  
........ |                  
T....... |                  
TTZ..Z.. |                  
TZZZZZ.. |                  
TSOOL.JJ |                  
TTOOS.SJ |                  
I.SZLLLL |                  

step=252, rand=5, actions=&lt;RotateRight&gt;
Want     | Got ✗            
----------------------------
...T.... | GameOverDisplay()
...TT... |                  
...T.... |                  
........ |                  
........ |                  
T....... |                  
TTZ..Z.. |                  
TZZZZZ.. |                  
TSOOL.JJ |                  
TTOOS.SJ |                  
I.SZLLLL |                  

step=253, rand=5, actions=&lt;Right&gt;
Want     | Got ✗            
----------------------------
....T... | GameOverDisplay()
....TT.. |                  
....T... |                  
........ |                  
........ |                  
T....... |                  
TTZ..Z.. |                  
TZZZZZ.. |                  
TSOOL.JJ |                  
TTOOS.SJ |                  
I.SZLLLL |                  

step=254, rand=5, actions=&lt;Down&gt;
Want     | Got ✗            
----------------------------
........ | GameOverDisplay()
....T... |                  
....TT.. |                  
....T... |                  
........ |                  
T....... |                  
TTZ..Z.. |                  
TZZZZZ.. |                  
TSOOL.JJ |                  
TTOOS.SJ |                  
I.SZLLLL |                  

step=255, rand=5, actions=&lt;Down&gt;
Want     | Got ✗            
----------------------------
........ | GameOverDisplay()
........ |                  
....T... |                  
....TT.. |                  
....T... |                  
T....... |                  
TTZ..Z.. |                  
TZZZZZ.. |                  
TSOOL.JJ |                  
TTOOS.SJ |                  
I.SZLLLL |                  

step=256, rand=5, actions=&lt;Down&gt;
Want     | Got ✗            
----------------------------
........ | GameOverDisplay()
........ |                  
........ |                  
....T... |                  
....TT.. |                  
T...T... |                  
TTZ..Z.. |                  
TZZZZZ.. |                  
TSOOL.JJ |                  
TTOOS.SJ |                  
I.SZLLLL |                  

step=257, rand=5, actions=&lt;Down&gt;
Want     | Got ✗            
----------------------------
........ | GameOverDisplay()
........ |                  
........ |                  
........ |                  
....T... |                  
T...TT.. |                  
TTZ.TZ.. |                  
TZZZZZ.. |                  
TSOOL.JJ |                  
TTOOS.SJ |                  
I.SZLLLL |                  

step=258, rand=5, actions=&lt;Down&gt;
Want     | Got ✗            
----------------------------
...T.... | GameOverDisplay()
..TTT... |                  
........ |                  
........ |                  
....T... |                  
T...TT.. |                  
TTZ.TZ.. |                  
TZZZZZ.. |                  
TSOOL.JJ |                  
TTOOS.SJ |                  
I.SZLLLL |                  

step=259, rand=5, actions=&lt;RotateRight&gt;
Want     | Got ✗            
----------------------------
...T.... | GameOverDisplay()
...TT... |                  
...T.... |                  
........ |                  
....T... |                  
T...TT.. |                  
TTZ.TZ.. |                  
TZZZZZ.. |                  
TSOOL.JJ |                  
TTOOS.SJ |                  
I.SZLLLL |                  

step=260, rand=5, actions=&lt;RotateRight&gt;
Want     | Got ✗            
----------------------------
........ | GameOverDisplay()
..TTT... |                  
...T.... |                  
........ |                  
....T... |                  
T...TT.. |                  
TTZ.TZ.. |                  
TZZZZZ.. |                  
TSOOL.JJ |                  
TTOOS.SJ |                  
I.SZLLLL |                  

step=261, rand=5, actions=&lt;RotateRight&gt;
Want     | Got ✗            
----------------------------
...T.... | GameOverDisplay()
..TT.... |                  
...T.... |                  
........ |                  
....T... |                  
T...TT.. |                  
TTZ.TZ.. |                  
TZZZZZ.. |                  
TSOOL.JJ |                  
TTOOS.SJ |                  
I.SZLLLL |                  

step=262, rand=5, actions=&lt;Down&gt;
Want     | Got ✗            
----------------------------
........ | GameOverDisplay()
...T.... |                  
..TT.... |                  
...T.... |                  
....T... |                  
T...TT.. |                  
TTZ.TZ.. |                  
TZZZZZ.. |                  
TSOOL.JJ |                  
TTOOS.SJ |                  
I.SZLLLL |                  

step=263, rand=5, actions=&lt;Down&gt;
Want     | Got ✗            
----------------------------
........ | GameOverDisplay()
........ |                  
...T.... |                  
..TT.... |                  
...TT... |                  
T...TT.. |                  
TTZ.TZ.. |                  
TZZZZZ.. |                  
TSOOL.JJ |                  
TTOOS.SJ |                  
I.SZLLLL |                  

step=264, rand=5, actions=&lt;Down&gt;
Want     | Got ✗            
----------------------------
........ | GameOverDisplay()
........ |                  
........ |                  
...T.... |                  
..TTT... |                  
T..TTT.. |                  
TTZ.TZ.. |                  
TZZZZZ.. |                  
TSOOL.JJ |                  
TTOOS.SJ |                  
I.SZLLLL |                  

step=265, rand=5, actions=&lt;Down&gt;
Want     | Got ✗            
----------------------------
........ | GameOverDisplay()
........ |                  
........ |                  
........ |                  
...TT... |                  
T.TTTT.. |                  
TTZTTZ.. |                  
TZZZZZ.. |                  
TSOOL.JJ |                  
TTOOS.SJ |                  
I.SZLLLL |                  

step=266, rand=6, actions=&lt;Down&gt;
Want     | Got ✗            
----------------------------
..ZZ.... | GameOverDisplay()
...ZZ... |                  
........ |                  
........ |                  
...TT... |                  
T.TTTT.. |                  
TTZTTZ.. |                  
TZZZZZ.. |                  
TSOOL.JJ |                  
TTOOS.SJ |                  
I.SZLLLL |                  

step=267, rand=6, actions=&lt;RotateRight&gt;
Want     | Got ✗            
----------------------------
....Z... | GameOverDisplay()
...ZZ... |                  
...Z.... |                  
........ |                  
...TT... |                  
T.TTTT.. |                  
TTZTTZ.. |                  
TZZZZZ.. |                  
TSOOL.JJ |                  
TTOOS.SJ |                  
I.SZLLLL |                  

step=268, rand=6, actions=&lt;Left&gt;
Want     | Got ✗            
----------------------------
...Z.... | GameOverDisplay()
..ZZ.... |                  
..Z..... |                  
........ |                  
...TT... |                  
T.TTTT.. |                  
TTZTTZ.. |                  
TZZZZZ.. |                  
TSOOL.JJ |                  
TTOOS.SJ |                  
I.SZLLLL |                  

step=269, rand=6, actions=&lt;Left&gt;
Want     | Got ✗            
----------------------------
..Z..... | GameOverDisplay()
.ZZ..... |                  
.Z...... |                  
........ |                  
...TT... |                  
T.TTTT.. |                  
TTZTTZ.. |                  
TZZZZZ.. |                  
TSOOL.JJ |                  
TTOOS.SJ |                  
I.SZLLLL |                  

step=270, rand=6, actions=&lt;Down&gt;
Want     | Got ✗            
----------------------------
........ | GameOverDisplay()
..Z..... |                  
.ZZ..... |                  
.Z...... |                  
...TT... |                  
T.TTTT.. |                  
TTZTTZ.. |                  
TZZZZZ.. |                  
TSOOL.JJ |                  
TTOOS.SJ |                  
I.SZLLLL |                  

step=271, rand=6, actions=&lt;Down&gt;
Want     | Got ✗            
----------------------------
........ | GameOverDisplay()
........ |                  
..Z..... |                  
.ZZ..... |                  
.Z.TT... |                  
T.TTTT.. |                  
TTZTTZ.. |                  
TZZZZZ.. |                  
TSOOL.JJ |                  
TTOOS.SJ |                  
I.SZLLLL |                  

step=272, rand=6, actions=&lt;Down&gt;
Want     | Got ✗            
----------------------------
........ | GameOverDisplay()
........ |                  
........ |                  
..Z..... |                  
.ZZTT... |                  
TZTTTT.. |                  
TTZTTZ.. |                  
TZZZZZ.. |                  
TSOOL.JJ |                  
TTOOS.SJ |                  
I.SZLLLL |                  

step=273, rand=0, actions=&lt;Down&gt;
Want     | Got ✗            
----------------------------
........ | GameOverDisplay()
..IIII.. |                  
........ |                  
..Z..... |                  
.ZZTT... |                  
TZTTTT.. |                  
TTZTTZ.. |                  
TZZZZZ.. |                  
TSOOL.JJ |                  
TTOOS.SJ |                  
I.SZLLLL |                  

step=274, rand=0, actions=&lt;RotateRight&gt;
Want     | Got ✗            
----------------------------
....I... | GameOverDisplay()
....I... |                  
....I... |                  
..Z.I... |                  
.ZZTT... |                  
TZTTTT.. |                  
TTZTTZ.. |                  
TZZZZZ.. |                  
TSOOL.JJ |                  
TTOOS.SJ |                  
I.SZLLLL |                  

step=275, rand=0, actions=&lt;Right&gt;
Want     | Got ✗            
----------------------------
.....I.. | GameOverDisplay()
.....I.. |                  
.....I.. |                  
..Z..I.. |                  
.ZZTT... |                  
TZTTTT.. |                  
TTZTTZ.. |                  
TZZZZZ.. |                  
TSOOL.JJ |                  
TTOOS.SJ |                  
I.SZLLLL |                  

step=276, rand=0, actions=&lt;Right&gt;
Want     | Got ✗            
----------------------------
......I. | GameOverDisplay()
......I. |                  
......I. |                  
..Z...I. |                  
.ZZTT... |                  
TZTTTT.. |                  
TTZTTZ.. |                  
TZZZZZ.. |                  
TSOOL.JJ |                  
TTOOS.SJ |                  
I.SZLLLL |                  

step=277, rand=0, actions=&lt;Right&gt;
Want     | Got ✗            
----------------------------
.......I | GameOverDisplay()
.......I |                  
.......I |                  
..Z....I |                  
.ZZTT... |                  
TZTTTT.. |                  
TTZTTZ.. |                  
TZZZZZ.. |                  
TSOOL.JJ |                  
TTOOS.SJ |                  
I.SZLLLL |                  

step=278, rand=0, actions=&lt;Left&gt;
Want     | Got ✗            
----------------------------
......I. | GameOverDisplay()
......I. |                  
......I. |                  
..Z...I. |                  
.ZZTT... |                  
TZTTTT.. |                  
TTZTTZ.. |                  
TZZZZZ.. |                  
TSOOL.JJ |                  
TTOOS.SJ |                  
I.SZLLLL |                  

step=279, rand=0, actions=&lt;Down&gt;
Want     | Got ✗            
----------------------------
........ | GameOverDisplay()
......I. |                  
......I. |                  
..Z...I. |                  
.ZZTT.I. |                  
TZTTTT.. |                  
TTZTTZ.. |                  
TZZZZZ.. |                  
TSOOL.JJ |                  
TTOOS.SJ |                  
I.SZLLLL |                  

step=280, rand=0, actions=&lt;Down&gt;
Want     | Got ✗            
----------------------------
........ | GameOverDisplay()
........ |                  
......I. |                  
..Z...I. |                  
.ZZTT.I. |                  
TZTTTTI. |                  
TTZTTZ.. |                  
TZZZZZ.. |                  
TSOOL.JJ |                  
TTOOS.SJ |                  
I.SZLLLL |                  

step=281, rand=0, actions=&lt;Down&gt;
Want     | Got ✗            
----------------------------
........ | GameOverDisplay()
........ |                  
........ |                  
..Z...I. |                  
.ZZTT.I. |                  
TZTTTTI. |                  
TTZTTZI. |                  
TZZZZZ.. |                  
TSOOL.JJ |                  
TTOOS.SJ |                  
I.SZLLLL |                  

step=282, rand=0, actions=&lt;Down&gt;
Want     | Got ✗            
----------------------------
........ | GameOverDisplay()
........ |                  
........ |                  
..Z..... |                  
.ZZTT.I. |                  
TZTTTTI. |                  
TTZTTZI. |                  
TZZZZZI. |                  
TSOOL.JJ |                  
TTOOS.SJ |                  
I.SZLLLL |                  

step=283, rand=6, actions=&lt;Down&gt;
Want     | Got ✗            
----------------------------
..ZZ.... | GameOverDisplay()
...ZZ... |                  
........ |                  
..Z..... |                  
.ZZTT.I. |                  
TZTTTTI. |                  
TTZTTZI. |                  
TZZZZZI. |                  
TSOOL.JJ |                  
TTOOS.SJ |                  
I.SZLLLL |                  

step=284, rand=6, actions=&lt;Right&gt;
Want     | Got ✗            
----------------------------
...ZZ... | GameOverDisplay()
....ZZ.. |                  
........ |                  
..Z..... |                  
.ZZTT.I. |                  
TZTTTTI. |                  
TTZTTZI. |                  
TZZZZZI. |                  
TSOOL.JJ |                  
TTOOS.SJ |                  
I.SZLLLL |                  

step=285, rand=6, actions=&lt;Right&gt;
Want     | Got ✗            
----------------------------
....ZZ.. | GameOverDisplay()
.....ZZ. |                  
........ |                  
..Z..... |                  
.ZZTT.I. |                  
TZTTTTI. |                  
TTZTTZI. |                  
TZZZZZI. |                  
TSOOL.JJ |                  
TTOOS.SJ |                  
I.SZLLLL |                  

step=286, rand=6, actions=&lt;Left&gt;
Want     | Got ✗            
----------------------------
...ZZ... | GameOverDisplay()
....ZZ.. |                  
........ |                  
..Z..... |                  
.ZZTT.I. |                  
TZTTTTI. |                  
TTZTTZI. |                  
TZZZZZI. |                  
TSOOL.JJ |                  
TTOOS.SJ |                  
I.SZLLLL |                  

step=287, rand=6, actions=&lt;Left&gt;
Want     | Got ✗            
----------------------------
..ZZ.... | GameOverDisplay()
...ZZ... |                  
........ |                  
..Z..... |                  
.ZZTT.I. |                  
TZTTTTI. |                  
TTZTTZI. |                  
TZZZZZI. |                  
TSOOL.JJ |                  
TTOOS.SJ |                  
I.SZLLLL |                  

step=288, rand=6, actions=&lt;Left&gt;
Want     | Got ✗            
----------------------------
.ZZ..... | GameOverDisplay()
..ZZ.... |                  
........ |                  
..Z..... |                  
.ZZTT.I. |                  
TZTTTTI. |                  
TTZTTZI. |                  
TZZZZZI. |                  
TSOOL.JJ |                  
TTOOS.SJ |                  
I.SZLLLL |                  

step=289, rand=6, actions=&lt;Left&gt;
Want     | Got ✗            
----------------------------
ZZ...... | GameOverDisplay()
.ZZ..... |                  
........ |                  
..Z..... |                  
.ZZTT.I. |                  
TZTTTTI. |                  
TTZTTZI. |                  
TZZZZZI. |                  
TSOOL.JJ |                  
TTOOS.SJ |                  
I.SZLLLL |                  

step=290, rand=6, actions=&lt;RotateRight&gt;
Want     | Got ✗            
----------------------------
..Z..... | GameOverDisplay()
.ZZ..... |                  
.Z...... |                  
..Z..... |                  
.ZZTT.I. |                  
TZTTTTI. |                  
TTZTTZI. |                  
TZZZZZI. |                  
TSOOL.JJ |                  
TTOOS.SJ |                  
I.SZLLLL |                  

step=291, rand=6, actions=&lt;Left&gt;
Want     | Got ✗            
----------------------------
.Z...... | GameOverDisplay()
ZZ...... |                  
Z....... |                  
..Z..... |                  
.ZZTT.I. |                  
TZTTTTI. |                  
TTZTTZI. |                  
TZZZZZI. |                  
TSOOL.JJ |                  
TTOOS.SJ |                  
I.SZLLLL |                  

step=292, rand=6, actions=&lt;Left&gt;
Want     | Got ✗            
----------------------------
.Z...... | GameOverDisplay()
ZZ...... |                  
Z....... |                  
..Z..... |                  
.ZZTT.I. |                  
TZTTTTI. |                  
TTZTTZI. |                  
TZZZZZI. |                  
TSOOL.JJ |                  
TTOOS.SJ |                  
I.SZLLLL |                  

step=293, rand=6, actions=&lt;Down&gt;
Want     | Got ✗            
----------------------------
........ | GameOverDisplay()
.Z...... |                  
ZZ...... |                  
Z.Z..... |                  
.ZZTT.I. |                  
TZTTTTI. |                  
TTZTTZI. |                  
TZZZZZI. |                  
TSOOL.JJ |                  
TTOOS.SJ |                  
I.SZLLLL |                  

step=294, rand=6, actions=&lt;Down&gt;
Want     | Got ✗            
----------------------------
........ | GameOverDisplay()
........ |                  
.Z...... |                  
ZZZ..... |                  
ZZZTT.I. |                  
TZTTTTI. |                  
TTZTTZI. |                  
TZZZZZI. |                  
TSOOL.JJ |                  
TTOOS.SJ |                  
I.SZLLLL |                  

step=295, rand=4, actions=&lt;Down&gt;
Want     | Got ✗            
----------------------------
...SS... | GameOverDisplay()
..SS.... |                  
.Z...... |                  
ZZZ..... |                  
ZZZTT.I. |                  
TZTTTTI. |                  
TTZTTZI. |                  
TZZZZZI. |                  
TSOOL.JJ |                  
TTOOS.SJ |                  
I.SZLLLL |                  

step=296, rand=4, actions=&lt;RotateRight&gt;
Want     | Got ✗            
----------------------------
...S.... | GameOverDisplay()
...SS... |                  
.Z..S... |                  
ZZZ..... |                  
ZZZTT.I. |                  
TZTTTTI. |                  
TTZTTZI. |                  
TZZZZZI. |                  
TSOOL.JJ |                  
TTOOS.SJ |                  
I.SZLLLL |                  

step=297, rand=4, actions=&lt;Right&gt;
Want     | Got ✗            
----------------------------
....S... | GameOverDisplay()
....SS.. |                  
.Z...S.. |                  
ZZZ..... |                  
ZZZTT.I. |                  
TZTTTTI. |                  
TTZTTZI. |                  
TZZZZZI. |                  
TSOOL.JJ |                  
TTOOS.SJ |                  
I.SZLLLL |                  

step=298, rand=4, actions=&lt;Down&gt;
Want     | Got ✗            
----------------------------
........ | GameOverDisplay()
....S... |                  
.Z..SS.. |                  
ZZZ..S.. |                  
ZZZTT.I. |                  
TZTTTTI. |                  
TTZTTZI. |                  
TZZZZZI. |                  
TSOOL.JJ |                  
TTOOS.SJ |                  
I.SZLLLL |                  

step=299, rand=4, actions=&lt;Down&gt;
Want     | Got ✗            
----------------------------
........ | GameOverDisplay()
........ |                  
.Z..S... |                  
ZZZ.SS.. |                  
ZZZTTSI. |                  
TZTTTTI. |                  
TTZTTZI. |                  
TZZZZZI. |                  
TSOOL.JJ |                  
TTOOS.SJ |                  
I.SZLLLL |                  

step=300, rand=3, actions=&lt;Down&gt;
Want     | Got ✗            
----------------------------
...OO... | GameOverDisplay()
...OO... |                  
.Z..S... |                  
ZZZ.SS.. |                  
ZZZTTSI. |                  
TZTTTTI. |                  
TTZTTZI. |                  
TZZZZZI. |                  
TSOOL.JJ |                  
TTOOS.SJ |                  
I.SZLLLL |                  

step=301, rand=3, actions=&lt;Right&gt;
Want     | Got ✗            
----------------------------
....OO.. | GameOverDisplay()
....OO.. |                  
.Z..S... |                  
ZZZ.SS.. |                  
ZZZTTSI. |                  
TZTTTTI. |                  
TTZTTZI. |                  
TZZZZZI. |                  
TSOOL.JJ |                  
TTOOS.SJ |                  
I.SZLLLL |                  

step=302, rand=3, actions=&lt;Right&gt;
Want     | Got ✗            
----------------------------
.....OO. | GameOverDisplay()
.....OO. |                  
.Z..S... |                  
ZZZ.SS.. |                  
ZZZTTSI. |                  
TZTTTTI. |                  
TTZTTZI. |                  
TZZZZZI. |                  
TSOOL.JJ |                  
TTOOS.SJ |                  
I.SZLLLL |                  

step=303, rand=3, actions=&lt;Right&gt;
Want     | Got ✗            
----------------------------
......OO | GameOverDisplay()
......OO |                  
.Z..S... |                  
ZZZ.SS.. |                  
ZZZTTSI. |                  
TZTTTTI. |                  
TTZTTZI. |                  
TZZZZZI. |                  
TSOOL.JJ |                  
TTOOS.SJ |                  
I.SZLLLL |                  

step=304, rand=3, actions=&lt;Down&gt;
Want     | Got ✗            
----------------------------
........ | GameOverDisplay()
......OO |                  
.Z..S.OO |                  
ZZZ.SS.. |                  
ZZZTTSI. |                  
TZTTTTI. |                  
TTZTTZI. |                  
TZZZZZI. |                  
TSOOL.JJ |                  
TTOOS.SJ |                  
I.SZLLLL |                  

step=305, rand=3, actions=&lt;Down&gt;
Want     | Got ✗            
----------------------------
........ | GameOverDisplay()
........ |                  
.Z..S.OO |                  
ZZZ.SSOO |                  
ZZZTTSI. |                  
TZTTTTI. |                  
TTZTTZI. |                  
TZZZZZI. |                  
TSOOL.JJ |                  
TTOOS.SJ |                  
I.SZLLLL |                  

step=306, rand=3, actions=&lt;Down&gt;
Want     | Got ✗            
----------------------------
...OO... | GameOverDisplay()
...OO... |                  
.Z..S.OO |                  
ZZZ.SSOO |                  
ZZZTTSI. |                  
TZTTTTI. |                  
TTZTTZI. |                  
TZZZZZI. |                  
TSOOL.JJ |                  
TTOOS.SJ |                  
I.SZLLLL |                  

step=307, rand=3, actions=&lt;Left&gt;
Want     | Got ✗            
----------------------------
..OO.... | GameOverDisplay()
..OO.... |                  
.Z..S.OO |                  
ZZZ.SSOO |                  
ZZZTTSI. |                  
TZTTTTI. |                  
TTZTTZI. |                  
TZZZZZI. |                  
TSOOL.JJ |                  
TTOOS.SJ |                  
I.SZLLLL |                  

step=308, rand=3, actions=&lt;Left&gt;
Want     | Got ✗            
----------------------------
.OO..... | GameOverDisplay()
.OO..... |                  
.Z..S.OO |                  
ZZZ.SSOO |                  
ZZZTTSI. |                  
TZTTTTI. |                  
TTZTTZI. |                  
TZZZZZI. |                  
TSOOL.JJ |                  
TTOOS.SJ |                  
I.SZLLLL |                  

step=309, rand=3, actions=&lt;Right&gt;
Want     | Got ✗            
----------------------------
..OO.... | GameOverDisplay()
..OO.... |                  
.Z..S.OO |                  
ZZZ.SSOO |                  
ZZZTTSI. |                  
TZTTTTI. |                  
TTZTTZI. |                  
TZZZZZI. |                  
TSOOL.JJ |                  
TTOOS.SJ |                  
I.SZLLLL |                  

step=310, rand=3, actions=&lt;Down&gt;
Want     | Got ✗            
----------------------------
........ | GameOverDisplay()
..OO.... |                  
.ZOOS.OO |                  
ZZZ.SSOO |                  
ZZZTTSI. |                  
TZTTTTI. |                  
TTZTTZI. |                  
TZZZZZI. |                  
TSOOL.JJ |                  
TTOOS.SJ |                  
I.SZLLLL |                  

step=311, rand=1, actions=&lt;Down&gt;
Want              | Got ✓            
-------------------------------------
GameOverDisplay() | GameOverDisplay()


	at app//org.scalatest.Assertions.newAssertionFailedException(Assertions.scala:530)
	at app//org.scalatest.Assertions.newAssertionFailedException$(Assertions.scala:529)
	at app//org.scalatest.FunSuite.newAssertionFailedException(FunSuite.scala:1560)
	at app//org.scalatest.Assertions$AssertionsHelper.macroAssert(Assertions.scala:503)
	at app//generic.GameTestSuite.checkGame(GameTestSuite.scala:298)
	at app//tetris.TetrisTestSuiteBase.checkGame(TetrisTestSuiteBase.scala:103)
	at app//tetris.FullGameTests.$anonfun$new$2(FullGameTests.scala:5744)
	at app//scala.runtime.java8.JFunction0$mcV$sp.apply(JFunction0$mcV$sp.scala:18)
	at app//infrastructure.TestBase.$anonfun$test$1(TestBase.scala:36)
	at app//org.scalatest.OutcomeOf.outcomeOf(OutcomeOf.scala:85)
	at app//org.scalatest.OutcomeOf.outcomeOf$(OutcomeOf.scala:83)
	at app//org.scalatest.OutcomeOf$.outcomeOf(OutcomeOf.scala:104)
	at app//org.scalatest.Transformer.apply(Transformer.scala:22)
	at app//org.scalatest.Transformer.apply(Transformer.scala:20)
	at app//org.scalatest.FunSuiteLike$$anon$1.apply(FunSuiteLike.scala:186)
	at app//org.scalatest.TestSuite.withFixture(TestSuite.scala:196)
	at app//org.scalatest.TestSuite.withFixture$(TestSuite.scala:195)
	at app//infrastructure.TestBase.org$scalatest$concurrent$TimeLimitedTests$$super$withFixture(TestBase.scala:9)
	at app//org.scalatest.concurrent.TimeLimitedTests.$anonfun$withFixture$3(TimeLimitedTests.scala:154)
	at app//org.scalatest.enablers.Timed$$anon$1.timeoutAfter(Timed.scala:127)
	at app//org.scalatest.concurrent.TimeLimits.failAfterImpl(TimeLimits.scala:239)
	at app//org.scalatest.concurrent.TimeLimits.failAfterImpl$(TimeLimits.scala:233)
	at app//org.scalatest.concurrent.TimeLimits$.failAfterImpl(TimeLimits.scala:305)
	at app//org.scalatest.concurrent.TimeLimitedTests.withFixture(TimeLimitedTests.scala:153)
	at app//org.scalatest.concurrent.TimeLimitedTests.withFixture$(TimeLimitedTests.scala:150)
	at app//infrastructure.TestBase.withFixture(TestBase.scala:9)
	at app//org.scalatest.FunSuiteLike.invokeWithFixture$1(FunSuiteLike.scala:184)
	at app//org.scalatest.FunSuiteLike.$anonfun$runTest$1(FunSuiteLike.scala:196)
	at app//org.scalatest.SuperEngine.runTestImpl(Engine.scala:286)
	at app//org.scalatest.FunSuiteLike.runTest(FunSuiteLike.scala:196)
	at app//org.scalatest.FunSuiteLike.runTest$(FunSuiteLike.scala:178)
	at app//org.scalatest.FunSuite.runTest(FunSuite.scala:1560)
	at app//org.scalatest.FunSuiteLike.$anonfun$runTests$1(FunSuiteLike.scala:229)
	at app//org.scalatest.SuperEngine.$anonfun$runTestsInBranch$1(Engine.scala:393)
	at app//scala.collection.immutable.List.foreach(List.scala:333)
	at app//org.scalatest.SuperEngine.traverseSubNodes$1(Engine.scala:381)
	at app//org.scalatest.SuperEngine.runTestsInBranch(Engine.scala:376)
	at app//org.scalatest.SuperEngine.runTestsImpl(Engine.scala:458)
	at app//org.scalatest.FunSuiteLike.runTests(FunSuiteLike.scala:229)
	at app//org.scalatest.FunSuiteLike.runTests$(FunSuiteLike.scala:228)
	at app//org.scalatest.FunSuite.runTests(FunSuite.scala:1560)
	at app//org.scalatest.Suite.run(Suite.scala:1124)
	at app//org.scalatest.Suite.run$(Suite.scala:1106)
	at app//org.scalatest.FunSuite.org$scalatest$FunSuiteLike$$super$run(FunSuite.scala:1560)
	at app//org.scalatest.FunSuiteLike.$anonfun$run$1(FunSuiteLike.scala:233)
	at app//org.scalatest.SuperEngine.runImpl(Engine.scala:518)
	at app//org.scalatest.FunSuiteLike.run(FunSuiteLike.scala:233)
	at app//org.scalatest.FunSuiteLike.run$(FunSuiteLike.scala:232)
	at app//infrastructure.TestBase.run(TestBase.scala:26)
	at app//org.scalatest.Suite.callExecuteOnSuite$1(Suite.scala:1187)
	at app//org.scalatest.Suite.$anonfun$runNestedSuites$1(Suite.scala:1234)
	at app//scala.collection.ArrayOps$.foreach$extension(ArrayOps.scala:1323)
	at app//org.scalatest.Suite.runNestedSuites(Suite.scala:1232)
	at app//org.scalatest.Suite.runNestedSuites$(Suite.scala:1166)
	at app//org.scalatest.Suites.runNestedSuites(Suites.scala:56)
	at app//org.scalatest.Suite.run(Suite.scala:1121)
	at app//org.scalatest.Suite.run$(Suite.scala:1106)
	at app//tetris.TetrisTestSuitesBase.runDirect(TetrisTestSuitesBase.scala:20)
	at app//tetris.TetrisTestSuitesBase.runWithScoreCounter(TetrisTestSuitesBase.scala:14)
	at app//tetris.TetrisTestSuite3_2.run(TetrisTestSuite3_2.scala:25)
	at app//org.scalatestplus.junit.JUnitRunner.run(JUnitRunner.scala:99)
	at org.gradle.api.internal.tasks.testing.junit.JUnitTestClassExecutor.runTestClass(JUnitTestClassExecutor.java:110)
	at org.gradle.api.internal.tasks.testing.junit.JUnitTestClassExecutor.execute(JUnitTestClassExecutor.java:58)
	at org.gradle.api.internal.tasks.testing.junit.JUnitTestClassExecutor.execute(JUnitTestClassExecutor.java:38)
	at org.gradle.api.internal.tasks.testing.junit.AbstractJUnitTestClassProcessor.processTestClass(AbstractJUnitTestClassProcessor.java:62)
	at org.gradle.api.internal.tasks.testing.SuiteTestClassProcessor.processTestClass(SuiteTestClassProcessor.java:51)
	at java.base@17.0.7/jdk.internal.reflect.NativeMethodAccessorImpl.invoke0(Native Method)
	at java.base@17.0.7/jdk.internal.reflect.NativeMethodAccessorImpl.invoke(NativeMethodAccessorImpl.java:77)
	at java.base@17.0.7/jdk.internal.reflect.DelegatingMethodAccessorImpl.invoke(DelegatingMethodAccessorImpl.java:43)
	at java.base@17.0.7/java.lang.reflect.Method.invoke(Method.java:568)
	at org.gradle.internal.dispatch.ReflectionDispatch.dispatch(ReflectionDispatch.java:36)
	at org.gradle.internal.dispatch.ReflectionDispatch.dispatch(ReflectionDispatch.java:24)
	at org.gradle.internal.dispatch.ContextClassLoaderDispatch.dispatch(ContextClassLoaderDispatch.java:33)
	at org.gradle.internal.dispatch.ProxyDispatchAdapter$DispatchingInvocationHandler.invoke(ProxyDispatchAdapter.java:94)
	at jdk.proxy1/jdk.proxy1.$Proxy2.processTestClass(Unknown Source)
	at org.gradle.api.internal.tasks.testing.worker.TestWorker$2.run(TestWorker.java:176)
	at org.gradle.api.internal.tasks.testing.worker.TestWorker.executeAndMaintainThreadName(TestWorker.java:129)
	at org.gradle.api.internal.tasks.testing.worker.TestWorker.execute(TestWorker.java:100)
	at org.gradle.api.internal.tasks.testing.worker.TestWorker.execute(TestWorker.java:60)
	at org.gradle.process.internal.worker.child.ActionExecutionWorker.execute(ActionExecutionWorker.java:56)
	at org.gradle.process.internal.worker.child.SystemApplicationClassLoaderWorker.call(SystemApplicationClassLoaderWorker.java:133)
	at org.gradle.process.internal.worker.child.SystemApplicationClassLoaderWorker.call(SystemApplicationClassLoaderWorker.java:71)
	at app//worker.org.gradle.process.internal.worker.GradleWorkerMain.run(GradleWorkerMain.java:69)
	at app//worker.org.gradle.process.internal.worker.GradleWorkerMain.main(GradleWorkerMain.java:74)
</failure>
  </testcase>
  <testcase name="testGame6x10" classname="tetris.FullGameTests" time="0.067">
    <failure message="org.scalatest.exceptions.TestFailedException: didPass was false&#10;--------------------------------------------------------------------------------&#10;This is what went wrong:&#10;&#10;step=0, rand=1, actions=&lt;&gt;&#10;Want   | Got ✓ &#10;---------------&#10;.J.... | .J....&#10;.JJJ.. | .JJJ..&#10;...... | ......&#10;...... | ......&#10;...... | ......&#10;...... | ......&#10;...... | ......&#10;...... | ......&#10;...... | ......&#10;...... | ......&#10;&#10;step=1, rand=1, actions=&lt;RotateRight&gt;&#10;Want   | Got ✓ &#10;---------------&#10;..JJ.. | ..JJ..&#10;..J... | ..J...&#10;..J... | ..J...&#10;...... | ......&#10;...... | ......&#10;...... | ......&#10;...... | ......&#10;...... | ......&#10;...... | ......&#10;...... | ......&#10;&#10;step=2, rand=1, actions=&lt;RotateRight&gt;&#10;Want   | Got ✓ &#10;---------------&#10;...... | ......&#10;.JJJ.. | .JJJ..&#10;...J.. | ...J..&#10;...... | ......&#10;...... | ......&#10;...... | ......&#10;...... | ......&#10;...... | ......&#10;...... | ......&#10;...... | ......&#10;&#10;step=3, rand=1, actions=&lt;RotateRight&gt;&#10;Want   | Got ✓ &#10;---------------&#10;..J... | ..J...&#10;..J... | ..J...&#10;.JJ... | .JJ...&#10;...... | ......&#10;...... | ......&#10;...... | ......&#10;...... | ......&#10;...... | ......&#10;...... | ......&#10;...... | ......&#10;&#10;step=4, rand=1, actions=&lt;Right&gt;&#10;Want   | Got ✓ &#10;---------------&#10;...J.. | ...J..&#10;...J.. | ...J..&#10;..JJ.. | ..JJ..&#10;...... | ......&#10;...... | ......&#10;...... | ......&#10;...... | ......&#10;...... | ......&#10;...... | ......&#10;...... | ......&#10;&#10;step=5, rand=1, actions=&lt;Right&gt;&#10;Want   | Got ✓ &#10;---------------&#10;....J. | ....J.&#10;....J. | ....J.&#10;...JJ. | ...JJ.&#10;...... | ......&#10;...... | ......&#10;...... | ......&#10;...... | ......&#10;...... | ......&#10;...... | ......&#10;...... | ......&#10;&#10;step=6, rand=1, actions=&lt;Down&gt;&#10;Want   | Got ✓ &#10;---------------&#10;...... | ......&#10;....J. | ....J.&#10;....J. | ....J.&#10;...JJ. | ...JJ.&#10;...... | ......&#10;...... | ......&#10;...... | ......&#10;...... | ......&#10;...... | ......&#10;...... | ......&#10;&#10;step=7, rand=1, actions=&lt;Down&gt;&#10;Want   | Got ✓ &#10;---------------&#10;...... | ......&#10;...... | ......&#10;....J. | ....J.&#10;....J. | ....J.&#10;...JJ. | ...JJ.&#10;...... | ......&#10;...... | ......&#10;...... | ......&#10;...... | ......&#10;...... | ......&#10;&#10;step=8, rand=1, actions=&lt;Down&gt;&#10;Want   | Got ✓ &#10;---------------&#10;...... | ......&#10;...... | ......&#10;...... | ......&#10;....J. | ....J.&#10;....J. | ....J.&#10;...JJ. | ...JJ.&#10;...... | ......&#10;...... | ......&#10;...... | ......&#10;...... | ......&#10;&#10;step=9, rand=1, actions=&lt;Down&gt;&#10;Want   | Got ✓ &#10;---------------&#10;...... | ......&#10;...... | ......&#10;...... | ......&#10;...... | ......&#10;....J. | ....J.&#10;....J. | ....J.&#10;...JJ. | ...JJ.&#10;...... | ......&#10;...... | ......&#10;...... | ......&#10;&#10;step=10, rand=1, actions=&lt;Down&gt;&#10;Want   | Got ✓ &#10;---------------&#10;...... | ......&#10;...... | ......&#10;...... | ......&#10;...... | ......&#10;...... | ......&#10;....J. | ....J.&#10;....J. | ....J.&#10;...JJ. | ...JJ.&#10;...... | ......&#10;...... | ......&#10;&#10;step=11, rand=1, actions=&lt;Down&gt;&#10;Want   | Got ✓ &#10;---------------&#10;...... | ......&#10;...... | ......&#10;...... | ......&#10;...... | ......&#10;...... | ......&#10;...... | ......&#10;....J. | ....J.&#10;....J. | ....J.&#10;...JJ. | ...JJ.&#10;...... | ......&#10;&#10;step=12, rand=1, actions=&lt;Down&gt;&#10;Want   | Got ✓ &#10;---------------&#10;...... | ......&#10;...... | ......&#10;...... | ......&#10;...... | ......&#10;...... | ......&#10;...... | ......&#10;...... | ......&#10;....J. | ....J.&#10;....J. | ....J.&#10;...JJ. | ...JJ.&#10;&#10;step=13, rand=4, actions=&lt;Down&gt;&#10;Want   | Got ✓ &#10;---------------&#10;..SS.. | ..SS..&#10;.SS... | .SS...&#10;...... | ......&#10;...... | ......&#10;...... | ......&#10;...... | ......&#10;...... | ......&#10;....J. | ....J.&#10;....J. | ....J.&#10;...JJ. | ...JJ.&#10;&#10;step=14, rand=4, actions=&lt;Right&gt;&#10;Want   | Got ✓ &#10;---------------&#10;...SS. | ...SS.&#10;..SS.. | ..SS..&#10;...... | ......&#10;...... | ......&#10;...... | ......&#10;...... | ......&#10;...... | ......&#10;....J. | ....J.&#10;....J. | ....J.&#10;...JJ. | ...JJ.&#10;&#10;step=15, rand=4, actions=&lt;Down&gt;&#10;Want   | Got ✓ &#10;---------------&#10;...... | ......&#10;...SS. | ...SS.&#10;..SS.. | ..SS..&#10;...... | ......&#10;...... | ......&#10;...... | ......&#10;...... | ......&#10;....J. | ....J.&#10;....J. | ....J.&#10;...JJ. | ...JJ.&#10;&#10;step=16, rand=4, actions=&lt;Down&gt;&#10;Want   | Got ✓ &#10;---------------&#10;...... | ......&#10;...... | ......&#10;...SS. | ...SS.&#10;..SS.. | ..SS..&#10;...... | ......&#10;...... | ......&#10;...... | ......&#10;....J. | ....J.&#10;....J. | ....J.&#10;...JJ. | ...JJ.&#10;&#10;step=17, rand=4, actions=&lt;Down&gt;&#10;Want   | Got ✓ &#10;---------------&#10;...... | ......&#10;...... | ......&#10;...... | ......&#10;...SS. | ...SS.&#10;..SS.. | ..SS..&#10;...... | ......&#10;...... | ......&#10;....J. | ....J.&#10;....J. | ....J.&#10;...JJ. | ...JJ.&#10;&#10;step=18, rand=4, actions=&lt;Left&gt;&#10;Want   | Got ✓ &#10;---------------&#10;...... | ......&#10;...... | ......&#10;...... | ......&#10;..SS.. | ..SS..&#10;.SS... | .SS...&#10;...... | ......&#10;...... | ......&#10;....J. | ....J.&#10;....J. | ....J.&#10;...JJ. | ...JJ.&#10;&#10;step=19, rand=4, actions=&lt;Down&gt;&#10;Want   | Got ✓ &#10;---------------&#10;...... | ......&#10;...... | ......&#10;...... | ......&#10;...... | ......&#10;..SS.. | ..SS..&#10;.SS... | .SS...&#10;...... | ......&#10;....J. | ....J.&#10;....J. | ....J.&#10;...JJ. | ...JJ.&#10;&#10;step=20, rand=4, actions=&lt;Down&gt;&#10;Want   | Got ✓ &#10;---------------&#10;...... | ......&#10;...... | ......&#10;...... | ......&#10;...... | ......&#10;...... | ......&#10;..SS.. | ..SS..&#10;.SS... | .SS...&#10;....J. | ....J.&#10;....J. | ....J.&#10;...JJ. | ...JJ.&#10;&#10;step=21, rand=4, actions=&lt;Down&gt;&#10;Want   | Got ✓ &#10;---------------&#10;...... | ......&#10;...... | ......&#10;...... | ......&#10;...... | ......&#10;...... | ......&#10;...... | ......&#10;..SS.. | ..SS..&#10;.SS.J. | .SS.J.&#10;....J. | ....J.&#10;...JJ. | ...JJ.&#10;&#10;step=22, rand=4, actions=&lt;Down&gt;&#10;Want   | Got ✓ &#10;---------------&#10;...... | ......&#10;...... | ......&#10;...... | ......&#10;...... | ......&#10;...... | ......&#10;...... | ......&#10;...... | ......&#10;..SSJ. | ..SSJ.&#10;.SS.J. | .SS.J.&#10;...JJ. | ...JJ.&#10;&#10;step=23, rand=4, actions=&lt;Down&gt;&#10;Want   | Got ✓ &#10;---------------&#10;...... | ......&#10;...... | ......&#10;...... | ......&#10;...... | ......&#10;...... | ......&#10;...... | ......&#10;...... | ......&#10;....J. | ....J.&#10;..SSJ. | ..SSJ.&#10;.SSJJ. | .SSJJ.&#10;&#10;step=24, rand=4, actions=&lt;RotateRight&gt;&#10;Want   | Got ✓ &#10;---------------&#10;...... | ......&#10;...... | ......&#10;...... | ......&#10;...... | ......&#10;...... | ......&#10;...... | ......&#10;...... | ......&#10;....J. | ....J.&#10;..SSJ. | ..SSJ.&#10;.SSJJ. | .SSJJ.&#10;&#10;step=25, rand=1, actions=&lt;Down&gt;&#10;Want   | Got ✓ &#10;---------------&#10;.J.... | .J....&#10;.JJJ.. | .JJJ..&#10;...... | ......&#10;...... | ......&#10;...... | ......&#10;...... | ......&#10;...... | ......&#10;....J. | ....J.&#10;..SSJ. | ..SSJ.&#10;.SSJJ. | .SSJJ.&#10;&#10;step=26, rand=1, actions=&lt;RotateRight&gt;&#10;Want   | Got ✓ &#10;---------------&#10;..JJ.. | ..JJ..&#10;..J... | ..J...&#10;..J... | ..J...&#10;...... | ......&#10;...... | ......&#10;...... | ......&#10;...... | ......&#10;....J. | ....J.&#10;..SSJ. | ..SSJ.&#10;.SSJJ. | .SSJJ.&#10;&#10;step=27, rand=1, actions=&lt;RotateRight&gt;&#10;Want   | Got ✓ &#10;---------------&#10;...... | ......&#10;.JJJ.. | .JJJ..&#10;...J.. | ...J..&#10;...... | ......&#10;...... | ......&#10;...... | ......&#10;...... | ......&#10;....J. | ....J.&#10;..SSJ. | ..SSJ.&#10;.SSJJ. | .SSJJ.&#10;&#10;step=28, rand=1, actions=&lt;RotateRight&gt;&#10;Want   | Got ✓ &#10;---------------&#10;..J... | ..J...&#10;..J... | ..J...&#10;.JJ... | .JJ...&#10;...... | ......&#10;...... | ......&#10;...... | ......&#10;...... | ......&#10;....J. | ....J.&#10;..SSJ. | ..SSJ.&#10;.SSJJ. | .SSJJ.&#10;&#10;step=29, rand=1, actions=&lt;Right&gt;&#10;Want   | Got ✓ &#10;---------------&#10;...J.. | ...J..&#10;...J.. | ...J..&#10;..JJ.. | ..JJ..&#10;...... | ......&#10;...... | ......&#10;...... | ......&#10;...... | ......&#10;....J. | ....J.&#10;..SSJ. | ..SSJ.&#10;.SSJJ. | .SSJJ.&#10;&#10;step=30, rand=1, actions=&lt;Down&gt;&#10;Want   | Got ✓ &#10;---------------&#10;...... | ......&#10;...J.. | ...J..&#10;...J.. | ...J..&#10;..JJ.. | ..JJ..&#10;...... | ......&#10;...... | ......&#10;...... | ......&#10;....J. | ....J.&#10;..SSJ. | ..SSJ.&#10;.SSJJ. | .SSJJ.&#10;&#10;step=31, rand=1, actions=&lt;Down&gt;&#10;Want   | Got ✓ &#10;---------------&#10;...... | ......&#10;...... | ......&#10;...J.. | ...J..&#10;...J.. | ...J..&#10;..JJ.. | ..JJ..&#10;...... | ......&#10;...... | ......&#10;....J. | ....J.&#10;..SSJ. | ..SSJ.&#10;.SSJJ. | .SSJJ.&#10;&#10;step=32, rand=1, actions=&lt;Down&gt;&#10;Want   | Got ✓ &#10;---------------&#10;...... | ......&#10;...... | ......&#10;...... | ......&#10;...J.. | ...J..&#10;...J.. | ...J..&#10;..JJ.. | ..JJ..&#10;...... | ......&#10;....J. | ....J.&#10;..SSJ. | ..SSJ.&#10;.SSJJ. | .SSJJ.&#10;&#10;step=33, rand=1, actions=&lt;Down&gt;&#10;Want   | Got ✓ &#10;---------------&#10;...... | ......&#10;...... | ......&#10;...... | ......&#10;...... | ......&#10;...J.. | ...J..&#10;...J.. | ...J..&#10;..JJ.. | ..JJ..&#10;....J. | ....J.&#10;..SSJ. | ..SSJ.&#10;.SSJJ. | .SSJJ.&#10;&#10;step=34, rand=1, actions=&lt;Down&gt;&#10;Want   | Got ✓ &#10;---------------&#10;...... | ......&#10;...... | ......&#10;...... | ......&#10;...... | ......&#10;...... | ......&#10;...J.. | ...J..&#10;...J.. | ...J..&#10;..JJJ. | ..JJJ.&#10;..SSJ. | ..SSJ.&#10;.SSJJ. | .SSJJ.&#10;&#10;step=35, rand=1, actions=&lt;Down&gt;&#10;Want   | Got ✓ &#10;---------------&#10;.J.... | .J....&#10;.JJJ.. | .JJJ..&#10;...... | ......&#10;...... | ......&#10;...... | ......&#10;...J.. | ...J..&#10;...J.. | ...J..&#10;..JJJ. | ..JJJ.&#10;..SSJ. | ..SSJ.&#10;.SSJJ. | .SSJJ.&#10;&#10;step=36, rand=1, actions=&lt;RotateRight&gt;&#10;Want   | Got ✓ &#10;---------------&#10;..JJ.. | ..JJ..&#10;..J... | ..J...&#10;..J... | ..J...&#10;...... | ......&#10;...... | ......&#10;...J.. | ...J..&#10;...J.. | ...J..&#10;..JJJ. | ..JJJ.&#10;..SSJ. | ..SSJ.&#10;.SSJJ. | .SSJJ.&#10;&#10;step=37, rand=1, actions=&lt;Down&gt;&#10;Want   | Got ✓ &#10;---------------&#10;...... | ......&#10;..JJ.. | ..JJ..&#10;..J... | ..J...&#10;..J... | ..J...&#10;...... | ......&#10;...J.. | ...J..&#10;...J.. | ...J..&#10;..JJJ. | ..JJJ.&#10;..SSJ. | ..SSJ.&#10;.SSJJ. | .SSJJ.&#10;&#10;step=38, rand=1, actions=&lt;Down&gt;&#10;Want   | Got ✓ &#10;---------------&#10;...... | ......&#10;...... | ......&#10;..JJ.. | ..JJ..&#10;..J... | ..J...&#10;..J... | ..J...&#10;...J.. | ...J..&#10;...J.. | ...J..&#10;..JJJ. | ..JJJ.&#10;..SSJ. | ..SSJ.&#10;.SSJJ. | .SSJJ.&#10;&#10;step=39, rand=1, actions=&lt;Down&gt;&#10;Want   | Got ✓ &#10;---------------&#10;...... | ......&#10;...... | ......&#10;...... | ......&#10;..JJ.. | ..JJ..&#10;..J... | ..J...&#10;..JJ.. | ..JJ..&#10;...J.. | ...J..&#10;..JJJ. | ..JJJ.&#10;..SSJ. | ..SSJ.&#10;.SSJJ. | .SSJJ.&#10;&#10;step=40, rand=1, actions=&lt;Down&gt;&#10;Want   | Got ✓ &#10;---------------&#10;...... | ......&#10;...... | ......&#10;...... | ......&#10;...... | ......&#10;..JJ.. | ..JJ..&#10;..JJ.. | ..JJ..&#10;..JJ.. | ..JJ..&#10;..JJJ. | ..JJJ.&#10;..SSJ. | ..SSJ.&#10;.SSJJ. | .SSJJ.&#10;&#10;step=41, rand=5, actions=&lt;Down&gt;&#10;Want   | Got ✓ &#10;---------------&#10;..T... | ..T...&#10;.TTT.. | .TTT..&#10;...... | ......&#10;...... | ......&#10;..JJ.. | ..JJ..&#10;..JJ.. | ..JJ..&#10;..JJ.. | ..JJ..&#10;..JJJ. | ..JJJ.&#10;..SSJ. | ..SSJ.&#10;.SSJJ. | .SSJJ.&#10;&#10;step=42, rand=5, actions=&lt;RotateRight&gt;&#10;Want   | Got ✓ &#10;---------------&#10;..T... | ..T...&#10;..TT.. | ..TT..&#10;..T... | ..T...&#10;...... | ......&#10;..JJ.. | ..JJ..&#10;..JJ.. | ..JJ..&#10;..JJ.. | ..JJ..&#10;..JJJ. | ..JJJ.&#10;..SSJ. | ..SSJ.&#10;.SSJJ. | .SSJJ.&#10;&#10;step=43, rand=5, actions=&lt;Left&gt;&#10;Want   | Got ✓ &#10;---------------&#10;.T.... | .T....&#10;.TT... | .TT...&#10;.T.... | .T....&#10;...... | ......&#10;..JJ.. | ..JJ..&#10;..JJ.. | ..JJ..&#10;..JJ.. | ..JJ..&#10;..JJJ. | ..JJJ.&#10;..SSJ. | ..SSJ.&#10;.SSJJ. | .SSJJ.&#10;&#10;step=44, rand=5, actions=&lt;Left&gt;&#10;Want   | Got ✓ &#10;---------------&#10;T..... | T.....&#10;TT.... | TT....&#10;T..... | T.....&#10;...... | ......&#10;..JJ.. | ..JJ..&#10;..JJ.. | ..JJ..&#10;..JJ.. | ..JJ..&#10;..JJJ. | ..JJJ.&#10;..SSJ. | ..SSJ.&#10;.SSJJ. | .SSJJ.&#10;&#10;step=45, rand=5, actions=&lt;Down&gt;&#10;Want   | Got ✓ &#10;---------------&#10;...... | ......&#10;T..... | T.....&#10;TT.... | TT....&#10;T..... | T.....&#10;..JJ.. | ..JJ..&#10;..JJ.. | ..JJ..&#10;..JJ.. | ..JJ..&#10;..JJJ. | ..JJJ.&#10;..SSJ. | ..SSJ.&#10;.SSJJ. | .SSJJ.&#10;&#10;step=46, rand=5, actions=&lt;Down&gt;&#10;Want   | Got ✓ &#10;---------------&#10;...... | ......&#10;...... | ......&#10;T..... | T.....&#10;TT.... | TT....&#10;T.JJ.. | T.JJ..&#10;..JJ.. | ..JJ..&#10;..JJ.. | ..JJ..&#10;..JJJ. | ..JJJ.&#10;..SSJ. | ..SSJ.&#10;.SSJJ. | .SSJJ.&#10;&#10;step=47, rand=5, actions=&lt;Down&gt;&#10;Want   | Got ✓ &#10;---------------&#10;...... | ......&#10;...... | ......&#10;...... | ......&#10;T..... | T.....&#10;TTJJ.. | TTJJ..&#10;T.JJ.. | T.JJ..&#10;..JJ.. | ..JJ..&#10;..JJJ. | ..JJJ.&#10;..SSJ. | ..SSJ.&#10;.SSJJ. | .SSJJ.&#10;&#10;step=48, rand=5, actions=&lt;Down&gt;&#10;Want   | Got ✓ &#10;---------------&#10;...... | ......&#10;...... | ......&#10;...... | ......&#10;...... | ......&#10;T.JJ.. | T.JJ..&#10;TTJJ.. | TTJJ..&#10;T.JJ.. | T.JJ..&#10;..JJJ. | ..JJJ.&#10;..SSJ. | ..SSJ.&#10;.SSJJ. | .SSJJ.&#10;&#10;step=49, rand=5, actions=&lt;Down&gt;&#10;Want   | Got ✓ &#10;---------------&#10;...... | ......&#10;...... | ......&#10;...... | ......&#10;...... | ......&#10;..JJ.. | ..JJ..&#10;T.JJ.. | T.JJ..&#10;TTJJ.. | TTJJ..&#10;T.JJJ. | T.JJJ.&#10;..SSJ. | ..SSJ.&#10;.SSJJ. | .SSJJ.&#10;&#10;step=50, rand=5, actions=&lt;Down&gt;&#10;Want   | Got ✓ &#10;---------------&#10;...... | ......&#10;...... | ......&#10;...... | ......&#10;...... | ......&#10;..JJ.. | ..JJ..&#10;..JJ.. | ..JJ..&#10;T.JJ.. | T.JJ..&#10;TTJJJ. | TTJJJ.&#10;T.SSJ. | T.SSJ.&#10;.SSJJ. | .SSJJ.&#10;&#10;step=51, rand=5, actions=&lt;Down&gt;&#10;Want   | Got ✓ &#10;---------------&#10;...... | ......&#10;...... | ......&#10;...... | ......&#10;...... | ......&#10;..JJ.. | ..JJ..&#10;..JJ.. | ..JJ..&#10;..JJ.. | ..JJ..&#10;T.JJJ. | T.JJJ.&#10;TTSSJ. | TTSSJ.&#10;TSSJJ. | TSSJJ.&#10;&#10;step=52, rand=5, actions=&lt;Left&gt;&#10;Want   | Got ✓ &#10;---------------&#10;...... | ......&#10;...... | ......&#10;...... | ......&#10;...... | ......&#10;..JJ.. | ..JJ..&#10;..JJ.. | ..JJ..&#10;..JJ.. | ..JJ..&#10;T.JJJ. | T.JJJ.&#10;TTSSJ. | TTSSJ.&#10;TSSJJ. | TSSJJ.&#10;&#10;step=53, rand=3, actions=&lt;Down&gt;&#10;Want   | Got ✓ &#10;---------------&#10;..OO.. | ..OO..&#10;..OO.. | ..OO..&#10;...... | ......&#10;...... | ......&#10;..JJ.. | ..JJ..&#10;..JJ.. | ..JJ..&#10;..JJ.. | ..JJ..&#10;T.JJJ. | T.JJJ.&#10;TTSSJ. | TTSSJ.&#10;TSSJJ. | TSSJJ.&#10;&#10;step=54, rand=3, actions=&lt;Left&gt;&#10;Want   | Got ✓ &#10;---------------&#10;.OO... | .OO...&#10;.OO... | .OO...&#10;...... | ......&#10;...... | ......&#10;..JJ.. | ..JJ..&#10;..JJ.. | ..JJ..&#10;..JJ.. | ..JJ..&#10;T.JJJ. | T.JJJ.&#10;TTSSJ. | TTSSJ.&#10;TSSJJ. | TSSJJ.&#10;&#10;step=55, rand=3, actions=&lt;Left&gt;&#10;Want   | Got ✓ &#10;---------------&#10;OO.... | OO....&#10;OO.... | OO....&#10;...... | ......&#10;...... | ......&#10;..JJ.. | ..JJ..&#10;..JJ.. | ..JJ..&#10;..JJ.. | ..JJ..&#10;T.JJJ. | T.JJJ.&#10;TTSSJ. | TTSSJ.&#10;TSSJJ. | TSSJJ.&#10;&#10;step=56, rand=3, actions=&lt;Down&gt;&#10;Want   | Got ✓ &#10;---------------&#10;...... | ......&#10;OO.... | OO....&#10;OO.... | OO....&#10;...... | ......&#10;..JJ.. | ..JJ..&#10;..JJ.. | ..JJ..&#10;..JJ.. | ..JJ..&#10;T.JJJ. | T.JJJ.&#10;TTSSJ. | TTSSJ.&#10;TSSJJ. | TSSJJ.&#10;&#10;step=57, rand=3, actions=&lt;Down&gt;&#10;Want   | Got ✓ &#10;---------------&#10;...... | ......&#10;...... | ......&#10;OO.... | OO....&#10;OO.... | OO....&#10;..JJ.. | ..JJ..&#10;..JJ.. | ..JJ..&#10;..JJ.. | ..JJ..&#10;T.JJJ. | T.JJJ.&#10;TTSSJ. | TTSSJ.&#10;TSSJJ. | TSSJJ.&#10;&#10;step=58, rand=3, actions=&lt;Down&gt;&#10;Want   | Got ✓ &#10;---------------&#10;...... | ......&#10;...... | ......&#10;...... | ......&#10;OO.... | OO....&#10;OOJJ.. | OOJJ..&#10;..JJ.. | ..JJ..&#10;..JJ.. | ..JJ..&#10;T.JJJ. | T.JJJ.&#10;TTSSJ. | TTSSJ.&#10;TSSJJ. | TSSJJ.&#10;&#10;step=59, rand=3, actions=&lt;Down&gt;&#10;Want   | Got ✓ &#10;---------------&#10;...... | ......&#10;...... | ......&#10;...... | ......&#10;...... | ......&#10;OOJJ.. | OOJJ..&#10;OOJJ.. | OOJJ..&#10;..JJ.. | ..JJ..&#10;T.JJJ. | T.JJJ.&#10;TTSSJ. | TTSSJ.&#10;TSSJJ. | TSSJJ.&#10;&#10;step=60, rand=3, actions=&lt;Down&gt;&#10;Want   | Got ✓ &#10;---------------&#10;...... | ......&#10;...... | ......&#10;...... | ......&#10;...... | ......&#10;..JJ.. | ..JJ..&#10;OOJJ.. | OOJJ..&#10;OOJJ.. | OOJJ..&#10;T.JJJ. | T.JJJ.&#10;TTSSJ. | TTSSJ.&#10;TSSJJ. | TSSJJ.&#10;&#10;step=61, rand=1, actions=&lt;Down&gt;&#10;Want   | Got ✓ &#10;---------------&#10;.J.... | .J....&#10;.JJJ.. | .JJJ..&#10;...... | ......&#10;...... | ......&#10;..JJ.. | ..JJ..&#10;OOJJ.. | OOJJ..&#10;OOJJ.. | OOJJ..&#10;T.JJJ. | T.JJJ.&#10;TTSSJ. | TTSSJ.&#10;TSSJJ. | TSSJJ.&#10;&#10;step=62, rand=1, actions=&lt;RotateRight&gt;&#10;Want   | Got ✓ &#10;---------------&#10;..JJ.. | ..JJ..&#10;..J... | ..J...&#10;..J... | ..J...&#10;...... | ......&#10;..JJ.. | ..JJ..&#10;OOJJ.. | OOJJ..&#10;OOJJ.. | OOJJ..&#10;T.JJJ. | T.JJJ.&#10;TTSSJ. | TTSSJ.&#10;TSSJJ. | TSSJJ.&#10;&#10;step=63, rand=1, actions=&lt;RotateRight&gt;&#10;Want   | Got ✓ &#10;---------------&#10;...... | ......&#10;.JJJ.. | .JJJ..&#10;...J.. | ...J..&#10;...... | ......&#10;..JJ.. | ..JJ..&#10;OOJJ.. | OOJJ..&#10;OOJJ.. | OOJJ..&#10;T.JJJ. | T.JJJ.&#10;TTSSJ. | TTSSJ.&#10;TSSJJ. | TSSJJ.&#10;&#10;step=64, rand=1, actions=&lt;RotateRight&gt;&#10;Want   | Got ✓ &#10;---------------&#10;..J... | ..J...&#10;..J... | ..J...&#10;.JJ... | .JJ...&#10;...... | ......&#10;..JJ.. | ..JJ..&#10;OOJJ.. | OOJJ..&#10;OOJJ.. | OOJJ..&#10;T.JJJ. | T.JJJ.&#10;TTSSJ. | TTSSJ.&#10;TSSJJ. | TSSJJ.&#10;&#10;step=65, rand=1, actions=&lt;Left&gt;&#10;Want   | Got ✓ &#10;---------------&#10;.J.... | .J....&#10;.J.... | .J....&#10;JJ.... | JJ....&#10;...... | ......&#10;..JJ.. | ..JJ..&#10;OOJJ.. | OOJJ..&#10;OOJJ.. | OOJJ..&#10;T.JJJ. | T.JJJ.&#10;TTSSJ. | TTSSJ.&#10;TSSJJ. | TSSJJ.&#10;&#10;step=66, rand=1, actions=&lt;Down&gt;&#10;Want   | Got ✓ &#10;---------------&#10;...... | ......&#10;.J.... | .J....&#10;.J.... | .J....&#10;JJ.... | JJ....&#10;..JJ.. | ..JJ..&#10;OOJJ.. | OOJJ..&#10;OOJJ.. | OOJJ..&#10;T.JJJ. | T.JJJ.&#10;TTSSJ. | TTSSJ.&#10;TSSJJ. | TSSJJ.&#10;&#10;step=67, rand=1, actions=&lt;Down&gt;&#10;Want   | Got ✓ &#10;---------------&#10;...... | ......&#10;...... | ......&#10;.J.... | .J....&#10;.J.... | .J....&#10;JJJJ.. | JJJJ..&#10;OOJJ.. | OOJJ..&#10;OOJJ.. | OOJJ..&#10;T.JJJ. | T.JJJ.&#10;TTSSJ. | TTSSJ.&#10;TSSJJ. | TSSJJ.&#10;&#10;step=68, rand=1, actions=&lt;Down&gt;&#10;Want   | Got ✓ &#10;---------------&#10;.J.... | .J....&#10;.JJJ.. | .JJJ..&#10;.J.... | .J....&#10;.J.... | .J....&#10;JJJJ.. | JJJJ..&#10;OOJJ.. | OOJJ..&#10;OOJJ.. | OOJJ..&#10;T.JJJ. | T.JJJ.&#10;TTSSJ. | TTSSJ.&#10;TSSJJ. | TSSJJ.&#10;&#10;step=69, rand=1, actions=&lt;RotateRight&gt;&#10;Want   | Got ✓ &#10;---------------&#10;..JJ.. | ..JJ..&#10;..J... | ..J...&#10;.JJ... | .JJ...&#10;.J.... | .J....&#10;JJJJ.. | JJJJ..&#10;OOJJ.. | OOJJ..&#10;OOJJ.. | OOJJ..&#10;T.JJJ. | T.JJJ.&#10;TTSSJ. | TTSSJ.&#10;TSSJJ. | TSSJJ.&#10;&#10;step=70, rand=1, actions=&lt;RotateRight&gt;&#10;Want   | Got ✓ &#10;---------------&#10;...... | ......&#10;.JJJ.. | .JJJ..&#10;.J.J.. | .J.J..&#10;.J.... | .J....&#10;JJJJ.. | JJJJ..&#10;OOJJ.. | OOJJ..&#10;OOJJ.. | OOJJ..&#10;T.JJJ. | T.JJJ.&#10;TTSSJ. | TTSSJ.&#10;TSSJJ. | TSSJJ.&#10;&#10;step=71, rand=1, actions=&lt;RotateRight&gt;&#10;Want   | Got ✓ &#10;---------------&#10;...... | ......&#10;.JJJ.. | .JJJ..&#10;.J.J.. | .J.J..&#10;.J.... | .J....&#10;JJJJ.. | JJJJ..&#10;OOJJ.. | OOJJ..&#10;OOJJ.. | OOJJ..&#10;T.JJJ. | T.JJJ.&#10;TTSSJ. | TTSSJ.&#10;TSSJJ. | TSSJJ.&#10;&#10;step=72, rand=1, actions=&lt;Right&gt;&#10;Want   | Got ✓ &#10;---------------&#10;...... | ......&#10;..JJJ. | ..JJJ.&#10;.J..J. | .J..J.&#10;.J.... | .J....&#10;JJJJ.. | JJJJ..&#10;OOJJ.. | OOJJ..&#10;OOJJ.. | OOJJ..&#10;T.JJJ. | T.JJJ.&#10;TTSSJ. | TTSSJ.&#10;TSSJJ. | TSSJJ.&#10;&#10;step=73, rand=1, actions=&lt;RotateRight&gt;&#10;Want   | Got ✓ &#10;---------------&#10;...J.. | ...J..&#10;...J.. | ...J..&#10;.JJJ.. | .JJJ..&#10;.J.... | .J....&#10;JJJJ.. | JJJJ..&#10;OOJJ.. | OOJJ..&#10;OOJJ.. | OOJJ..&#10;T.JJJ. | T.JJJ.&#10;TTSSJ. | TTSSJ.&#10;TSSJJ. | TSSJJ.&#10;&#10;step=74, rand=1, actions=&lt;Right&gt;&#10;Want   | Got ✓ &#10;---------------&#10;....J. | ....J.&#10;....J. | ....J.&#10;.J.JJ. | .J.JJ.&#10;.J.... | .J....&#10;JJJJ.. | JJJJ..&#10;OOJJ.. | OOJJ..&#10;OOJJ.. | OOJJ..&#10;T.JJJ. | T.JJJ.&#10;TTSSJ. | TTSSJ.&#10;TSSJJ. | TSSJJ.&#10;&#10;step=75, rand=1, actions=&lt;Right&gt;&#10;Want   | Got ✓ &#10;---------------&#10;.....J | .....J&#10;.....J | .....J&#10;.J..JJ | .J..JJ&#10;.J.... | .J....&#10;JJJJ.. | JJJJ..&#10;OOJJ.. | OOJJ..&#10;OOJJ.. | OOJJ..&#10;T.JJJ. | T.JJJ.&#10;TTSSJ. | TTSSJ.&#10;TSSJJ. | TSSJJ.&#10;&#10;step=76, rand=1, actions=&lt;Down&gt;&#10;Want   | Got ✓ &#10;---------------&#10;...... | ......&#10;.....J | .....J&#10;.J...J | .J...J&#10;.J..JJ | .J..JJ&#10;JJJJ.. | JJJJ..&#10;OOJJ.. | OOJJ..&#10;OOJJ.. | OOJJ..&#10;T.JJJ. | T.JJJ.&#10;TTSSJ. | TTSSJ.&#10;TSSJJ. | TSSJJ.&#10;&#10;step=77, rand=1, actions=&lt;Down&gt;&#10;Want   | Got ✓ &#10;---------------&#10;...... | ......&#10;...... | ......&#10;.J...J | .J...J&#10;.J...J | .J...J&#10;JJJJJJ | JJJJJJ&#10;OOJJ.. | OOJJ..&#10;OOJJ.. | OOJJ..&#10;T.JJJ. | T.JJJ.&#10;TTSSJ. | TTSSJ.&#10;TSSJJ. | TSSJJ.&#10;&#10;step=78, rand=1, actions=&lt;Down&gt;&#10;Want   | Got ✓ &#10;---------------&#10;...... | ......&#10;...... | ......&#10;.J.... | .J....&#10;.J...J | .J...J&#10;JJJJ.J | JJJJ.J&#10;OOJJJJ | OOJJJJ&#10;OOJJ.. | OOJJ..&#10;T.JJJ. | T.JJJ.&#10;TTSSJ. | TTSSJ.&#10;TSSJJ. | TSSJJ.&#10;&#10;step=79, rand=1, actions=&lt;Down&gt;&#10;Want   | Got ✓ &#10;---------------&#10;...... | ......&#10;...... | ......&#10;.J.... | .J....&#10;.J.... | .J....&#10;JJJJ.J | JJJJ.J&#10;OOJJ.J | OOJJ.J&#10;OOJJJJ | OOJJJJ&#10;T.JJJ. | T.JJJ.&#10;TTSSJ. | TTSSJ.&#10;TSSJJ. | TSSJJ.&#10;&#10;step=80, rand=5, actions=&lt;Down&gt;&#10;Want   | Got ✗ &#10;---------------&#10;..T... | ..T...&#10;.TTT.. | .TTT..&#10;...... | .J....&#10;.J.... | .J....&#10;.J.... | JJJJ.J&#10;JJJJ.J | OOJJ.J&#10;OOJJ.J | OOJJJJ&#10;T.JJJ. | T.JJJ.&#10;TTSSJ. | TTSSJ.&#10;TSSJJ. | TSSJJ.&#10;&#10;step=81, rand=5, actions=&lt;Right&gt;&#10;Want   | Got ✗ &#10;---------------&#10;...T.. | ...T..&#10;..TTT. | ..TTT.&#10;...... | .J....&#10;.J.... | .J....&#10;.J.... | JJJJ.J&#10;JJJJ.J | OOJJ.J&#10;OOJJ.J | OOJJJJ&#10;T.JJJ. | T.JJJ.&#10;TTSSJ. | TTSSJ.&#10;TSSJJ. | TSSJJ.&#10;&#10;step=82, rand=5, actions=&lt;RotateRight&gt;&#10;Want   | Got ✗ &#10;---------------&#10;...T.. | ...T..&#10;...TT. | ...TT.&#10;...T.. | .J.T..&#10;.J.... | .J....&#10;.J.... | JJJJ.J&#10;JJJJ.J | OOJJ.J&#10;OOJJ.J | OOJJJJ&#10;T.JJJ. | T.JJJ.&#10;TTSSJ. | TTSSJ.&#10;TSSJJ. | TSSJJ.&#10;&#10;step=83, rand=5, actions=&lt;RotateRight&gt;&#10;Want   | Got ✗ &#10;---------------&#10;...... | ......&#10;..TTT. | ..TTT.&#10;...T.. | .J.T..&#10;.J.... | .J....&#10;.J.... | JJJJ.J&#10;JJJJ.J | OOJJ.J&#10;OOJJ.J | OOJJJJ&#10;T.JJJ. | T.JJJ.&#10;TTSSJ. | TTSSJ.&#10;TSSJJ. | TSSJJ.&#10;&#10;step=84, rand=5, actions=&lt;Right&gt;&#10;Want   | Got ✗ &#10;---------------&#10;...... | ......&#10;...TTT | ...TTT&#10;....T. | .J..T.&#10;.J.... | .J....&#10;.J.... | JJJJ.J&#10;JJJJ.J | OOJJ.J&#10;OOJJ.J | OOJJJJ&#10;T.JJJ. | T.JJJ.&#10;TTSSJ. | TTSSJ.&#10;TSSJJ. | TSSJJ.&#10;&#10;step=85, rand=5, actions=&lt;Down&gt;&#10;Want   | Got ✗ &#10;---------------&#10;...... | ......&#10;...... | ......&#10;...TTT | .J.TTT&#10;.J..T. | .J..T.&#10;.J.... | JJJJ.J&#10;JJJJ.J | OOJJ.J&#10;OOJJ.J | OOJJJJ&#10;T.JJJ. | T.JJJ.&#10;TTSSJ. | TTSSJ.&#10;TSSJJ. | TSSJJ.&#10;&#10;step=86, rand=5, actions=&lt;Down&gt;&#10;Want   | Got ✗ &#10;---------------&#10;...... | ......&#10;...... | ......&#10;...... | .J....&#10;.J.TTT | .J.TTT&#10;.J..T. | JJJJTJ&#10;JJJJ.J | OOJJ.J&#10;OOJJ.J | OOJJJJ&#10;T.JJJ. | T.JJJ.&#10;TTSSJ. | TTSSJ.&#10;TSSJJ. | TSSJJ.&#10;&#10;step=87, rand=5, actions=&lt;Down&gt;&#10;Want   | Got ✗ &#10;---------------&#10;...... | ..T...&#10;...... | .TTT..&#10;...... | .J....&#10;.J.... | .J.TTT&#10;.J.TTT | JJJJTJ&#10;JJJJTJ | OOJJ.J&#10;OOJJ.J | OOJJJJ&#10;T.JJJ. | T.JJJ.&#10;TTSSJ. | TTSSJ.&#10;TSSJJ. | TSSJJ.&#10;&#10;step=88, rand=3, actions=&lt;Down&gt;&#10;Want   | Got ✗ &#10;---------------&#10;..OO.. | ..OO..&#10;..OO.. | ..OO..&#10;...... | .J....&#10;...... | .J.TTT&#10;.J.... | JJJJTJ&#10;.J.TTT | OOJJ.J&#10;OOJJ.J | OOJJJJ&#10;T.JJJ. | T.JJJ.&#10;TTSSJ. | TTSSJ.&#10;TSSJJ. | TSSJJ.&#10;&#10;step=89, rand=3, actions=&lt;Right&gt;&#10;Want   | Got ✗ &#10;---------------&#10;...OO. | ...OO.&#10;...OO. | ...OO.&#10;...... | .J....&#10;...... | .J.TTT&#10;.J.... | JJJJTJ&#10;.J.TTT | OOJJ.J&#10;OOJJ.J | OOJJJJ&#10;T.JJJ. | T.JJJ.&#10;TTSSJ. | TTSSJ.&#10;TSSJJ. | TSSJJ.&#10;&#10;step=90, rand=3, actions=&lt;Right&gt;&#10;Want   | Got ✗ &#10;---------------&#10;....OO | ....OO&#10;....OO | ....OO&#10;...... | .J....&#10;...... | .J.TTT&#10;.J.... | JJJJTJ&#10;.J.TTT | OOJJ.J&#10;OOJJ.J | OOJJJJ&#10;T.JJJ. | T.JJJ.&#10;TTSSJ. | TTSSJ.&#10;TSSJJ. | TSSJJ.&#10;&#10;step=91, rand=3, actions=&lt;Left&gt;&#10;Want   | Got ✗ &#10;---------------&#10;...OO. | ...OO.&#10;...OO. | ...OO.&#10;...... | .J....&#10;...... | .J.TTT&#10;.J.... | JJJJTJ&#10;.J.TTT | OOJJ.J&#10;OOJJ.J | OOJJJJ&#10;T.JJJ. | T.JJJ.&#10;TTSSJ. | TTSSJ.&#10;TSSJJ. | TSSJJ.&#10;&#10;step=92, rand=3, actions=&lt;Down&gt;&#10;Want   | Got ✗ &#10;---------------&#10;...... | ......&#10;...OO. | ...OO.&#10;...OO. | .J.OO.&#10;...... | .J.TTT&#10;.J.... | JJJJTJ&#10;.J.TTT | OOJJ.J&#10;OOJJ.J | OOJJJJ&#10;T.JJJ. | T.JJJ.&#10;TTSSJ. | TTSSJ.&#10;TSSJJ. | TSSJJ.&#10;&#10;step=93, rand=3, actions=&lt;Right&gt;&#10;Want   | Got ✗ &#10;---------------&#10;...... | ......&#10;....OO | ...OO.&#10;....OO | .J.OO.&#10;...... | .J.TTT&#10;.J.... | JJJJTJ&#10;.J.TTT | OOJJ.J&#10;OOJJ.J | OOJJJJ&#10;T.JJJ. | T.JJJ.&#10;TTSSJ. | TTSSJ.&#10;TSSJJ. | TSSJJ.&#10;&#10;step=94, rand=3, actions=&lt;Down&gt;&#10;Want   | Got ✗ &#10;---------------&#10;...... | ..OO..&#10;...... | ..OOO.&#10;....OO | .J.OO.&#10;....OO | .J.TTT&#10;.J.... | JJJJTJ&#10;.J.TTT | OOJJ.J&#10;OOJJ.J | OOJJJJ&#10;T.JJJ. | T.JJJ.&#10;TTSSJ. | TTSSJ.&#10;TSSJJ. | TSSJJ.&#10;&#10;step=95, rand=3, actions=&lt;Down&gt;&#10;Want   | Got ✗ &#10;---------------&#10;...... | ..OO..&#10;...... | ..OOO.&#10;...... | .J.OO.&#10;....OO | .J.TTT&#10;.J..OO | JJJJTJ&#10;.J.TTT | OOJJ.J&#10;OOJJ.J | OOJJJJ&#10;T.JJJ. | T.JJJ.&#10;TTSSJ. | TTSSJ.&#10;TSSJJ. | TSSJJ.&#10;&#10;step=96, rand=4, actions=&lt;Down&gt;&#10;Want   | Got ✗ &#10;---------------&#10;..SS.. | ..SS..&#10;.SS... | .SSOO.&#10;...... | .J.OO.&#10;....OO | .J.TTT&#10;.J..OO | JJJJTJ&#10;.J.TTT | OOJJ.J&#10;OOJJ.J | OOJJJJ&#10;T.JJJ. | T.JJJ.&#10;TTSSJ. | TTSSJ.&#10;TSSJJ. | TSSJJ.&#10;&#10;step=97, rand=4, actions=&lt;RotateRight&gt;&#10;Want   | Got ✗ &#10;---------------&#10;..S... | ..SS..&#10;..SS.. | .SSOO.&#10;...S.. | .J.OO.&#10;....OO | .J.TTT&#10;.J..OO | JJJJTJ&#10;.J.TTT | OOJJ.J&#10;OOJJ.J | OOJJJJ&#10;T.JJJ. | T.JJJ.&#10;TTSSJ. | TTSSJ.&#10;TSSJJ. | TSSJJ.&#10;&#10;step=98, rand=4, actions=&lt;Left&gt;&#10;Want   | Got ✗            &#10;--------------------------&#10;.S.... | GameOverDisplay()&#10;.SS... |                  &#10;..S... |                  &#10;....OO |                  &#10;.J..OO |                  &#10;.J.TTT |                  &#10;OOJJ.J |                  &#10;T.JJJ. |                  &#10;TTSSJ. |                  &#10;TSSJJ. |                  &#10;&#10;step=99, rand=4, actions=&lt;Down&gt;&#10;Want   | Got ✗            &#10;--------------------------&#10;...... | GameOverDisplay()&#10;.S.... |                  &#10;.SS... |                  &#10;..S.OO |                  &#10;.J..OO |                  &#10;.J.TTT |                  &#10;OOJJ.J |                  &#10;T.JJJ. |                  &#10;TTSSJ. |                  &#10;TSSJJ. |                  &#10;&#10;step=100, rand=4, actions=&lt;Down&gt;&#10;Want   | Got ✗            &#10;--------------------------&#10;...... | GameOverDisplay()&#10;...... |                  &#10;.S.... |                  &#10;.SS.OO |                  &#10;.JS.OO |                  &#10;.J.TTT |                  &#10;OOJJ.J |                  &#10;T.JJJ. |                  &#10;TTSSJ. |                  &#10;TSSJJ. |                  &#10;&#10;step=101, rand=1, actions=&lt;Down&gt;&#10;Want   | Got ✗            &#10;--------------------------&#10;.J.... | GameOverDisplay()&#10;.JJJ.. |                  &#10;.S.... |                  &#10;.SS.OO |                  &#10;.JS.OO |                  &#10;.J.TTT |                  &#10;OOJJ.J |                  &#10;T.JJJ. |                  &#10;TTSSJ. |                  &#10;TSSJJ. |                  &#10;&#10;step=102, rand=1, actions=&lt;Right&gt;&#10;Want   | Got ✗            &#10;--------------------------&#10;..J... | GameOverDisplay()&#10;..JJJ. |                  &#10;.S.... |                  &#10;.SS.OO |                  &#10;.JS.OO |                  &#10;.J.TTT |                  &#10;OOJJ.J |                  &#10;T.JJJ. |                  &#10;TTSSJ. |                  &#10;TSSJJ. |                  &#10;&#10;step=103, rand=1, actions=&lt;RotateRight&gt;&#10;Want   | Got ✗            &#10;--------------------------&#10;...JJ. | GameOverDisplay()&#10;...J.. |                  &#10;.S.J.. |                  &#10;.SS.OO |                  &#10;.JS.OO |                  &#10;.J.TTT |                  &#10;OOJJ.J |                  &#10;T.JJJ. |                  &#10;TTSSJ. |                  &#10;TSSJJ. |                  &#10;&#10;step=104, rand=1, actions=&lt;Down&gt;&#10;Want   | Got ✗            &#10;--------------------------&#10;...... | GameOverDisplay()&#10;...JJ. |                  &#10;.S.J.. |                  &#10;.SSJOO |                  &#10;.JS.OO |                  &#10;.J.TTT |                  &#10;OOJJ.J |                  &#10;T.JJJ. |                  &#10;TTSSJ. |                  &#10;TSSJJ. |                  &#10;&#10;step=105, rand=1, actions=&lt;Down&gt;&#10;Want   | Got ✗            &#10;--------------------------&#10;...... | GameOverDisplay()&#10;...... |                  &#10;.S.JJ. |                  &#10;.SSJOO |                  &#10;.JSJOO |                  &#10;.J.TTT |                  &#10;OOJJ.J |                  &#10;T.JJJ. |                  &#10;TTSSJ. |                  &#10;TSSJJ. |                  &#10;&#10;step=106, rand=3, actions=&lt;Down&gt;&#10;Want   | Got ✗            &#10;--------------------------&#10;..OO.. | GameOverDisplay()&#10;..OO.. |                  &#10;.S.JJ. |                  &#10;.SSJOO |                  &#10;.JSJOO |                  &#10;.J.TTT |                  &#10;OOJJ.J |                  &#10;T.JJJ. |                  &#10;TTSSJ. |                  &#10;TSSJJ. |                  &#10;&#10;step=107, rand=3, actions=&lt;Right&gt;&#10;Want   | Got ✗            &#10;--------------------------&#10;...OO. | GameOverDisplay()&#10;...OO. |                  &#10;.S.JJ. |                  &#10;.SSJOO |                  &#10;.JSJOO |                  &#10;.J.TTT |                  &#10;OOJJ.J |                  &#10;T.JJJ. |                  &#10;TTSSJ. |                  &#10;TSSJJ. |                  &#10;&#10;step=108, rand=3, actions=&lt;Right&gt;&#10;Want   | Got ✗            &#10;--------------------------&#10;....OO | GameOverDisplay()&#10;....OO |                  &#10;.S.JJ. |                  &#10;.SSJOO |                  &#10;.JSJOO |                  &#10;.J.TTT |                  &#10;OOJJ.J |                  &#10;T.JJJ. |                  &#10;TTSSJ. |                  &#10;TSSJJ. |                  &#10;&#10;step=109, rand=3, actions=&lt;Right&gt;&#10;Want   | Got ✗            &#10;--------------------------&#10;....OO | GameOverDisplay()&#10;....OO |                  &#10;.S.JJ. |                  &#10;.SSJOO |                  &#10;.JSJOO |                  &#10;.J.TTT |                  &#10;OOJJ.J |                  &#10;T.JJJ. |                  &#10;TTSSJ. |                  &#10;TSSJJ. |                  &#10;&#10;step=110, rand=3, actions=&lt;Down&gt;&#10;Want   | Got ✗            &#10;--------------------------&#10;..OOOO | GameOverDisplay()&#10;..OOOO |                  &#10;.S.JJ. |                  &#10;.SSJOO |                  &#10;.JSJOO |                  &#10;.J.TTT |                  &#10;OOJJ.J |                  &#10;T.JJJ. |                  &#10;TTSSJ. |                  &#10;TSSJJ. |                  &#10;&#10;step=111, rand=3, actions=&lt;Left&gt;&#10;Want   | Got ✗            &#10;--------------------------&#10;.OO.OO | GameOverDisplay()&#10;.OO.OO |                  &#10;.S.JJ. |                  &#10;.SSJOO |                  &#10;.JSJOO |                  &#10;.J.TTT |                  &#10;OOJJ.J |                  &#10;T.JJJ. |                  &#10;TTSSJ. |                  &#10;TSSJJ. |                  &#10;&#10;step=112, rand=3, actions=&lt;Left&gt;&#10;Want   | Got ✗            &#10;--------------------------&#10;OO..OO | GameOverDisplay()&#10;OO..OO |                  &#10;.S.JJ. |                  &#10;.SSJOO |                  &#10;.JSJOO |                  &#10;.J.TTT |                  &#10;OOJJ.J |                  &#10;T.JJJ. |                  &#10;TTSSJ. |                  &#10;TSSJJ. |                  &#10;&#10;step=113, rand=3, actions=&lt;Left&gt;&#10;Want   | Got ✗            &#10;--------------------------&#10;OO..OO | GameOverDisplay()&#10;OO..OO |                  &#10;.S.JJ. |                  &#10;.SSJOO |                  &#10;.JSJOO |                  &#10;.J.TTT |                  &#10;OOJJ.J |                  &#10;T.JJJ. |                  &#10;TTSSJ. |                  &#10;TSSJJ. |                  &#10;&#10;step=114, rand=5, actions=&lt;Down&gt;&#10;Want              | Got ✓            &#10;-------------------------------------&#10;GameOverDisplay() | GameOverDisplay()&#10;&#10;" type="org.scalatest.exceptions.TestFailedException">org.scalatest.exceptions.TestFailedException: didPass was false
--------------------------------------------------------------------------------
This is what went wrong:

step=0, rand=1, actions=&lt;&gt;
Want   | Got ✓ 
---------------
.J.... | .J....
.JJJ.. | .JJJ..
...... | ......
...... | ......
...... | ......
...... | ......
...... | ......
...... | ......
...... | ......
...... | ......

step=1, rand=1, actions=&lt;RotateRight&gt;
Want   | Got ✓ 
---------------
..JJ.. | ..JJ..
..J... | ..J...
..J... | ..J...
...... | ......
...... | ......
...... | ......
...... | ......
...... | ......
...... | ......
...... | ......

step=2, rand=1, actions=&lt;RotateRight&gt;
Want   | Got ✓ 
---------------
...... | ......
.JJJ.. | .JJJ..
...J.. | ...J..
...... | ......
...... | ......
...... | ......
...... | ......
...... | ......
...... | ......
...... | ......

step=3, rand=1, actions=&lt;RotateRight&gt;
Want   | Got ✓ 
---------------
..J... | ..J...
..J... | ..J...
.JJ... | .JJ...
...... | ......
...... | ......
...... | ......
...... | ......
...... | ......
...... | ......
...... | ......

step=4, rand=1, actions=&lt;Right&gt;
Want   | Got ✓ 
---------------
...J.. | ...J..
...J.. | ...J..
..JJ.. | ..JJ..
...... | ......
...... | ......
...... | ......
...... | ......
...... | ......
...... | ......
...... | ......

step=5, rand=1, actions=&lt;Right&gt;
Want   | Got ✓ 
---------------
....J. | ....J.
....J. | ....J.
...JJ. | ...JJ.
...... | ......
...... | ......
...... | ......
...... | ......
...... | ......
...... | ......
...... | ......

step=6, rand=1, actions=&lt;Down&gt;
Want   | Got ✓ 
---------------
...... | ......
....J. | ....J.
....J. | ....J.
...JJ. | ...JJ.
...... | ......
...... | ......
...... | ......
...... | ......
...... | ......
...... | ......

step=7, rand=1, actions=&lt;Down&gt;
Want   | Got ✓ 
---------------
...... | ......
...... | ......
....J. | ....J.
....J. | ....J.
...JJ. | ...JJ.
...... | ......
...... | ......
...... | ......
...... | ......
...... | ......

step=8, rand=1, actions=&lt;Down&gt;
Want   | Got ✓ 
---------------
...... | ......
...... | ......
...... | ......
....J. | ....J.
....J. | ....J.
...JJ. | ...JJ.
...... | ......
...... | ......
...... | ......
...... | ......

step=9, rand=1, actions=&lt;Down&gt;
Want   | Got ✓ 
---------------
...... | ......
...... | ......
...... | ......
...... | ......
....J. | ....J.
....J. | ....J.
...JJ. | ...JJ.
...... | ......
...... | ......
...... | ......

step=10, rand=1, actions=&lt;Down&gt;
Want   | Got ✓ 
---------------
...... | ......
...... | ......
...... | ......
...... | ......
...... | ......
....J. | ....J.
....J. | ....J.
...JJ. | ...JJ.
...... | ......
...... | ......

step=11, rand=1, actions=&lt;Down&gt;
Want   | Got ✓ 
---------------
...... | ......
...... | ......
...... | ......
...... | ......
...... | ......
...... | ......
....J. | ....J.
....J. | ....J.
...JJ. | ...JJ.
...... | ......

step=12, rand=1, actions=&lt;Down&gt;
Want   | Got ✓ 
---------------
...... | ......
...... | ......
...... | ......
...... | ......
...... | ......
...... | ......
...... | ......
....J. | ....J.
....J. | ....J.
...JJ. | ...JJ.

step=13, rand=4, actions=&lt;Down&gt;
Want   | Got ✓ 
---------------
..SS.. | ..SS..
.SS... | .SS...
...... | ......
...... | ......
...... | ......
...... | ......
...... | ......
....J. | ....J.
....J. | ....J.
...JJ. | ...JJ.

step=14, rand=4, actions=&lt;Right&gt;
Want   | Got ✓ 
---------------
...SS. | ...SS.
..SS.. | ..SS..
...... | ......
...... | ......
...... | ......
...... | ......
...... | ......
....J. | ....J.
....J. | ....J.
...JJ. | ...JJ.

step=15, rand=4, actions=&lt;Down&gt;
Want   | Got ✓ 
---------------
...... | ......
...SS. | ...SS.
..SS.. | ..SS..
...... | ......
...... | ......
...... | ......
...... | ......
....J. | ....J.
....J. | ....J.
...JJ. | ...JJ.

step=16, rand=4, actions=&lt;Down&gt;
Want   | Got ✓ 
---------------
...... | ......
...... | ......
...SS. | ...SS.
..SS.. | ..SS..
...... | ......
...... | ......
...... | ......
....J. | ....J.
....J. | ....J.
...JJ. | ...JJ.

step=17, rand=4, actions=&lt;Down&gt;
Want   | Got ✓ 
---------------
...... | ......
...... | ......
...... | ......
...SS. | ...SS.
..SS.. | ..SS..
...... | ......
...... | ......
....J. | ....J.
....J. | ....J.
...JJ. | ...JJ.

step=18, rand=4, actions=&lt;Left&gt;
Want   | Got ✓ 
---------------
...... | ......
...... | ......
...... | ......
..SS.. | ..SS..
.SS... | .SS...
...... | ......
...... | ......
....J. | ....J.
....J. | ....J.
...JJ. | ...JJ.

step=19, rand=4, actions=&lt;Down&gt;
Want   | Got ✓ 
---------------
...... | ......
...... | ......
...... | ......
...... | ......
..SS.. | ..SS..
.SS... | .SS...
...... | ......
....J. | ....J.
....J. | ....J.
...JJ. | ...JJ.

step=20, rand=4, actions=&lt;Down&gt;
Want   | Got ✓ 
---------------
...... | ......
...... | ......
...... | ......
...... | ......
...... | ......
..SS.. | ..SS..
.SS... | .SS...
....J. | ....J.
....J. | ....J.
...JJ. | ...JJ.

step=21, rand=4, actions=&lt;Down&gt;
Want   | Got ✓ 
---------------
...... | ......
...... | ......
...... | ......
...... | ......
...... | ......
...... | ......
..SS.. | ..SS..
.SS.J. | .SS.J.
....J. | ....J.
...JJ. | ...JJ.

step=22, rand=4, actions=&lt;Down&gt;
Want   | Got ✓ 
---------------
...... | ......
...... | ......
...... | ......
...... | ......
...... | ......
...... | ......
...... | ......
..SSJ. | ..SSJ.
.SS.J. | .SS.J.
...JJ. | ...JJ.

step=23, rand=4, actions=&lt;Down&gt;
Want   | Got ✓ 
---------------
...... | ......
...... | ......
...... | ......
...... | ......
...... | ......
...... | ......
...... | ......
....J. | ....J.
..SSJ. | ..SSJ.
.SSJJ. | .SSJJ.

step=24, rand=4, actions=&lt;RotateRight&gt;
Want   | Got ✓ 
---------------
...... | ......
...... | ......
...... | ......
...... | ......
...... | ......
...... | ......
...... | ......
....J. | ....J.
..SSJ. | ..SSJ.
.SSJJ. | .SSJJ.

step=25, rand=1, actions=&lt;Down&gt;
Want   | Got ✓ 
---------------
.J.... | .J....
.JJJ.. | .JJJ..
...... | ......
...... | ......
...... | ......
...... | ......
...... | ......
....J. | ....J.
..SSJ. | ..SSJ.
.SSJJ. | .SSJJ.

step=26, rand=1, actions=&lt;RotateRight&gt;
Want   | Got ✓ 
---------------
..JJ.. | ..JJ..
..J... | ..J...
..J... | ..J...
...... | ......
...... | ......
...... | ......
...... | ......
....J. | ....J.
..SSJ. | ..SSJ.
.SSJJ. | .SSJJ.

step=27, rand=1, actions=&lt;RotateRight&gt;
Want   | Got ✓ 
---------------
...... | ......
.JJJ.. | .JJJ..
...J.. | ...J..
...... | ......
...... | ......
...... | ......
...... | ......
....J. | ....J.
..SSJ. | ..SSJ.
.SSJJ. | .SSJJ.

step=28, rand=1, actions=&lt;RotateRight&gt;
Want   | Got ✓ 
---------------
..J... | ..J...
..J... | ..J...
.JJ... | .JJ...
...... | ......
...... | ......
...... | ......
...... | ......
....J. | ....J.
..SSJ. | ..SSJ.
.SSJJ. | .SSJJ.

step=29, rand=1, actions=&lt;Right&gt;
Want   | Got ✓ 
---------------
...J.. | ...J..
...J.. | ...J..
..JJ.. | ..JJ..
...... | ......
...... | ......
...... | ......
...... | ......
....J. | ....J.
..SSJ. | ..SSJ.
.SSJJ. | .SSJJ.

step=30, rand=1, actions=&lt;Down&gt;
Want   | Got ✓ 
---------------
...... | ......
...J.. | ...J..
...J.. | ...J..
..JJ.. | ..JJ..
...... | ......
...... | ......
...... | ......
....J. | ....J.
..SSJ. | ..SSJ.
.SSJJ. | .SSJJ.

step=31, rand=1, actions=&lt;Down&gt;
Want   | Got ✓ 
---------------
...... | ......
...... | ......
...J.. | ...J..
...J.. | ...J..
..JJ.. | ..JJ..
...... | ......
...... | ......
....J. | ....J.
..SSJ. | ..SSJ.
.SSJJ. | .SSJJ.

step=32, rand=1, actions=&lt;Down&gt;
Want   | Got ✓ 
---------------
...... | ......
...... | ......
...... | ......
...J.. | ...J..
...J.. | ...J..
..JJ.. | ..JJ..
...... | ......
....J. | ....J.
..SSJ. | ..SSJ.
.SSJJ. | .SSJJ.

step=33, rand=1, actions=&lt;Down&gt;
Want   | Got ✓ 
---------------
...... | ......
...... | ......
...... | ......
...... | ......
...J.. | ...J..
...J.. | ...J..
..JJ.. | ..JJ..
....J. | ....J.
..SSJ. | ..SSJ.
.SSJJ. | .SSJJ.

step=34, rand=1, actions=&lt;Down&gt;
Want   | Got ✓ 
---------------
...... | ......
...... | ......
...... | ......
...... | ......
...... | ......
...J.. | ...J..
...J.. | ...J..
..JJJ. | ..JJJ.
..SSJ. | ..SSJ.
.SSJJ. | .SSJJ.

step=35, rand=1, actions=&lt;Down&gt;
Want   | Got ✓ 
---------------
.J.... | .J....
.JJJ.. | .JJJ..
...... | ......
...... | ......
...... | ......
...J.. | ...J..
...J.. | ...J..
..JJJ. | ..JJJ.
..SSJ. | ..SSJ.
.SSJJ. | .SSJJ.

step=36, rand=1, actions=&lt;RotateRight&gt;
Want   | Got ✓ 
---------------
..JJ.. | ..JJ..
..J... | ..J...
..J... | ..J...
...... | ......
...... | ......
...J.. | ...J..
...J.. | ...J..
..JJJ. | ..JJJ.
..SSJ. | ..SSJ.
.SSJJ. | .SSJJ.

step=37, rand=1, actions=&lt;Down&gt;
Want   | Got ✓ 
---------------
...... | ......
..JJ.. | ..JJ..
..J... | ..J...
..J... | ..J...
...... | ......
...J.. | ...J..
...J.. | ...J..
..JJJ. | ..JJJ.
..SSJ. | ..SSJ.
.SSJJ. | .SSJJ.

step=38, rand=1, actions=&lt;Down&gt;
Want   | Got ✓ 
---------------
...... | ......
...... | ......
..JJ.. | ..JJ..
..J... | ..J...
..J... | ..J...
...J.. | ...J..
...J.. | ...J..
..JJJ. | ..JJJ.
..SSJ. | ..SSJ.
.SSJJ. | .SSJJ.

step=39, rand=1, actions=&lt;Down&gt;
Want   | Got ✓ 
---------------
...... | ......
...... | ......
...... | ......
..JJ.. | ..JJ..
..J... | ..J...
..JJ.. | ..JJ..
...J.. | ...J..
..JJJ. | ..JJJ.
..SSJ. | ..SSJ.
.SSJJ. | .SSJJ.

step=40, rand=1, actions=&lt;Down&gt;
Want   | Got ✓ 
---------------
...... | ......
...... | ......
...... | ......
...... | ......
..JJ.. | ..JJ..
..JJ.. | ..JJ..
..JJ.. | ..JJ..
..JJJ. | ..JJJ.
..SSJ. | ..SSJ.
.SSJJ. | .SSJJ.

step=41, rand=5, actions=&lt;Down&gt;
Want   | Got ✓ 
---------------
..T... | ..T...
.TTT.. | .TTT..
...... | ......
...... | ......
..JJ.. | ..JJ..
..JJ.. | ..JJ..
..JJ.. | ..JJ..
..JJJ. | ..JJJ.
..SSJ. | ..SSJ.
.SSJJ. | .SSJJ.

step=42, rand=5, actions=&lt;RotateRight&gt;
Want   | Got ✓ 
---------------
..T... | ..T...
..TT.. | ..TT..
..T... | ..T...
...... | ......
..JJ.. | ..JJ..
..JJ.. | ..JJ..
..JJ.. | ..JJ..
..JJJ. | ..JJJ.
..SSJ. | ..SSJ.
.SSJJ. | .SSJJ.

step=43, rand=5, actions=&lt;Left&gt;
Want   | Got ✓ 
---------------
.T.... | .T....
.TT... | .TT...
.T.... | .T....
...... | ......
..JJ.. | ..JJ..
..JJ.. | ..JJ..
..JJ.. | ..JJ..
..JJJ. | ..JJJ.
..SSJ. | ..SSJ.
.SSJJ. | .SSJJ.

step=44, rand=5, actions=&lt;Left&gt;
Want   | Got ✓ 
---------------
T..... | T.....
TT.... | TT....
T..... | T.....
...... | ......
..JJ.. | ..JJ..
..JJ.. | ..JJ..
..JJ.. | ..JJ..
..JJJ. | ..JJJ.
..SSJ. | ..SSJ.
.SSJJ. | .SSJJ.

step=45, rand=5, actions=&lt;Down&gt;
Want   | Got ✓ 
---------------
...... | ......
T..... | T.....
TT.... | TT....
T..... | T.....
..JJ.. | ..JJ..
..JJ.. | ..JJ..
..JJ.. | ..JJ..
..JJJ. | ..JJJ.
..SSJ. | ..SSJ.
.SSJJ. | .SSJJ.

step=46, rand=5, actions=&lt;Down&gt;
Want   | Got ✓ 
---------------
...... | ......
...... | ......
T..... | T.....
TT.... | TT....
T.JJ.. | T.JJ..
..JJ.. | ..JJ..
..JJ.. | ..JJ..
..JJJ. | ..JJJ.
..SSJ. | ..SSJ.
.SSJJ. | .SSJJ.

step=47, rand=5, actions=&lt;Down&gt;
Want   | Got ✓ 
---------------
...... | ......
...... | ......
...... | ......
T..... | T.....
TTJJ.. | TTJJ..
T.JJ.. | T.JJ..
..JJ.. | ..JJ..
..JJJ. | ..JJJ.
..SSJ. | ..SSJ.
.SSJJ. | .SSJJ.

step=48, rand=5, actions=&lt;Down&gt;
Want   | Got ✓ 
---------------
...... | ......
...... | ......
...... | ......
...... | ......
T.JJ.. | T.JJ..
TTJJ.. | TTJJ..
T.JJ.. | T.JJ..
..JJJ. | ..JJJ.
..SSJ. | ..SSJ.
.SSJJ. | .SSJJ.

step=49, rand=5, actions=&lt;Down&gt;
Want   | Got ✓ 
---------------
...... | ......
...... | ......
...... | ......
...... | ......
..JJ.. | ..JJ..
T.JJ.. | T.JJ..
TTJJ.. | TTJJ..
T.JJJ. | T.JJJ.
..SSJ. | ..SSJ.
.SSJJ. | .SSJJ.

step=50, rand=5, actions=&lt;Down&gt;
Want   | Got ✓ 
---------------
...... | ......
...... | ......
...... | ......
...... | ......
..JJ.. | ..JJ..
..JJ.. | ..JJ..
T.JJ.. | T.JJ..
TTJJJ. | TTJJJ.
T.SSJ. | T.SSJ.
.SSJJ. | .SSJJ.

step=51, rand=5, actions=&lt;Down&gt;
Want   | Got ✓ 
---------------
...... | ......
...... | ......
...... | ......
...... | ......
..JJ.. | ..JJ..
..JJ.. | ..JJ..
..JJ.. | ..JJ..
T.JJJ. | T.JJJ.
TTSSJ. | TTSSJ.
TSSJJ. | TSSJJ.

step=52, rand=5, actions=&lt;Left&gt;
Want   | Got ✓ 
---------------
...... | ......
...... | ......
...... | ......
...... | ......
..JJ.. | ..JJ..
..JJ.. | ..JJ..
..JJ.. | ..JJ..
T.JJJ. | T.JJJ.
TTSSJ. | TTSSJ.
TSSJJ. | TSSJJ.

step=53, rand=3, actions=&lt;Down&gt;
Want   | Got ✓ 
---------------
..OO.. | ..OO..
..OO.. | ..OO..
...... | ......
...... | ......
..JJ.. | ..JJ..
..JJ.. | ..JJ..
..JJ.. | ..JJ..
T.JJJ. | T.JJJ.
TTSSJ. | TTSSJ.
TSSJJ. | TSSJJ.

step=54, rand=3, actions=&lt;Left&gt;
Want   | Got ✓ 
---------------
.OO... | .OO...
.OO... | .OO...
...... | ......
...... | ......
..JJ.. | ..JJ..
..JJ.. | ..JJ..
..JJ.. | ..JJ..
T.JJJ. | T.JJJ.
TTSSJ. | TTSSJ.
TSSJJ. | TSSJJ.

step=55, rand=3, actions=&lt;Left&gt;
Want   | Got ✓ 
---------------
OO.... | OO....
OO.... | OO....
...... | ......
...... | ......
..JJ.. | ..JJ..
..JJ.. | ..JJ..
..JJ.. | ..JJ..
T.JJJ. | T.JJJ.
TTSSJ. | TTSSJ.
TSSJJ. | TSSJJ.

step=56, rand=3, actions=&lt;Down&gt;
Want   | Got ✓ 
---------------
...... | ......
OO.... | OO....
OO.... | OO....
...... | ......
..JJ.. | ..JJ..
..JJ.. | ..JJ..
..JJ.. | ..JJ..
T.JJJ. | T.JJJ.
TTSSJ. | TTSSJ.
TSSJJ. | TSSJJ.

step=57, rand=3, actions=&lt;Down&gt;
Want   | Got ✓ 
---------------
...... | ......
...... | ......
OO.... | OO....
OO.... | OO....
..JJ.. | ..JJ..
..JJ.. | ..JJ..
..JJ.. | ..JJ..
T.JJJ. | T.JJJ.
TTSSJ. | TTSSJ.
TSSJJ. | TSSJJ.

step=58, rand=3, actions=&lt;Down&gt;
Want   | Got ✓ 
---------------
...... | ......
...... | ......
...... | ......
OO.... | OO....
OOJJ.. | OOJJ..
..JJ.. | ..JJ..
..JJ.. | ..JJ..
T.JJJ. | T.JJJ.
TTSSJ. | TTSSJ.
TSSJJ. | TSSJJ.

step=59, rand=3, actions=&lt;Down&gt;
Want   | Got ✓ 
---------------
...... | ......
...... | ......
...... | ......
...... | ......
OOJJ.. | OOJJ..
OOJJ.. | OOJJ..
..JJ.. | ..JJ..
T.JJJ. | T.JJJ.
TTSSJ. | TTSSJ.
TSSJJ. | TSSJJ.

step=60, rand=3, actions=&lt;Down&gt;
Want   | Got ✓ 
---------------
...... | ......
...... | ......
...... | ......
...... | ......
..JJ.. | ..JJ..
OOJJ.. | OOJJ..
OOJJ.. | OOJJ..
T.JJJ. | T.JJJ.
TTSSJ. | TTSSJ.
TSSJJ. | TSSJJ.

step=61, rand=1, actions=&lt;Down&gt;
Want   | Got ✓ 
---------------
.J.... | .J....
.JJJ.. | .JJJ..
...... | ......
...... | ......
..JJ.. | ..JJ..
OOJJ.. | OOJJ..
OOJJ.. | OOJJ..
T.JJJ. | T.JJJ.
TTSSJ. | TTSSJ.
TSSJJ. | TSSJJ.

step=62, rand=1, actions=&lt;RotateRight&gt;
Want   | Got ✓ 
---------------
..JJ.. | ..JJ..
..J... | ..J...
..J... | ..J...
...... | ......
..JJ.. | ..JJ..
OOJJ.. | OOJJ..
OOJJ.. | OOJJ..
T.JJJ. | T.JJJ.
TTSSJ. | TTSSJ.
TSSJJ. | TSSJJ.

step=63, rand=1, actions=&lt;RotateRight&gt;
Want   | Got ✓ 
---------------
...... | ......
.JJJ.. | .JJJ..
...J.. | ...J..
...... | ......
..JJ.. | ..JJ..
OOJJ.. | OOJJ..
OOJJ.. | OOJJ..
T.JJJ. | T.JJJ.
TTSSJ. | TTSSJ.
TSSJJ. | TSSJJ.

step=64, rand=1, actions=&lt;RotateRight&gt;
Want   | Got ✓ 
---------------
..J... | ..J...
..J... | ..J...
.JJ... | .JJ...
...... | ......
..JJ.. | ..JJ..
OOJJ.. | OOJJ..
OOJJ.. | OOJJ..
T.JJJ. | T.JJJ.
TTSSJ. | TTSSJ.
TSSJJ. | TSSJJ.

step=65, rand=1, actions=&lt;Left&gt;
Want   | Got ✓ 
---------------
.J.... | .J....
.J.... | .J....
JJ.... | JJ....
...... | ......
..JJ.. | ..JJ..
OOJJ.. | OOJJ..
OOJJ.. | OOJJ..
T.JJJ. | T.JJJ.
TTSSJ. | TTSSJ.
TSSJJ. | TSSJJ.

step=66, rand=1, actions=&lt;Down&gt;
Want   | Got ✓ 
---------------
...... | ......
.J.... | .J....
.J.... | .J....
JJ.... | JJ....
..JJ.. | ..JJ..
OOJJ.. | OOJJ..
OOJJ.. | OOJJ..
T.JJJ. | T.JJJ.
TTSSJ. | TTSSJ.
TSSJJ. | TSSJJ.

step=67, rand=1, actions=&lt;Down&gt;
Want   | Got ✓ 
---------------
...... | ......
...... | ......
.J.... | .J....
.J.... | .J....
JJJJ.. | JJJJ..
OOJJ.. | OOJJ..
OOJJ.. | OOJJ..
T.JJJ. | T.JJJ.
TTSSJ. | TTSSJ.
TSSJJ. | TSSJJ.

step=68, rand=1, actions=&lt;Down&gt;
Want   | Got ✓ 
---------------
.J.... | .J....
.JJJ.. | .JJJ..
.J.... | .J....
.J.... | .J....
JJJJ.. | JJJJ..
OOJJ.. | OOJJ..
OOJJ.. | OOJJ..
T.JJJ. | T.JJJ.
TTSSJ. | TTSSJ.
TSSJJ. | TSSJJ.

step=69, rand=1, actions=&lt;RotateRight&gt;
Want   | Got ✓ 
---------------
..JJ.. | ..JJ..
..J... | ..J...
.JJ... | .JJ...
.J.... | .J....
JJJJ.. | JJJJ..
OOJJ.. | OOJJ..
OOJJ.. | OOJJ..
T.JJJ. | T.JJJ.
TTSSJ. | TTSSJ.
TSSJJ. | TSSJJ.

step=70, rand=1, actions=&lt;RotateRight&gt;
Want   | Got ✓ 
---------------
...... | ......
.JJJ.. | .JJJ..
.J.J.. | .J.J..
.J.... | .J....
JJJJ.. | JJJJ..
OOJJ.. | OOJJ..
OOJJ.. | OOJJ..
T.JJJ. | T.JJJ.
TTSSJ. | TTSSJ.
TSSJJ. | TSSJJ.

step=71, rand=1, actions=&lt;RotateRight&gt;
Want   | Got ✓ 
---------------
...... | ......
.JJJ.. | .JJJ..
.J.J.. | .J.J..
.J.... | .J....
JJJJ.. | JJJJ..
OOJJ.. | OOJJ..
OOJJ.. | OOJJ..
T.JJJ. | T.JJJ.
TTSSJ. | TTSSJ.
TSSJJ. | TSSJJ.

step=72, rand=1, actions=&lt;Right&gt;
Want   | Got ✓ 
---------------
...... | ......
..JJJ. | ..JJJ.
.J..J. | .J..J.
.J.... | .J....
JJJJ.. | JJJJ..
OOJJ.. | OOJJ..
OOJJ.. | OOJJ..
T.JJJ. | T.JJJ.
TTSSJ. | TTSSJ.
TSSJJ. | TSSJJ.

step=73, rand=1, actions=&lt;RotateRight&gt;
Want   | Got ✓ 
---------------
...J.. | ...J..
...J.. | ...J..
.JJJ.. | .JJJ..
.J.... | .J....
JJJJ.. | JJJJ..
OOJJ.. | OOJJ..
OOJJ.. | OOJJ..
T.JJJ. | T.JJJ.
TTSSJ. | TTSSJ.
TSSJJ. | TSSJJ.

step=74, rand=1, actions=&lt;Right&gt;
Want   | Got ✓ 
---------------
....J. | ....J.
....J. | ....J.
.J.JJ. | .J.JJ.
.J.... | .J....
JJJJ.. | JJJJ..
OOJJ.. | OOJJ..
OOJJ.. | OOJJ..
T.JJJ. | T.JJJ.
TTSSJ. | TTSSJ.
TSSJJ. | TSSJJ.

step=75, rand=1, actions=&lt;Right&gt;
Want   | Got ✓ 
---------------
.....J | .....J
.....J | .....J
.J..JJ | .J..JJ
.J.... | .J....
JJJJ.. | JJJJ..
OOJJ.. | OOJJ..
OOJJ.. | OOJJ..
T.JJJ. | T.JJJ.
TTSSJ. | TTSSJ.
TSSJJ. | TSSJJ.

step=76, rand=1, actions=&lt;Down&gt;
Want   | Got ✓ 
---------------
...... | ......
.....J | .....J
.J...J | .J...J
.J..JJ | .J..JJ
JJJJ.. | JJJJ..
OOJJ.. | OOJJ..
OOJJ.. | OOJJ..
T.JJJ. | T.JJJ.
TTSSJ. | TTSSJ.
TSSJJ. | TSSJJ.

step=77, rand=1, actions=&lt;Down&gt;
Want   | Got ✓ 
---------------
...... | ......
...... | ......
.J...J | .J...J
.J...J | .J...J
JJJJJJ | JJJJJJ
OOJJ.. | OOJJ..
OOJJ.. | OOJJ..
T.JJJ. | T.JJJ.
TTSSJ. | TTSSJ.
TSSJJ. | TSSJJ.

step=78, rand=1, actions=&lt;Down&gt;
Want   | Got ✓ 
---------------
...... | ......
...... | ......
.J.... | .J....
.J...J | .J...J
JJJJ.J | JJJJ.J
OOJJJJ | OOJJJJ
OOJJ.. | OOJJ..
T.JJJ. | T.JJJ.
TTSSJ. | TTSSJ.
TSSJJ. | TSSJJ.

step=79, rand=1, actions=&lt;Down&gt;
Want   | Got ✓ 
---------------
...... | ......
...... | ......
.J.... | .J....
.J.... | .J....
JJJJ.J | JJJJ.J
OOJJ.J | OOJJ.J
OOJJJJ | OOJJJJ
T.JJJ. | T.JJJ.
TTSSJ. | TTSSJ.
TSSJJ. | TSSJJ.

step=80, rand=5, actions=&lt;Down&gt;
Want   | Got ✗ 
---------------
..T... | ..T...
.TTT.. | .TTT..
...... | .J....
.J.... | .J....
.J.... | JJJJ.J
JJJJ.J | OOJJ.J
OOJJ.J | OOJJJJ
T.JJJ. | T.JJJ.
TTSSJ. | TTSSJ.
TSSJJ. | TSSJJ.

step=81, rand=5, actions=&lt;Right&gt;
Want   | Got ✗ 
---------------
...T.. | ...T..
..TTT. | ..TTT.
...... | .J....
.J.... | .J....
.J.... | JJJJ.J
JJJJ.J | OOJJ.J
OOJJ.J | OOJJJJ
T.JJJ. | T.JJJ.
TTSSJ. | TTSSJ.
TSSJJ. | TSSJJ.

step=82, rand=5, actions=&lt;RotateRight&gt;
Want   | Got ✗ 
---------------
...T.. | ...T..
...TT. | ...TT.
...T.. | .J.T..
.J.... | .J....
.J.... | JJJJ.J
JJJJ.J | OOJJ.J
OOJJ.J | OOJJJJ
T.JJJ. | T.JJJ.
TTSSJ. | TTSSJ.
TSSJJ. | TSSJJ.

step=83, rand=5, actions=&lt;RotateRight&gt;
Want   | Got ✗ 
---------------
...... | ......
..TTT. | ..TTT.
...T.. | .J.T..
.J.... | .J....
.J.... | JJJJ.J
JJJJ.J | OOJJ.J
OOJJ.J | OOJJJJ
T.JJJ. | T.JJJ.
TTSSJ. | TTSSJ.
TSSJJ. | TSSJJ.

step=84, rand=5, actions=&lt;Right&gt;
Want   | Got ✗ 
---------------
...... | ......
...TTT | ...TTT
....T. | .J..T.
.J.... | .J....
.J.... | JJJJ.J
JJJJ.J | OOJJ.J
OOJJ.J | OOJJJJ
T.JJJ. | T.JJJ.
TTSSJ. | TTSSJ.
TSSJJ. | TSSJJ.

step=85, rand=5, actions=&lt;Down&gt;
Want   | Got ✗ 
---------------
...... | ......
...... | ......
...TTT | .J.TTT
.J..T. | .J..T.
.J.... | JJJJ.J
JJJJ.J | OOJJ.J
OOJJ.J | OOJJJJ
T.JJJ. | T.JJJ.
TTSSJ. | TTSSJ.
TSSJJ. | TSSJJ.

step=86, rand=5, actions=&lt;Down&gt;
Want   | Got ✗ 
---------------
...... | ......
...... | ......
...... | .J....
.J.TTT | .J.TTT
.J..T. | JJJJTJ
JJJJ.J | OOJJ.J
OOJJ.J | OOJJJJ
T.JJJ. | T.JJJ.
TTSSJ. | TTSSJ.
TSSJJ. | TSSJJ.

step=87, rand=5, actions=&lt;Down&gt;
Want   | Got ✗ 
---------------
...... | ..T...
...... | .TTT..
...... | .J....
.J.... | .J.TTT
.J.TTT | JJJJTJ
JJJJTJ | OOJJ.J
OOJJ.J | OOJJJJ
T.JJJ. | T.JJJ.
TTSSJ. | TTSSJ.
TSSJJ. | TSSJJ.

step=88, rand=3, actions=&lt;Down&gt;
Want   | Got ✗ 
---------------
..OO.. | ..OO..
..OO.. | ..OO..
...... | .J....
...... | .J.TTT
.J.... | JJJJTJ
.J.TTT | OOJJ.J
OOJJ.J | OOJJJJ
T.JJJ. | T.JJJ.
TTSSJ. | TTSSJ.
TSSJJ. | TSSJJ.

step=89, rand=3, actions=&lt;Right&gt;
Want   | Got ✗ 
---------------
...OO. | ...OO.
...OO. | ...OO.
...... | .J....
...... | .J.TTT
.J.... | JJJJTJ
.J.TTT | OOJJ.J
OOJJ.J | OOJJJJ
T.JJJ. | T.JJJ.
TTSSJ. | TTSSJ.
TSSJJ. | TSSJJ.

step=90, rand=3, actions=&lt;Right&gt;
Want   | Got ✗ 
---------------
....OO | ....OO
....OO | ....OO
...... | .J....
...... | .J.TTT
.J.... | JJJJTJ
.J.TTT | OOJJ.J
OOJJ.J | OOJJJJ
T.JJJ. | T.JJJ.
TTSSJ. | TTSSJ.
TSSJJ. | TSSJJ.

step=91, rand=3, actions=&lt;Left&gt;
Want   | Got ✗ 
---------------
...OO. | ...OO.
...OO. | ...OO.
...... | .J....
...... | .J.TTT
.J.... | JJJJTJ
.J.TTT | OOJJ.J
OOJJ.J | OOJJJJ
T.JJJ. | T.JJJ.
TTSSJ. | TTSSJ.
TSSJJ. | TSSJJ.

step=92, rand=3, actions=&lt;Down&gt;
Want   | Got ✗ 
---------------
...... | ......
...OO. | ...OO.
...OO. | .J.OO.
...... | .J.TTT
.J.... | JJJJTJ
.J.TTT | OOJJ.J
OOJJ.J | OOJJJJ
T.JJJ. | T.JJJ.
TTSSJ. | TTSSJ.
TSSJJ. | TSSJJ.

step=93, rand=3, actions=&lt;Right&gt;
Want   | Got ✗ 
---------------
...... | ......
....OO | ...OO.
....OO | .J.OO.
...... | .J.TTT
.J.... | JJJJTJ
.J.TTT | OOJJ.J
OOJJ.J | OOJJJJ
T.JJJ. | T.JJJ.
TTSSJ. | TTSSJ.
TSSJJ. | TSSJJ.

step=94, rand=3, actions=&lt;Down&gt;
Want   | Got ✗ 
---------------
...... | ..OO..
...... | ..OOO.
....OO | .J.OO.
....OO | .J.TTT
.J.... | JJJJTJ
.J.TTT | OOJJ.J
OOJJ.J | OOJJJJ
T.JJJ. | T.JJJ.
TTSSJ. | TTSSJ.
TSSJJ. | TSSJJ.

step=95, rand=3, actions=&lt;Down&gt;
Want   | Got ✗ 
---------------
...... | ..OO..
...... | ..OOO.
...... | .J.OO.
....OO | .J.TTT
.J..OO | JJJJTJ
.J.TTT | OOJJ.J
OOJJ.J | OOJJJJ
T.JJJ. | T.JJJ.
TTSSJ. | TTSSJ.
TSSJJ. | TSSJJ.

step=96, rand=4, actions=&lt;Down&gt;
Want   | Got ✗ 
---------------
..SS.. | ..SS..
.SS... | .SSOO.
...... | .J.OO.
....OO | .J.TTT
.J..OO | JJJJTJ
.J.TTT | OOJJ.J
OOJJ.J | OOJJJJ
T.JJJ. | T.JJJ.
TTSSJ. | TTSSJ.
TSSJJ. | TSSJJ.

step=97, rand=4, actions=&lt;RotateRight&gt;
Want   | Got ✗ 
---------------
..S... | ..SS..
..SS.. | .SSOO.
...S.. | .J.OO.
....OO | .J.TTT
.J..OO | JJJJTJ
.J.TTT | OOJJ.J
OOJJ.J | OOJJJJ
T.JJJ. | T.JJJ.
TTSSJ. | TTSSJ.
TSSJJ. | TSSJJ.

step=98, rand=4, actions=&lt;Left&gt;
Want   | Got ✗            
--------------------------
.S.... | GameOverDisplay()
.SS... |                  
..S... |                  
....OO |                  
.J..OO |                  
.J.TTT |                  
OOJJ.J |                  
T.JJJ. |                  
TTSSJ. |                  
TSSJJ. |                  

step=99, rand=4, actions=&lt;Down&gt;
Want   | Got ✗            
--------------------------
...... | GameOverDisplay()
.S.... |                  
.SS... |                  
..S.OO |                  
.J..OO |                  
.J.TTT |                  
OOJJ.J |                  
T.JJJ. |                  
TTSSJ. |                  
TSSJJ. |                  

step=100, rand=4, actions=&lt;Down&gt;
Want   | Got ✗            
--------------------------
...... | GameOverDisplay()
...... |                  
.S.... |                  
.SS.OO |                  
.JS.OO |                  
.J.TTT |                  
OOJJ.J |                  
T.JJJ. |                  
TTSSJ. |                  
TSSJJ. |                  

step=101, rand=1, actions=&lt;Down&gt;
Want   | Got ✗            
--------------------------
.J.... | GameOverDisplay()
.JJJ.. |                  
.S.... |                  
.SS.OO |                  
.JS.OO |                  
.J.TTT |                  
OOJJ.J |                  
T.JJJ. |                  
TTSSJ. |                  
TSSJJ. |                  

step=102, rand=1, actions=&lt;Right&gt;
Want   | Got ✗            
--------------------------
..J... | GameOverDisplay()
..JJJ. |                  
.S.... |                  
.SS.OO |                  
.JS.OO |                  
.J.TTT |                  
OOJJ.J |                  
T.JJJ. |                  
TTSSJ. |                  
TSSJJ. |                  

step=103, rand=1, actions=&lt;RotateRight&gt;
Want   | Got ✗            
--------------------------
...JJ. | GameOverDisplay()
...J.. |                  
.S.J.. |                  
.SS.OO |                  
.JS.OO |                  
.J.TTT |                  
OOJJ.J |                  
T.JJJ. |                  
TTSSJ. |                  
TSSJJ. |                  

step=104, rand=1, actions=&lt;Down&gt;
Want   | Got ✗            
--------------------------
...... | GameOverDisplay()
...JJ. |                  
.S.J.. |                  
.SSJOO |                  
.JS.OO |                  
.J.TTT |                  
OOJJ.J |                  
T.JJJ. |                  
TTSSJ. |                  
TSSJJ. |                  

step=105, rand=1, actions=&lt;Down&gt;
Want   | Got ✗            
--------------------------
...... | GameOverDisplay()
...... |                  
.S.JJ. |                  
.SSJOO |                  
.JSJOO |                  
.J.TTT |                  
OOJJ.J |                  
T.JJJ. |                  
TTSSJ. |                  
TSSJJ. |                  

step=106, rand=3, actions=&lt;Down&gt;
Want   | Got ✗            
--------------------------
..OO.. | GameOverDisplay()
..OO.. |                  
.S.JJ. |                  
.SSJOO |                  
.JSJOO |                  
.J.TTT |                  
OOJJ.J |                  
T.JJJ. |                  
TTSSJ. |                  
TSSJJ. |                  

step=107, rand=3, actions=&lt;Right&gt;
Want   | Got ✗            
--------------------------
...OO. | GameOverDisplay()
...OO. |                  
.S.JJ. |                  
.SSJOO |                  
.JSJOO |                  
.J.TTT |                  
OOJJ.J |                  
T.JJJ. |                  
TTSSJ. |                  
TSSJJ. |                  

step=108, rand=3, actions=&lt;Right&gt;
Want   | Got ✗            
--------------------------
....OO | GameOverDisplay()
....OO |                  
.S.JJ. |                  
.SSJOO |                  
.JSJOO |                  
.J.TTT |                  
OOJJ.J |                  
T.JJJ. |                  
TTSSJ. |                  
TSSJJ. |                  

step=109, rand=3, actions=&lt;Right&gt;
Want   | Got ✗            
--------------------------
....OO | GameOverDisplay()
....OO |                  
.S.JJ. |                  
.SSJOO |                  
.JSJOO |                  
.J.TTT |                  
OOJJ.J |                  
T.JJJ. |                  
TTSSJ. |                  
TSSJJ. |                  

step=110, rand=3, actions=&lt;Down&gt;
Want   | Got ✗            
--------------------------
..OOOO | GameOverDisplay()
..OOOO |                  
.S.JJ. |                  
.SSJOO |                  
.JSJOO |                  
.J.TTT |                  
OOJJ.J |                  
T.JJJ. |                  
TTSSJ. |                  
TSSJJ. |                  

step=111, rand=3, actions=&lt;Left&gt;
Want   | Got ✗            
--------------------------
.OO.OO | GameOverDisplay()
.OO.OO |                  
.S.JJ. |                  
.SSJOO |                  
.JSJOO |                  
.J.TTT |                  
OOJJ.J |                  
T.JJJ. |                  
TTSSJ. |                  
TSSJJ. |                  

step=112, rand=3, actions=&lt;Left&gt;
Want   | Got ✗            
--------------------------
OO..OO | GameOverDisplay()
OO..OO |                  
.S.JJ. |                  
.SSJOO |                  
.JSJOO |                  
.J.TTT |                  
OOJJ.J |                  
T.JJJ. |                  
TTSSJ. |                  
TSSJJ. |                  

step=113, rand=3, actions=&lt;Left&gt;
Want   | Got ✗            
--------------------------
OO..OO | GameOverDisplay()
OO..OO |                  
.S.JJ. |                  
.SSJOO |                  
.JSJOO |                  
.J.TTT |                  
OOJJ.J |                  
T.JJJ. |                  
TTSSJ. |                  
TSSJJ. |                  

step=114, rand=5, actions=&lt;Down&gt;
Want              | Got ✓            
-------------------------------------
GameOverDisplay() | GameOverDisplay()


	at app//org.scalatest.Assertions.newAssertionFailedException(Assertions.scala:530)
	at app//org.scalatest.Assertions.newAssertionFailedException$(Assertions.scala:529)
	at app//org.scalatest.FunSuite.newAssertionFailedException(FunSuite.scala:1560)
	at app//org.scalatest.Assertions$AssertionsHelper.macroAssert(Assertions.scala:503)
	at app//generic.GameTestSuite.checkGame(GameTestSuite.scala:298)
	at app//tetris.TetrisTestSuiteBase.checkGame(TetrisTestSuiteBase.scala:103)
	at app//tetris.FullGameTests.$anonfun$new$3(FullGameTests.scala:5748)
	at app//scala.runtime.java8.JFunction0$mcV$sp.apply(JFunction0$mcV$sp.scala:18)
	at app//infrastructure.TestBase.$anonfun$test$1(TestBase.scala:36)
	at app//org.scalatest.OutcomeOf.outcomeOf(OutcomeOf.scala:85)
	at app//org.scalatest.OutcomeOf.outcomeOf$(OutcomeOf.scala:83)
	at app//org.scalatest.OutcomeOf$.outcomeOf(OutcomeOf.scala:104)
	at app//org.scalatest.Transformer.apply(Transformer.scala:22)
	at app//org.scalatest.Transformer.apply(Transformer.scala:20)
	at app//org.scalatest.FunSuiteLike$$anon$1.apply(FunSuiteLike.scala:186)
	at app//org.scalatest.TestSuite.withFixture(TestSuite.scala:196)
	at app//org.scalatest.TestSuite.withFixture$(TestSuite.scala:195)
	at app//infrastructure.TestBase.org$scalatest$concurrent$TimeLimitedTests$$super$withFixture(TestBase.scala:9)
	at app//org.scalatest.concurrent.TimeLimitedTests.$anonfun$withFixture$3(TimeLimitedTests.scala:154)
	at app//org.scalatest.enablers.Timed$$anon$1.timeoutAfter(Timed.scala:127)
	at app//org.scalatest.concurrent.TimeLimits.failAfterImpl(TimeLimits.scala:239)
	at app//org.scalatest.concurrent.TimeLimits.failAfterImpl$(TimeLimits.scala:233)
	at app//org.scalatest.concurrent.TimeLimits$.failAfterImpl(TimeLimits.scala:305)
	at app//org.scalatest.concurrent.TimeLimitedTests.withFixture(TimeLimitedTests.scala:153)
	at app//org.scalatest.concurrent.TimeLimitedTests.withFixture$(TimeLimitedTests.scala:150)
	at app//infrastructure.TestBase.withFixture(TestBase.scala:9)
	at app//org.scalatest.FunSuiteLike.invokeWithFixture$1(FunSuiteLike.scala:184)
	at app//org.scalatest.FunSuiteLike.$anonfun$runTest$1(FunSuiteLike.scala:196)
	at app//org.scalatest.SuperEngine.runTestImpl(Engine.scala:286)
	at app//org.scalatest.FunSuiteLike.runTest(FunSuiteLike.scala:196)
	at app//org.scalatest.FunSuiteLike.runTest$(FunSuiteLike.scala:178)
	at app//org.scalatest.FunSuite.runTest(FunSuite.scala:1560)
	at app//org.scalatest.FunSuiteLike.$anonfun$runTests$1(FunSuiteLike.scala:229)
	at app//org.scalatest.SuperEngine.$anonfun$runTestsInBranch$1(Engine.scala:393)
	at app//scala.collection.immutable.List.foreach(List.scala:333)
	at app//org.scalatest.SuperEngine.traverseSubNodes$1(Engine.scala:381)
	at app//org.scalatest.SuperEngine.runTestsInBranch(Engine.scala:376)
	at app//org.scalatest.SuperEngine.runTestsImpl(Engine.scala:458)
	at app//org.scalatest.FunSuiteLike.runTests(FunSuiteLike.scala:229)
	at app//org.scalatest.FunSuiteLike.runTests$(FunSuiteLike.scala:228)
	at app//org.scalatest.FunSuite.runTests(FunSuite.scala:1560)
	at app//org.scalatest.Suite.run(Suite.scala:1124)
	at app//org.scalatest.Suite.run$(Suite.scala:1106)
	at app//org.scalatest.FunSuite.org$scalatest$FunSuiteLike$$super$run(FunSuite.scala:1560)
	at app//org.scalatest.FunSuiteLike.$anonfun$run$1(FunSuiteLike.scala:233)
	at app//org.scalatest.SuperEngine.runImpl(Engine.scala:518)
	at app//org.scalatest.FunSuiteLike.run(FunSuiteLike.scala:233)
	at app//org.scalatest.FunSuiteLike.run$(FunSuiteLike.scala:232)
	at app//infrastructure.TestBase.run(TestBase.scala:26)
	at app//org.scalatest.Suite.callExecuteOnSuite$1(Suite.scala:1187)
	at app//org.scalatest.Suite.$anonfun$runNestedSuites$1(Suite.scala:1234)
	at app//scala.collection.ArrayOps$.foreach$extension(ArrayOps.scala:1323)
	at app//org.scalatest.Suite.runNestedSuites(Suite.scala:1232)
	at app//org.scalatest.Suite.runNestedSuites$(Suite.scala:1166)
	at app//org.scalatest.Suites.runNestedSuites(Suites.scala:56)
	at app//org.scalatest.Suite.run(Suite.scala:1121)
	at app//org.scalatest.Suite.run$(Suite.scala:1106)
	at app//tetris.TetrisTestSuitesBase.runDirect(TetrisTestSuitesBase.scala:20)
	at app//tetris.TetrisTestSuitesBase.runWithScoreCounter(TetrisTestSuitesBase.scala:14)
	at app//tetris.TetrisTestSuite3_2.run(TetrisTestSuite3_2.scala:25)
	at app//org.scalatestplus.junit.JUnitRunner.run(JUnitRunner.scala:99)
	at org.gradle.api.internal.tasks.testing.junit.JUnitTestClassExecutor.runTestClass(JUnitTestClassExecutor.java:110)
	at org.gradle.api.internal.tasks.testing.junit.JUnitTestClassExecutor.execute(JUnitTestClassExecutor.java:58)
	at org.gradle.api.internal.tasks.testing.junit.JUnitTestClassExecutor.execute(JUnitTestClassExecutor.java:38)
	at org.gradle.api.internal.tasks.testing.junit.AbstractJUnitTestClassProcessor.processTestClass(AbstractJUnitTestClassProcessor.java:62)
	at org.gradle.api.internal.tasks.testing.SuiteTestClassProcessor.processTestClass(SuiteTestClassProcessor.java:51)
	at java.base@17.0.7/jdk.internal.reflect.NativeMethodAccessorImpl.invoke0(Native Method)
	at java.base@17.0.7/jdk.internal.reflect.NativeMethodAccessorImpl.invoke(NativeMethodAccessorImpl.java:77)
	at java.base@17.0.7/jdk.internal.reflect.DelegatingMethodAccessorImpl.invoke(DelegatingMethodAccessorImpl.java:43)
	at java.base@17.0.7/java.lang.reflect.Method.invoke(Method.java:568)
	at org.gradle.internal.dispatch.ReflectionDispatch.dispatch(ReflectionDispatch.java:36)
	at org.gradle.internal.dispatch.ReflectionDispatch.dispatch(ReflectionDispatch.java:24)
	at org.gradle.internal.dispatch.ContextClassLoaderDispatch.dispatch(ContextClassLoaderDispatch.java:33)
	at org.gradle.internal.dispatch.ProxyDispatchAdapter$DispatchingInvocationHandler.invoke(ProxyDispatchAdapter.java:94)
	at jdk.proxy1/jdk.proxy1.$Proxy2.processTestClass(Unknown Source)
	at org.gradle.api.internal.tasks.testing.worker.TestWorker$2.run(TestWorker.java:176)
	at org.gradle.api.internal.tasks.testing.worker.TestWorker.executeAndMaintainThreadName(TestWorker.java:129)
	at org.gradle.api.internal.tasks.testing.worker.TestWorker.execute(TestWorker.java:100)
	at org.gradle.api.internal.tasks.testing.worker.TestWorker.execute(TestWorker.java:60)
	at org.gradle.process.internal.worker.child.ActionExecutionWorker.execute(ActionExecutionWorker.java:56)
	at org.gradle.process.internal.worker.child.SystemApplicationClassLoaderWorker.call(SystemApplicationClassLoaderWorker.java:133)
	at org.gradle.process.internal.worker.child.SystemApplicationClassLoaderWorker.call(SystemApplicationClassLoaderWorker.java:71)
	at app//worker.org.gradle.process.internal.worker.GradleWorkerMain.run(GradleWorkerMain.java:69)
	at app//worker.org.gradle.process.internal.worker.GradleWorkerMain.main(GradleWorkerMain.java:74)
</failure>
  </testcase>
  <testcase name="testInterleave5x9and8x11" classname="tetris.FullGameTests" time="0.094">
    <failure message="org.scalatest.exceptions.TestFailedException: didPass was false&#10; Hint: It should be possible to “run” multiple games simultaneously, i.e., it should not be a problem to have multiple instances of TetrisLogic which act independently. To test this, we perform “interleave tests”: we instantiate two TetrisLogic objects with different board sizes and alternate between performing a step on one and a step on the other. If all is correct, the two games should progress exactly as they would if they were the only snake games being run. If this is not true, then there is likely some global state through which one game influences the other.   Hence if you fail this test but you passed the other full game test, then you have some global state. Running two instances of TetrisLogic/and alternately doing steps between them results in some interference.   " type="org.scalatest.exceptions.TestFailedException">org.scalatest.exceptions.TestFailedException: didPass was false
 Hint: It should be possible to “run” multiple games simultaneously, i.e., it should not be a problem to have multiple instances of TetrisLogic which act independently. To test this, we perform “interleave tests”: we instantiate two TetrisLogic objects with different board sizes and alternate between performing a step on one and a step on the other. If all is correct, the two games should progress exactly as they would if they were the only snake games being run. If this is not true, then there is likely some global state through which one game influences the other.   Hence if you fail this test but you passed the other full game test, then you have some global state. Running two instances of TetrisLogic/and alternately doing steps between them results in some interference.   
	at app//org.scalatest.Assertions.newAssertionFailedException(Assertions.scala:530)
	at app//org.scalatest.Assertions.newAssertionFailedException$(Assertions.scala:529)
	at app//org.scalatest.FunSuite.newAssertionFailedException(FunSuite.scala:1560)
	at app//org.scalatest.Assertions$AssertionsHelper.macroAssert(Assertions.scala:503)
	at app//generic.GameTestSuite.checkInterleave(GameTestSuite.scala:303)
	at app//tetris.TetrisTestSuiteBase.checkInterleave(TetrisTestSuiteBase.scala:109)
	at app//tetris.FullGameTests.$anonfun$new$4(FullGameTests.scala:5752)
	at app//scala.runtime.java8.JFunction0$mcV$sp.apply(JFunction0$mcV$sp.scala:18)
	at app//infrastructure.TestBase.$anonfun$test$1(TestBase.scala:36)
	at app//org.scalatest.OutcomeOf.outcomeOf(OutcomeOf.scala:85)
	at app//org.scalatest.OutcomeOf.outcomeOf$(OutcomeOf.scala:83)
	at app//org.scalatest.OutcomeOf$.outcomeOf(OutcomeOf.scala:104)
	at app//org.scalatest.Transformer.apply(Transformer.scala:22)
	at app//org.scalatest.Transformer.apply(Transformer.scala:20)
	at app//org.scalatest.FunSuiteLike$$anon$1.apply(FunSuiteLike.scala:186)
	at app//org.scalatest.TestSuite.withFixture(TestSuite.scala:196)
	at app//org.scalatest.TestSuite.withFixture$(TestSuite.scala:195)
	at app//infrastructure.TestBase.org$scalatest$concurrent$TimeLimitedTests$$super$withFixture(TestBase.scala:9)
	at app//org.scalatest.concurrent.TimeLimitedTests.$anonfun$withFixture$3(TimeLimitedTests.scala:154)
	at app//org.scalatest.enablers.Timed$$anon$1.timeoutAfter(Timed.scala:127)
	at app//org.scalatest.concurrent.TimeLimits.failAfterImpl(TimeLimits.scala:239)
	at app//org.scalatest.concurrent.TimeLimits.failAfterImpl$(TimeLimits.scala:233)
	at app//org.scalatest.concurrent.TimeLimits$.failAfterImpl(TimeLimits.scala:305)
	at app//org.scalatest.concurrent.TimeLimitedTests.withFixture(TimeLimitedTests.scala:153)
	at app//org.scalatest.concurrent.TimeLimitedTests.withFixture$(TimeLimitedTests.scala:150)
	at app//infrastructure.TestBase.withFixture(TestBase.scala:9)
	at app//org.scalatest.FunSuiteLike.invokeWithFixture$1(FunSuiteLike.scala:184)
	at app//org.scalatest.FunSuiteLike.$anonfun$runTest$1(FunSuiteLike.scala:196)
	at app//org.scalatest.SuperEngine.runTestImpl(Engine.scala:286)
	at app//org.scalatest.FunSuiteLike.runTest(FunSuiteLike.scala:196)
	at app//org.scalatest.FunSuiteLike.runTest$(FunSuiteLike.scala:178)
	at app//org.scalatest.FunSuite.runTest(FunSuite.scala:1560)
	at app//org.scalatest.FunSuiteLike.$anonfun$runTests$1(FunSuiteLike.scala:229)
	at app//org.scalatest.SuperEngine.$anonfun$runTestsInBranch$1(Engine.scala:393)
	at app//scala.collection.immutable.List.foreach(List.scala:333)
	at app//org.scalatest.SuperEngine.traverseSubNodes$1(Engine.scala:381)
	at app//org.scalatest.SuperEngine.runTestsInBranch(Engine.scala:376)
	at app//org.scalatest.SuperEngine.runTestsImpl(Engine.scala:458)
	at app//org.scalatest.FunSuiteLike.runTests(FunSuiteLike.scala:229)
	at app//org.scalatest.FunSuiteLike.runTests$(FunSuiteLike.scala:228)
	at app//org.scalatest.FunSuite.runTests(FunSuite.scala:1560)
	at app//org.scalatest.Suite.run(Suite.scala:1124)
	at app//org.scalatest.Suite.run$(Suite.scala:1106)
	at app//org.scalatest.FunSuite.org$scalatest$FunSuiteLike$$super$run(FunSuite.scala:1560)
	at app//org.scalatest.FunSuiteLike.$anonfun$run$1(FunSuiteLike.scala:233)
	at app//org.scalatest.SuperEngine.runImpl(Engine.scala:518)
	at app//org.scalatest.FunSuiteLike.run(FunSuiteLike.scala:233)
	at app//org.scalatest.FunSuiteLike.run$(FunSuiteLike.scala:232)
	at app//infrastructure.TestBase.run(TestBase.scala:26)
	at app//org.scalatest.Suite.callExecuteOnSuite$1(Suite.scala:1187)
	at app//org.scalatest.Suite.$anonfun$runNestedSuites$1(Suite.scala:1234)
	at app//scala.collection.ArrayOps$.foreach$extension(ArrayOps.scala:1323)
	at app//org.scalatest.Suite.runNestedSuites(Suite.scala:1232)
	at app//org.scalatest.Suite.runNestedSuites$(Suite.scala:1166)
	at app//org.scalatest.Suites.runNestedSuites(Suites.scala:56)
	at app//org.scalatest.Suite.run(Suite.scala:1121)
	at app//org.scalatest.Suite.run$(Suite.scala:1106)
	at app//tetris.TetrisTestSuitesBase.runDirect(TetrisTestSuitesBase.scala:20)
	at app//tetris.TetrisTestSuitesBase.runWithScoreCounter(TetrisTestSuitesBase.scala:14)
	at app//tetris.TetrisTestSuite3_2.run(TetrisTestSuite3_2.scala:25)
	at app//org.scalatestplus.junit.JUnitRunner.run(JUnitRunner.scala:99)
	at org.gradle.api.internal.tasks.testing.junit.JUnitTestClassExecutor.runTestClass(JUnitTestClassExecutor.java:110)
	at org.gradle.api.internal.tasks.testing.junit.JUnitTestClassExecutor.execute(JUnitTestClassExecutor.java:58)
	at org.gradle.api.internal.tasks.testing.junit.JUnitTestClassExecutor.execute(JUnitTestClassExecutor.java:38)
	at org.gradle.api.internal.tasks.testing.junit.AbstractJUnitTestClassProcessor.processTestClass(AbstractJUnitTestClassProcessor.java:62)
	at org.gradle.api.internal.tasks.testing.SuiteTestClassProcessor.processTestClass(SuiteTestClassProcessor.java:51)
	at java.base@17.0.7/jdk.internal.reflect.NativeMethodAccessorImpl.invoke0(Native Method)
	at java.base@17.0.7/jdk.internal.reflect.NativeMethodAccessorImpl.invoke(NativeMethodAccessorImpl.java:77)
	at java.base@17.0.7/jdk.internal.reflect.DelegatingMethodAccessorImpl.invoke(DelegatingMethodAccessorImpl.java:43)
	at java.base@17.0.7/java.lang.reflect.Method.invoke(Method.java:568)
	at org.gradle.internal.dispatch.ReflectionDispatch.dispatch(ReflectionDispatch.java:36)
	at org.gradle.internal.dispatch.ReflectionDispatch.dispatch(ReflectionDispatch.java:24)
	at org.gradle.internal.dispatch.ContextClassLoaderDispatch.dispatch(ContextClassLoaderDispatch.java:33)
	at org.gradle.internal.dispatch.ProxyDispatchAdapter$DispatchingInvocationHandler.invoke(ProxyDispatchAdapter.java:94)
	at jdk.proxy1/jdk.proxy1.$Proxy2.processTestClass(Unknown Source)
	at org.gradle.api.internal.tasks.testing.worker.TestWorker$2.run(TestWorker.java:176)
	at org.gradle.api.internal.tasks.testing.worker.TestWorker.executeAndMaintainThreadName(TestWorker.java:129)
	at org.gradle.api.internal.tasks.testing.worker.TestWorker.execute(TestWorker.java:100)
	at org.gradle.api.internal.tasks.testing.worker.TestWorker.execute(TestWorker.java:60)
	at org.gradle.process.internal.worker.child.ActionExecutionWorker.execute(ActionExecutionWorker.java:56)
	at org.gradle.process.internal.worker.child.SystemApplicationClassLoaderWorker.call(SystemApplicationClassLoaderWorker.java:133)
	at org.gradle.process.internal.worker.child.SystemApplicationClassLoaderWorker.call(SystemApplicationClassLoaderWorker.java:71)
	at app//worker.org.gradle.process.internal.worker.GradleWorkerMain.run(GradleWorkerMain.java:69)
	at app//worker.org.gradle.process.internal.worker.GradleWorkerMain.main(GradleWorkerMain.java:74)
</failure>
  </testcase>
  <testcase name="testInterleave8x11and6x10" classname="tetris.FullGameTests" time="0.467">
    <failure message="org.scalatest.exceptions.TestFailedException: didPass was false&#10; Hint: It should be possible to “run” multiple games simultaneously, i.e., it should not be a problem to have multiple instances of TetrisLogic which act independently. To test this, we perform “interleave tests”: we instantiate two TetrisLogic objects with different board sizes and alternate between performing a step on one and a step on the other. If all is correct, the two games should progress exactly as they would if they were the only snake games being run. If this is not true, then there is likely some global state through which one game influences the other.   Hence if you fail this test but you passed the other full game test, then you have some global state. Running two instances of TetrisLogic/and alternately doing steps between them results in some interference.   " type="org.scalatest.exceptions.TestFailedException">org.scalatest.exceptions.TestFailedException: didPass was false
 Hint: It should be possible to “run” multiple games simultaneously, i.e., it should not be a problem to have multiple instances of TetrisLogic which act independently. To test this, we perform “interleave tests”: we instantiate two TetrisLogic objects with different board sizes and alternate between performing a step on one and a step on the other. If all is correct, the two games should progress exactly as they would if they were the only snake games being run. If this is not true, then there is likely some global state through which one game influences the other.   Hence if you fail this test but you passed the other full game test, then you have some global state. Running two instances of TetrisLogic/and alternately doing steps between them results in some interference.   
	at app//org.scalatest.Assertions.newAssertionFailedException(Assertions.scala:530)
	at app//org.scalatest.Assertions.newAssertionFailedException$(Assertions.scala:529)
	at app//org.scalatest.FunSuite.newAssertionFailedException(FunSuite.scala:1560)
	at app//org.scalatest.Assertions$AssertionsHelper.macroAssert(Assertions.scala:503)
	at app//generic.GameTestSuite.checkInterleave(GameTestSuite.scala:303)
	at app//tetris.TetrisTestSuiteBase.checkInterleave(TetrisTestSuiteBase.scala:109)
	at app//tetris.FullGameTests.$anonfun$new$5(FullGameTests.scala:5757)
	at app//scala.runtime.java8.JFunction0$mcV$sp.apply(JFunction0$mcV$sp.scala:18)
	at app//infrastructure.TestBase.$anonfun$test$1(TestBase.scala:36)
	at app//org.scalatest.OutcomeOf.outcomeOf(OutcomeOf.scala:85)
	at app//org.scalatest.OutcomeOf.outcomeOf$(OutcomeOf.scala:83)
	at app//org.scalatest.OutcomeOf$.outcomeOf(OutcomeOf.scala:104)
	at app//org.scalatest.Transformer.apply(Transformer.scala:22)
	at app//org.scalatest.Transformer.apply(Transformer.scala:20)
	at app//org.scalatest.FunSuiteLike$$anon$1.apply(FunSuiteLike.scala:186)
	at app//org.scalatest.TestSuite.withFixture(TestSuite.scala:196)
	at app//org.scalatest.TestSuite.withFixture$(TestSuite.scala:195)
	at app//infrastructure.TestBase.org$scalatest$concurrent$TimeLimitedTests$$super$withFixture(TestBase.scala:9)
	at app//org.scalatest.concurrent.TimeLimitedTests.$anonfun$withFixture$3(TimeLimitedTests.scala:154)
	at app//org.scalatest.enablers.Timed$$anon$1.timeoutAfter(Timed.scala:127)
	at app//org.scalatest.concurrent.TimeLimits.failAfterImpl(TimeLimits.scala:239)
	at app//org.scalatest.concurrent.TimeLimits.failAfterImpl$(TimeLimits.scala:233)
	at app//org.scalatest.concurrent.TimeLimits$.failAfterImpl(TimeLimits.scala:305)
	at app//org.scalatest.concurrent.TimeLimitedTests.withFixture(TimeLimitedTests.scala:153)
	at app//org.scalatest.concurrent.TimeLimitedTests.withFixture$(TimeLimitedTests.scala:150)
	at app//infrastructure.TestBase.withFixture(TestBase.scala:9)
	at app//org.scalatest.FunSuiteLike.invokeWithFixture$1(FunSuiteLike.scala:184)
	at app//org.scalatest.FunSuiteLike.$anonfun$runTest$1(FunSuiteLike.scala:196)
	at app//org.scalatest.SuperEngine.runTestImpl(Engine.scala:286)
	at app//org.scalatest.FunSuiteLike.runTest(FunSuiteLike.scala:196)
	at app//org.scalatest.FunSuiteLike.runTest$(FunSuiteLike.scala:178)
	at app//org.scalatest.FunSuite.runTest(FunSuite.scala:1560)
	at app//org.scalatest.FunSuiteLike.$anonfun$runTests$1(FunSuiteLike.scala:229)
	at app//org.scalatest.SuperEngine.$anonfun$runTestsInBranch$1(Engine.scala:393)
	at app//scala.collection.immutable.List.foreach(List.scala:333)
	at app//org.scalatest.SuperEngine.traverseSubNodes$1(Engine.scala:381)
	at app//org.scalatest.SuperEngine.runTestsInBranch(Engine.scala:376)
	at app//org.scalatest.SuperEngine.runTestsImpl(Engine.scala:458)
	at app//org.scalatest.FunSuiteLike.runTests(FunSuiteLike.scala:229)
	at app//org.scalatest.FunSuiteLike.runTests$(FunSuiteLike.scala:228)
	at app//org.scalatest.FunSuite.runTests(FunSuite.scala:1560)
	at app//org.scalatest.Suite.run(Suite.scala:1124)
	at app//org.scalatest.Suite.run$(Suite.scala:1106)
	at app//org.scalatest.FunSuite.org$scalatest$FunSuiteLike$$super$run(FunSuite.scala:1560)
	at app//org.scalatest.FunSuiteLike.$anonfun$run$1(FunSuiteLike.scala:233)
	at app//org.scalatest.SuperEngine.runImpl(Engine.scala:518)
	at app//org.scalatest.FunSuiteLike.run(FunSuiteLike.scala:233)
	at app//org.scalatest.FunSuiteLike.run$(FunSuiteLike.scala:232)
	at app//infrastructure.TestBase.run(TestBase.scala:26)
	at app//org.scalatest.Suite.callExecuteOnSuite$1(Suite.scala:1187)
	at app//org.scalatest.Suite.$anonfun$runNestedSuites$1(Suite.scala:1234)
	at app//scala.collection.ArrayOps$.foreach$extension(ArrayOps.scala:1323)
	at app//org.scalatest.Suite.runNestedSuites(Suite.scala:1232)
	at app//org.scalatest.Suite.runNestedSuites$(Suite.scala:1166)
	at app//org.scalatest.Suites.runNestedSuites(Suites.scala:56)
	at app//org.scalatest.Suite.run(Suite.scala:1121)
	at app//org.scalatest.Suite.run$(Suite.scala:1106)
	at app//tetris.TetrisTestSuitesBase.runDirect(TetrisTestSuitesBase.scala:20)
	at app//tetris.TetrisTestSuitesBase.runWithScoreCounter(TetrisTestSuitesBase.scala:14)
	at app//tetris.TetrisTestSuite3_2.run(TetrisTestSuite3_2.scala:25)
	at app//org.scalatestplus.junit.JUnitRunner.run(JUnitRunner.scala:99)
	at org.gradle.api.internal.tasks.testing.junit.JUnitTestClassExecutor.runTestClass(JUnitTestClassExecutor.java:110)
	at org.gradle.api.internal.tasks.testing.junit.JUnitTestClassExecutor.execute(JUnitTestClassExecutor.java:58)
	at org.gradle.api.internal.tasks.testing.junit.JUnitTestClassExecutor.execute(JUnitTestClassExecutor.java:38)
	at org.gradle.api.internal.tasks.testing.junit.AbstractJUnitTestClassProcessor.processTestClass(AbstractJUnitTestClassProcessor.java:62)
	at org.gradle.api.internal.tasks.testing.SuiteTestClassProcessor.processTestClass(SuiteTestClassProcessor.java:51)
	at java.base@17.0.7/jdk.internal.reflect.NativeMethodAccessorImpl.invoke0(Native Method)
	at java.base@17.0.7/jdk.internal.reflect.NativeMethodAccessorImpl.invoke(NativeMethodAccessorImpl.java:77)
	at java.base@17.0.7/jdk.internal.reflect.DelegatingMethodAccessorImpl.invoke(DelegatingMethodAccessorImpl.java:43)
	at java.base@17.0.7/java.lang.reflect.Method.invoke(Method.java:568)
	at org.gradle.internal.dispatch.ReflectionDispatch.dispatch(ReflectionDispatch.java:36)
	at org.gradle.internal.dispatch.ReflectionDispatch.dispatch(ReflectionDispatch.java:24)
	at org.gradle.internal.dispatch.ContextClassLoaderDispatch.dispatch(ContextClassLoaderDispatch.java:33)
	at org.gradle.internal.dispatch.ProxyDispatchAdapter$DispatchingInvocationHandler.invoke(ProxyDispatchAdapter.java:94)
	at jdk.proxy1/jdk.proxy1.$Proxy2.processTestClass(Unknown Source)
	at org.gradle.api.internal.tasks.testing.worker.TestWorker$2.run(TestWorker.java:176)
	at org.gradle.api.internal.tasks.testing.worker.TestWorker.executeAndMaintainThreadName(TestWorker.java:129)
	at org.gradle.api.internal.tasks.testing.worker.TestWorker.execute(TestWorker.java:100)
	at org.gradle.api.internal.tasks.testing.worker.TestWorker.execute(TestWorker.java:60)
	at org.gradle.process.internal.worker.child.ActionExecutionWorker.execute(ActionExecutionWorker.java:56)
	at org.gradle.process.internal.worker.child.SystemApplicationClassLoaderWorker.call(SystemApplicationClassLoaderWorker.java:133)
	at org.gradle.process.internal.worker.child.SystemApplicationClassLoaderWorker.call(SystemApplicationClassLoaderWorker.java:71)
	at app//worker.org.gradle.process.internal.worker.GradleWorkerMain.run(GradleWorkerMain.java:69)
	at app//worker.org.gradle.process.internal.worker.GradleWorkerMain.main(GradleWorkerMain.java:74)
</failure>
  </testcase>
  <system-out><![CDATA[Point(2,2)
Point(2,3)
Point(2,4)
Point(2,5)
Point(2,6)
Point(1,2)
Point(1,3)
Point(1,4)
Point(1,5)
Point(1,6)
Point(0,2)
Point(0,3)
Point(0,4)
Point(0,5)
Point(0,6)
Point(0,7)
Point(0,8)
Point(-1,2)
Point(-1,3)
Point(-1,4)
Point(1,2)
Point(1,3)
Point(1,4)
Point(1,5)
Point(3,2)
Point(3,3)
Point(3,4)
Point(1,2)
Point(3,2)
Point(5,2)
Point(5,3)
Point(5,4)
Point(5,5)
Point(5,6)
Point(5,7)
Point(5,8)
Point(5,9)
Point(5,10)
Point(3,2)
Point(3,3)
Point(3,4)
Point(3,5)
Point(3,6)
Point(3,7)
Point(3,8)
Point(3,9)
Point(1,2)
Point(1,3)
Point(1,4)
Point(1,5)
Point(1,6)
Point(1,7)
Point(1,8)
Point(1,9)
Point(-1,2)
Point(-1,3)
Point(-1,4)
Point(-1,5)
Point(-1,6)
Point(-1,7)
Point(-1,8)
Point(2,2)
Point(1,3)
Point(1,4)
Point(1,5)
Point(1,6)
Point(2,7)
Point(2,8)
Point(2,2)
Point(2,3)
Point(2,4)
Point(2,5)
Point(2,6)
Point(7,2)
Point(7,3)
Point(7,4)
Point(7,5)
Point(7,6)
Point(7,7)
Point(7,8)
Point(7,9)
Point(5,2)
Point(5,3)
Point(5,4)
Point(5,5)
Point(5,6)
Point(5,7)
Point(6,2)
Point(6,3)
Point(6,4)
Point(6,5)
Point(6,6)
Point(3,2)
Point(1,3)
Point(1,4)
Point(1,5)
Point(1,6)
Point(3,2)
Point(3,3)
Point(4,4)
Point(4,5)
Point(3,2)
Point(3,3)
Point(3,4)
Point(3,2)
Point(4,2)
Point(4,3)
Point(4,4)
Point(4,5)
Point(4,6)
Point(4,7)
Point(4,8)
Point(3,2)
Point(3,3)
Point(3,4)
Point(2,5)
Point(2,6)
Point(2,7)
Point(2,8)
Point(2,9)
Point(3,2)
Point(3,3)
Point(3,4)
Point(3,5)
Point(3,6)
Point(2,2)
Point(2,3)
Point(2,4)
Point(2,5)
Point(0,2)
Point(0,3)
Point(0,4)
Point(0,5)
Point(0,6)
Point(0,7)
Point(0,8)
Point(0,2)
Point(0,3)
Point(0,4)
Point(0,5)
Point(0,6)
Point(1,2)
Point(1,3)
Point(5,2)
Point(5,3)
Point(5,4)
Point(5,5)
Point(4,2)
Point(4,3)
Point(3,2)
Point(2,2)
Point(2,3)
Point(5,2)
Point(2,4)
Point(5,3)
Point(2,5)
Point(5,4)
Point(2,6)
Point(5,5)
Point(5,6)
Point(5,7)
Point(5,8)
Point(1,2)
Point(5,9)
Point(1,3)
Point(5,10)
Point(1,4)
Point(1,5)
Point(1,6)
Point(3,2)
Point(3,3)
Point(3,4)
Point(3,5)
Point(0,2)
Point(3,6)
Point(0,3)
Point(3,7)
Point(0,4)
Point(3,8)
Point(0,5)
Point(3,9)
Point(0,6)
Point(0,7)
Point(0,8)
Point(1,2)
Point(1,3)
Point(1,4)
Point(1,5)
Point(-1,2)
Point(1,6)
Point(-1,3)
Point(1,7)
Point(-1,4)
Point(1,8)
Point(1,9)
Point(1,2)
Point(1,3)
Point(1,4)
Point(1,5)
Point(-1,2)
Point(-1,3)
Point(3,2)
Point(-1,4)
Point(3,3)
Point(-1,5)
Point(3,4)
Point(-1,6)
Point(-1,7)
Point(5,2)
Point(5,3)
Point(5,4)
Point(5,5)
Point(4,2)
Point(5,6)
Point(4,3)
Point(5,7)
Point(4,4)
Point(5,8)
Point(4,5)
Point(5,9)
Point(4,6)
Point(5,10)
Point(4,7)
Point(4,8)
Point(3,2)
Point(3,3)
Point(3,2)
Point(3,4)
Point(3,3)
Point(3,5)
Point(3,4)
Point(3,6)
Point(3,7)
Point(2,5)
Point(3,8)
Point(2,6)
Point(3,9)
Point(2,7)
Point(2,8)
Point(2,9)
Point(1,2)
Point(1,3)
Point(1,4)
Point(1,5)
Point(1,6)
Point(3,2)
Point(1,7)
Point(3,3)
Point(1,8)
Point(3,4)
Point(1,9)
Point(3,5)
Point(3,6)
Point(2,2)
Point(2,3)
Point(2,4)
Point(2,5)
Point(-1,2)
Point(-1,3)
Point(-1,4)
Point(-1,5)
Point(-1,6)
Point(0,2)
Point(-1,7)
Point(0,3)
Point(-1,8)
Point(0,4)
Point(0,5)
Point(0,6)
Point(2,2)
Point(0,7)
Point(0,8)
Point(1,3)
Point(1,4)
Point(1,5)
Point(1,6)
Point(0,2)
Point(2,7)
Point(0,3)
Point(2,8)
Point(0,4)
Point(0,5)
Point(0,6)
Point(2,2)
Point(2,3)
Point(2,4)
Point(2,5)
Point(2,6)
Point(1,2)
Point(1,3)
Point(7,2)
Point(7,3)
Point(7,4)
Point(5,2)
Point(7,5)
Point(5,3)
Point(7,6)
Point(5,4)
Point(7,7)
Point(5,5)
Point(7,8)
]]></system-out>
  <system-err><![CDATA[]]></system-err>
</testsuite>
