<?xml version="1.0" encoding="UTF-8"?>
<testsuite name="tetris.PlacementTests" tests="9" skipped="0" failures="0" errors="0" timestamp="2023-09-25T09:38:15" hostname="LAPTOP-O5MRDU5L" time="0.705">
  <properties/>
  <testcase name="testPlacementI" classname="tetris.PlacementTests" time="0.57"/>
  <testcase name="testPlacementIEven" classname="tetris.PlacementTests" time="0.006"/>
  <testcase name="testPlacementJ" classname="tetris.PlacementTests" time="0.013"/>
  <testcase name="testPlacementL" classname="tetris.PlacementTests" time="0.007"/>
  <testcase name="testPlacementO" classname="tetris.PlacementTests" time="0.026"/>
  <testcase name="testPlacementOEven" classname="tetris.PlacementTests" time="0.008"/>
  <testcase name="testPlacementS" classname="tetris.PlacementTests" time="0.008"/>
  <testcase name="testPlacementT" classname="tetris.PlacementTests" time="0.008"/>
  <testcase name="testPlacementZ" classname="tetris.PlacementTests" time="0.017"/>
  <system-out><![CDATA[]]></system-out>
  <system-err><![CDATA[]]></system-err>
</testsuite>
