<?xml version="1.0" encoding="UTF-8"?>
<testsuite name="tetris.SpawnTests" tests="2" skipped="0" failures="0" errors="0" timestamp="2023-09-25T09:38:17" hostname="LAPTOP-O5MRDU5L" time="0.161">
  <properties/>
  <testcase name="testSpawn" classname="tetris.SpawnTests" time="0.04"/>
  <testcase name="testSpawn2" classname="tetris.SpawnTests" time="0.117"/>
  <system-out><![CDATA[Point(2,2)
Point(2,3)
Point(2,2)
Point(1,2)
Point(1,3)
Point(1,4)
Point(1,5)
Point(1,2)
Point(1,3)
]]></system-out>
  <system-err><![CDATA[]]></system-err>
</testsuite>
