<?xml version="1.0" encoding="UTF-8"?>
<testsuite name="tetris.RotationTests" tests="7" skipped="0" failures="0" errors="0" timestamp="2023-09-25T16:03:33" hostname="LAPTOP-O5MRDU5L" time="0.067">
  <properties/>
  <testcase name="testIRotations" classname="tetris.RotationTests" time="0.02"/>
  <testcase name="testJRotations" classname="tetris.RotationTests" time="0.011"/>
  <testcase name="testLRotations" classname="tetris.RotationTests" time="0.005"/>
  <testcase name="testORotations" classname="tetris.RotationTests" time="0.006"/>
  <testcase name="testSRotations" classname="tetris.RotationTests" time="0.005"/>
  <testcase name="testTRotations" classname="tetris.RotationTests" time="0.007"/>
  <testcase name="testZRotations" classname="tetris.RotationTests" time="0.006"/>
  <system-out><![CDATA[]]></system-out>
  <system-err><![CDATA[]]></system-err>
</testsuite>
