<?xml version="1.0" encoding="UTF-8"?>
<testsuite name="tetris.PlacementTests" tests="9" skipped="0" failures="0" errors="0" timestamp="2023-09-25T16:03:33" hostname="LAPTOP-O5MRDU5L" time="0.282">
  <properties/>
  <testcase name="testPlacementI" classname="tetris.PlacementTests" time="0.199"/>
  <testcase name="testPlacementIEven" classname="tetris.PlacementTests" time="0.014"/>
  <testcase name="testPlacementJ" classname="tetris.PlacementTests" time="0.012"/>
  <testcase name="testPlacementL" classname="tetris.PlacementTests" time="0.004"/>
  <testcase name="testPlacementO" classname="tetris.PlacementTests" time="0.008"/>
  <testcase name="testPlacementOEven" classname="tetris.PlacementTests" time="0.009"/>
  <testcase name="testPlacementS" classname="tetris.PlacementTests" time="0.006"/>
  <testcase name="testPlacementT" classname="tetris.PlacementTests" time="0.005"/>
  <testcase name="testPlacementZ" classname="tetris.PlacementTests" time="0.01"/>
  <system-out><![CDATA[]]></system-out>
  <system-err><![CDATA[]]></system-err>
</testsuite>
